[0.102s] DEBUG:colcon:Command line arguments: ['/usr/bin/colcon', 'build', '--packages-select', 'robot_recognition']
[0.102s] DEBUG:colcon:Parsed command line arguments: Namespace(log_base=None, log_level=None, verb_name='build', build_base='build', install_base='install', merge_install=False, symlink_install=False, test_result_base=None, continue_on_error=False, executor='parallel', parallel_workers=12, event_handlers=None, ignore_user_meta=False, metas=['./colcon.meta'], base_paths=['.'], packages_ignore=None, packages_ignore_regex=None, paths=None, packages_up_to=None, packages_up_to_regex=None, packages_above=None, packages_above_and_dependencies=None, packages_above_depth=None, packages_select_by_dep=None, packages_skip_by_dep=None, packages_skip_up_to=None, packages_select_build_failed=False, packages_skip_build_finished=False, packages_select_test_failures=False, packages_skip_test_passed=False, packages_select=['robot_recognition'], packages_skip=None, packages_select_regex=None, packages_skip_regex=None, packages_start=None, packages_end=None, allow_overriding=[], cmake_args=None, cmake_target=None, cmake_target_skip_unavailable=False, cmake_clean_cache=False, cmake_clean_first=False, cmake_force_configure=False, ament_cmake_args=None, catkin_cmake_args=None, catkin_skip_building_tests=False, verb_parser=<colcon_defaults.argument_parser.defaults.DefaultArgumentsDecorator object at 0x78318288abc0>, verb_extension=<colcon_core.verb.build.BuildVerb object at 0x7831829d0070>, main=<bound method BuildVerb.main of <colcon_core.verb.build.BuildVerb object at 0x7831829d0070>>)
[0.264s] Level 1:colcon.colcon_core.package_discovery:discover_packages(colcon_meta) check parameters
[0.264s] Level 1:colcon.colcon_core.package_discovery:discover_packages(recursive) check parameters
[0.264s] Level 1:colcon.colcon_core.package_discovery:discover_packages(ignore) check parameters
[0.264s] Level 1:colcon.colcon_core.package_discovery:discover_packages(path) check parameters
[0.264s] Level 1:colcon.colcon_core.package_discovery:discover_packages(colcon_meta) discover
[0.264s] Level 1:colcon.colcon_core.package_discovery:discover_packages(recursive) discover
[0.265s] INFO:colcon.colcon_core.package_discovery:Crawling recursively for packages in '/home/doanh/robot_detect'
[0.265s] Level 1:colcon.colcon_core.package_identification:_identify(.) by extensions ['ignore', 'ignore_ament_install']
[0.265s] Level 1:colcon.colcon_core.package_identification:_identify(.) by extension 'ignore'
[0.265s] Level 1:colcon.colcon_core.package_identification:_identify(.) by extension 'ignore_ament_install'
[0.265s] Level 1:colcon.colcon_core.package_identification:_identify(.) by extensions ['colcon_pkg']
[0.265s] Level 1:colcon.colcon_core.package_identification:_identify(.) by extension 'colcon_pkg'
[0.265s] Level 1:colcon.colcon_core.package_identification:_identify(.) by extensions ['colcon_meta']
[0.265s] Level 1:colcon.colcon_core.package_identification:_identify(.) by extension 'colcon_meta'
[0.265s] Level 1:colcon.colcon_core.package_identification:_identify(.) by extensions ['ros']
[0.265s] Level 1:colcon.colcon_core.package_identification:_identify(.) by extension 'ros'
[0.285s] Level 1:colcon.colcon_core.package_identification:_identify(.) by extensions ['cmake', 'python']
[0.285s] Level 1:colcon.colcon_core.package_identification:_identify(.) by extension 'cmake'
[0.285s] Level 1:colcon.colcon_core.package_identification:_identify(.) by extension 'python'
[0.285s] Level 1:colcon.colcon_core.package_identification:_identify(.) by extensions ['python_setup_py']
[0.285s] Level 1:colcon.colcon_core.package_identification:_identify(.) by extension 'python_setup_py'
[0.285s] Level 1:colcon.colcon_core.package_identification:_identify(build) by extensions ['ignore', 'ignore_ament_install']
[0.285s] Level 1:colcon.colcon_core.package_identification:_identify(build) by extension 'ignore'
[0.285s] Level 1:colcon.colcon_core.package_identification:_identify(build) ignored
[0.285s] Level 1:colcon.colcon_core.package_identification:_identify(install) by extensions ['ignore', 'ignore_ament_install']
[0.285s] Level 1:colcon.colcon_core.package_identification:_identify(install) by extension 'ignore'
[0.285s] Level 1:colcon.colcon_core.package_identification:_identify(install) ignored
[0.285s] Level 1:colcon.colcon_core.package_identification:_identify(log) by extensions ['ignore', 'ignore_ament_install']
[0.286s] Level 1:colcon.colcon_core.package_identification:_identify(log) by extension 'ignore'
[0.286s] Level 1:colcon.colcon_core.package_identification:_identify(log) ignored
[0.286s] Level 1:colcon.colcon_core.package_identification:_identify(src) by extensions ['ignore', 'ignore_ament_install']
[0.286s] Level 1:colcon.colcon_core.package_identification:_identify(src) by extension 'ignore'
[0.286s] Level 1:colcon.colcon_core.package_identification:_identify(src) by extension 'ignore_ament_install'
[0.286s] Level 1:colcon.colcon_core.package_identification:_identify(src) by extensions ['colcon_pkg']
[0.286s] Level 1:colcon.colcon_core.package_identification:_identify(src) by extension 'colcon_pkg'
[0.286s] Level 1:colcon.colcon_core.package_identification:_identify(src) by extensions ['colcon_meta']
[0.286s] Level 1:colcon.colcon_core.package_identification:_identify(src) by extension 'colcon_meta'
[0.286s] Level 1:colcon.colcon_core.package_identification:_identify(src) by extensions ['ros']
[0.286s] Level 1:colcon.colcon_core.package_identification:_identify(src) by extension 'ros'
[0.286s] Level 1:colcon.colcon_core.package_identification:_identify(src) by extensions ['cmake', 'python']
[0.286s] Level 1:colcon.colcon_core.package_identification:_identify(src) by extension 'cmake'
[0.286s] Level 1:colcon.colcon_core.package_identification:_identify(src) by extension 'python'
[0.286s] Level 1:colcon.colcon_core.package_identification:_identify(src) by extensions ['python_setup_py']
[0.286s] Level 1:colcon.colcon_core.package_identification:_identify(src) by extension 'python_setup_py'
[0.286s] Level 1:colcon.colcon_core.package_identification:_identify(src/follow_human) by extensions ['ignore', 'ignore_ament_install']
[0.286s] Level 1:colcon.colcon_core.package_identification:_identify(src/follow_human) by extension 'ignore'
[0.286s] Level 1:colcon.colcon_core.package_identification:_identify(src/follow_human) by extension 'ignore_ament_install'
[0.286s] Level 1:colcon.colcon_core.package_identification:_identify(src/follow_human) by extensions ['colcon_pkg']
[0.286s] Level 1:colcon.colcon_core.package_identification:_identify(src/follow_human) by extension 'colcon_pkg'
[0.286s] Level 1:colcon.colcon_core.package_identification:_identify(src/follow_human) by extensions ['colcon_meta']
[0.286s] Level 1:colcon.colcon_core.package_identification:_identify(src/follow_human) by extension 'colcon_meta'
[0.286s] Level 1:colcon.colcon_core.package_identification:_identify(src/follow_human) by extensions ['ros']
[0.286s] Level 1:colcon.colcon_core.package_identification:_identify(src/follow_human) by extension 'ros'
[0.289s] DEBUG:colcon.colcon_core.package_identification:Package 'src/follow_human' with type 'ros.ament_python' and name 'follow_human'
[0.289s] Level 1:colcon.colcon_core.package_identification:_identify(src/robot_joy) by extensions ['ignore', 'ignore_ament_install']
[0.289s] Level 1:colcon.colcon_core.package_identification:_identify(src/robot_joy) by extension 'ignore'
[0.289s] Level 1:colcon.colcon_core.package_identification:_identify(src/robot_joy) by extension 'ignore_ament_install'
[0.289s] Level 1:colcon.colcon_core.package_identification:_identify(src/robot_joy) by extensions ['colcon_pkg']
[0.289s] Level 1:colcon.colcon_core.package_identification:_identify(src/robot_joy) by extension 'colcon_pkg'
[0.289s] Level 1:colcon.colcon_core.package_identification:_identify(src/robot_joy) by extensions ['colcon_meta']
[0.289s] Level 1:colcon.colcon_core.package_identification:_identify(src/robot_joy) by extension 'colcon_meta'
[0.289s] Level 1:colcon.colcon_core.package_identification:_identify(src/robot_joy) by extensions ['ros']
[0.289s] Level 1:colcon.colcon_core.package_identification:_identify(src/robot_joy) by extension 'ros'
[0.290s] DEBUG:colcon.colcon_core.package_identification:Package 'src/robot_joy' with type 'ros.ament_python' and name 'robot_joy'
[0.290s] Level 1:colcon.colcon_core.package_identification:_identify(src/robot_mapping) by extensions ['ignore', 'ignore_ament_install']
[0.290s] Level 1:colcon.colcon_core.package_identification:_identify(src/robot_mapping) by extension 'ignore'
[0.290s] Level 1:colcon.colcon_core.package_identification:_identify(src/robot_mapping) by extension 'ignore_ament_install'
[0.290s] Level 1:colcon.colcon_core.package_identification:_identify(src/robot_mapping) by extensions ['colcon_pkg']
[0.290s] Level 1:colcon.colcon_core.package_identification:_identify(src/robot_mapping) by extension 'colcon_pkg'
[0.290s] Level 1:colcon.colcon_core.package_identification:_identify(src/robot_mapping) by extensions ['colcon_meta']
[0.290s] Level 1:colcon.colcon_core.package_identification:_identify(src/robot_mapping) by extension 'colcon_meta'
[0.290s] Level 1:colcon.colcon_core.package_identification:_identify(src/robot_mapping) by extensions ['ros']
[0.290s] Level 1:colcon.colcon_core.package_identification:_identify(src/robot_mapping) by extension 'ros'
[0.291s] DEBUG:colcon.colcon_core.package_identification:Package 'src/robot_mapping' with type 'ros.ament_python' and name 'robot_mapping'
[0.291s] Level 1:colcon.colcon_core.package_identification:_identify(src/robot_navigation) by extensions ['ignore', 'ignore_ament_install']
[0.291s] Level 1:colcon.colcon_core.package_identification:_identify(src/robot_navigation) by extension 'ignore'
[0.291s] Level 1:colcon.colcon_core.package_identification:_identify(src/robot_navigation) by extension 'ignore_ament_install'
[0.291s] Level 1:colcon.colcon_core.package_identification:_identify(src/robot_navigation) by extensions ['colcon_pkg']
[0.291s] Level 1:colcon.colcon_core.package_identification:_identify(src/robot_navigation) by extension 'colcon_pkg'
[0.291s] Level 1:colcon.colcon_core.package_identification:_identify(src/robot_navigation) by extensions ['colcon_meta']
[0.291s] Level 1:colcon.colcon_core.package_identification:_identify(src/robot_navigation) by extension 'colcon_meta'
[0.291s] Level 1:colcon.colcon_core.package_identification:_identify(src/robot_navigation) by extensions ['ros']
[0.291s] Level 1:colcon.colcon_core.package_identification:_identify(src/robot_navigation) by extension 'ros'
[0.292s] DEBUG:colcon.colcon_core.package_identification:Package 'src/robot_navigation' with type 'ros.ament_python' and name 'robot_navigation'
[0.292s] Level 1:colcon.colcon_core.package_identification:_identify(src/robot_recognition) by extensions ['ignore', 'ignore_ament_install']
[0.292s] Level 1:colcon.colcon_core.package_identification:_identify(src/robot_recognition) by extension 'ignore'
[0.292s] Level 1:colcon.colcon_core.package_identification:_identify(src/robot_recognition) by extension 'ignore_ament_install'
[0.292s] Level 1:colcon.colcon_core.package_identification:_identify(src/robot_recognition) by extensions ['colcon_pkg']
[0.292s] Level 1:colcon.colcon_core.package_identification:_identify(src/robot_recognition) by extension 'colcon_pkg'
[0.292s] Level 1:colcon.colcon_core.package_identification:_identify(src/robot_recognition) by extensions ['colcon_meta']
[0.292s] Level 1:colcon.colcon_core.package_identification:_identify(src/robot_recognition) by extension 'colcon_meta'
[0.292s] Level 1:colcon.colcon_core.package_identification:_identify(src/robot_recognition) by extensions ['ros']
[0.292s] Level 1:colcon.colcon_core.package_identification:_identify(src/robot_recognition) by extension 'ros'
[0.292s] DEBUG:colcon.colcon_core.package_identification:Package 'src/robot_recognition' with type 'ros.ament_cmake' and name 'robot_recognition'
[0.292s] Level 1:colcon.colcon_core.package_identification:_identify(src/robot_simulation) by extensions ['ignore', 'ignore_ament_install']
[0.293s] Level 1:colcon.colcon_core.package_identification:_identify(src/robot_simulation) by extension 'ignore'
[0.293s] Level 1:colcon.colcon_core.package_identification:_identify(src/robot_simulation) by extension 'ignore_ament_install'
[0.293s] Level 1:colcon.colcon_core.package_identification:_identify(src/robot_simulation) by extensions ['colcon_pkg']
[0.293s] Level 1:colcon.colcon_core.package_identification:_identify(src/robot_simulation) by extension 'colcon_pkg'
[0.293s] Level 1:colcon.colcon_core.package_identification:_identify(src/robot_simulation) by extensions ['colcon_meta']
[0.293s] Level 1:colcon.colcon_core.package_identification:_identify(src/robot_simulation) by extension 'colcon_meta'
[0.293s] Level 1:colcon.colcon_core.package_identification:_identify(src/robot_simulation) by extensions ['ros']
[0.293s] Level 1:colcon.colcon_core.package_identification:_identify(src/robot_simulation) by extension 'ros'
[0.293s] DEBUG:colcon.colcon_core.package_identification:Package 'src/robot_simulation' with type 'ros.ament_python' and name 'robot_simulation'
[0.293s] Level 1:colcon.colcon_core.package_identification:_identify(src/yolov8_msgs) by extensions ['ignore', 'ignore_ament_install']
[0.293s] Level 1:colcon.colcon_core.package_identification:_identify(src/yolov8_msgs) by extension 'ignore'
[0.293s] Level 1:colcon.colcon_core.package_identification:_identify(src/yolov8_msgs) by extension 'ignore_ament_install'
[0.293s] Level 1:colcon.colcon_core.package_identification:_identify(src/yolov8_msgs) by extensions ['colcon_pkg']
[0.293s] Level 1:colcon.colcon_core.package_identification:_identify(src/yolov8_msgs) by extension 'colcon_pkg'
[0.293s] Level 1:colcon.colcon_core.package_identification:_identify(src/yolov8_msgs) by extensions ['colcon_meta']
[0.293s] Level 1:colcon.colcon_core.package_identification:_identify(src/yolov8_msgs) by extension 'colcon_meta'
[0.293s] Level 1:colcon.colcon_core.package_identification:_identify(src/yolov8_msgs) by extensions ['ros']
[0.293s] Level 1:colcon.colcon_core.package_identification:_identify(src/yolov8_msgs) by extension 'ros'
[0.294s] DEBUG:colcon.colcon_core.package_identification:Package 'src/yolov8_msgs' with type 'ros.ament_cmake' and name 'yolov8_msgs'
[0.294s] Level 1:colcon.colcon_core.package_identification:_identify(~) by extensions ['ignore', 'ignore_ament_install']
[0.294s] Level 1:colcon.colcon_core.package_identification:_identify(~) by extension 'ignore'
[0.294s] Level 1:colcon.colcon_core.package_identification:_identify(~) by extension 'ignore_ament_install'
[0.294s] Level 1:colcon.colcon_core.package_identification:_identify(~) by extensions ['colcon_pkg']
[0.294s] Level 1:colcon.colcon_core.package_identification:_identify(~) by extension 'colcon_pkg'
[0.294s] Level 1:colcon.colcon_core.package_identification:_identify(~) by extensions ['colcon_meta']
[0.294s] Level 1:colcon.colcon_core.package_identification:_identify(~) by extension 'colcon_meta'
[0.294s] Level 1:colcon.colcon_core.package_identification:_identify(~) by extensions ['ros']
[0.294s] Level 1:colcon.colcon_core.package_identification:_identify(~) by extension 'ros'
[0.294s] Level 1:colcon.colcon_core.package_identification:_identify(~) by extensions ['cmake', 'python']
[0.294s] Level 1:colcon.colcon_core.package_identification:_identify(~) by extension 'cmake'
[0.294s] Level 1:colcon.colcon_core.package_identification:_identify(~) by extension 'python'
[0.294s] Level 1:colcon.colcon_core.package_identification:_identify(~) by extensions ['python_setup_py']
[0.294s] Level 1:colcon.colcon_core.package_identification:_identify(~) by extension 'python_setup_py'
[0.294s] Level 1:colcon.colcon_core.package_identification:_identify(~/robot_detect) by extensions ['ignore', 'ignore_ament_install']
[0.294s] Level 1:colcon.colcon_core.package_identification:_identify(~/robot_detect) by extension 'ignore'
[0.295s] Level 1:colcon.colcon_core.package_identification:_identify(~/robot_detect) by extension 'ignore_ament_install'
[0.295s] Level 1:colcon.colcon_core.package_identification:_identify(~/robot_detect) by extensions ['colcon_pkg']
[0.295s] Level 1:colcon.colcon_core.package_identification:_identify(~/robot_detect) by extension 'colcon_pkg'
[0.295s] Level 1:colcon.colcon_core.package_identification:_identify(~/robot_detect) by extensions ['colcon_meta']
[0.295s] Level 1:colcon.colcon_core.package_identification:_identify(~/robot_detect) by extension 'colcon_meta'
[0.295s] Level 1:colcon.colcon_core.package_identification:_identify(~/robot_detect) by extensions ['ros']
[0.295s] Level 1:colcon.colcon_core.package_identification:_identify(~/robot_detect) by extension 'ros'
[0.295s] Level 1:colcon.colcon_core.package_identification:_identify(~/robot_detect) by extensions ['cmake', 'python']
[0.295s] Level 1:colcon.colcon_core.package_identification:_identify(~/robot_detect) by extension 'cmake'
[0.295s] Level 1:colcon.colcon_core.package_identification:_identify(~/robot_detect) by extension 'python'
[0.295s] Level 1:colcon.colcon_core.package_identification:_identify(~/robot_detect) by extensions ['python_setup_py']
[0.295s] Level 1:colcon.colcon_core.package_identification:_identify(~/robot_detect) by extension 'python_setup_py'
[0.295s] Level 1:colcon.colcon_core.package_identification:_identify(~/robot_detect/src) by extensions ['ignore', 'ignore_ament_install']
[0.295s] Level 1:colcon.colcon_core.package_identification:_identify(~/robot_detect/src) by extension 'ignore'
[0.295s] Level 1:colcon.colcon_core.package_identification:_identify(~/robot_detect/src) by extension 'ignore_ament_install'
[0.295s] Level 1:colcon.colcon_core.package_identification:_identify(~/robot_detect/src) by extensions ['colcon_pkg']
[0.295s] Level 1:colcon.colcon_core.package_identification:_identify(~/robot_detect/src) by extension 'colcon_pkg'
[0.295s] Level 1:colcon.colcon_core.package_identification:_identify(~/robot_detect/src) by extensions ['colcon_meta']
[0.295s] Level 1:colcon.colcon_core.package_identification:_identify(~/robot_detect/src) by extension 'colcon_meta'
[0.295s] Level 1:colcon.colcon_core.package_identification:_identify(~/robot_detect/src) by extensions ['ros']
[0.295s] Level 1:colcon.colcon_core.package_identification:_identify(~/robot_detect/src) by extension 'ros'
[0.295s] Level 1:colcon.colcon_core.package_identification:_identify(~/robot_detect/src) by extensions ['cmake', 'python']
[0.295s] Level 1:colcon.colcon_core.package_identification:_identify(~/robot_detect/src) by extension 'cmake'
[0.295s] Level 1:colcon.colcon_core.package_identification:_identify(~/robot_detect/src) by extension 'python'
[0.295s] Level 1:colcon.colcon_core.package_identification:_identify(~/robot_detect/src) by extensions ['python_setup_py']
[0.295s] Level 1:colcon.colcon_core.package_identification:_identify(~/robot_detect/src) by extension 'python_setup_py'
[0.295s] Level 1:colcon.colcon_core.package_identification:_identify(~/robot_detect/src/robot_recognition) by extensions ['ignore', 'ignore_ament_install']
[0.295s] Level 1:colcon.colcon_core.package_identification:_identify(~/robot_detect/src/robot_recognition) by extension 'ignore'
[0.295s] Level 1:colcon.colcon_core.package_identification:_identify(~/robot_detect/src/robot_recognition) by extension 'ignore_ament_install'
[0.295s] Level 1:colcon.colcon_core.package_identification:_identify(~/robot_detect/src/robot_recognition) by extensions ['colcon_pkg']
[0.295s] Level 1:colcon.colcon_core.package_identification:_identify(~/robot_detect/src/robot_recognition) by extension 'colcon_pkg'
[0.295s] Level 1:colcon.colcon_core.package_identification:_identify(~/robot_detect/src/robot_recognition) by extensions ['colcon_meta']
[0.295s] Level 1:colcon.colcon_core.package_identification:_identify(~/robot_detect/src/robot_recognition) by extension 'colcon_meta'
[0.295s] Level 1:colcon.colcon_core.package_identification:_identify(~/robot_detect/src/robot_recognition) by extensions ['ros']
[0.295s] Level 1:colcon.colcon_core.package_identification:_identify(~/robot_detect/src/robot_recognition) by extension 'ros'
[0.296s] Level 1:colcon.colcon_core.package_identification:_identify(~/robot_detect/src/robot_recognition) by extensions ['cmake', 'python']
[0.296s] Level 1:colcon.colcon_core.package_identification:_identify(~/robot_detect/src/robot_recognition) by extension 'cmake'
[0.296s] Level 1:colcon.colcon_core.package_identification:_identify(~/robot_detect/src/robot_recognition) by extension 'python'
[0.296s] Level 1:colcon.colcon_core.package_identification:_identify(~/robot_detect/src/robot_recognition) by extensions ['python_setup_py']
[0.296s] Level 1:colcon.colcon_core.package_identification:_identify(~/robot_detect/src/robot_recognition) by extension 'python_setup_py'
[0.296s] Level 1:colcon.colcon_core.package_identification:_identify(~/robot_detect/src/robot_recognition/scripts) by extensions ['ignore', 'ignore_ament_install']
[0.296s] Level 1:colcon.colcon_core.package_identification:_identify(~/robot_detect/src/robot_recognition/scripts) by extension 'ignore'
[0.296s] Level 1:colcon.colcon_core.package_identification:_identify(~/robot_detect/src/robot_recognition/scripts) by extension 'ignore_ament_install'
[0.296s] Level 1:colcon.colcon_core.package_identification:_identify(~/robot_detect/src/robot_recognition/scripts) by extensions ['colcon_pkg']
[0.296s] Level 1:colcon.colcon_core.package_identification:_identify(~/robot_detect/src/robot_recognition/scripts) by extension 'colcon_pkg'
[0.296s] Level 1:colcon.colcon_core.package_identification:_identify(~/robot_detect/src/robot_recognition/scripts) by extensions ['colcon_meta']
[0.296s] Level 1:colcon.colcon_core.package_identification:_identify(~/robot_detect/src/robot_recognition/scripts) by extension 'colcon_meta'
[0.296s] Level 1:colcon.colcon_core.package_identification:_identify(~/robot_detect/src/robot_recognition/scripts) by extensions ['ros']
[0.296s] Level 1:colcon.colcon_core.package_identification:_identify(~/robot_detect/src/robot_recognition/scripts) by extension 'ros'
[0.296s] Level 1:colcon.colcon_core.package_identification:_identify(~/robot_detect/src/robot_recognition/scripts) by extensions ['cmake', 'python']
[0.296s] Level 1:colcon.colcon_core.package_identification:_identify(~/robot_detect/src/robot_recognition/scripts) by extension 'cmake'
[0.296s] Level 1:colcon.colcon_core.package_identification:_identify(~/robot_detect/src/robot_recognition/scripts) by extension 'python'
[0.296s] Level 1:colcon.colcon_core.package_identification:_identify(~/robot_detect/src/robot_recognition/scripts) by extensions ['python_setup_py']
[0.296s] Level 1:colcon.colcon_core.package_identification:_identify(~/robot_detect/src/robot_recognition/scripts) by extension 'python_setup_py'
[0.296s] Level 1:colcon.colcon_core.package_discovery:discover_packages(recursive) using defaults
[0.296s] Level 1:colcon.colcon_core.package_discovery:discover_packages(ignore) discover
[0.296s] Level 1:colcon.colcon_core.package_discovery:discover_packages(ignore) using defaults
[0.296s] Level 1:colcon.colcon_core.package_discovery:discover_packages(path) discover
[0.296s] Level 1:colcon.colcon_core.package_discovery:discover_packages(path) using defaults
[0.317s] INFO:colcon.colcon_core.package_selection:Skipping not selected package 'follow_human' in 'src/follow_human'
[0.317s] INFO:colcon.colcon_core.package_selection:Skipping not selected package 'robot_joy' in 'src/robot_joy'
[0.317s] INFO:colcon.colcon_core.package_selection:Skipping not selected package 'robot_mapping' in 'src/robot_mapping'
[0.317s] INFO:colcon.colcon_core.package_selection:Skipping not selected package 'robot_navigation' in 'src/robot_navigation'
[0.317s] INFO:colcon.colcon_core.package_selection:Skipping not selected package 'robot_simulation' in 'src/robot_simulation'
[0.317s] INFO:colcon.colcon_core.package_selection:Skipping not selected package 'yolov8_msgs' in 'src/yolov8_msgs'
[0.317s] Level 1:colcon.colcon_core.package_discovery:discover_packages(prefix_path) check parameters
[0.317s] Level 1:colcon.colcon_core.package_discovery:discover_packages(prefix_path) discover
[0.319s] DEBUG:colcon.colcon_installed_package_information.package_discovery:Found 8 installed packages in /home/doanh/robot_detect/install
[0.320s] DEBUG:colcon.colcon_installed_package_information.package_discovery:Found 9 installed packages in /home/doanh/go2_robot/install
[0.320s] DEBUG:colcon.colcon_installed_package_information.package_discovery:Found 5 installed packages in /home/doanh/mrdoanh_projects/install
[0.320s] DEBUG:colcon.colcon_installed_package_information.package_discovery:Found 5 installed packages in /home/doanh/new/mrdoanh_projects/install
[0.321s] DEBUG:colcon.colcon_installed_package_information.package_discovery:Found 1 installed packages in /home/doanh/livox_mapping/install
[0.322s] DEBUG:colcon.colcon_installed_package_information.package_discovery:Found 411 installed packages in /opt/ros/humble
[0.324s] Level 1:colcon.colcon_core.package_discovery:discover_packages(prefix_path) using defaults
[0.360s] Level 5:colcon.colcon_core.verb:set package 'robot_recognition' build argument 'cmake_args' from command line to 'None'
[0.360s] Level 5:colcon.colcon_core.verb:set package 'robot_recognition' build argument 'cmake_target' from command line to 'None'
[0.360s] Level 5:colcon.colcon_core.verb:set package 'robot_recognition' build argument 'cmake_target_skip_unavailable' from command line to 'False'
[0.360s] Level 5:colcon.colcon_core.verb:set package 'robot_recognition' build argument 'cmake_clean_cache' from command line to 'False'
[0.360s] Level 5:colcon.colcon_core.verb:set package 'robot_recognition' build argument 'cmake_clean_first' from command line to 'False'
[0.360s] Level 5:colcon.colcon_core.verb:set package 'robot_recognition' build argument 'cmake_force_configure' from command line to 'False'
[0.360s] Level 5:colcon.colcon_core.verb:set package 'robot_recognition' build argument 'ament_cmake_args' from command line to 'None'
[0.360s] Level 5:colcon.colcon_core.verb:set package 'robot_recognition' build argument 'catkin_cmake_args' from command line to 'None'
[0.360s] Level 5:colcon.colcon_core.verb:set package 'robot_recognition' build argument 'catkin_skip_building_tests' from command line to 'False'
[0.360s] DEBUG:colcon.colcon_core.verb:Building package 'robot_recognition' with the following arguments: {'ament_cmake_args': None, 'build_base': '/home/doanh/robot_detect/build/robot_recognition', 'catkin_cmake_args': None, 'catkin_skip_building_tests': False, 'cmake_args': None, 'cmake_clean_cache': False, 'cmake_clean_first': False, 'cmake_force_configure': False, 'cmake_target': None, 'cmake_target_skip_unavailable': False, 'install_base': '/home/doanh/robot_detect/install/robot_recognition', 'merge_install': False, 'path': '/home/doanh/robot_detect/src/robot_recognition', 'symlink_install': False, 'test_result_base': None}
[0.361s] INFO:colcon.colcon_core.executor:Executing jobs using 'parallel' executor
[0.361s] DEBUG:colcon.colcon_parallel_executor.executor.parallel:run_until_complete
[0.362s] INFO:colcon.colcon_ros.task.ament_cmake.build:Building ROS package in '/home/doanh/robot_detect/src/robot_recognition' with build type 'ament_cmake'
[0.362s] INFO:colcon.colcon_cmake.task.cmake.build:Building CMake package in '/home/doanh/robot_detect/src/robot_recognition'
[0.364s] INFO:colcon.colcon_core.plugin_system:Skipping extension 'colcon_core.shell.bat': Not used on non-Windows systems
[0.364s] INFO:colcon.colcon_core.shell:Skip shell extension 'powershell' for command environment: Not usable outside of PowerShell
[0.364s] DEBUG:colcon.colcon_core.shell:Skip shell extension 'dsv' for command environment
[0.375s] DEBUG:colcon.colcon_core.event_handler.log_command:Invoking command in '/home/doanh/robot_detect/build/robot_recognition': CMAKE_PREFIX_PATH=${CMAKE_PREFIX_PATH}:/home/doanh/robot_detect/install/follow_human:/home/doanh/robot_detect/install/human_follow:/home/doanh/robot_detect/install/robot_simulation:/home/doanh/robot_detect/install/robot_navigation:/home/doanh/robot_detect/install/robot_mapping:/home/doanh/robot_detect/install/robot_joy:/home/doanh/go2_robot/install/speech_processor:/home/doanh/go2_robot/install/reset_odom:/home/doanh/go2_robot/install/livox_to_laserscan:/home/doanh/go2_robot/install/lidar_processor:/home/doanh/go2_robot/install/go2_robot_sdk:/home/doanh/go2_robot/install/coco_detector:/home/doanh/mrdoanh_projects/install/speech_processor:/home/doanh/mrdoanh_projects/install/lidar_processor:/home/doanh/mrdoanh_projects/install/go2_robot_sdk:/home/doanh/mrdoanh_projects/install/coco_detector:/home/doanh/new/mrdoanh_projects/install/speech_processor:/home/doanh/new/mrdoanh_projects/install/lidar_processor:/home/doanh/new/mrdoanh_projects/install/go2_robot_sdk:/home/doanh/new/mrdoanh_projects/install/coco_detector:/opt/ros/humble /home/doanh/.local/bin/cmake --build /home/doanh/robot_detect/build/robot_recognition -- -j12 -l12
[0.468s] DEBUG:colcon.colcon_core.event_handler.log_command:Invoked command in '/home/doanh/robot_detect/build/robot_recognition' returned '0': CMAKE_PREFIX_PATH=${CMAKE_PREFIX_PATH}:/home/doanh/robot_detect/install/follow_human:/home/doanh/robot_detect/install/human_follow:/home/doanh/robot_detect/install/robot_simulation:/home/doanh/robot_detect/install/robot_navigation:/home/doanh/robot_detect/install/robot_mapping:/home/doanh/robot_detect/install/robot_joy:/home/doanh/go2_robot/install/speech_processor:/home/doanh/go2_robot/install/reset_odom:/home/doanh/go2_robot/install/livox_to_laserscan:/home/doanh/go2_robot/install/lidar_processor:/home/doanh/go2_robot/install/go2_robot_sdk:/home/doanh/go2_robot/install/coco_detector:/home/doanh/mrdoanh_projects/install/speech_processor:/home/doanh/mrdoanh_projects/install/lidar_processor:/home/doanh/mrdoanh_projects/install/go2_robot_sdk:/home/doanh/mrdoanh_projects/install/coco_detector:/home/doanh/new/mrdoanh_projects/install/speech_processor:/home/doanh/new/mrdoanh_projects/install/lidar_processor:/home/doanh/new/mrdoanh_projects/install/go2_robot_sdk:/home/doanh/new/mrdoanh_projects/install/coco_detector:/opt/ros/humble /home/doanh/.local/bin/cmake --build /home/doanh/robot_detect/build/robot_recognition -- -j12 -l12
[0.547s] DEBUG:colcon.colcon_core.event_handler.log_command:Invoking command in '/home/doanh/robot_detect/build/robot_recognition': CMAKE_PREFIX_PATH=${CMAKE_PREFIX_PATH}:/home/doanh/robot_detect/install/follow_human:/home/doanh/robot_detect/install/human_follow:/home/doanh/robot_detect/install/robot_simulation:/home/doanh/robot_detect/install/robot_navigation:/home/doanh/robot_detect/install/robot_mapping:/home/doanh/robot_detect/install/robot_joy:/home/doanh/go2_robot/install/speech_processor:/home/doanh/go2_robot/install/reset_odom:/home/doanh/go2_robot/install/livox_to_laserscan:/home/doanh/go2_robot/install/lidar_processor:/home/doanh/go2_robot/install/go2_robot_sdk:/home/doanh/go2_robot/install/coco_detector:/home/doanh/mrdoanh_projects/install/speech_processor:/home/doanh/mrdoanh_projects/install/lidar_processor:/home/doanh/mrdoanh_projects/install/go2_robot_sdk:/home/doanh/mrdoanh_projects/install/coco_detector:/home/doanh/new/mrdoanh_projects/install/speech_processor:/home/doanh/new/mrdoanh_projects/install/lidar_processor:/home/doanh/new/mrdoanh_projects/install/go2_robot_sdk:/home/doanh/new/mrdoanh_projects/install/coco_detector:/opt/ros/humble /home/doanh/.local/bin/cmake --install /home/doanh/robot_detect/build/robot_recognition
[0.625s] Level 1:colcon.colcon_core.environment:create_environment_scripts_only(robot_recognition)
[0.626s] DEBUG:colcon.colcon_core.event_handler.log_command:Invoked command in '/home/doanh/robot_detect/build/robot_recognition' returned '0': CMAKE_PREFIX_PATH=${CMAKE_PREFIX_PATH}:/home/doanh/robot_detect/install/follow_human:/home/doanh/robot_detect/install/human_follow:/home/doanh/robot_detect/install/robot_simulation:/home/doanh/robot_detect/install/robot_navigation:/home/doanh/robot_detect/install/robot_mapping:/home/doanh/robot_detect/install/robot_joy:/home/doanh/go2_robot/install/speech_processor:/home/doanh/go2_robot/install/reset_odom:/home/doanh/go2_robot/install/livox_to_laserscan:/home/doanh/go2_robot/install/lidar_processor:/home/doanh/go2_robot/install/go2_robot_sdk:/home/doanh/go2_robot/install/coco_detector:/home/doanh/mrdoanh_projects/install/speech_processor:/home/doanh/mrdoanh_projects/install/lidar_processor:/home/doanh/mrdoanh_projects/install/go2_robot_sdk:/home/doanh/mrdoanh_projects/install/coco_detector:/home/doanh/new/mrdoanh_projects/install/speech_processor:/home/doanh/new/mrdoanh_projects/install/lidar_processor:/home/doanh/new/mrdoanh_projects/install/go2_robot_sdk:/home/doanh/new/mrdoanh_projects/install/coco_detector:/opt/ros/humble /home/doanh/.local/bin/cmake --install /home/doanh/robot_detect/build/robot_recognition
[0.629s] Level 1:colcon.colcon_core.environment:checking '/home/doanh/robot_detect/install/robot_recognition' for CMake module files
[0.629s] Level 1:colcon.colcon_core.environment:checking '/home/doanh/robot_detect/install/robot_recognition' for CMake config files
[0.630s] Level 1:colcon.colcon_core.shell:create_environment_hook('robot_recognition', 'cmake_prefix_path')
[0.630s] INFO:colcon.colcon_core.shell:Creating environment hook '/home/doanh/robot_detect/install/robot_recognition/share/robot_recognition/hook/cmake_prefix_path.ps1'
[0.631s] INFO:colcon.colcon_core.shell:Creating environment descriptor '/home/doanh/robot_detect/install/robot_recognition/share/robot_recognition/hook/cmake_prefix_path.dsv'
[0.631s] INFO:colcon.colcon_core.shell:Creating environment hook '/home/doanh/robot_detect/install/robot_recognition/share/robot_recognition/hook/cmake_prefix_path.sh'
[0.632s] Level 1:colcon.colcon_core.environment:checking '/home/doanh/robot_detect/install/robot_recognition/lib'
[0.632s] Level 1:colcon.colcon_core.environment:checking '/home/doanh/robot_detect/install/robot_recognition/bin'
[0.632s] Level 1:colcon.colcon_core.environment:checking '/home/doanh/robot_detect/install/robot_recognition/lib/pkgconfig/robot_recognition.pc'
[0.632s] Level 1:colcon.colcon_core.environment:checking '/home/doanh/robot_detect/install/robot_recognition/lib/python3.10/site-packages'
[0.632s] Level 1:colcon.colcon_core.environment:checking '/home/doanh/robot_detect/install/robot_recognition/bin'
[0.633s] INFO:colcon.colcon_core.shell:Creating package script '/home/doanh/robot_detect/install/robot_recognition/share/robot_recognition/package.ps1'
[0.633s] INFO:colcon.colcon_core.shell:Creating package descriptor '/home/doanh/robot_detect/install/robot_recognition/share/robot_recognition/package.dsv'
[0.634s] INFO:colcon.colcon_core.shell:Creating package script '/home/doanh/robot_detect/install/robot_recognition/share/robot_recognition/package.sh'
[0.634s] INFO:colcon.colcon_core.shell:Creating package script '/home/doanh/robot_detect/install/robot_recognition/share/robot_recognition/package.bash'
[0.635s] INFO:colcon.colcon_core.shell:Creating package script '/home/doanh/robot_detect/install/robot_recognition/share/robot_recognition/package.zsh'
[0.635s] Level 1:colcon.colcon_core.environment:create_file_with_runtime_dependencies(/home/doanh/robot_detect/install/robot_recognition/share/colcon-core/packages/robot_recognition)
[0.636s] Level 1:colcon.colcon_core.environment:create_environment_scripts_only(robot_recognition)
[0.636s] Level 1:colcon.colcon_core.environment:checking '/home/doanh/robot_detect/install/robot_recognition' for CMake module files
[0.636s] Level 1:colcon.colcon_core.environment:checking '/home/doanh/robot_detect/install/robot_recognition' for CMake config files
[0.637s] Level 1:colcon.colcon_core.shell:create_environment_hook('robot_recognition', 'cmake_prefix_path')
[0.637s] INFO:colcon.colcon_core.shell:Creating environment hook '/home/doanh/robot_detect/install/robot_recognition/share/robot_recognition/hook/cmake_prefix_path.ps1'
[0.637s] INFO:colcon.colcon_core.shell:Creating environment descriptor '/home/doanh/robot_detect/install/robot_recognition/share/robot_recognition/hook/cmake_prefix_path.dsv'
[0.637s] INFO:colcon.colcon_core.shell:Creating environment hook '/home/doanh/robot_detect/install/robot_recognition/share/robot_recognition/hook/cmake_prefix_path.sh'
[0.638s] Level 1:colcon.colcon_core.environment:checking '/home/doanh/robot_detect/install/robot_recognition/lib'
[0.638s] Level 1:colcon.colcon_core.environment:checking '/home/doanh/robot_detect/install/robot_recognition/bin'
[0.638s] Level 1:colcon.colcon_core.environment:checking '/home/doanh/robot_detect/install/robot_recognition/lib/pkgconfig/robot_recognition.pc'
[0.638s] Level 1:colcon.colcon_core.environment:checking '/home/doanh/robot_detect/install/robot_recognition/lib/python3.10/site-packages'
[0.638s] Level 1:colcon.colcon_core.environment:checking '/home/doanh/robot_detect/install/robot_recognition/bin'
[0.638s] INFO:colcon.colcon_core.shell:Creating package script '/home/doanh/robot_detect/install/robot_recognition/share/robot_recognition/package.ps1'
[0.639s] INFO:colcon.colcon_core.shell:Creating package descriptor '/home/doanh/robot_detect/install/robot_recognition/share/robot_recognition/package.dsv'
[0.640s] INFO:colcon.colcon_core.shell:Creating package script '/home/doanh/robot_detect/install/robot_recognition/share/robot_recognition/package.sh'
[0.640s] INFO:colcon.colcon_core.shell:Creating package script '/home/doanh/robot_detect/install/robot_recognition/share/robot_recognition/package.bash'
[0.640s] INFO:colcon.colcon_core.shell:Creating package script '/home/doanh/robot_detect/install/robot_recognition/share/robot_recognition/package.zsh'
[0.641s] Level 1:colcon.colcon_core.environment:create_file_with_runtime_dependencies(/home/doanh/robot_detect/install/robot_recognition/share/colcon-core/packages/robot_recognition)
[0.641s] DEBUG:colcon.colcon_parallel_executor.executor.parallel:closing loop
[0.641s] DEBUG:colcon.colcon_parallel_executor.executor.parallel:loop closed
[0.641s] DEBUG:colcon.colcon_parallel_executor.executor.parallel:run_until_complete finished with '0'
[0.641s] DEBUG:colcon.colcon_core.event_reactor:joining thread
[0.645s] INFO:colcon.colcon_core.plugin_system:Skipping extension 'colcon_notification.desktop_notification.terminal_notifier': Not used on non-Darwin systems
[0.646s] INFO:colcon.colcon_core.plugin_system:Skipping extension 'colcon_notification.desktop_notification.win32': Not used on non-Windows systems
[0.646s] INFO:colcon.colcon_notification.desktop_notification:Sending desktop notification using 'notify2'
[0.717s] DEBUG:colcon.colcon_core.event_reactor:joined thread
[0.718s] INFO:colcon.colcon_core.shell:Creating prefix script '/home/doanh/robot_detect/install/local_setup.ps1'
[0.719s] INFO:colcon.colcon_core.shell:Creating prefix util module '/home/doanh/robot_detect/install/_local_setup_util_ps1.py'
[0.720s] INFO:colcon.colcon_core.shell:Creating prefix chain script '/home/doanh/robot_detect/install/setup.ps1'
[0.722s] INFO:colcon.colcon_core.shell:Creating prefix script '/home/doanh/robot_detect/install/local_setup.sh'
[0.723s] INFO:colcon.colcon_core.shell:Creating prefix util module '/home/doanh/robot_detect/install/_local_setup_util_sh.py'
[0.723s] INFO:colcon.colcon_core.shell:Creating prefix chain script '/home/doanh/robot_detect/install/setup.sh'
[0.725s] INFO:colcon.colcon_core.shell:Creating prefix script '/home/doanh/robot_detect/install/local_setup.bash'
[0.725s] INFO:colcon.colcon_core.shell:Creating prefix chain script '/home/doanh/robot_detect/install/setup.bash'
[0.726s] INFO:colcon.colcon_core.shell:Creating prefix script '/home/doanh/robot_detect/install/local_setup.zsh'
[0.727s] INFO:colcon.colcon_core.shell:Creating prefix chain script '/home/doanh/robot_detect/install/setup.zsh'
