[0.095s] DEBUG:colcon:Command line arguments: ['/usr/bin/colcon', 'build']
[0.095s] DEBUG:colcon:Parsed command line arguments: Namespace(log_base=None, log_level=None, verb_name='build', build_base='build', install_base='install', merge_install=False, symlink_install=False, test_result_base=None, continue_on_error=False, executor='parallel', parallel_workers=12, event_handlers=None, ignore_user_meta=False, metas=['./colcon.meta'], base_paths=['.'], packages_ignore=None, packages_ignore_regex=None, paths=None, packages_up_to=None, packages_up_to_regex=None, packages_above=None, packages_above_and_dependencies=None, packages_above_depth=None, packages_select_by_dep=None, packages_skip_by_dep=None, packages_skip_up_to=None, packages_select_build_failed=False, packages_skip_build_finished=False, packages_select_test_failures=False, packages_skip_test_passed=False, packages_select=None, packages_skip=None, packages_select_regex=None, packages_skip_regex=None, packages_start=None, packages_end=None, allow_overriding=[], cmake_args=None, cmake_target=None, cmake_target_skip_unavailable=False, cmake_clean_cache=False, cmake_clean_first=False, cmake_force_configure=False, ament_cmake_args=None, catkin_cmake_args=None, catkin_skip_building_tests=False, verb_parser=<colcon_defaults.argument_parser.defaults.DefaultArgumentsDecorator object at 0x71995d236b90>, verb_extension=<colcon_core.verb.build.BuildVerb object at 0x71995d3d8040>, main=<bound method BuildVerb.main of <colcon_core.verb.build.BuildVerb object at 0x71995d3d8040>>)
[0.250s] Level 1:colcon.colcon_core.package_discovery:discover_packages(colcon_meta) check parameters
[0.250s] Level 1:colcon.colcon_core.package_discovery:discover_packages(recursive) check parameters
[0.250s] Level 1:colcon.colcon_core.package_discovery:discover_packages(ignore) check parameters
[0.250s] Level 1:colcon.colcon_core.package_discovery:discover_packages(path) check parameters
[0.250s] Level 1:colcon.colcon_core.package_discovery:discover_packages(colcon_meta) discover
[0.250s] Level 1:colcon.colcon_core.package_discovery:discover_packages(recursive) discover
[0.250s] INFO:colcon.colcon_core.package_discovery:Crawling recursively for packages in '/home/doanh/robot_detect'
[0.250s] Level 1:colcon.colcon_core.package_identification:_identify(.) by extensions ['ignore', 'ignore_ament_install']
[0.250s] Level 1:colcon.colcon_core.package_identification:_identify(.) by extension 'ignore'
[0.250s] Level 1:colcon.colcon_core.package_identification:_identify(.) by extension 'ignore_ament_install'
[0.250s] Level 1:colcon.colcon_core.package_identification:_identify(.) by extensions ['colcon_pkg']
[0.250s] Level 1:colcon.colcon_core.package_identification:_identify(.) by extension 'colcon_pkg'
[0.250s] Level 1:colcon.colcon_core.package_identification:_identify(.) by extensions ['colcon_meta']
[0.250s] Level 1:colcon.colcon_core.package_identification:_identify(.) by extension 'colcon_meta'
[0.250s] Level 1:colcon.colcon_core.package_identification:_identify(.) by extensions ['ros']
[0.250s] Level 1:colcon.colcon_core.package_identification:_identify(.) by extension 'ros'
[0.270s] Level 1:colcon.colcon_core.package_identification:_identify(.) by extensions ['cmake', 'python']
[0.270s] Level 1:colcon.colcon_core.package_identification:_identify(.) by extension 'cmake'
[0.270s] Level 1:colcon.colcon_core.package_identification:_identify(.) by extension 'python'
[0.270s] Level 1:colcon.colcon_core.package_identification:_identify(.) by extensions ['python_setup_py']
[0.270s] Level 1:colcon.colcon_core.package_identification:_identify(.) by extension 'python_setup_py'
[0.270s] Level 1:colcon.colcon_core.package_identification:_identify(build) by extensions ['ignore', 'ignore_ament_install']
[0.270s] Level 1:colcon.colcon_core.package_identification:_identify(build) by extension 'ignore'
[0.270s] Level 1:colcon.colcon_core.package_identification:_identify(build) ignored
[0.270s] Level 1:colcon.colcon_core.package_identification:_identify(install) by extensions ['ignore', 'ignore_ament_install']
[0.270s] Level 1:colcon.colcon_core.package_identification:_identify(install) by extension 'ignore'
[0.271s] Level 1:colcon.colcon_core.package_identification:_identify(install) ignored
[0.271s] Level 1:colcon.colcon_core.package_identification:_identify(log) by extensions ['ignore', 'ignore_ament_install']
[0.271s] Level 1:colcon.colcon_core.package_identification:_identify(log) by extension 'ignore'
[0.271s] Level 1:colcon.colcon_core.package_identification:_identify(log) ignored
[0.271s] Level 1:colcon.colcon_core.package_identification:_identify(src) by extensions ['ignore', 'ignore_ament_install']
[0.271s] Level 1:colcon.colcon_core.package_identification:_identify(src) by extension 'ignore'
[0.271s] Level 1:colcon.colcon_core.package_identification:_identify(src) by extension 'ignore_ament_install'
[0.271s] Level 1:colcon.colcon_core.package_identification:_identify(src) by extensions ['colcon_pkg']
[0.271s] Level 1:colcon.colcon_core.package_identification:_identify(src) by extension 'colcon_pkg'
[0.271s] Level 1:colcon.colcon_core.package_identification:_identify(src) by extensions ['colcon_meta']
[0.271s] Level 1:colcon.colcon_core.package_identification:_identify(src) by extension 'colcon_meta'
[0.271s] Level 1:colcon.colcon_core.package_identification:_identify(src) by extensions ['ros']
[0.271s] Level 1:colcon.colcon_core.package_identification:_identify(src) by extension 'ros'
[0.271s] Level 1:colcon.colcon_core.package_identification:_identify(src) by extensions ['cmake', 'python']
[0.271s] Level 1:colcon.colcon_core.package_identification:_identify(src) by extension 'cmake'
[0.271s] Level 1:colcon.colcon_core.package_identification:_identify(src) by extension 'python'
[0.271s] Level 1:colcon.colcon_core.package_identification:_identify(src) by extensions ['python_setup_py']
[0.271s] Level 1:colcon.colcon_core.package_identification:_identify(src) by extension 'python_setup_py'
[0.271s] Level 1:colcon.colcon_core.package_identification:_identify(src/follow_human) by extensions ['ignore', 'ignore_ament_install']
[0.271s] Level 1:colcon.colcon_core.package_identification:_identify(src/follow_human) by extension 'ignore'
[0.271s] Level 1:colcon.colcon_core.package_identification:_identify(src/follow_human) by extension 'ignore_ament_install'
[0.271s] Level 1:colcon.colcon_core.package_identification:_identify(src/follow_human) by extensions ['colcon_pkg']
[0.271s] Level 1:colcon.colcon_core.package_identification:_identify(src/follow_human) by extension 'colcon_pkg'
[0.271s] Level 1:colcon.colcon_core.package_identification:_identify(src/follow_human) by extensions ['colcon_meta']
[0.271s] Level 1:colcon.colcon_core.package_identification:_identify(src/follow_human) by extension 'colcon_meta'
[0.271s] Level 1:colcon.colcon_core.package_identification:_identify(src/follow_human) by extensions ['ros']
[0.271s] Level 1:colcon.colcon_core.package_identification:_identify(src/follow_human) by extension 'ros'
[0.274s] DEBUG:colcon.colcon_core.package_identification:Package 'src/follow_human' with type 'ros.ament_python' and name 'follow_human'
[0.274s] Level 1:colcon.colcon_core.package_identification:_identify(src/robot_joy) by extensions ['ignore', 'ignore_ament_install']
[0.274s] Level 1:colcon.colcon_core.package_identification:_identify(src/robot_joy) by extension 'ignore'
[0.274s] Level 1:colcon.colcon_core.package_identification:_identify(src/robot_joy) by extension 'ignore_ament_install'
[0.274s] Level 1:colcon.colcon_core.package_identification:_identify(src/robot_joy) by extensions ['colcon_pkg']
[0.274s] Level 1:colcon.colcon_core.package_identification:_identify(src/robot_joy) by extension 'colcon_pkg'
[0.274s] Level 1:colcon.colcon_core.package_identification:_identify(src/robot_joy) by extensions ['colcon_meta']
[0.274s] Level 1:colcon.colcon_core.package_identification:_identify(src/robot_joy) by extension 'colcon_meta'
[0.274s] Level 1:colcon.colcon_core.package_identification:_identify(src/robot_joy) by extensions ['ros']
[0.274s] Level 1:colcon.colcon_core.package_identification:_identify(src/robot_joy) by extension 'ros'
[0.275s] DEBUG:colcon.colcon_core.package_identification:Package 'src/robot_joy' with type 'ros.ament_python' and name 'robot_joy'
[0.275s] Level 1:colcon.colcon_core.package_identification:_identify(src/robot_mapping) by extensions ['ignore', 'ignore_ament_install']
[0.275s] Level 1:colcon.colcon_core.package_identification:_identify(src/robot_mapping) by extension 'ignore'
[0.275s] Level 1:colcon.colcon_core.package_identification:_identify(src/robot_mapping) by extension 'ignore_ament_install'
[0.275s] Level 1:colcon.colcon_core.package_identification:_identify(src/robot_mapping) by extensions ['colcon_pkg']
[0.275s] Level 1:colcon.colcon_core.package_identification:_identify(src/robot_mapping) by extension 'colcon_pkg'
[0.275s] Level 1:colcon.colcon_core.package_identification:_identify(src/robot_mapping) by extensions ['colcon_meta']
[0.275s] Level 1:colcon.colcon_core.package_identification:_identify(src/robot_mapping) by extension 'colcon_meta'
[0.275s] Level 1:colcon.colcon_core.package_identification:_identify(src/robot_mapping) by extensions ['ros']
[0.275s] Level 1:colcon.colcon_core.package_identification:_identify(src/robot_mapping) by extension 'ros'
[0.276s] DEBUG:colcon.colcon_core.package_identification:Package 'src/robot_mapping' with type 'ros.ament_python' and name 'robot_mapping'
[0.276s] Level 1:colcon.colcon_core.package_identification:_identify(src/robot_navigation) by extensions ['ignore', 'ignore_ament_install']
[0.276s] Level 1:colcon.colcon_core.package_identification:_identify(src/robot_navigation) by extension 'ignore'
[0.276s] Level 1:colcon.colcon_core.package_identification:_identify(src/robot_navigation) by extension 'ignore_ament_install'
[0.276s] Level 1:colcon.colcon_core.package_identification:_identify(src/robot_navigation) by extensions ['colcon_pkg']
[0.276s] Level 1:colcon.colcon_core.package_identification:_identify(src/robot_navigation) by extension 'colcon_pkg'
[0.276s] Level 1:colcon.colcon_core.package_identification:_identify(src/robot_navigation) by extensions ['colcon_meta']
[0.276s] Level 1:colcon.colcon_core.package_identification:_identify(src/robot_navigation) by extension 'colcon_meta'
[0.276s] Level 1:colcon.colcon_core.package_identification:_identify(src/robot_navigation) by extensions ['ros']
[0.276s] Level 1:colcon.colcon_core.package_identification:_identify(src/robot_navigation) by extension 'ros'
[0.277s] DEBUG:colcon.colcon_core.package_identification:Package 'src/robot_navigation' with type 'ros.ament_python' and name 'robot_navigation'
[0.277s] Level 1:colcon.colcon_core.package_identification:_identify(src/robot_recognition) by extensions ['ignore', 'ignore_ament_install']
[0.277s] Level 1:colcon.colcon_core.package_identification:_identify(src/robot_recognition) by extension 'ignore'
[0.277s] Level 1:colcon.colcon_core.package_identification:_identify(src/robot_recognition) by extension 'ignore_ament_install'
[0.277s] Level 1:colcon.colcon_core.package_identification:_identify(src/robot_recognition) by extensions ['colcon_pkg']
[0.277s] Level 1:colcon.colcon_core.package_identification:_identify(src/robot_recognition) by extension 'colcon_pkg'
[0.277s] Level 1:colcon.colcon_core.package_identification:_identify(src/robot_recognition) by extensions ['colcon_meta']
[0.277s] Level 1:colcon.colcon_core.package_identification:_identify(src/robot_recognition) by extension 'colcon_meta'
[0.277s] Level 1:colcon.colcon_core.package_identification:_identify(src/robot_recognition) by extensions ['ros']
[0.277s] Level 1:colcon.colcon_core.package_identification:_identify(src/robot_recognition) by extension 'ros'
[0.278s] DEBUG:colcon.colcon_core.package_identification:Package 'src/robot_recognition' with type 'ros.ament_cmake' and name 'robot_recognition'
[0.278s] Level 1:colcon.colcon_core.package_identification:_identify(src/robot_simulation) by extensions ['ignore', 'ignore_ament_install']
[0.278s] Level 1:colcon.colcon_core.package_identification:_identify(src/robot_simulation) by extension 'ignore'
[0.278s] Level 1:colcon.colcon_core.package_identification:_identify(src/robot_simulation) by extension 'ignore_ament_install'
[0.278s] Level 1:colcon.colcon_core.package_identification:_identify(src/robot_simulation) by extensions ['colcon_pkg']
[0.278s] Level 1:colcon.colcon_core.package_identification:_identify(src/robot_simulation) by extension 'colcon_pkg'
[0.278s] Level 1:colcon.colcon_core.package_identification:_identify(src/robot_simulation) by extensions ['colcon_meta']
[0.278s] Level 1:colcon.colcon_core.package_identification:_identify(src/robot_simulation) by extension 'colcon_meta'
[0.278s] Level 1:colcon.colcon_core.package_identification:_identify(src/robot_simulation) by extensions ['ros']
[0.278s] Level 1:colcon.colcon_core.package_identification:_identify(src/robot_simulation) by extension 'ros'
[0.279s] DEBUG:colcon.colcon_core.package_identification:Package 'src/robot_simulation' with type 'ros.ament_python' and name 'robot_simulation'
[0.279s] Level 1:colcon.colcon_core.package_identification:_identify(src/yolov8_msgs) by extensions ['ignore', 'ignore_ament_install']
[0.279s] Level 1:colcon.colcon_core.package_identification:_identify(src/yolov8_msgs) by extension 'ignore'
[0.279s] Level 1:colcon.colcon_core.package_identification:_identify(src/yolov8_msgs) by extension 'ignore_ament_install'
[0.279s] Level 1:colcon.colcon_core.package_identification:_identify(src/yolov8_msgs) by extensions ['colcon_pkg']
[0.279s] Level 1:colcon.colcon_core.package_identification:_identify(src/yolov8_msgs) by extension 'colcon_pkg'
[0.279s] Level 1:colcon.colcon_core.package_identification:_identify(src/yolov8_msgs) by extensions ['colcon_meta']
[0.279s] Level 1:colcon.colcon_core.package_identification:_identify(src/yolov8_msgs) by extension 'colcon_meta'
[0.279s] Level 1:colcon.colcon_core.package_identification:_identify(src/yolov8_msgs) by extensions ['ros']
[0.279s] Level 1:colcon.colcon_core.package_identification:_identify(src/yolov8_msgs) by extension 'ros'
[0.280s] DEBUG:colcon.colcon_core.package_identification:Package 'src/yolov8_msgs' with type 'ros.ament_cmake' and name 'yolov8_msgs'
[0.280s] Level 1:colcon.colcon_core.package_identification:_identify(~) by extensions ['ignore', 'ignore_ament_install']
[0.280s] Level 1:colcon.colcon_core.package_identification:_identify(~) by extension 'ignore'
[0.280s] Level 1:colcon.colcon_core.package_identification:_identify(~) by extension 'ignore_ament_install'
[0.280s] Level 1:colcon.colcon_core.package_identification:_identify(~) by extensions ['colcon_pkg']
[0.280s] Level 1:colcon.colcon_core.package_identification:_identify(~) by extension 'colcon_pkg'
[0.280s] Level 1:colcon.colcon_core.package_identification:_identify(~) by extensions ['colcon_meta']
[0.280s] Level 1:colcon.colcon_core.package_identification:_identify(~) by extension 'colcon_meta'
[0.280s] Level 1:colcon.colcon_core.package_identification:_identify(~) by extensions ['ros']
[0.280s] Level 1:colcon.colcon_core.package_identification:_identify(~) by extension 'ros'
[0.280s] Level 1:colcon.colcon_core.package_identification:_identify(~) by extensions ['cmake', 'python']
[0.280s] Level 1:colcon.colcon_core.package_identification:_identify(~) by extension 'cmake'
[0.280s] Level 1:colcon.colcon_core.package_identification:_identify(~) by extension 'python'
[0.280s] Level 1:colcon.colcon_core.package_identification:_identify(~) by extensions ['python_setup_py']
[0.280s] Level 1:colcon.colcon_core.package_identification:_identify(~) by extension 'python_setup_py'
[0.280s] Level 1:colcon.colcon_core.package_identification:_identify(~/robot_detect) by extensions ['ignore', 'ignore_ament_install']
[0.280s] Level 1:colcon.colcon_core.package_identification:_identify(~/robot_detect) by extension 'ignore'
[0.280s] Level 1:colcon.colcon_core.package_identification:_identify(~/robot_detect) by extension 'ignore_ament_install'
[0.280s] Level 1:colcon.colcon_core.package_identification:_identify(~/robot_detect) by extensions ['colcon_pkg']
[0.280s] Level 1:colcon.colcon_core.package_identification:_identify(~/robot_detect) by extension 'colcon_pkg'
[0.280s] Level 1:colcon.colcon_core.package_identification:_identify(~/robot_detect) by extensions ['colcon_meta']
[0.280s] Level 1:colcon.colcon_core.package_identification:_identify(~/robot_detect) by extension 'colcon_meta'
[0.281s] Level 1:colcon.colcon_core.package_identification:_identify(~/robot_detect) by extensions ['ros']
[0.281s] Level 1:colcon.colcon_core.package_identification:_identify(~/robot_detect) by extension 'ros'
[0.281s] Level 1:colcon.colcon_core.package_identification:_identify(~/robot_detect) by extensions ['cmake', 'python']
[0.281s] Level 1:colcon.colcon_core.package_identification:_identify(~/robot_detect) by extension 'cmake'
[0.281s] Level 1:colcon.colcon_core.package_identification:_identify(~/robot_detect) by extension 'python'
[0.281s] Level 1:colcon.colcon_core.package_identification:_identify(~/robot_detect) by extensions ['python_setup_py']
[0.281s] Level 1:colcon.colcon_core.package_identification:_identify(~/robot_detect) by extension 'python_setup_py'
[0.281s] Level 1:colcon.colcon_core.package_identification:_identify(~/robot_detect/src) by extensions ['ignore', 'ignore_ament_install']
[0.281s] Level 1:colcon.colcon_core.package_identification:_identify(~/robot_detect/src) by extension 'ignore'
[0.281s] Level 1:colcon.colcon_core.package_identification:_identify(~/robot_detect/src) by extension 'ignore_ament_install'
[0.281s] Level 1:colcon.colcon_core.package_identification:_identify(~/robot_detect/src) by extensions ['colcon_pkg']
[0.281s] Level 1:colcon.colcon_core.package_identification:_identify(~/robot_detect/src) by extension 'colcon_pkg'
[0.281s] Level 1:colcon.colcon_core.package_identification:_identify(~/robot_detect/src) by extensions ['colcon_meta']
[0.281s] Level 1:colcon.colcon_core.package_identification:_identify(~/robot_detect/src) by extension 'colcon_meta'
[0.281s] Level 1:colcon.colcon_core.package_identification:_identify(~/robot_detect/src) by extensions ['ros']
[0.281s] Level 1:colcon.colcon_core.package_identification:_identify(~/robot_detect/src) by extension 'ros'
[0.281s] Level 1:colcon.colcon_core.package_identification:_identify(~/robot_detect/src) by extensions ['cmake', 'python']
[0.281s] Level 1:colcon.colcon_core.package_identification:_identify(~/robot_detect/src) by extension 'cmake'
[0.281s] Level 1:colcon.colcon_core.package_identification:_identify(~/robot_detect/src) by extension 'python'
[0.281s] Level 1:colcon.colcon_core.package_identification:_identify(~/robot_detect/src) by extensions ['python_setup_py']
[0.281s] Level 1:colcon.colcon_core.package_identification:_identify(~/robot_detect/src) by extension 'python_setup_py'
[0.281s] Level 1:colcon.colcon_core.package_identification:_identify(~/robot_detect/src/robot_recognition) by extensions ['ignore', 'ignore_ament_install']
[0.281s] Level 1:colcon.colcon_core.package_identification:_identify(~/robot_detect/src/robot_recognition) by extension 'ignore'
[0.281s] Level 1:colcon.colcon_core.package_identification:_identify(~/robot_detect/src/robot_recognition) by extension 'ignore_ament_install'
[0.282s] Level 1:colcon.colcon_core.package_identification:_identify(~/robot_detect/src/robot_recognition) by extensions ['colcon_pkg']
[0.282s] Level 1:colcon.colcon_core.package_identification:_identify(~/robot_detect/src/robot_recognition) by extension 'colcon_pkg'
[0.282s] Level 1:colcon.colcon_core.package_identification:_identify(~/robot_detect/src/robot_recognition) by extensions ['colcon_meta']
[0.282s] Level 1:colcon.colcon_core.package_identification:_identify(~/robot_detect/src/robot_recognition) by extension 'colcon_meta'
[0.282s] Level 1:colcon.colcon_core.package_identification:_identify(~/robot_detect/src/robot_recognition) by extensions ['ros']
[0.282s] Level 1:colcon.colcon_core.package_identification:_identify(~/robot_detect/src/robot_recognition) by extension 'ros'
[0.282s] Level 1:colcon.colcon_core.package_identification:_identify(~/robot_detect/src/robot_recognition) by extensions ['cmake', 'python']
[0.282s] Level 1:colcon.colcon_core.package_identification:_identify(~/robot_detect/src/robot_recognition) by extension 'cmake'
[0.282s] Level 1:colcon.colcon_core.package_identification:_identify(~/robot_detect/src/robot_recognition) by extension 'python'
[0.282s] Level 1:colcon.colcon_core.package_identification:_identify(~/robot_detect/src/robot_recognition) by extensions ['python_setup_py']
[0.282s] Level 1:colcon.colcon_core.package_identification:_identify(~/robot_detect/src/robot_recognition) by extension 'python_setup_py'
[0.282s] Level 1:colcon.colcon_core.package_identification:_identify(~/robot_detect/src/robot_recognition/scripts) by extensions ['ignore', 'ignore_ament_install']
[0.282s] Level 1:colcon.colcon_core.package_identification:_identify(~/robot_detect/src/robot_recognition/scripts) by extension 'ignore'
[0.282s] Level 1:colcon.colcon_core.package_identification:_identify(~/robot_detect/src/robot_recognition/scripts) by extension 'ignore_ament_install'
[0.282s] Level 1:colcon.colcon_core.package_identification:_identify(~/robot_detect/src/robot_recognition/scripts) by extensions ['colcon_pkg']
[0.282s] Level 1:colcon.colcon_core.package_identification:_identify(~/robot_detect/src/robot_recognition/scripts) by extension 'colcon_pkg'
[0.282s] Level 1:colcon.colcon_core.package_identification:_identify(~/robot_detect/src/robot_recognition/scripts) by extensions ['colcon_meta']
[0.282s] Level 1:colcon.colcon_core.package_identification:_identify(~/robot_detect/src/robot_recognition/scripts) by extension 'colcon_meta'
[0.282s] Level 1:colcon.colcon_core.package_identification:_identify(~/robot_detect/src/robot_recognition/scripts) by extensions ['ros']
[0.282s] Level 1:colcon.colcon_core.package_identification:_identify(~/robot_detect/src/robot_recognition/scripts) by extension 'ros'
[0.282s] Level 1:colcon.colcon_core.package_identification:_identify(~/robot_detect/src/robot_recognition/scripts) by extensions ['cmake', 'python']
[0.282s] Level 1:colcon.colcon_core.package_identification:_identify(~/robot_detect/src/robot_recognition/scripts) by extension 'cmake'
[0.282s] Level 1:colcon.colcon_core.package_identification:_identify(~/robot_detect/src/robot_recognition/scripts) by extension 'python'
[0.282s] Level 1:colcon.colcon_core.package_identification:_identify(~/robot_detect/src/robot_recognition/scripts) by extensions ['python_setup_py']
[0.282s] Level 1:colcon.colcon_core.package_identification:_identify(~/robot_detect/src/robot_recognition/scripts) by extension 'python_setup_py'
[0.282s] Level 1:colcon.colcon_core.package_discovery:discover_packages(recursive) using defaults
[0.282s] Level 1:colcon.colcon_core.package_discovery:discover_packages(ignore) discover
[0.282s] Level 1:colcon.colcon_core.package_discovery:discover_packages(ignore) using defaults
[0.282s] Level 1:colcon.colcon_core.package_discovery:discover_packages(path) discover
[0.283s] Level 1:colcon.colcon_core.package_discovery:discover_packages(path) using defaults
[0.304s] Level 1:colcon.colcon_core.package_discovery:discover_packages(prefix_path) check parameters
[0.304s] Level 1:colcon.colcon_core.package_discovery:discover_packages(prefix_path) discover
[0.306s] DEBUG:colcon.colcon_installed_package_information.package_discovery:Found 8 installed packages in /home/doanh/robot_detect/install
[0.307s] DEBUG:colcon.colcon_installed_package_information.package_discovery:Found 9 installed packages in /home/doanh/go2_robot/install
[0.307s] DEBUG:colcon.colcon_installed_package_information.package_discovery:Found 5 installed packages in /home/doanh/mrdoanh_projects/install
[0.308s] DEBUG:colcon.colcon_installed_package_information.package_discovery:Found 5 installed packages in /home/doanh/new/mrdoanh_projects/install
[0.309s] DEBUG:colcon.colcon_installed_package_information.package_discovery:Found 1 installed packages in /home/doanh/livox_mapping/install
[0.310s] DEBUG:colcon.colcon_installed_package_information.package_discovery:Found 411 installed packages in /opt/ros/humble
[0.311s] Level 1:colcon.colcon_core.package_discovery:discover_packages(prefix_path) using defaults
[0.349s] Level 5:colcon.colcon_core.verb:set package 'follow_human' build argument 'cmake_args' from command line to 'None'
[0.349s] Level 5:colcon.colcon_core.verb:set package 'follow_human' build argument 'cmake_target' from command line to 'None'
[0.349s] Level 5:colcon.colcon_core.verb:set package 'follow_human' build argument 'cmake_target_skip_unavailable' from command line to 'False'
[0.349s] Level 5:colcon.colcon_core.verb:set package 'follow_human' build argument 'cmake_clean_cache' from command line to 'False'
[0.349s] Level 5:colcon.colcon_core.verb:set package 'follow_human' build argument 'cmake_clean_first' from command line to 'False'
[0.349s] Level 5:colcon.colcon_core.verb:set package 'follow_human' build argument 'cmake_force_configure' from command line to 'False'
[0.349s] Level 5:colcon.colcon_core.verb:set package 'follow_human' build argument 'ament_cmake_args' from command line to 'None'
[0.349s] Level 5:colcon.colcon_core.verb:set package 'follow_human' build argument 'catkin_cmake_args' from command line to 'None'
[0.349s] Level 5:colcon.colcon_core.verb:set package 'follow_human' build argument 'catkin_skip_building_tests' from command line to 'False'
[0.349s] DEBUG:colcon.colcon_core.verb:Building package 'follow_human' with the following arguments: {'ament_cmake_args': None, 'build_base': '/home/doanh/robot_detect/build/follow_human', 'catkin_cmake_args': None, 'catkin_skip_building_tests': False, 'cmake_args': None, 'cmake_clean_cache': False, 'cmake_clean_first': False, 'cmake_force_configure': False, 'cmake_target': None, 'cmake_target_skip_unavailable': False, 'install_base': '/home/doanh/robot_detect/install/follow_human', 'merge_install': False, 'path': '/home/doanh/robot_detect/src/follow_human', 'symlink_install': False, 'test_result_base': None}
[0.349s] Level 5:colcon.colcon_core.verb:set package 'robot_joy' build argument 'cmake_args' from command line to 'None'
[0.349s] Level 5:colcon.colcon_core.verb:set package 'robot_joy' build argument 'cmake_target' from command line to 'None'
[0.349s] Level 5:colcon.colcon_core.verb:set package 'robot_joy' build argument 'cmake_target_skip_unavailable' from command line to 'False'
[0.349s] Level 5:colcon.colcon_core.verb:set package 'robot_joy' build argument 'cmake_clean_cache' from command line to 'False'
[0.349s] Level 5:colcon.colcon_core.verb:set package 'robot_joy' build argument 'cmake_clean_first' from command line to 'False'
[0.349s] Level 5:colcon.colcon_core.verb:set package 'robot_joy' build argument 'cmake_force_configure' from command line to 'False'
[0.350s] Level 5:colcon.colcon_core.verb:set package 'robot_joy' build argument 'ament_cmake_args' from command line to 'None'
[0.350s] Level 5:colcon.colcon_core.verb:set package 'robot_joy' build argument 'catkin_cmake_args' from command line to 'None'
[0.350s] Level 5:colcon.colcon_core.verb:set package 'robot_joy' build argument 'catkin_skip_building_tests' from command line to 'False'
[0.350s] DEBUG:colcon.colcon_core.verb:Building package 'robot_joy' with the following arguments: {'ament_cmake_args': None, 'build_base': '/home/doanh/robot_detect/build/robot_joy', 'catkin_cmake_args': None, 'catkin_skip_building_tests': False, 'cmake_args': None, 'cmake_clean_cache': False, 'cmake_clean_first': False, 'cmake_force_configure': False, 'cmake_target': None, 'cmake_target_skip_unavailable': False, 'install_base': '/home/doanh/robot_detect/install/robot_joy', 'merge_install': False, 'path': '/home/doanh/robot_detect/src/robot_joy', 'symlink_install': False, 'test_result_base': None}
[0.350s] Level 5:colcon.colcon_core.verb:set package 'robot_mapping' build argument 'cmake_args' from command line to 'None'
[0.350s] Level 5:colcon.colcon_core.verb:set package 'robot_mapping' build argument 'cmake_target' from command line to 'None'
[0.350s] Level 5:colcon.colcon_core.verb:set package 'robot_mapping' build argument 'cmake_target_skip_unavailable' from command line to 'False'
[0.350s] Level 5:colcon.colcon_core.verb:set package 'robot_mapping' build argument 'cmake_clean_cache' from command line to 'False'
[0.350s] Level 5:colcon.colcon_core.verb:set package 'robot_mapping' build argument 'cmake_clean_first' from command line to 'False'
[0.350s] Level 5:colcon.colcon_core.verb:set package 'robot_mapping' build argument 'cmake_force_configure' from command line to 'False'
[0.350s] Level 5:colcon.colcon_core.verb:set package 'robot_mapping' build argument 'ament_cmake_args' from command line to 'None'
[0.350s] Level 5:colcon.colcon_core.verb:set package 'robot_mapping' build argument 'catkin_cmake_args' from command line to 'None'
[0.350s] Level 5:colcon.colcon_core.verb:set package 'robot_mapping' build argument 'catkin_skip_building_tests' from command line to 'False'
[0.350s] DEBUG:colcon.colcon_core.verb:Building package 'robot_mapping' with the following arguments: {'ament_cmake_args': None, 'build_base': '/home/doanh/robot_detect/build/robot_mapping', 'catkin_cmake_args': None, 'catkin_skip_building_tests': False, 'cmake_args': None, 'cmake_clean_cache': False, 'cmake_clean_first': False, 'cmake_force_configure': False, 'cmake_target': None, 'cmake_target_skip_unavailable': False, 'install_base': '/home/doanh/robot_detect/install/robot_mapping', 'merge_install': False, 'path': '/home/doanh/robot_detect/src/robot_mapping', 'symlink_install': False, 'test_result_base': None}
[0.350s] Level 5:colcon.colcon_core.verb:set package 'robot_navigation' build argument 'cmake_args' from command line to 'None'
[0.350s] Level 5:colcon.colcon_core.verb:set package 'robot_navigation' build argument 'cmake_target' from command line to 'None'
[0.350s] Level 5:colcon.colcon_core.verb:set package 'robot_navigation' build argument 'cmake_target_skip_unavailable' from command line to 'False'
[0.350s] Level 5:colcon.colcon_core.verb:set package 'robot_navigation' build argument 'cmake_clean_cache' from command line to 'False'
[0.350s] Level 5:colcon.colcon_core.verb:set package 'robot_navigation' build argument 'cmake_clean_first' from command line to 'False'
[0.350s] Level 5:colcon.colcon_core.verb:set package 'robot_navigation' build argument 'cmake_force_configure' from command line to 'False'
[0.350s] Level 5:colcon.colcon_core.verb:set package 'robot_navigation' build argument 'ament_cmake_args' from command line to 'None'
[0.350s] Level 5:colcon.colcon_core.verb:set package 'robot_navigation' build argument 'catkin_cmake_args' from command line to 'None'
[0.350s] Level 5:colcon.colcon_core.verb:set package 'robot_navigation' build argument 'catkin_skip_building_tests' from command line to 'False'
[0.350s] DEBUG:colcon.colcon_core.verb:Building package 'robot_navigation' with the following arguments: {'ament_cmake_args': None, 'build_base': '/home/doanh/robot_detect/build/robot_navigation', 'catkin_cmake_args': None, 'catkin_skip_building_tests': False, 'cmake_args': None, 'cmake_clean_cache': False, 'cmake_clean_first': False, 'cmake_force_configure': False, 'cmake_target': None, 'cmake_target_skip_unavailable': False, 'install_base': '/home/doanh/robot_detect/install/robot_navigation', 'merge_install': False, 'path': '/home/doanh/robot_detect/src/robot_navigation', 'symlink_install': False, 'test_result_base': None}
[0.351s] Level 5:colcon.colcon_core.verb:set package 'robot_recognition' build argument 'cmake_args' from command line to 'None'
[0.351s] Level 5:colcon.colcon_core.verb:set package 'robot_recognition' build argument 'cmake_target' from command line to 'None'
[0.351s] Level 5:colcon.colcon_core.verb:set package 'robot_recognition' build argument 'cmake_target_skip_unavailable' from command line to 'False'
[0.351s] Level 5:colcon.colcon_core.verb:set package 'robot_recognition' build argument 'cmake_clean_cache' from command line to 'False'
[0.351s] Level 5:colcon.colcon_core.verb:set package 'robot_recognition' build argument 'cmake_clean_first' from command line to 'False'
[0.351s] Level 5:colcon.colcon_core.verb:set package 'robot_recognition' build argument 'cmake_force_configure' from command line to 'False'
[0.351s] Level 5:colcon.colcon_core.verb:set package 'robot_recognition' build argument 'ament_cmake_args' from command line to 'None'
[0.351s] Level 5:colcon.colcon_core.verb:set package 'robot_recognition' build argument 'catkin_cmake_args' from command line to 'None'
[0.351s] Level 5:colcon.colcon_core.verb:set package 'robot_recognition' build argument 'catkin_skip_building_tests' from command line to 'False'
[0.351s] DEBUG:colcon.colcon_core.verb:Building package 'robot_recognition' with the following arguments: {'ament_cmake_args': None, 'build_base': '/home/doanh/robot_detect/build/robot_recognition', 'catkin_cmake_args': None, 'catkin_skip_building_tests': False, 'cmake_args': None, 'cmake_clean_cache': False, 'cmake_clean_first': False, 'cmake_force_configure': False, 'cmake_target': None, 'cmake_target_skip_unavailable': False, 'install_base': '/home/doanh/robot_detect/install/robot_recognition', 'merge_install': False, 'path': '/home/doanh/robot_detect/src/robot_recognition', 'symlink_install': False, 'test_result_base': None}
[0.351s] Level 5:colcon.colcon_core.verb:set package 'robot_simulation' build argument 'cmake_args' from command line to 'None'
[0.351s] Level 5:colcon.colcon_core.verb:set package 'robot_simulation' build argument 'cmake_target' from command line to 'None'
[0.351s] Level 5:colcon.colcon_core.verb:set package 'robot_simulation' build argument 'cmake_target_skip_unavailable' from command line to 'False'
[0.351s] Level 5:colcon.colcon_core.verb:set package 'robot_simulation' build argument 'cmake_clean_cache' from command line to 'False'
[0.351s] Level 5:colcon.colcon_core.verb:set package 'robot_simulation' build argument 'cmake_clean_first' from command line to 'False'
[0.351s] Level 5:colcon.colcon_core.verb:set package 'robot_simulation' build argument 'cmake_force_configure' from command line to 'False'
[0.351s] Level 5:colcon.colcon_core.verb:set package 'robot_simulation' build argument 'ament_cmake_args' from command line to 'None'
[0.351s] Level 5:colcon.colcon_core.verb:set package 'robot_simulation' build argument 'catkin_cmake_args' from command line to 'None'
[0.351s] Level 5:colcon.colcon_core.verb:set package 'robot_simulation' build argument 'catkin_skip_building_tests' from command line to 'False'
[0.351s] DEBUG:colcon.colcon_core.verb:Building package 'robot_simulation' with the following arguments: {'ament_cmake_args': None, 'build_base': '/home/doanh/robot_detect/build/robot_simulation', 'catkin_cmake_args': None, 'catkin_skip_building_tests': False, 'cmake_args': None, 'cmake_clean_cache': False, 'cmake_clean_first': False, 'cmake_force_configure': False, 'cmake_target': None, 'cmake_target_skip_unavailable': False, 'install_base': '/home/doanh/robot_detect/install/robot_simulation', 'merge_install': False, 'path': '/home/doanh/robot_detect/src/robot_simulation', 'symlink_install': False, 'test_result_base': None}
[0.351s] Level 5:colcon.colcon_core.verb:set package 'yolov8_msgs' build argument 'cmake_args' from command line to 'None'
[0.351s] Level 5:colcon.colcon_core.verb:set package 'yolov8_msgs' build argument 'cmake_target' from command line to 'None'
[0.351s] Level 5:colcon.colcon_core.verb:set package 'yolov8_msgs' build argument 'cmake_target_skip_unavailable' from command line to 'False'
[0.351s] Level 5:colcon.colcon_core.verb:set package 'yolov8_msgs' build argument 'cmake_clean_cache' from command line to 'False'
[0.351s] Level 5:colcon.colcon_core.verb:set package 'yolov8_msgs' build argument 'cmake_clean_first' from command line to 'False'
[0.351s] Level 5:colcon.colcon_core.verb:set package 'yolov8_msgs' build argument 'cmake_force_configure' from command line to 'False'
[0.351s] Level 5:colcon.colcon_core.verb:set package 'yolov8_msgs' build argument 'ament_cmake_args' from command line to 'None'
[0.351s] Level 5:colcon.colcon_core.verb:set package 'yolov8_msgs' build argument 'catkin_cmake_args' from command line to 'None'
[0.351s] Level 5:colcon.colcon_core.verb:set package 'yolov8_msgs' build argument 'catkin_skip_building_tests' from command line to 'False'
[0.351s] DEBUG:colcon.colcon_core.verb:Building package 'yolov8_msgs' with the following arguments: {'ament_cmake_args': None, 'build_base': '/home/doanh/robot_detect/build/yolov8_msgs', 'catkin_cmake_args': None, 'catkin_skip_building_tests': False, 'cmake_args': None, 'cmake_clean_cache': False, 'cmake_clean_first': False, 'cmake_force_configure': False, 'cmake_target': None, 'cmake_target_skip_unavailable': False, 'install_base': '/home/doanh/robot_detect/install/yolov8_msgs', 'merge_install': False, 'path': '/home/doanh/robot_detect/src/yolov8_msgs', 'symlink_install': False, 'test_result_base': None}
[0.351s] INFO:colcon.colcon_core.executor:Executing jobs using 'parallel' executor
[0.352s] DEBUG:colcon.colcon_parallel_executor.executor.parallel:run_until_complete
[0.353s] INFO:colcon.colcon_ros.task.ament_python.build:Building ROS package in '/home/doanh/robot_detect/src/follow_human' with build type 'ament_python'
[0.353s] Level 1:colcon.colcon_core.shell:create_environment_hook('follow_human', 'ament_prefix_path')
[0.354s] INFO:colcon.colcon_core.plugin_system:Skipping extension 'colcon_core.shell.bat': Not used on non-Windows systems
[0.355s] INFO:colcon.colcon_core.shell:Creating environment hook '/home/doanh/robot_detect/install/follow_human/share/follow_human/hook/ament_prefix_path.ps1'
[0.355s] INFO:colcon.colcon_core.shell:Creating environment descriptor '/home/doanh/robot_detect/install/follow_human/share/follow_human/hook/ament_prefix_path.dsv'
[0.355s] INFO:colcon.colcon_core.shell:Creating environment hook '/home/doanh/robot_detect/install/follow_human/share/follow_human/hook/ament_prefix_path.sh'
[0.356s] INFO:colcon.colcon_core.shell:Skip shell extension 'powershell' for command environment: Not usable outside of PowerShell
[0.356s] DEBUG:colcon.colcon_core.shell:Skip shell extension 'dsv' for command environment
[0.361s] INFO:colcon.colcon_ros.task.ament_python.build:Building ROS package in '/home/doanh/robot_detect/src/robot_joy' with build type 'ament_python'
[0.361s] Level 1:colcon.colcon_core.shell:create_environment_hook('robot_joy', 'ament_prefix_path')
[0.362s] INFO:colcon.colcon_core.shell:Creating environment hook '/home/doanh/robot_detect/install/robot_joy/share/robot_joy/hook/ament_prefix_path.ps1'
[0.363s] INFO:colcon.colcon_core.shell:Creating environment descriptor '/home/doanh/robot_detect/install/robot_joy/share/robot_joy/hook/ament_prefix_path.dsv'
[0.363s] INFO:colcon.colcon_core.shell:Creating environment hook '/home/doanh/robot_detect/install/robot_joy/share/robot_joy/hook/ament_prefix_path.sh'
[0.363s] INFO:colcon.colcon_core.shell:Skip shell extension 'powershell' for command environment: Not usable outside of PowerShell
[0.363s] DEBUG:colcon.colcon_core.shell:Skip shell extension 'dsv' for command environment
[0.368s] INFO:colcon.colcon_ros.task.ament_python.build:Building ROS package in '/home/doanh/robot_detect/src/robot_mapping' with build type 'ament_python'
[0.368s] Level 1:colcon.colcon_core.shell:create_environment_hook('robot_mapping', 'ament_prefix_path')
[0.368s] INFO:colcon.colcon_core.shell:Creating environment hook '/home/doanh/robot_detect/install/robot_mapping/share/robot_mapping/hook/ament_prefix_path.ps1'
[0.368s] INFO:colcon.colcon_core.shell:Creating environment descriptor '/home/doanh/robot_detect/install/robot_mapping/share/robot_mapping/hook/ament_prefix_path.dsv'
[0.368s] INFO:colcon.colcon_core.shell:Creating environment hook '/home/doanh/robot_detect/install/robot_mapping/share/robot_mapping/hook/ament_prefix_path.sh'
[0.369s] INFO:colcon.colcon_core.shell:Skip shell extension 'powershell' for command environment: Not usable outside of PowerShell
[0.369s] DEBUG:colcon.colcon_core.shell:Skip shell extension 'dsv' for command environment
[0.373s] INFO:colcon.colcon_ros.task.ament_python.build:Building ROS package in '/home/doanh/robot_detect/src/robot_navigation' with build type 'ament_python'
[0.373s] Level 1:colcon.colcon_core.shell:create_environment_hook('robot_navigation', 'ament_prefix_path')
[0.373s] INFO:colcon.colcon_core.shell:Creating environment hook '/home/doanh/robot_detect/install/robot_navigation/share/robot_navigation/hook/ament_prefix_path.ps1'
[0.373s] INFO:colcon.colcon_core.shell:Creating environment descriptor '/home/doanh/robot_detect/install/robot_navigation/share/robot_navigation/hook/ament_prefix_path.dsv'
[0.373s] INFO:colcon.colcon_core.shell:Creating environment hook '/home/doanh/robot_detect/install/robot_navigation/share/robot_navigation/hook/ament_prefix_path.sh'
[0.374s] INFO:colcon.colcon_core.shell:Skip shell extension 'powershell' for command environment: Not usable outside of PowerShell
[0.374s] DEBUG:colcon.colcon_core.shell:Skip shell extension 'dsv' for command environment
[0.379s] INFO:colcon.colcon_ros.task.ament_cmake.build:Building ROS package in '/home/doanh/robot_detect/src/robot_recognition' with build type 'ament_cmake'
[0.379s] INFO:colcon.colcon_cmake.task.cmake.build:Building CMake package in '/home/doanh/robot_detect/src/robot_recognition'
[0.379s] INFO:colcon.colcon_core.shell:Skip shell extension 'powershell' for command environment: Not usable outside of PowerShell
[0.379s] DEBUG:colcon.colcon_core.shell:Skip shell extension 'dsv' for command environment
[0.384s] INFO:colcon.colcon_ros.task.ament_python.build:Building ROS package in '/home/doanh/robot_detect/src/robot_simulation' with build type 'ament_python'
[0.384s] Level 1:colcon.colcon_core.shell:create_environment_hook('robot_simulation', 'ament_prefix_path')
[0.384s] INFO:colcon.colcon_core.shell:Creating environment hook '/home/doanh/robot_detect/install/robot_simulation/share/robot_simulation/hook/ament_prefix_path.ps1'
[0.385s] INFO:colcon.colcon_core.shell:Creating environment descriptor '/home/doanh/robot_detect/install/robot_simulation/share/robot_simulation/hook/ament_prefix_path.dsv'
[0.385s] INFO:colcon.colcon_core.shell:Creating environment hook '/home/doanh/robot_detect/install/robot_simulation/share/robot_simulation/hook/ament_prefix_path.sh'
[0.385s] INFO:colcon.colcon_core.shell:Skip shell extension 'powershell' for command environment: Not usable outside of PowerShell
[0.385s] DEBUG:colcon.colcon_core.shell:Skip shell extension 'dsv' for command environment
[0.390s] INFO:colcon.colcon_ros.task.ament_cmake.build:Building ROS package in '/home/doanh/robot_detect/src/yolov8_msgs' with build type 'ament_cmake'
[0.390s] INFO:colcon.colcon_cmake.task.cmake.build:Building CMake package in '/home/doanh/robot_detect/src/yolov8_msgs'
[0.390s] INFO:colcon.colcon_core.shell:Skip shell extension 'powershell' for command environment: Not usable outside of PowerShell
[0.390s] DEBUG:colcon.colcon_core.shell:Skip shell extension 'dsv' for command environment
[0.644s] INFO:colcon.colcon_core.task.python.build:Building Python package in '/home/doanh/robot_detect/src/follow_human'
[0.645s] INFO:colcon.colcon_core.shell:Skip shell extension 'powershell' for command environment: Not usable outside of PowerShell
[0.645s] DEBUG:colcon.colcon_core.shell:Skip shell extension 'dsv' for command environment
[0.953s] INFO:colcon.colcon_core.task.python.build:Building Python package in '/home/doanh/robot_detect/src/robot_joy'
[0.954s] INFO:colcon.colcon_core.shell:Skip shell extension 'powershell' for command environment: Not usable outside of PowerShell
[0.954s] DEBUG:colcon.colcon_core.shell:Skip shell extension 'dsv' for command environment
[1.214s] INFO:colcon.colcon_core.task.python.build:Building Python package in '/home/doanh/robot_detect/src/robot_mapping'
[1.214s] INFO:colcon.colcon_core.shell:Skip shell extension 'powershell' for command environment: Not usable outside of PowerShell
[1.214s] DEBUG:colcon.colcon_core.shell:Skip shell extension 'dsv' for command environment
[1.465s] INFO:colcon.colcon_core.task.python.build:Building Python package in '/home/doanh/robot_detect/src/robot_navigation'
[1.466s] INFO:colcon.colcon_core.shell:Skip shell extension 'powershell' for command environment: Not usable outside of PowerShell
[1.466s] DEBUG:colcon.colcon_core.shell:Skip shell extension 'dsv' for command environment
[1.480s] DEBUG:colcon.colcon_core.event_handler.log_command:Invoking command in '/home/doanh/robot_detect/build/robot_recognition': CMAKE_PREFIX_PATH=${CMAKE_PREFIX_PATH}:/home/doanh/robot_detect/install/robot_simulation:/home/doanh/robot_detect/install/robot_navigation:/home/doanh/robot_detect/install/robot_mapping:/home/doanh/robot_detect/install/robot_joy:/home/doanh/robot_detect/install/human_follow:/home/doanh/robot_detect/install/follow_human:/home/doanh/go2_robot/install/speech_processor:/home/doanh/go2_robot/install/reset_odom:/home/doanh/go2_robot/install/livox_to_laserscan:/home/doanh/go2_robot/install/lidar_processor:/home/doanh/go2_robot/install/go2_robot_sdk:/home/doanh/go2_robot/install/coco_detector:/home/doanh/mrdoanh_projects/install/speech_processor:/home/doanh/mrdoanh_projects/install/lidar_processor:/home/doanh/mrdoanh_projects/install/go2_robot_sdk:/home/doanh/mrdoanh_projects/install/coco_detector:/home/doanh/new/mrdoanh_projects/install/speech_processor:/home/doanh/new/mrdoanh_projects/install/lidar_processor:/home/doanh/new/mrdoanh_projects/install/go2_robot_sdk:/home/doanh/new/mrdoanh_projects/install/coco_detector:/opt/ros/humble /home/doanh/.local/bin/cmake --build /home/doanh/robot_detect/build/robot_recognition -- -j12 -l12
[1.731s] INFO:colcon.colcon_core.task.python.build:Building Python package in '/home/doanh/robot_detect/src/robot_simulation'
[1.732s] INFO:colcon.colcon_core.shell:Skip shell extension 'powershell' for command environment: Not usable outside of PowerShell
[1.732s] DEBUG:colcon.colcon_core.shell:Skip shell extension 'dsv' for command environment
[1.747s] DEBUG:colcon.colcon_core.event_handler.log_command:Invoking command in '/home/doanh/robot_detect/build/yolov8_msgs': CMAKE_PREFIX_PATH=${CMAKE_PREFIX_PATH}:/home/doanh/robot_detect/install/robot_simulation:/home/doanh/robot_detect/install/robot_navigation:/home/doanh/robot_detect/install/robot_mapping:/home/doanh/robot_detect/install/robot_joy:/home/doanh/robot_detect/install/human_follow:/home/doanh/robot_detect/install/follow_human:/home/doanh/go2_robot/install/speech_processor:/home/doanh/go2_robot/install/reset_odom:/home/doanh/go2_robot/install/livox_to_laserscan:/home/doanh/go2_robot/install/lidar_processor:/home/doanh/go2_robot/install/go2_robot_sdk:/home/doanh/go2_robot/install/coco_detector:/home/doanh/mrdoanh_projects/install/speech_processor:/home/doanh/mrdoanh_projects/install/lidar_processor:/home/doanh/mrdoanh_projects/install/go2_robot_sdk:/home/doanh/mrdoanh_projects/install/coco_detector:/home/doanh/new/mrdoanh_projects/install/speech_processor:/home/doanh/new/mrdoanh_projects/install/lidar_processor:/home/doanh/new/mrdoanh_projects/install/go2_robot_sdk:/home/doanh/new/mrdoanh_projects/install/coco_detector:/opt/ros/humble /home/doanh/.local/bin/cmake --build /home/doanh/robot_detect/build/yolov8_msgs -- -j12 -l12
[1.748s] DEBUG:colcon.colcon_core.event_handler.log_command:Invoked command in '/home/doanh/robot_detect/build/robot_recognition' returned '0': CMAKE_PREFIX_PATH=${CMAKE_PREFIX_PATH}:/home/doanh/robot_detect/install/robot_simulation:/home/doanh/robot_detect/install/robot_navigation:/home/doanh/robot_detect/install/robot_mapping:/home/doanh/robot_detect/install/robot_joy:/home/doanh/robot_detect/install/human_follow:/home/doanh/robot_detect/install/follow_human:/home/doanh/go2_robot/install/speech_processor:/home/doanh/go2_robot/install/reset_odom:/home/doanh/go2_robot/install/livox_to_laserscan:/home/doanh/go2_robot/install/lidar_processor:/home/doanh/go2_robot/install/go2_robot_sdk:/home/doanh/go2_robot/install/coco_detector:/home/doanh/mrdoanh_projects/install/speech_processor:/home/doanh/mrdoanh_projects/install/lidar_processor:/home/doanh/mrdoanh_projects/install/go2_robot_sdk:/home/doanh/mrdoanh_projects/install/coco_detector:/home/doanh/new/mrdoanh_projects/install/speech_processor:/home/doanh/new/mrdoanh_projects/install/lidar_processor:/home/doanh/new/mrdoanh_projects/install/go2_robot_sdk:/home/doanh/new/mrdoanh_projects/install/coco_detector:/opt/ros/humble /home/doanh/.local/bin/cmake --build /home/doanh/robot_detect/build/robot_recognition -- -j12 -l12
[1.826s] DEBUG:colcon.colcon_core.event_handler.log_command:Invoking command in '/home/doanh/robot_detect/build/robot_recognition': CMAKE_PREFIX_PATH=${CMAKE_PREFIX_PATH}:/home/doanh/robot_detect/install/robot_simulation:/home/doanh/robot_detect/install/robot_navigation:/home/doanh/robot_detect/install/robot_mapping:/home/doanh/robot_detect/install/robot_joy:/home/doanh/robot_detect/install/human_follow:/home/doanh/robot_detect/install/follow_human:/home/doanh/go2_robot/install/speech_processor:/home/doanh/go2_robot/install/reset_odom:/home/doanh/go2_robot/install/livox_to_laserscan:/home/doanh/go2_robot/install/lidar_processor:/home/doanh/go2_robot/install/go2_robot_sdk:/home/doanh/go2_robot/install/coco_detector:/home/doanh/mrdoanh_projects/install/speech_processor:/home/doanh/mrdoanh_projects/install/lidar_processor:/home/doanh/mrdoanh_projects/install/go2_robot_sdk:/home/doanh/mrdoanh_projects/install/coco_detector:/home/doanh/new/mrdoanh_projects/install/speech_processor:/home/doanh/new/mrdoanh_projects/install/lidar_processor:/home/doanh/new/mrdoanh_projects/install/go2_robot_sdk:/home/doanh/new/mrdoanh_projects/install/coco_detector:/opt/ros/humble /home/doanh/.local/bin/cmake --install /home/doanh/robot_detect/build/robot_recognition
[1.942s] Level 1:colcon.colcon_core.environment:create_environment_scripts_only(robot_recognition)
[1.945s] DEBUG:colcon.colcon_core.event_handler.log_command:Invoked command in '/home/doanh/robot_detect/build/robot_recognition' returned '0': CMAKE_PREFIX_PATH=${CMAKE_PREFIX_PATH}:/home/doanh/robot_detect/install/robot_simulation:/home/doanh/robot_detect/install/robot_navigation:/home/doanh/robot_detect/install/robot_mapping:/home/doanh/robot_detect/install/robot_joy:/home/doanh/robot_detect/install/human_follow:/home/doanh/robot_detect/install/follow_human:/home/doanh/go2_robot/install/speech_processor:/home/doanh/go2_robot/install/reset_odom:/home/doanh/go2_robot/install/livox_to_laserscan:/home/doanh/go2_robot/install/lidar_processor:/home/doanh/go2_robot/install/go2_robot_sdk:/home/doanh/go2_robot/install/coco_detector:/home/doanh/mrdoanh_projects/install/speech_processor:/home/doanh/mrdoanh_projects/install/lidar_processor:/home/doanh/mrdoanh_projects/install/go2_robot_sdk:/home/doanh/mrdoanh_projects/install/coco_detector:/home/doanh/new/mrdoanh_projects/install/speech_processor:/home/doanh/new/mrdoanh_projects/install/lidar_processor:/home/doanh/new/mrdoanh_projects/install/go2_robot_sdk:/home/doanh/new/mrdoanh_projects/install/coco_detector:/opt/ros/humble /home/doanh/.local/bin/cmake --install /home/doanh/robot_detect/build/robot_recognition
[1.947s] Level 1:colcon.colcon_core.environment:checking '/home/doanh/robot_detect/install/robot_recognition' for CMake module files
[1.948s] Level 1:colcon.colcon_core.environment:checking '/home/doanh/robot_detect/install/robot_recognition' for CMake config files
[1.948s] Level 1:colcon.colcon_core.shell:create_environment_hook('robot_recognition', 'cmake_prefix_path')
[1.949s] INFO:colcon.colcon_core.shell:Creating environment hook '/home/doanh/robot_detect/install/robot_recognition/share/robot_recognition/hook/cmake_prefix_path.ps1'
[1.949s] INFO:colcon.colcon_core.shell:Creating environment descriptor '/home/doanh/robot_detect/install/robot_recognition/share/robot_recognition/hook/cmake_prefix_path.dsv'
[1.950s] INFO:colcon.colcon_core.shell:Creating environment hook '/home/doanh/robot_detect/install/robot_recognition/share/robot_recognition/hook/cmake_prefix_path.sh'
[1.951s] Level 1:colcon.colcon_core.environment:checking '/home/doanh/robot_detect/install/robot_recognition/lib'
[1.951s] Level 1:colcon.colcon_core.environment:checking '/home/doanh/robot_detect/install/robot_recognition/bin'
[1.952s] Level 1:colcon.colcon_core.environment:checking '/home/doanh/robot_detect/install/robot_recognition/lib/pkgconfig/robot_recognition.pc'
[1.952s] Level 1:colcon.colcon_core.environment:checking '/home/doanh/robot_detect/install/robot_recognition/lib/python3.10/site-packages'
[1.952s] Level 1:colcon.colcon_core.environment:checking '/home/doanh/robot_detect/install/robot_recognition/bin'
[1.953s] INFO:colcon.colcon_core.shell:Creating package script '/home/doanh/robot_detect/install/robot_recognition/share/robot_recognition/package.ps1'
[1.956s] INFO:colcon.colcon_core.shell:Creating package descriptor '/home/doanh/robot_detect/install/robot_recognition/share/robot_recognition/package.dsv'
[1.957s] INFO:colcon.colcon_core.shell:Creating package script '/home/doanh/robot_detect/install/robot_recognition/share/robot_recognition/package.sh'
[1.959s] INFO:colcon.colcon_core.shell:Creating package script '/home/doanh/robot_detect/install/robot_recognition/share/robot_recognition/package.bash'
[1.961s] INFO:colcon.colcon_core.shell:Creating package script '/home/doanh/robot_detect/install/robot_recognition/share/robot_recognition/package.zsh'
[1.961s] Level 1:colcon.colcon_core.environment:create_file_with_runtime_dependencies(/home/doanh/robot_detect/install/robot_recognition/share/colcon-core/packages/robot_recognition)
[1.962s] Level 1:colcon.colcon_core.environment:create_environment_scripts_only(robot_recognition)
[1.962s] Level 1:colcon.colcon_core.environment:checking '/home/doanh/robot_detect/install/robot_recognition' for CMake module files
[1.963s] Level 1:colcon.colcon_core.environment:checking '/home/doanh/robot_detect/install/robot_recognition' for CMake config files
[1.963s] Level 1:colcon.colcon_core.shell:create_environment_hook('robot_recognition', 'cmake_prefix_path')
[1.964s] INFO:colcon.colcon_core.shell:Creating environment hook '/home/doanh/robot_detect/install/robot_recognition/share/robot_recognition/hook/cmake_prefix_path.ps1'
[1.965s] INFO:colcon.colcon_core.shell:Creating environment descriptor '/home/doanh/robot_detect/install/robot_recognition/share/robot_recognition/hook/cmake_prefix_path.dsv'
[1.966s] INFO:colcon.colcon_core.shell:Creating environment hook '/home/doanh/robot_detect/install/robot_recognition/share/robot_recognition/hook/cmake_prefix_path.sh'
[1.968s] Level 1:colcon.colcon_core.environment:checking '/home/doanh/robot_detect/install/robot_recognition/lib'
[1.968s] Level 1:colcon.colcon_core.environment:checking '/home/doanh/robot_detect/install/robot_recognition/bin'
[1.968s] Level 1:colcon.colcon_core.environment:checking '/home/doanh/robot_detect/install/robot_recognition/lib/pkgconfig/robot_recognition.pc'
[1.968s] Level 1:colcon.colcon_core.environment:checking '/home/doanh/robot_detect/install/robot_recognition/lib/python3.10/site-packages'
[1.968s] Level 1:colcon.colcon_core.environment:checking '/home/doanh/robot_detect/install/robot_recognition/bin'
[1.969s] INFO:colcon.colcon_core.shell:Creating package script '/home/doanh/robot_detect/install/robot_recognition/share/robot_recognition/package.ps1'
[1.970s] INFO:colcon.colcon_core.shell:Creating package descriptor '/home/doanh/robot_detect/install/robot_recognition/share/robot_recognition/package.dsv'
[1.970s] INFO:colcon.colcon_core.shell:Creating package script '/home/doanh/robot_detect/install/robot_recognition/share/robot_recognition/package.sh'
[1.971s] INFO:colcon.colcon_core.shell:Creating package script '/home/doanh/robot_detect/install/robot_recognition/share/robot_recognition/package.bash'
[1.971s] INFO:colcon.colcon_core.shell:Creating package script '/home/doanh/robot_detect/install/robot_recognition/share/robot_recognition/package.zsh'
[1.971s] Level 1:colcon.colcon_core.environment:create_file_with_runtime_dependencies(/home/doanh/robot_detect/install/robot_recognition/share/colcon-core/packages/robot_recognition)
[2.317s] DEBUG:colcon.colcon_core.event_handler.log_command:Invoked command in '/home/doanh/robot_detect/build/yolov8_msgs' returned '0': CMAKE_PREFIX_PATH=${CMAKE_PREFIX_PATH}:/home/doanh/robot_detect/install/robot_simulation:/home/doanh/robot_detect/install/robot_navigation:/home/doanh/robot_detect/install/robot_mapping:/home/doanh/robot_detect/install/robot_joy:/home/doanh/robot_detect/install/human_follow:/home/doanh/robot_detect/install/follow_human:/home/doanh/go2_robot/install/speech_processor:/home/doanh/go2_robot/install/reset_odom:/home/doanh/go2_robot/install/livox_to_laserscan:/home/doanh/go2_robot/install/lidar_processor:/home/doanh/go2_robot/install/go2_robot_sdk:/home/doanh/go2_robot/install/coco_detector:/home/doanh/mrdoanh_projects/install/speech_processor:/home/doanh/mrdoanh_projects/install/lidar_processor:/home/doanh/mrdoanh_projects/install/go2_robot_sdk:/home/doanh/mrdoanh_projects/install/coco_detector:/home/doanh/new/mrdoanh_projects/install/speech_processor:/home/doanh/new/mrdoanh_projects/install/lidar_processor:/home/doanh/new/mrdoanh_projects/install/go2_robot_sdk:/home/doanh/new/mrdoanh_projects/install/coco_detector:/opt/ros/humble /home/doanh/.local/bin/cmake --build /home/doanh/robot_detect/build/yolov8_msgs -- -j12 -l12
[2.320s] DEBUG:colcon.colcon_core.event_handler.log_command:Invoking command in '/home/doanh/robot_detect/build/yolov8_msgs': CMAKE_PREFIX_PATH=${CMAKE_PREFIX_PATH}:/home/doanh/robot_detect/install/robot_simulation:/home/doanh/robot_detect/install/robot_navigation:/home/doanh/robot_detect/install/robot_mapping:/home/doanh/robot_detect/install/robot_joy:/home/doanh/robot_detect/install/human_follow:/home/doanh/robot_detect/install/follow_human:/home/doanh/go2_robot/install/speech_processor:/home/doanh/go2_robot/install/reset_odom:/home/doanh/go2_robot/install/livox_to_laserscan:/home/doanh/go2_robot/install/lidar_processor:/home/doanh/go2_robot/install/go2_robot_sdk:/home/doanh/go2_robot/install/coco_detector:/home/doanh/mrdoanh_projects/install/speech_processor:/home/doanh/mrdoanh_projects/install/lidar_processor:/home/doanh/mrdoanh_projects/install/go2_robot_sdk:/home/doanh/mrdoanh_projects/install/coco_detector:/home/doanh/new/mrdoanh_projects/install/speech_processor:/home/doanh/new/mrdoanh_projects/install/lidar_processor:/home/doanh/new/mrdoanh_projects/install/go2_robot_sdk:/home/doanh/new/mrdoanh_projects/install/coco_detector:/opt/ros/humble /home/doanh/.local/bin/cmake --install /home/doanh/robot_detect/build/yolov8_msgs
[2.530s] Level 1:colcon.colcon_core.environment:create_environment_scripts_only(yolov8_msgs)
[2.531s] DEBUG:colcon.colcon_core.event_handler.log_command:Invoked command in '/home/doanh/robot_detect/build/yolov8_msgs' returned '0': CMAKE_PREFIX_PATH=${CMAKE_PREFIX_PATH}:/home/doanh/robot_detect/install/robot_simulation:/home/doanh/robot_detect/install/robot_navigation:/home/doanh/robot_detect/install/robot_mapping:/home/doanh/robot_detect/install/robot_joy:/home/doanh/robot_detect/install/human_follow:/home/doanh/robot_detect/install/follow_human:/home/doanh/go2_robot/install/speech_processor:/home/doanh/go2_robot/install/reset_odom:/home/doanh/go2_robot/install/livox_to_laserscan:/home/doanh/go2_robot/install/lidar_processor:/home/doanh/go2_robot/install/go2_robot_sdk:/home/doanh/go2_robot/install/coco_detector:/home/doanh/mrdoanh_projects/install/speech_processor:/home/doanh/mrdoanh_projects/install/lidar_processor:/home/doanh/mrdoanh_projects/install/go2_robot_sdk:/home/doanh/mrdoanh_projects/install/coco_detector:/home/doanh/new/mrdoanh_projects/install/speech_processor:/home/doanh/new/mrdoanh_projects/install/lidar_processor:/home/doanh/new/mrdoanh_projects/install/go2_robot_sdk:/home/doanh/new/mrdoanh_projects/install/coco_detector:/opt/ros/humble /home/doanh/.local/bin/cmake --install /home/doanh/robot_detect/build/yolov8_msgs
[2.533s] Level 1:colcon.colcon_core.environment:checking '/home/doanh/robot_detect/install/yolov8_msgs' for CMake module files
[2.534s] Level 1:colcon.colcon_core.environment:checking '/home/doanh/robot_detect/install/yolov8_msgs' for CMake config files
[2.535s] Level 1:colcon.colcon_core.shell:create_environment_hook('yolov8_msgs', 'cmake_prefix_path')
[2.536s] INFO:colcon.colcon_core.shell:Creating environment hook '/home/doanh/robot_detect/install/yolov8_msgs/share/yolov8_msgs/hook/cmake_prefix_path.ps1'
[2.537s] INFO:colcon.colcon_core.shell:Creating environment descriptor '/home/doanh/robot_detect/install/yolov8_msgs/share/yolov8_msgs/hook/cmake_prefix_path.dsv'
[2.537s] INFO:colcon.colcon_core.shell:Creating environment hook '/home/doanh/robot_detect/install/yolov8_msgs/share/yolov8_msgs/hook/cmake_prefix_path.sh'
[2.538s] Level 1:colcon.colcon_core.environment:checking '/home/doanh/robot_detect/install/yolov8_msgs/lib'
[2.538s] Level 1:colcon.colcon_core.shell:create_environment_hook('yolov8_msgs', 'ld_library_path_lib')
[2.539s] INFO:colcon.colcon_core.shell:Creating environment hook '/home/doanh/robot_detect/install/yolov8_msgs/share/yolov8_msgs/hook/ld_library_path_lib.ps1'
[2.539s] INFO:colcon.colcon_core.shell:Creating environment descriptor '/home/doanh/robot_detect/install/yolov8_msgs/share/yolov8_msgs/hook/ld_library_path_lib.dsv'
[2.540s] INFO:colcon.colcon_core.shell:Creating environment hook '/home/doanh/robot_detect/install/yolov8_msgs/share/yolov8_msgs/hook/ld_library_path_lib.sh'
[2.540s] Level 1:colcon.colcon_core.environment:checking '/home/doanh/robot_detect/install/yolov8_msgs/bin'
[2.540s] Level 1:colcon.colcon_core.environment:checking '/home/doanh/robot_detect/install/yolov8_msgs/lib/pkgconfig/yolov8_msgs.pc'
[2.541s] Level 1:colcon.colcon_core.environment:checking '/home/doanh/robot_detect/install/yolov8_msgs/lib/python3.10/site-packages'
[2.541s] Level 1:colcon.colcon_core.environment:checking '/home/doanh/robot_detect/install/yolov8_msgs/bin'
[2.542s] INFO:colcon.colcon_core.shell:Creating package script '/home/doanh/robot_detect/install/yolov8_msgs/share/yolov8_msgs/package.ps1'
[2.543s] INFO:colcon.colcon_core.shell:Creating package descriptor '/home/doanh/robot_detect/install/yolov8_msgs/share/yolov8_msgs/package.dsv'
[2.543s] INFO:colcon.colcon_core.shell:Creating package script '/home/doanh/robot_detect/install/yolov8_msgs/share/yolov8_msgs/package.sh'
[2.544s] INFO:colcon.colcon_core.shell:Creating package script '/home/doanh/robot_detect/install/yolov8_msgs/share/yolov8_msgs/package.bash'
[2.545s] INFO:colcon.colcon_core.shell:Creating package script '/home/doanh/robot_detect/install/yolov8_msgs/share/yolov8_msgs/package.zsh'
[2.545s] Level 1:colcon.colcon_core.environment:create_file_with_runtime_dependencies(/home/doanh/robot_detect/install/yolov8_msgs/share/colcon-core/packages/yolov8_msgs)
[2.546s] Level 1:colcon.colcon_core.environment:create_environment_scripts_only(yolov8_msgs)
[2.546s] Level 1:colcon.colcon_core.environment:checking '/home/doanh/robot_detect/install/yolov8_msgs' for CMake module files
[2.547s] Level 1:colcon.colcon_core.environment:checking '/home/doanh/robot_detect/install/yolov8_msgs' for CMake config files
[2.548s] Level 1:colcon.colcon_core.shell:create_environment_hook('yolov8_msgs', 'cmake_prefix_path')
[2.549s] INFO:colcon.colcon_core.shell:Creating environment hook '/home/doanh/robot_detect/install/yolov8_msgs/share/yolov8_msgs/hook/cmake_prefix_path.ps1'
[2.550s] INFO:colcon.colcon_core.shell:Creating environment descriptor '/home/doanh/robot_detect/install/yolov8_msgs/share/yolov8_msgs/hook/cmake_prefix_path.dsv'
[2.551s] INFO:colcon.colcon_core.shell:Creating environment hook '/home/doanh/robot_detect/install/yolov8_msgs/share/yolov8_msgs/hook/cmake_prefix_path.sh'
[2.551s] Level 1:colcon.colcon_core.environment:checking '/home/doanh/robot_detect/install/yolov8_msgs/lib'
[2.551s] Level 1:colcon.colcon_core.shell:create_environment_hook('yolov8_msgs', 'ld_library_path_lib')
[2.552s] INFO:colcon.colcon_core.shell:Creating environment hook '/home/doanh/robot_detect/install/yolov8_msgs/share/yolov8_msgs/hook/ld_library_path_lib.ps1'
[2.553s] INFO:colcon.colcon_core.shell:Creating environment descriptor '/home/doanh/robot_detect/install/yolov8_msgs/share/yolov8_msgs/hook/ld_library_path_lib.dsv'
[2.554s] INFO:colcon.colcon_core.shell:Creating environment hook '/home/doanh/robot_detect/install/yolov8_msgs/share/yolov8_msgs/hook/ld_library_path_lib.sh'
[2.554s] Level 1:colcon.colcon_core.environment:checking '/home/doanh/robot_detect/install/yolov8_msgs/bin'
[2.554s] Level 1:colcon.colcon_core.environment:checking '/home/doanh/robot_detect/install/yolov8_msgs/lib/pkgconfig/yolov8_msgs.pc'
[2.555s] Level 1:colcon.colcon_core.environment:checking '/home/doanh/robot_detect/install/yolov8_msgs/lib/python3.10/site-packages'
[2.555s] Level 1:colcon.colcon_core.environment:checking '/home/doanh/robot_detect/install/yolov8_msgs/bin'
[2.556s] INFO:colcon.colcon_core.shell:Creating package script '/home/doanh/robot_detect/install/yolov8_msgs/share/yolov8_msgs/package.ps1'
[2.557s] INFO:colcon.colcon_core.shell:Creating package descriptor '/home/doanh/robot_detect/install/yolov8_msgs/share/yolov8_msgs/package.dsv'
[2.558s] INFO:colcon.colcon_core.shell:Creating package script '/home/doanh/robot_detect/install/yolov8_msgs/share/yolov8_msgs/package.sh'
[2.559s] INFO:colcon.colcon_core.shell:Creating package script '/home/doanh/robot_detect/install/yolov8_msgs/share/yolov8_msgs/package.bash'
[2.559s] INFO:colcon.colcon_core.shell:Creating package script '/home/doanh/robot_detect/install/yolov8_msgs/share/yolov8_msgs/package.zsh'
[2.561s] Level 1:colcon.colcon_core.environment:create_file_with_runtime_dependencies(/home/doanh/robot_detect/install/yolov8_msgs/share/colcon-core/packages/yolov8_msgs)
[2.574s] DEBUG:colcon.colcon_core.event_handler.log_command:Invoking command in '/home/doanh/robot_detect/src/robot_navigation': PYTHONPATH=/home/doanh/robot_detect/build/robot_navigation/prefix_override:/usr/lib/python3/dist-packages/colcon_core/task/python/colcon_distutils_commands:/home/doanh/robot_detect/install/robot_navigation/lib/python3.10/site-packages:${PYTHONPATH} /usr/bin/python3 -W ignore:setup.py install is deprecated -W ignore:easy_install command is deprecated setup.py egg_info --egg-base ../../build/robot_navigation build --build-base /home/doanh/robot_detect/build/robot_navigation/build install --record /home/doanh/robot_detect/build/robot_navigation/install.log --single-version-externally-managed install_data
[2.689s] DEBUG:colcon.colcon_core.event_handler.log_command:Invoking command in '/home/doanh/robot_detect/src/robot_joy': PYTHONPATH=/home/doanh/robot_detect/build/robot_joy/prefix_override:/usr/lib/python3/dist-packages/colcon_core/task/python/colcon_distutils_commands:/home/doanh/robot_detect/install/robot_joy/lib/python3.10/site-packages:${PYTHONPATH} /usr/bin/python3 -W ignore:setup.py install is deprecated -W ignore:easy_install command is deprecated setup.py egg_info --egg-base ../../build/robot_joy build --build-base /home/doanh/robot_detect/build/robot_joy/build install --record /home/doanh/robot_detect/build/robot_joy/install.log --single-version-externally-managed install_data
[2.709s] DEBUG:colcon.colcon_core.event_handler.log_command:Invoking command in '/home/doanh/robot_detect/src/robot_mapping': PYTHONPATH=/home/doanh/robot_detect/build/robot_mapping/prefix_override:/usr/lib/python3/dist-packages/colcon_core/task/python/colcon_distutils_commands:/home/doanh/robot_detect/install/robot_mapping/lib/python3.10/site-packages:${PYTHONPATH} /usr/bin/python3 -W ignore:setup.py install is deprecated -W ignore:easy_install command is deprecated setup.py egg_info --egg-base ../../build/robot_mapping build --build-base /home/doanh/robot_detect/build/robot_mapping/build install --record /home/doanh/robot_detect/build/robot_mapping/install.log --single-version-externally-managed install_data
[2.730s] DEBUG:colcon.colcon_core.event_handler.log_command:Invoking command in '/home/doanh/robot_detect/src/follow_human': PYTHONPATH=/home/doanh/robot_detect/build/follow_human/prefix_override:/usr/lib/python3/dist-packages/colcon_core/task/python/colcon_distutils_commands:/home/doanh/robot_detect/install/follow_human/lib/python3.10/site-packages:${PYTHONPATH} /usr/bin/python3 -W ignore:setup.py install is deprecated -W ignore:easy_install command is deprecated setup.py egg_info --egg-base ../../build/follow_human build --build-base /home/doanh/robot_detect/build/follow_human/build install --record /home/doanh/robot_detect/build/follow_human/install.log --single-version-externally-managed install_data
[2.762s] DEBUG:colcon.colcon_core.event_handler.log_command:Invoking command in '/home/doanh/robot_detect/src/robot_simulation': PYTHONPATH=/home/doanh/robot_detect/build/robot_simulation/prefix_override:/usr/lib/python3/dist-packages/colcon_core/task/python/colcon_distutils_commands:/home/doanh/robot_detect/install/robot_simulation/lib/python3.10/site-packages:${PYTHONPATH} /usr/bin/python3 -W ignore:setup.py install is deprecated -W ignore:easy_install command is deprecated setup.py egg_info --egg-base ../../build/robot_simulation build --build-base /home/doanh/robot_detect/build/robot_simulation/build install --record /home/doanh/robot_detect/build/robot_simulation/install.log --single-version-externally-managed install_data
[3.003s] Level 1:colcon.colcon_core.environment:checking '/home/doanh/robot_detect/install/robot_navigation' for CMake module files
[3.004s] DEBUG:colcon.colcon_core.event_handler.log_command:Invoked command in '/home/doanh/robot_detect/src/robot_navigation' returned '0': PYTHONPATH=/home/doanh/robot_detect/build/robot_navigation/prefix_override:/usr/lib/python3/dist-packages/colcon_core/task/python/colcon_distutils_commands:/home/doanh/robot_detect/install/robot_navigation/lib/python3.10/site-packages:${PYTHONPATH} /usr/bin/python3 -W ignore:setup.py install is deprecated -W ignore:easy_install command is deprecated setup.py egg_info --egg-base ../../build/robot_navigation build --build-base /home/doanh/robot_detect/build/robot_navigation/build install --record /home/doanh/robot_detect/build/robot_navigation/install.log --single-version-externally-managed install_data
[3.005s] Level 1:colcon.colcon_core.environment:checking '/home/doanh/robot_detect/install/robot_navigation' for CMake config files
[3.005s] Level 1:colcon.colcon_core.environment:checking '/home/doanh/robot_detect/install/robot_navigation/lib'
[3.005s] Level 1:colcon.colcon_core.environment:checking '/home/doanh/robot_detect/install/robot_navigation/bin'
[3.006s] Level 1:colcon.colcon_core.environment:checking '/home/doanh/robot_detect/install/robot_navigation/lib/pkgconfig/robot_navigation.pc'
[3.006s] Level 1:colcon.colcon_core.environment:checking '/home/doanh/robot_detect/install/robot_navigation/lib/python3.10/site-packages'
[3.006s] Level 1:colcon.colcon_core.shell:create_environment_hook('robot_navigation', 'pythonpath')
[3.006s] INFO:colcon.colcon_core.shell:Creating environment hook '/home/doanh/robot_detect/install/robot_navigation/share/robot_navigation/hook/pythonpath.ps1'
[3.007s] INFO:colcon.colcon_core.shell:Creating environment descriptor '/home/doanh/robot_detect/install/robot_navigation/share/robot_navigation/hook/pythonpath.dsv'
[3.007s] INFO:colcon.colcon_core.shell:Creating environment hook '/home/doanh/robot_detect/install/robot_navigation/share/robot_navigation/hook/pythonpath.sh'
[3.008s] Level 1:colcon.colcon_core.environment:checking '/home/doanh/robot_detect/install/robot_navigation/bin'
[3.008s] Level 1:colcon.colcon_core.environment:create_environment_scripts_only(robot_navigation)
[3.009s] INFO:colcon.colcon_core.shell:Creating package script '/home/doanh/robot_detect/install/robot_navigation/share/robot_navigation/package.ps1'
[3.010s] INFO:colcon.colcon_core.shell:Creating package descriptor '/home/doanh/robot_detect/install/robot_navigation/share/robot_navigation/package.dsv'
[3.010s] INFO:colcon.colcon_core.shell:Creating package script '/home/doanh/robot_detect/install/robot_navigation/share/robot_navigation/package.sh'
[3.010s] INFO:colcon.colcon_core.shell:Creating package script '/home/doanh/robot_detect/install/robot_navigation/share/robot_navigation/package.bash'
[3.011s] INFO:colcon.colcon_core.shell:Creating package script '/home/doanh/robot_detect/install/robot_navigation/share/robot_navigation/package.zsh'
[3.012s] Level 1:colcon.colcon_core.environment:create_file_with_runtime_dependencies(/home/doanh/robot_detect/install/robot_navigation/share/colcon-core/packages/robot_navigation)
[3.077s] Level 1:colcon.colcon_core.environment:checking '/home/doanh/robot_detect/install/robot_joy' for CMake module files
[3.077s] DEBUG:colcon.colcon_core.event_handler.log_command:Invoked command in '/home/doanh/robot_detect/src/robot_joy' returned '0': PYTHONPATH=/home/doanh/robot_detect/build/robot_joy/prefix_override:/usr/lib/python3/dist-packages/colcon_core/task/python/colcon_distutils_commands:/home/doanh/robot_detect/install/robot_joy/lib/python3.10/site-packages:${PYTHONPATH} /usr/bin/python3 -W ignore:setup.py install is deprecated -W ignore:easy_install command is deprecated setup.py egg_info --egg-base ../../build/robot_joy build --build-base /home/doanh/robot_detect/build/robot_joy/build install --record /home/doanh/robot_detect/build/robot_joy/install.log --single-version-externally-managed install_data
[3.078s] Level 1:colcon.colcon_core.environment:checking '/home/doanh/robot_detect/install/robot_joy' for CMake config files
[3.078s] Level 1:colcon.colcon_core.environment:checking '/home/doanh/robot_detect/install/robot_joy/lib'
[3.078s] Level 1:colcon.colcon_core.environment:checking '/home/doanh/robot_detect/install/robot_joy/bin'
[3.078s] Level 1:colcon.colcon_core.environment:checking '/home/doanh/robot_detect/install/robot_joy/lib/pkgconfig/robot_joy.pc'
[3.078s] Level 1:colcon.colcon_core.environment:checking '/home/doanh/robot_detect/install/robot_joy/lib/python3.10/site-packages'
[3.078s] Level 1:colcon.colcon_core.shell:create_environment_hook('robot_joy', 'pythonpath')
[3.079s] INFO:colcon.colcon_core.shell:Creating environment hook '/home/doanh/robot_detect/install/robot_joy/share/robot_joy/hook/pythonpath.ps1'
[3.079s] INFO:colcon.colcon_core.shell:Creating environment descriptor '/home/doanh/robot_detect/install/robot_joy/share/robot_joy/hook/pythonpath.dsv'
[3.079s] INFO:colcon.colcon_core.shell:Creating environment hook '/home/doanh/robot_detect/install/robot_joy/share/robot_joy/hook/pythonpath.sh'
[3.080s] Level 1:colcon.colcon_core.environment:checking '/home/doanh/robot_detect/install/robot_joy/bin'
[3.080s] Level 1:colcon.colcon_core.environment:create_environment_scripts_only(robot_joy)
[3.080s] INFO:colcon.colcon_core.shell:Creating package script '/home/doanh/robot_detect/install/robot_joy/share/robot_joy/package.ps1'
[3.080s] INFO:colcon.colcon_core.shell:Creating package descriptor '/home/doanh/robot_detect/install/robot_joy/share/robot_joy/package.dsv'
[3.081s] INFO:colcon.colcon_core.shell:Creating package script '/home/doanh/robot_detect/install/robot_joy/share/robot_joy/package.sh'
[3.081s] INFO:colcon.colcon_core.shell:Creating package script '/home/doanh/robot_detect/install/robot_joy/share/robot_joy/package.bash'
[3.081s] INFO:colcon.colcon_core.shell:Creating package script '/home/doanh/robot_detect/install/robot_joy/share/robot_joy/package.zsh'
[3.082s] Level 1:colcon.colcon_core.environment:create_file_with_runtime_dependencies(/home/doanh/robot_detect/install/robot_joy/share/colcon-core/packages/robot_joy)
[3.185s] Level 1:colcon.colcon_core.environment:checking '/home/doanh/robot_detect/install/follow_human' for CMake module files
[3.186s] DEBUG:colcon.colcon_core.event_handler.log_command:Invoked command in '/home/doanh/robot_detect/src/follow_human' returned '0': PYTHONPATH=/home/doanh/robot_detect/build/follow_human/prefix_override:/usr/lib/python3/dist-packages/colcon_core/task/python/colcon_distutils_commands:/home/doanh/robot_detect/install/follow_human/lib/python3.10/site-packages:${PYTHONPATH} /usr/bin/python3 -W ignore:setup.py install is deprecated -W ignore:easy_install command is deprecated setup.py egg_info --egg-base ../../build/follow_human build --build-base /home/doanh/robot_detect/build/follow_human/build install --record /home/doanh/robot_detect/build/follow_human/install.log --single-version-externally-managed install_data
[3.186s] Level 1:colcon.colcon_core.environment:checking '/home/doanh/robot_detect/install/follow_human' for CMake config files
[3.186s] Level 1:colcon.colcon_core.environment:checking '/home/doanh/robot_detect/install/follow_human/lib'
[3.186s] Level 1:colcon.colcon_core.environment:checking '/home/doanh/robot_detect/install/follow_human/bin'
[3.186s] Level 1:colcon.colcon_core.environment:checking '/home/doanh/robot_detect/install/follow_human/lib/pkgconfig/follow_human.pc'
[3.187s] Level 1:colcon.colcon_core.environment:checking '/home/doanh/robot_detect/install/follow_human/lib/python3.10/site-packages'
[3.187s] Level 1:colcon.colcon_core.shell:create_environment_hook('follow_human', 'pythonpath')
[3.187s] INFO:colcon.colcon_core.shell:Creating environment hook '/home/doanh/robot_detect/install/follow_human/share/follow_human/hook/pythonpath.ps1'
[3.187s] INFO:colcon.colcon_core.shell:Creating environment descriptor '/home/doanh/robot_detect/install/follow_human/share/follow_human/hook/pythonpath.dsv'
[3.188s] INFO:colcon.colcon_core.shell:Creating environment hook '/home/doanh/robot_detect/install/follow_human/share/follow_human/hook/pythonpath.sh'
[3.188s] Level 1:colcon.colcon_core.environment:checking '/home/doanh/robot_detect/install/follow_human/bin'
[3.188s] Level 1:colcon.colcon_core.environment:create_environment_scripts_only(follow_human)
[3.188s] INFO:colcon.colcon_core.shell:Creating package script '/home/doanh/robot_detect/install/follow_human/share/follow_human/package.ps1'
[3.189s] INFO:colcon.colcon_core.shell:Creating package descriptor '/home/doanh/robot_detect/install/follow_human/share/follow_human/package.dsv'
[3.189s] INFO:colcon.colcon_core.shell:Creating package script '/home/doanh/robot_detect/install/follow_human/share/follow_human/package.sh'
[3.189s] INFO:colcon.colcon_core.shell:Creating package script '/home/doanh/robot_detect/install/follow_human/share/follow_human/package.bash'
[3.190s] INFO:colcon.colcon_core.shell:Creating package script '/home/doanh/robot_detect/install/follow_human/share/follow_human/package.zsh'
[3.190s] Level 1:colcon.colcon_core.environment:create_file_with_runtime_dependencies(/home/doanh/robot_detect/install/follow_human/share/colcon-core/packages/follow_human)
[3.190s] Level 1:colcon.colcon_core.environment:checking '/home/doanh/robot_detect/install/robot_mapping' for CMake module files
[3.191s] Level 1:colcon.colcon_core.environment:checking '/home/doanh/robot_detect/install/robot_mapping' for CMake config files
[3.191s] DEBUG:colcon.colcon_core.event_handler.log_command:Invoked command in '/home/doanh/robot_detect/src/robot_mapping' returned '0': PYTHONPATH=/home/doanh/robot_detect/build/robot_mapping/prefix_override:/usr/lib/python3/dist-packages/colcon_core/task/python/colcon_distutils_commands:/home/doanh/robot_detect/install/robot_mapping/lib/python3.10/site-packages:${PYTHONPATH} /usr/bin/python3 -W ignore:setup.py install is deprecated -W ignore:easy_install command is deprecated setup.py egg_info --egg-base ../../build/robot_mapping build --build-base /home/doanh/robot_detect/build/robot_mapping/build install --record /home/doanh/robot_detect/build/robot_mapping/install.log --single-version-externally-managed install_data
[3.192s] Level 1:colcon.colcon_core.environment:checking '/home/doanh/robot_detect/install/robot_mapping/lib'
[3.192s] Level 1:colcon.colcon_core.environment:checking '/home/doanh/robot_detect/install/robot_mapping/bin'
[3.192s] Level 1:colcon.colcon_core.environment:checking '/home/doanh/robot_detect/install/robot_mapping/lib/pkgconfig/robot_mapping.pc'
[3.192s] Level 1:colcon.colcon_core.environment:checking '/home/doanh/robot_detect/install/robot_mapping/lib/python3.10/site-packages'
[3.192s] Level 1:colcon.colcon_core.shell:create_environment_hook('robot_mapping', 'pythonpath')
[3.192s] INFO:colcon.colcon_core.shell:Creating environment hook '/home/doanh/robot_detect/install/robot_mapping/share/robot_mapping/hook/pythonpath.ps1'
[3.193s] INFO:colcon.colcon_core.shell:Creating environment descriptor '/home/doanh/robot_detect/install/robot_mapping/share/robot_mapping/hook/pythonpath.dsv'
[3.193s] INFO:colcon.colcon_core.shell:Creating environment hook '/home/doanh/robot_detect/install/robot_mapping/share/robot_mapping/hook/pythonpath.sh'
[3.193s] Level 1:colcon.colcon_core.environment:checking '/home/doanh/robot_detect/install/robot_mapping/bin'
[3.193s] Level 1:colcon.colcon_core.environment:create_environment_scripts_only(robot_mapping)
[3.194s] INFO:colcon.colcon_core.shell:Creating package script '/home/doanh/robot_detect/install/robot_mapping/share/robot_mapping/package.ps1'
[3.194s] INFO:colcon.colcon_core.shell:Creating package descriptor '/home/doanh/robot_detect/install/robot_mapping/share/robot_mapping/package.dsv'
[3.195s] INFO:colcon.colcon_core.shell:Creating package script '/home/doanh/robot_detect/install/robot_mapping/share/robot_mapping/package.sh'
[3.195s] INFO:colcon.colcon_core.shell:Creating package script '/home/doanh/robot_detect/install/robot_mapping/share/robot_mapping/package.bash'
[3.195s] INFO:colcon.colcon_core.shell:Creating package script '/home/doanh/robot_detect/install/robot_mapping/share/robot_mapping/package.zsh'
[3.196s] Level 1:colcon.colcon_core.environment:create_file_with_runtime_dependencies(/home/doanh/robot_detect/install/robot_mapping/share/colcon-core/packages/robot_mapping)
[3.210s] Level 1:colcon.colcon_core.environment:checking '/home/doanh/robot_detect/install/robot_simulation' for CMake module files
[3.211s] DEBUG:colcon.colcon_core.event_handler.log_command:Invoked command in '/home/doanh/robot_detect/src/robot_simulation' returned '0': PYTHONPATH=/home/doanh/robot_detect/build/robot_simulation/prefix_override:/usr/lib/python3/dist-packages/colcon_core/task/python/colcon_distutils_commands:/home/doanh/robot_detect/install/robot_simulation/lib/python3.10/site-packages:${PYTHONPATH} /usr/bin/python3 -W ignore:setup.py install is deprecated -W ignore:easy_install command is deprecated setup.py egg_info --egg-base ../../build/robot_simulation build --build-base /home/doanh/robot_detect/build/robot_simulation/build install --record /home/doanh/robot_detect/build/robot_simulation/install.log --single-version-externally-managed install_data
[3.211s] Level 1:colcon.colcon_core.environment:checking '/home/doanh/robot_detect/install/robot_simulation' for CMake config files
[3.211s] Level 1:colcon.colcon_core.environment:checking '/home/doanh/robot_detect/install/robot_simulation/lib'
[3.211s] Level 1:colcon.colcon_core.environment:checking '/home/doanh/robot_detect/install/robot_simulation/bin'
[3.211s] Level 1:colcon.colcon_core.environment:checking '/home/doanh/robot_detect/install/robot_simulation/lib/pkgconfig/robot_simulation.pc'
[3.212s] Level 1:colcon.colcon_core.environment:checking '/home/doanh/robot_detect/install/robot_simulation/lib/python3.10/site-packages'
[3.212s] Level 1:colcon.colcon_core.shell:create_environment_hook('robot_simulation', 'pythonpath')
[3.212s] INFO:colcon.colcon_core.shell:Creating environment hook '/home/doanh/robot_detect/install/robot_simulation/share/robot_simulation/hook/pythonpath.ps1'
[3.213s] INFO:colcon.colcon_core.shell:Creating environment descriptor '/home/doanh/robot_detect/install/robot_simulation/share/robot_simulation/hook/pythonpath.dsv'
[3.213s] INFO:colcon.colcon_core.shell:Creating environment hook '/home/doanh/robot_detect/install/robot_simulation/share/robot_simulation/hook/pythonpath.sh'
[3.213s] Level 1:colcon.colcon_core.environment:checking '/home/doanh/robot_detect/install/robot_simulation/bin'
[3.213s] Level 1:colcon.colcon_core.environment:create_environment_scripts_only(robot_simulation)
[3.214s] INFO:colcon.colcon_core.shell:Creating package script '/home/doanh/robot_detect/install/robot_simulation/share/robot_simulation/package.ps1'
[3.214s] INFO:colcon.colcon_core.shell:Creating package descriptor '/home/doanh/robot_detect/install/robot_simulation/share/robot_simulation/package.dsv'
[3.214s] INFO:colcon.colcon_core.shell:Creating package script '/home/doanh/robot_detect/install/robot_simulation/share/robot_simulation/package.sh'
[3.215s] INFO:colcon.colcon_core.shell:Creating package script '/home/doanh/robot_detect/install/robot_simulation/share/robot_simulation/package.bash'
[3.215s] INFO:colcon.colcon_core.shell:Creating package script '/home/doanh/robot_detect/install/robot_simulation/share/robot_simulation/package.zsh'
[3.215s] Level 1:colcon.colcon_core.environment:create_file_with_runtime_dependencies(/home/doanh/robot_detect/install/robot_simulation/share/colcon-core/packages/robot_simulation)
[3.215s] DEBUG:colcon.colcon_parallel_executor.executor.parallel:closing loop
[3.216s] DEBUG:colcon.colcon_parallel_executor.executor.parallel:loop closed
[3.216s] DEBUG:colcon.colcon_parallel_executor.executor.parallel:run_until_complete finished with '0'
[3.216s] DEBUG:colcon.colcon_core.event_reactor:joining thread
[3.220s] INFO:colcon.colcon_core.plugin_system:Skipping extension 'colcon_notification.desktop_notification.terminal_notifier': Not used on non-Darwin systems
[3.220s] INFO:colcon.colcon_core.plugin_system:Skipping extension 'colcon_notification.desktop_notification.win32': Not used on non-Windows systems
[3.220s] INFO:colcon.colcon_notification.desktop_notification:Sending desktop notification using 'notify2'
[3.233s] DEBUG:colcon.colcon_core.event_reactor:joined thread
[3.233s] INFO:colcon.colcon_core.shell:Creating prefix script '/home/doanh/robot_detect/install/local_setup.ps1'
[3.235s] INFO:colcon.colcon_core.shell:Creating prefix util module '/home/doanh/robot_detect/install/_local_setup_util_ps1.py'
[3.236s] INFO:colcon.colcon_core.shell:Creating prefix chain script '/home/doanh/robot_detect/install/setup.ps1'
[3.237s] INFO:colcon.colcon_core.shell:Creating prefix script '/home/doanh/robot_detect/install/local_setup.sh'
[3.238s] INFO:colcon.colcon_core.shell:Creating prefix util module '/home/doanh/robot_detect/install/_local_setup_util_sh.py'
[3.238s] INFO:colcon.colcon_core.shell:Creating prefix chain script '/home/doanh/robot_detect/install/setup.sh'
[3.239s] INFO:colcon.colcon_core.shell:Creating prefix script '/home/doanh/robot_detect/install/local_setup.bash'
[3.240s] INFO:colcon.colcon_core.shell:Creating prefix chain script '/home/doanh/robot_detect/install/setup.bash'
[3.241s] INFO:colcon.colcon_core.shell:Creating prefix script '/home/doanh/robot_detect/install/local_setup.zsh'
[3.241s] INFO:colcon.colcon_core.shell:Creating prefix chain script '/home/doanh/robot_detect/install/setup.zsh'
