running egg_info
creating ../../build/follow_human/follow_human.egg-info
writing ../../build/follow_human/follow_human.egg-info/PKG-INFO
writing dependency_links to ../../build/follow_human/follow_human.egg-info/dependency_links.txt
writing entry points to ../../build/follow_human/follow_human.egg-info/entry_points.txt
writing requirements to ../../build/follow_human/follow_human.egg-info/requires.txt
writing top-level names to ../../build/follow_human/follow_human.egg-info/top_level.txt
writing manifest file '../../build/follow_human/follow_human.egg-info/SOURCES.txt'
reading manifest file '../../build/follow_human/follow_human.egg-info/SOURCES.txt'
writing manifest file '../../build/follow_human/follow_human.egg-info/SOURCES.txt'
running build
running build_py
creating /home/doanh/robot_detect/build/follow_human/build
creating /home/doanh/robot_detect/build/follow_human/build/lib
creating /home/doanh/robot_detect/build/follow_human/build/lib/follow_human
copying follow_human/__init__.py -> /home/doanh/robot_detect/build/follow_human/build/lib/follow_human
copying follow_human/follow_human.py -> /home/doanh/robot_detect/build/follow_human/build/lib/follow_human
running install
running install_lib
creating /home/doanh/robot_detect/install/follow_human/lib/python3.10/site-packages/follow_human
copying /home/doanh/robot_detect/build/follow_human/build/lib/follow_human/__init__.py -> /home/doanh/robot_detect/install/follow_human/lib/python3.10/site-packages/follow_human
copying /home/doanh/robot_detect/build/follow_human/build/lib/follow_human/follow_human.py -> /home/doanh/robot_detect/install/follow_human/lib/python3.10/site-packages/follow_human
byte-compiling /home/doanh/robot_detect/install/follow_human/lib/python3.10/site-packages/follow_human/__init__.py to __init__.cpython-310.pyc
byte-compiling /home/doanh/robot_detect/install/follow_human/lib/python3.10/site-packages/follow_human/follow_human.py to follow_human.cpython-310.pyc
running install_data
creating /home/doanh/robot_detect/install/follow_human/share/ament_index
creating /home/doanh/robot_detect/install/follow_human/share/ament_index/resource_index
creating /home/doanh/robot_detect/install/follow_human/share/ament_index/resource_index/packages
copying resource/follow_human -> /home/doanh/robot_detect/install/follow_human/share/ament_index/resource_index/packages
copying package.xml -> /home/doanh/robot_detect/install/follow_human/share/follow_human
running install_egg_info
Copying ../../build/follow_human/follow_human.egg-info to /home/doanh/robot_detect/install/follow_human/lib/python3.10/site-packages/follow_human-0.0.0-py3.10.egg-info
running install_scripts
Installing follow_human script to /home/doanh/robot_detect/install/follow_human/lib/follow_human
writing list of installed files to '/home/doanh/robot_detect/build/follow_human/install.log'
