[2.251s] Invoking command in '/home/doanh/robot_detect/src/follow_human': PYTHONPATH=/home/doanh/robot_detect/build/follow_human/prefix_override:/usr/lib/python3/dist-packages/colcon_core/task/python/colcon_distutils_commands:/home/doanh/robot_detect/install/follow_human/lib/python3.10/site-packages:${PYTHONPATH} /usr/bin/python3 -W ignore:setup.py install is deprecated -W ignore:easy_install command is deprecated setup.py egg_info --egg-base ../../build/follow_human build --build-base /home/doanh/robot_detect/build/follow_human/build install --record /home/doanh/robot_detect/build/follow_human/install.log --single-version-externally-managed install_data
[2.602s] running egg_info
[2.603s] creating ../../build/follow_human/follow_human.egg-info
[2.603s] writing ../../build/follow_human/follow_human.egg-info/PKG-INFO
[2.603s] writing dependency_links to ../../build/follow_human/follow_human.egg-info/dependency_links.txt
[2.603s] writing entry points to ../../build/follow_human/follow_human.egg-info/entry_points.txt
[2.604s] writing requirements to ../../build/follow_human/follow_human.egg-info/requires.txt
[2.604s] writing top-level names to ../../build/follow_human/follow_human.egg-info/top_level.txt
[2.604s] writing manifest file '../../build/follow_human/follow_human.egg-info/SOURCES.txt'
[2.606s] reading manifest file '../../build/follow_human/follow_human.egg-info/SOURCES.txt'
[2.607s] writing manifest file '../../build/follow_human/follow_human.egg-info/SOURCES.txt'
[2.607s] running build
[2.607s] running build_py
[2.607s] creating /home/doanh/robot_detect/build/follow_human/build
[2.607s] creating /home/doanh/robot_detect/build/follow_human/build/lib
[2.607s] creating /home/doanh/robot_detect/build/follow_human/build/lib/follow_human
[2.607s] copying follow_human/__init__.py -> /home/doanh/robot_detect/build/follow_human/build/lib/follow_human
[2.608s] copying follow_human/follow_human.py -> /home/doanh/robot_detect/build/follow_human/build/lib/follow_human
[2.608s] running install
[2.609s] running install_lib
[2.610s] creating /home/doanh/robot_detect/install/follow_human/lib/python3.10/site-packages/follow_human
[2.610s] copying /home/doanh/robot_detect/build/follow_human/build/lib/follow_human/__init__.py -> /home/doanh/robot_detect/install/follow_human/lib/python3.10/site-packages/follow_human
[2.610s] copying /home/doanh/robot_detect/build/follow_human/build/lib/follow_human/follow_human.py -> /home/doanh/robot_detect/install/follow_human/lib/python3.10/site-packages/follow_human
[2.611s] byte-compiling /home/doanh/robot_detect/install/follow_human/lib/python3.10/site-packages/follow_human/__init__.py to __init__.cpython-310.pyc
[2.611s] byte-compiling /home/doanh/robot_detect/install/follow_human/lib/python3.10/site-packages/follow_human/follow_human.py to follow_human.cpython-310.pyc
[2.612s] running install_data
[2.613s] creating /home/doanh/robot_detect/install/follow_human/share/ament_index
[2.613s] creating /home/doanh/robot_detect/install/follow_human/share/ament_index/resource_index
[2.613s] creating /home/doanh/robot_detect/install/follow_human/share/ament_index/resource_index/packages
[2.613s] copying resource/follow_human -> /home/doanh/robot_detect/install/follow_human/share/ament_index/resource_index/packages
[2.613s] copying package.xml -> /home/doanh/robot_detect/install/follow_human/share/follow_human
[2.613s] running install_egg_info
[2.615s] Copying ../../build/follow_human/follow_human.egg-info to /home/doanh/robot_detect/install/follow_human/lib/python3.10/site-packages/follow_human-0.0.0-py3.10.egg-info
[2.616s] running install_scripts
[2.641s] Installing follow_human script to /home/doanh/robot_detect/install/follow_human/lib/follow_human
[2.642s] writing list of installed files to '/home/doanh/robot_detect/build/follow_human/install.log'
[2.686s] Invoked command in '/home/doanh/robot_detect/src/follow_human' returned '0': PYTHONPATH=/home/doanh/robot_detect/build/follow_human/prefix_override:/usr/lib/python3/dist-packages/colcon_core/task/python/colcon_distutils_commands:/home/doanh/robot_detect/install/follow_human/lib/python3.10/site-packages:${PYTHONPATH} /usr/bin/python3 -W ignore:setup.py install is deprecated -W ignore:easy_install command is deprecated setup.py egg_info --egg-base ../../build/follow_human build --build-base /home/doanh/robot_detect/build/follow_human/build install --record /home/doanh/robot_detect/build/follow_human/install.log --single-version-externally-managed install_data
