[0.998s] Invoking command in '/home/doanh/robot_detect/build/yolov8_msgs': CMAKE_PREFIX_PATH=${CMAKE_PREFIX_PATH}:/home/doanh/robot_detect/install/robot_simulation:/home/doanh/robot_detect/install/robot_navigation:/home/doanh/robot_detect/install/robot_mapping:/home/doanh/robot_detect/install/robot_joy:/home/doanh/go2_robot/install/speech_processor:/home/doanh/go2_robot/install/reset_odom:/home/doanh/go2_robot/install/livox_to_laserscan:/home/doanh/go2_robot/install/lidar_processor:/home/doanh/go2_robot/install/go2_robot_sdk:/home/doanh/go2_robot/install/coco_detector:/home/doanh/mrdoanh_projects/install/speech_processor:/home/doanh/mrdoanh_projects/install/lidar_processor:/home/doanh/mrdoanh_projects/install/go2_robot_sdk:/home/doanh/mrdoanh_projects/install/coco_detector:/home/doanh/new/mrdoanh_projects/install/speech_processor:/home/doanh/new/mrdoanh_projects/install/lidar_processor:/home/doanh/new/mrdoanh_projects/install/go2_robot_sdk:/home/doanh/new/mrdoanh_projects/install/coco_detector:/opt/ros/humble /home/doanh/.local/bin/cmake --build /home/doanh/robot_detect/build/yolov8_msgs -- -j12 -l12
[1.096s] [ 10%] [0mBuilt target yolov8_msgs__rosidl_generator_c[0m
[1.096s] [ 12%] [0mBuilt target yolov8_msgs__cpp[0m
[1.108s] [ 12%] [0mBuilt target ament_cmake_python_copy_yolov8_msgs[0m
[1.117s] [ 25%] [0mBuilt target yolov8_msgs__rosidl_typesupport_fastrtps_c[0m
[1.117s] [ 46%] [0mBuilt target yolov8_msgs__rosidl_typesupport_introspection_cpp[0m
[1.117s] [ 41%] [0mBuilt target yolov8_msgs__rosidl_typesupport_c[0m
[1.117s] [ 64%] [0mBuilt target yolov8_msgs__rosidl_typesupport_introspection_c[0m
[1.117s] [ 64%] [0mBuilt target yolov8_msgs__rosidl_typesupport_fastrtps_cpp[0m
[1.118s] [ 74%] [0mBuilt target yolov8_msgs__rosidl_typesupport_cpp[0m
[1.135s] [ 74%] [0mBuilt target yolov8_msgs[0m
[1.151s] [ 76%] [0mBuilt target yolov8_msgs__py[0m
[1.168s] [ 84%] [0mBuilt target yolov8_msgs__rosidl_generator_py[0m
[1.185s] [ 89%] [0mBuilt target yolov8_msgs__rosidl_typesupport_introspection_c__pyext[0m
[1.185s] [100%] [0mBuilt target yolov8_msgs__rosidl_typesupport_fastrtps_c__pyext[0m
[1.185s] [100%] [0mBuilt target yolov8_msgs__rosidl_typesupport_c__pyext[0m
[1.440s] running egg_info
[1.441s] writing yolov8_msgs.egg-info/PKG-INFO
[1.442s] writing dependency_links to yolov8_msgs.egg-info/dependency_links.txt
[1.442s] writing top-level names to yolov8_msgs.egg-info/top_level.txt
[1.444s] reading manifest file 'yolov8_msgs.egg-info/SOURCES.txt'
[1.444s] writing manifest file 'yolov8_msgs.egg-info/SOURCES.txt'
[1.491s] [100%] [0mBuilt target ament_cmake_python_build_yolov8_msgs_egg[0m
[1.500s] Invoked command in '/home/doanh/robot_detect/build/yolov8_msgs' returned '0': CMAKE_PREFIX_PATH=${CMAKE_PREFIX_PATH}:/home/doanh/robot_detect/install/robot_simulation:/home/doanh/robot_detect/install/robot_navigation:/home/doanh/robot_detect/install/robot_mapping:/home/doanh/robot_detect/install/robot_joy:/home/doanh/go2_robot/install/speech_processor:/home/doanh/go2_robot/install/reset_odom:/home/doanh/go2_robot/install/livox_to_laserscan:/home/doanh/go2_robot/install/lidar_processor:/home/doanh/go2_robot/install/go2_robot_sdk:/home/doanh/go2_robot/install/coco_detector:/home/doanh/mrdoanh_projects/install/speech_processor:/home/doanh/mrdoanh_projects/install/lidar_processor:/home/doanh/mrdoanh_projects/install/go2_robot_sdk:/home/doanh/mrdoanh_projects/install/coco_detector:/home/doanh/new/mrdoanh_projects/install/speech_processor:/home/doanh/new/mrdoanh_projects/install/lidar_processor:/home/doanh/new/mrdoanh_projects/install/go2_robot_sdk:/home/doanh/new/mrdoanh_projects/install/coco_detector:/opt/ros/humble /home/doanh/.local/bin/cmake --build /home/doanh/robot_detect/build/yolov8_msgs -- -j12 -l12
[1.503s] Invoking command in '/home/doanh/robot_detect/build/yolov8_msgs': CMAKE_PREFIX_PATH=${CMAKE_PREFIX_PATH}:/home/doanh/robot_detect/install/robot_simulation:/home/doanh/robot_detect/install/robot_navigation:/home/doanh/robot_detect/install/robot_mapping:/home/doanh/robot_detect/install/robot_joy:/home/doanh/go2_robot/install/speech_processor:/home/doanh/go2_robot/install/reset_odom:/home/doanh/go2_robot/install/livox_to_laserscan:/home/doanh/go2_robot/install/lidar_processor:/home/doanh/go2_robot/install/go2_robot_sdk:/home/doanh/go2_robot/install/coco_detector:/home/doanh/mrdoanh_projects/install/speech_processor:/home/doanh/mrdoanh_projects/install/lidar_processor:/home/doanh/mrdoanh_projects/install/go2_robot_sdk:/home/doanh/mrdoanh_projects/install/coco_detector:/home/doanh/new/mrdoanh_projects/install/speech_processor:/home/doanh/new/mrdoanh_projects/install/lidar_processor:/home/doanh/new/mrdoanh_projects/install/go2_robot_sdk:/home/doanh/new/mrdoanh_projects/install/coco_detector:/opt/ros/humble /home/doanh/.local/bin/cmake --install /home/doanh/robot_detect/build/yolov8_msgs
[1.600s] -- Install configuration: ""
[1.600s] -- Up-to-date: /home/doanh/robot_detect/install/yolov8_msgs/share/ament_index/resource_index/rosidl_interfaces/yolov8_msgs
[1.600s] -- Up-to-date: /home/doanh/robot_detect/install/yolov8_msgs/include/yolov8_msgs/yolov8_msgs
[1.600s] -- Up-to-date: /home/doanh/robot_detect/install/yolov8_msgs/include/yolov8_msgs/yolov8_msgs/msg
[1.600s] -- Up-to-date: /home/doanh/robot_detect/install/yolov8_msgs/include/yolov8_msgs/yolov8_msgs/msg/rosidl_generator_c__visibility_control.h
[1.600s] -- Up-to-date: /home/doanh/robot_detect/install/yolov8_msgs/include/yolov8_msgs/yolov8_msgs/msg/inference_result.h
[1.600s] -- Up-to-date: /home/doanh/robot_detect/install/yolov8_msgs/include/yolov8_msgs/yolov8_msgs/msg/detail
[1.600s] -- Up-to-date: /home/doanh/robot_detect/install/yolov8_msgs/include/yolov8_msgs/yolov8_msgs/msg/detail/yolov8_inference__functions.h
[1.600s] -- Up-to-date: /home/doanh/robot_detect/install/yolov8_msgs/include/yolov8_msgs/yolov8_msgs/msg/detail/yolov8_inference__type_support.h
[1.600s] -- Up-to-date: /home/doanh/robot_detect/install/yolov8_msgs/include/yolov8_msgs/yolov8_msgs/msg/detail/inference_result__functions.h
[1.600s] -- Up-to-date: /home/doanh/robot_detect/install/yolov8_msgs/include/yolov8_msgs/yolov8_msgs/msg/detail/yolov8_inference__struct.h
[1.600s] -- Up-to-date: /home/doanh/robot_detect/install/yolov8_msgs/include/yolov8_msgs/yolov8_msgs/msg/detail/inference_result__struct.h
[1.600s] -- Up-to-date: /home/doanh/robot_detect/install/yolov8_msgs/include/yolov8_msgs/yolov8_msgs/msg/detail/inference_result__functions.c
[1.600s] -- Up-to-date: /home/doanh/robot_detect/install/yolov8_msgs/include/yolov8_msgs/yolov8_msgs/msg/detail/yolov8_inference__functions.c
[1.601s] -- Up-to-date: /home/doanh/robot_detect/install/yolov8_msgs/include/yolov8_msgs/yolov8_msgs/msg/detail/inference_result__type_support.h
[1.601s] -- Up-to-date: /home/doanh/robot_detect/install/yolov8_msgs/include/yolov8_msgs/yolov8_msgs/msg/yolov8_inference.h
[1.601s] -- Up-to-date: /home/doanh/robot_detect/install/yolov8_msgs/share/yolov8_msgs/environment/library_path.sh
[1.601s] -- Up-to-date: /home/doanh/robot_detect/install/yolov8_msgs/share/yolov8_msgs/environment/library_path.dsv
[1.601s] -- Up-to-date: /home/doanh/robot_detect/install/yolov8_msgs/lib/libyolov8_msgs__rosidl_generator_c.so
[1.601s] -- Up-to-date: /home/doanh/robot_detect/install/yolov8_msgs/include/yolov8_msgs/yolov8_msgs
[1.601s] -- Up-to-date: /home/doanh/robot_detect/install/yolov8_msgs/include/yolov8_msgs/yolov8_msgs/msg
[1.601s] -- Up-to-date: /home/doanh/robot_detect/install/yolov8_msgs/include/yolov8_msgs/yolov8_msgs/msg/detail
[1.601s] -- Up-to-date: /home/doanh/robot_detect/install/yolov8_msgs/include/yolov8_msgs/yolov8_msgs/msg/detail/inference_result__rosidl_typesupport_fastrtps_c.h
[1.601s] -- Up-to-date: /home/doanh/robot_detect/install/yolov8_msgs/include/yolov8_msgs/yolov8_msgs/msg/detail/yolov8_inference__rosidl_typesupport_fastrtps_c.h
[1.601s] -- Up-to-date: /home/doanh/robot_detect/install/yolov8_msgs/include/yolov8_msgs/yolov8_msgs/msg/rosidl_typesupport_fastrtps_c__visibility_control.h
[1.601s] -- Up-to-date: /home/doanh/robot_detect/install/yolov8_msgs/lib/libyolov8_msgs__rosidl_typesupport_fastrtps_c.so
[1.601s] -- Up-to-date: /home/doanh/robot_detect/install/yolov8_msgs/include/yolov8_msgs/yolov8_msgs
[1.601s] -- Up-to-date: /home/doanh/robot_detect/install/yolov8_msgs/include/yolov8_msgs/yolov8_msgs/msg
[1.602s] -- Up-to-date: /home/doanh/robot_detect/install/yolov8_msgs/include/yolov8_msgs/yolov8_msgs/msg/inference_result.hpp
[1.602s] -- Up-to-date: /home/doanh/robot_detect/install/yolov8_msgs/include/yolov8_msgs/yolov8_msgs/msg/detail
[1.602s] -- Up-to-date: /home/doanh/robot_detect/install/yolov8_msgs/include/yolov8_msgs/yolov8_msgs/msg/detail/yolov8_inference__type_support.hpp
[1.602s] -- Up-to-date: /home/doanh/robot_detect/install/yolov8_msgs/include/yolov8_msgs/yolov8_msgs/msg/detail/yolov8_inference__traits.hpp
[1.602s] -- Up-to-date: /home/doanh/robot_detect/install/yolov8_msgs/include/yolov8_msgs/yolov8_msgs/msg/detail/inference_result__type_support.hpp
[1.602s] -- Up-to-date: /home/doanh/robot_detect/install/yolov8_msgs/include/yolov8_msgs/yolov8_msgs/msg/detail/yolov8_inference__struct.hpp
[1.602s] -- Up-to-date: /home/doanh/robot_detect/install/yolov8_msgs/include/yolov8_msgs/yolov8_msgs/msg/detail/inference_result__builder.hpp
[1.602s] -- Up-to-date: /home/doanh/robot_detect/install/yolov8_msgs/include/yolov8_msgs/yolov8_msgs/msg/detail/inference_result__struct.hpp
[1.602s] -- Up-to-date: /home/doanh/robot_detect/install/yolov8_msgs/include/yolov8_msgs/yolov8_msgs/msg/detail/inference_result__traits.hpp
[1.602s] -- Up-to-date: /home/doanh/robot_detect/install/yolov8_msgs/include/yolov8_msgs/yolov8_msgs/msg/detail/yolov8_inference__builder.hpp
[1.602s] -- Up-to-date: /home/doanh/robot_detect/install/yolov8_msgs/include/yolov8_msgs/yolov8_msgs/msg/yolov8_inference.hpp
[1.602s] -- Up-to-date: /home/doanh/robot_detect/install/yolov8_msgs/include/yolov8_msgs/yolov8_msgs/msg/rosidl_generator_cpp__visibility_control.hpp
[1.603s] -- Up-to-date: /home/doanh/robot_detect/install/yolov8_msgs/include/yolov8_msgs/yolov8_msgs
[1.603s] -- Up-to-date: /home/doanh/robot_detect/install/yolov8_msgs/include/yolov8_msgs/yolov8_msgs/msg
[1.603s] -- Up-to-date: /home/doanh/robot_detect/install/yolov8_msgs/include/yolov8_msgs/yolov8_msgs/msg/detail
[1.603s] -- Up-to-date: /home/doanh/robot_detect/install/yolov8_msgs/include/yolov8_msgs/yolov8_msgs/msg/detail/inference_result__rosidl_typesupport_fastrtps_cpp.hpp
[1.603s] -- Up-to-date: /home/doanh/robot_detect/install/yolov8_msgs/include/yolov8_msgs/yolov8_msgs/msg/detail/yolov8_inference__rosidl_typesupport_fastrtps_cpp.hpp
[1.603s] -- Up-to-date: /home/doanh/robot_detect/install/yolov8_msgs/include/yolov8_msgs/yolov8_msgs/msg/detail/dds_fastrtps
[1.603s] -- Up-to-date: /home/doanh/robot_detect/install/yolov8_msgs/include/yolov8_msgs/yolov8_msgs/msg/rosidl_typesupport_fastrtps_cpp__visibility_control.h
[1.603s] -- Up-to-date: /home/doanh/robot_detect/install/yolov8_msgs/lib/libyolov8_msgs__rosidl_typesupport_fastrtps_cpp.so
[1.603s] -- Up-to-date: /home/doanh/robot_detect/install/yolov8_msgs/include/yolov8_msgs/yolov8_msgs
[1.603s] -- Up-to-date: /home/doanh/robot_detect/install/yolov8_msgs/include/yolov8_msgs/yolov8_msgs/msg
[1.603s] -- Up-to-date: /home/doanh/robot_detect/install/yolov8_msgs/include/yolov8_msgs/yolov8_msgs/msg/detail
[1.603s] -- Up-to-date: /home/doanh/robot_detect/install/yolov8_msgs/include/yolov8_msgs/yolov8_msgs/msg/detail/yolov8_inference__rosidl_typesupport_introspection_c.h
[1.603s] -- Up-to-date: /home/doanh/robot_detect/install/yolov8_msgs/include/yolov8_msgs/yolov8_msgs/msg/detail/yolov8_inference__type_support.c
[1.603s] -- Up-to-date: /home/doanh/robot_detect/install/yolov8_msgs/include/yolov8_msgs/yolov8_msgs/msg/detail/inference_result__rosidl_typesupport_introspection_c.h
[1.603s] -- Up-to-date: /home/doanh/robot_detect/install/yolov8_msgs/include/yolov8_msgs/yolov8_msgs/msg/detail/inference_result__type_support.c
[1.603s] -- Up-to-date: /home/doanh/robot_detect/install/yolov8_msgs/include/yolov8_msgs/yolov8_msgs/msg/rosidl_typesupport_introspection_c__visibility_control.h
[1.603s] -- Up-to-date: /home/doanh/robot_detect/install/yolov8_msgs/lib/libyolov8_msgs__rosidl_typesupport_introspection_c.so
[1.603s] -- Up-to-date: /home/doanh/robot_detect/install/yolov8_msgs/lib/libyolov8_msgs__rosidl_typesupport_c.so
[1.603s] -- Up-to-date: /home/doanh/robot_detect/install/yolov8_msgs/include/yolov8_msgs/yolov8_msgs
[1.603s] -- Up-to-date: /home/doanh/robot_detect/install/yolov8_msgs/include/yolov8_msgs/yolov8_msgs/msg
[1.603s] -- Up-to-date: /home/doanh/robot_detect/install/yolov8_msgs/include/yolov8_msgs/yolov8_msgs/msg/detail
[1.603s] -- Up-to-date: /home/doanh/robot_detect/install/yolov8_msgs/include/yolov8_msgs/yolov8_msgs/msg/detail/inference_result__type_support.cpp
[1.603s] -- Up-to-date: /home/doanh/robot_detect/install/yolov8_msgs/include/yolov8_msgs/yolov8_msgs/msg/detail/yolov8_inference__type_support.cpp
[1.604s] -- Up-to-date: /home/doanh/robot_detect/install/yolov8_msgs/include/yolov8_msgs/yolov8_msgs/msg/detail/inference_result__rosidl_typesupport_introspection_cpp.hpp
[1.604s] -- Up-to-date: /home/doanh/robot_detect/install/yolov8_msgs/include/yolov8_msgs/yolov8_msgs/msg/detail/yolov8_inference__rosidl_typesupport_introspection_cpp.hpp
[1.604s] -- Up-to-date: /home/doanh/robot_detect/install/yolov8_msgs/lib/libyolov8_msgs__rosidl_typesupport_introspection_cpp.so
[1.604s] -- Up-to-date: /home/doanh/robot_detect/install/yolov8_msgs/lib/libyolov8_msgs__rosidl_typesupport_cpp.so
[1.604s] -- Up-to-date: /home/doanh/robot_detect/install/yolov8_msgs/share/yolov8_msgs/environment/pythonpath.sh
[1.604s] -- Up-to-date: /home/doanh/robot_detect/install/yolov8_msgs/share/yolov8_msgs/environment/pythonpath.dsv
[1.604s] -- Up-to-date: /home/doanh/robot_detect/install/yolov8_msgs/local/lib/python3.10/dist-packages/yolov8_msgs-0.0.0-py3.10.egg-info
[1.604s] -- Installing: /home/doanh/robot_detect/install/yolov8_msgs/local/lib/python3.10/dist-packages/yolov8_msgs-0.0.0-py3.10.egg-info/top_level.txt
[1.604s] -- Installing: /home/doanh/robot_detect/install/yolov8_msgs/local/lib/python3.10/dist-packages/yolov8_msgs-0.0.0-py3.10.egg-info/PKG-INFO
[1.604s] -- Installing: /home/doanh/robot_detect/install/yolov8_msgs/local/lib/python3.10/dist-packages/yolov8_msgs-0.0.0-py3.10.egg-info/dependency_links.txt
[1.604s] -- Installing: /home/doanh/robot_detect/install/yolov8_msgs/local/lib/python3.10/dist-packages/yolov8_msgs-0.0.0-py3.10.egg-info/SOURCES.txt
[1.604s] -- Up-to-date: /home/doanh/robot_detect/install/yolov8_msgs/local/lib/python3.10/dist-packages/yolov8_msgs
[1.604s] -- Up-to-date: /home/doanh/robot_detect/install/yolov8_msgs/local/lib/python3.10/dist-packages/yolov8_msgs/__init__.py
[1.604s] -- Up-to-date: /home/doanh/robot_detect/install/yolov8_msgs/local/lib/python3.10/dist-packages/yolov8_msgs/libyolov8_msgs__rosidl_generator_py.so
[1.605s] -- Up-to-date: /home/doanh/robot_detect/install/yolov8_msgs/local/lib/python3.10/dist-packages/yolov8_msgs/msg
[1.605s] -- Up-to-date: /home/doanh/robot_detect/install/yolov8_msgs/local/lib/python3.10/dist-packages/yolov8_msgs/msg/_inference_result.py
[1.605s] -- Up-to-date: /home/doanh/robot_detect/install/yolov8_msgs/local/lib/python3.10/dist-packages/yolov8_msgs/msg/__init__.py
[1.605s] -- Up-to-date: /home/doanh/robot_detect/install/yolov8_msgs/local/lib/python3.10/dist-packages/yolov8_msgs/msg/_yolov8_inference_s.c
[1.605s] -- Up-to-date: /home/doanh/robot_detect/install/yolov8_msgs/local/lib/python3.10/dist-packages/yolov8_msgs/msg/_yolov8_inference.py
[1.605s] -- Up-to-date: /home/doanh/robot_detect/install/yolov8_msgs/local/lib/python3.10/dist-packages/yolov8_msgs/msg/_inference_result_s.c
[1.605s] -- Up-to-date: /home/doanh/robot_detect/install/yolov8_msgs/local/lib/python3.10/dist-packages/yolov8_msgs/_yolov8_msgs_s.ep.rosidl_typesupport_fastrtps_c.c
[1.605s] -- Up-to-date: /home/doanh/robot_detect/install/yolov8_msgs/local/lib/python3.10/dist-packages/yolov8_msgs/yolov8_msgs_s__rosidl_typesupport_fastrtps_c.cpython-310-x86_64-linux-gnu.so
[1.605s] -- Up-to-date: /home/doanh/robot_detect/install/yolov8_msgs/local/lib/python3.10/dist-packages/yolov8_msgs/_yolov8_msgs_s.ep.rosidl_typesupport_introspection_c.c
[1.605s] -- Up-to-date: /home/doanh/robot_detect/install/yolov8_msgs/local/lib/python3.10/dist-packages/yolov8_msgs/_yolov8_msgs_s.ep.rosidl_typesupport_c.c
[1.605s] -- Up-to-date: /home/doanh/robot_detect/install/yolov8_msgs/local/lib/python3.10/dist-packages/yolov8_msgs/yolov8_msgs_s__rosidl_typesupport_c.cpython-310-x86_64-linux-gnu.so
[1.605s] -- Up-to-date: /home/doanh/robot_detect/install/yolov8_msgs/local/lib/python3.10/dist-packages/yolov8_msgs/yolov8_msgs_s__rosidl_typesupport_introspection_c.cpython-310-x86_64-linux-gnu.so
[1.656s] Listing '/home/doanh/robot_detect/install/yolov8_msgs/local/lib/python3.10/dist-packages/yolov8_msgs'...
[1.656s] Listing '/home/doanh/robot_detect/install/yolov8_msgs/local/lib/python3.10/dist-packages/yolov8_msgs/msg'...
[1.667s] -- Up-to-date: /home/doanh/robot_detect/install/yolov8_msgs/local/lib/python3.10/dist-packages/yolov8_msgs/yolov8_msgs_s__rosidl_typesupport_fastrtps_c.cpython-310-x86_64-linux-gnu.so
[1.667s] -- Up-to-date: /home/doanh/robot_detect/install/yolov8_msgs/local/lib/python3.10/dist-packages/yolov8_msgs/yolov8_msgs_s__rosidl_typesupport_introspection_c.cpython-310-x86_64-linux-gnu.so
[1.667s] -- Up-to-date: /home/doanh/robot_detect/install/yolov8_msgs/local/lib/python3.10/dist-packages/yolov8_msgs/yolov8_msgs_s__rosidl_typesupport_c.cpython-310-x86_64-linux-gnu.so
[1.667s] -- Up-to-date: /home/doanh/robot_detect/install/yolov8_msgs/lib/libyolov8_msgs__rosidl_generator_py.so
[1.668s] -- Up-to-date: /home/doanh/robot_detect/install/yolov8_msgs/share/yolov8_msgs/msg/InferenceResult.idl
[1.668s] -- Up-to-date: /home/doanh/robot_detect/install/yolov8_msgs/share/yolov8_msgs/msg/Yolov8Inference.idl
[1.668s] -- Up-to-date: /home/doanh/robot_detect/install/yolov8_msgs/share/yolov8_msgs/msg/InferenceResult.msg
[1.668s] -- Up-to-date: /home/doanh/robot_detect/install/yolov8_msgs/share/yolov8_msgs/msg/Yolov8Inference.msg
[1.668s] -- Up-to-date: /home/doanh/robot_detect/install/yolov8_msgs/share/ament_index/resource_index/package_run_dependencies/yolov8_msgs
[1.668s] -- Up-to-date: /home/doanh/robot_detect/install/yolov8_msgs/share/ament_index/resource_index/parent_prefix_path/yolov8_msgs
[1.668s] -- Up-to-date: /home/doanh/robot_detect/install/yolov8_msgs/share/yolov8_msgs/environment/ament_prefix_path.sh
[1.668s] -- Up-to-date: /home/doanh/robot_detect/install/yolov8_msgs/share/yolov8_msgs/environment/ament_prefix_path.dsv
[1.668s] -- Up-to-date: /home/doanh/robot_detect/install/yolov8_msgs/share/yolov8_msgs/environment/path.sh
[1.668s] -- Up-to-date: /home/doanh/robot_detect/install/yolov8_msgs/share/yolov8_msgs/environment/path.dsv
[1.668s] -- Up-to-date: /home/doanh/robot_detect/install/yolov8_msgs/share/yolov8_msgs/local_setup.bash
[1.668s] -- Up-to-date: /home/doanh/robot_detect/install/yolov8_msgs/share/yolov8_msgs/local_setup.sh
[1.668s] -- Up-to-date: /home/doanh/robot_detect/install/yolov8_msgs/share/yolov8_msgs/local_setup.zsh
[1.668s] -- Up-to-date: /home/doanh/robot_detect/install/yolov8_msgs/share/yolov8_msgs/local_setup.dsv
[1.669s] -- Installing: /home/doanh/robot_detect/install/yolov8_msgs/share/yolov8_msgs/package.dsv
[1.669s] -- Up-to-date: /home/doanh/robot_detect/install/yolov8_msgs/share/ament_index/resource_index/packages/yolov8_msgs
[1.669s] -- Up-to-date: /home/doanh/robot_detect/install/yolov8_msgs/share/yolov8_msgs/cmake/export_yolov8_msgs__rosidl_generator_cExport.cmake
[1.669s] -- Up-to-date: /home/doanh/robot_detect/install/yolov8_msgs/share/yolov8_msgs/cmake/export_yolov8_msgs__rosidl_generator_cExport-noconfig.cmake
[1.669s] -- Up-to-date: /home/doanh/robot_detect/install/yolov8_msgs/share/yolov8_msgs/cmake/export_yolov8_msgs__rosidl_typesupport_fastrtps_cExport.cmake
[1.669s] -- Up-to-date: /home/doanh/robot_detect/install/yolov8_msgs/share/yolov8_msgs/cmake/export_yolov8_msgs__rosidl_typesupport_fastrtps_cExport-noconfig.cmake
[1.669s] -- Up-to-date: /home/doanh/robot_detect/install/yolov8_msgs/share/yolov8_msgs/cmake/export_yolov8_msgs__rosidl_generator_cppExport.cmake
[1.669s] -- Up-to-date: /home/doanh/robot_detect/install/yolov8_msgs/share/yolov8_msgs/cmake/export_yolov8_msgs__rosidl_typesupport_fastrtps_cppExport.cmake
[1.669s] -- Up-to-date: /home/doanh/robot_detect/install/yolov8_msgs/share/yolov8_msgs/cmake/export_yolov8_msgs__rosidl_typesupport_fastrtps_cppExport-noconfig.cmake
[1.669s] -- Up-to-date: /home/doanh/robot_detect/install/yolov8_msgs/share/yolov8_msgs/cmake/yolov8_msgs__rosidl_typesupport_introspection_cExport.cmake
[1.669s] -- Up-to-date: /home/doanh/robot_detect/install/yolov8_msgs/share/yolov8_msgs/cmake/yolov8_msgs__rosidl_typesupport_introspection_cExport-noconfig.cmake
[1.669s] -- Up-to-date: /home/doanh/robot_detect/install/yolov8_msgs/share/yolov8_msgs/cmake/yolov8_msgs__rosidl_typesupport_cExport.cmake
[1.669s] -- Up-to-date: /home/doanh/robot_detect/install/yolov8_msgs/share/yolov8_msgs/cmake/yolov8_msgs__rosidl_typesupport_cExport-noconfig.cmake
[1.669s] -- Up-to-date: /home/doanh/robot_detect/install/yolov8_msgs/share/yolov8_msgs/cmake/yolov8_msgs__rosidl_typesupport_introspection_cppExport.cmake
[1.669s] -- Up-to-date: /home/doanh/robot_detect/install/yolov8_msgs/share/yolov8_msgs/cmake/yolov8_msgs__rosidl_typesupport_introspection_cppExport-noconfig.cmake
[1.669s] -- Up-to-date: /home/doanh/robot_detect/install/yolov8_msgs/share/yolov8_msgs/cmake/yolov8_msgs__rosidl_typesupport_cppExport.cmake
[1.669s] -- Up-to-date: /home/doanh/robot_detect/install/yolov8_msgs/share/yolov8_msgs/cmake/yolov8_msgs__rosidl_typesupport_cppExport-noconfig.cmake
[1.670s] -- Up-to-date: /home/doanh/robot_detect/install/yolov8_msgs/share/yolov8_msgs/cmake/export_yolov8_msgs__rosidl_generator_pyExport.cmake
[1.670s] -- Up-to-date: /home/doanh/robot_detect/install/yolov8_msgs/share/yolov8_msgs/cmake/export_yolov8_msgs__rosidl_generator_pyExport-noconfig.cmake
[1.670s] -- Up-to-date: /home/doanh/robot_detect/install/yolov8_msgs/share/yolov8_msgs/cmake/rosidl_cmake-extras.cmake
[1.670s] -- Up-to-date: /home/doanh/robot_detect/install/yolov8_msgs/share/yolov8_msgs/cmake/ament_cmake_export_dependencies-extras.cmake
[1.670s] -- Up-to-date: /home/doanh/robot_detect/install/yolov8_msgs/share/yolov8_msgs/cmake/ament_cmake_export_include_directories-extras.cmake
[1.670s] -- Up-to-date: /home/doanh/robot_detect/install/yolov8_msgs/share/yolov8_msgs/cmake/ament_cmake_export_libraries-extras.cmake
[1.670s] -- Up-to-date: /home/doanh/robot_detect/install/yolov8_msgs/share/yolov8_msgs/cmake/ament_cmake_export_targets-extras.cmake
[1.670s] -- Up-to-date: /home/doanh/robot_detect/install/yolov8_msgs/share/yolov8_msgs/cmake/rosidl_cmake_export_typesupport_targets-extras.cmake
[1.670s] -- Up-to-date: /home/doanh/robot_detect/install/yolov8_msgs/share/yolov8_msgs/cmake/rosidl_cmake_export_typesupport_libraries-extras.cmake
[1.670s] -- Up-to-date: /home/doanh/robot_detect/install/yolov8_msgs/share/yolov8_msgs/cmake/yolov8_msgsConfig.cmake
[1.670s] -- Up-to-date: /home/doanh/robot_detect/install/yolov8_msgs/share/yolov8_msgs/cmake/yolov8_msgsConfig-version.cmake
[1.670s] -- Up-to-date: /home/doanh/robot_detect/install/yolov8_msgs/share/yolov8_msgs/package.xml
[1.674s] Invoked command in '/home/doanh/robot_detect/build/yolov8_msgs' returned '0': CMAKE_PREFIX_PATH=${CMAKE_PREFIX_PATH}:/home/doanh/robot_detect/install/robot_simulation:/home/doanh/robot_detect/install/robot_navigation:/home/doanh/robot_detect/install/robot_mapping:/home/doanh/robot_detect/install/robot_joy:/home/doanh/go2_robot/install/speech_processor:/home/doanh/go2_robot/install/reset_odom:/home/doanh/go2_robot/install/livox_to_laserscan:/home/doanh/go2_robot/install/lidar_processor:/home/doanh/go2_robot/install/go2_robot_sdk:/home/doanh/go2_robot/install/coco_detector:/home/doanh/mrdoanh_projects/install/speech_processor:/home/doanh/mrdoanh_projects/install/lidar_processor:/home/doanh/mrdoanh_projects/install/go2_robot_sdk:/home/doanh/mrdoanh_projects/install/coco_detector:/home/doanh/new/mrdoanh_projects/install/speech_processor:/home/doanh/new/mrdoanh_projects/install/lidar_processor:/home/doanh/new/mrdoanh_projects/install/go2_robot_sdk:/home/doanh/new/mrdoanh_projects/install/coco_detector:/opt/ros/humble /home/doanh/.local/bin/cmake --install /home/doanh/robot_detect/build/yolov8_msgs
