[2.205s] Invoking command in '/home/doanh/robot_detect/src/robot_joy': PYTHONPATH=/home/doanh/robot_detect/build/robot_joy/prefix_override:/usr/lib/python3/dist-packages/colcon_core/task/python/colcon_distutils_commands:/home/doanh/robot_detect/install/robot_joy/lib/python3.10/site-packages:${PYTHONPATH} /usr/bin/python3 -W ignore:setup.py install is deprecated -W ignore:easy_install command is deprecated setup.py egg_info --egg-base ../../build/robot_joy build --build-base /home/doanh/robot_detect/build/robot_joy/build install --record /home/doanh/robot_detect/build/robot_joy/install.log --single-version-externally-managed install_data
[2.658s] running egg_info
[2.659s] writing ../../build/robot_joy/robot_joy.egg-info/PKG-INFO
[2.660s] writing dependency_links to ../../build/robot_joy/robot_joy.egg-info/dependency_links.txt
[2.660s] writing entry points to ../../build/robot_joy/robot_joy.egg-info/entry_points.txt
[2.660s] writing requirements to ../../build/robot_joy/robot_joy.egg-info/requires.txt
[2.660s] writing top-level names to ../../build/robot_joy/robot_joy.egg-info/top_level.txt
[2.664s] reading manifest file '../../build/robot_joy/robot_joy.egg-info/SOURCES.txt'
[2.665s] writing manifest file '../../build/robot_joy/robot_joy.egg-info/SOURCES.txt'
[2.666s] running build
[2.666s] running build_py
[2.666s] running install
[2.666s] running install_lib
[2.668s] running install_data
[2.668s] running install_egg_info
[2.670s] removing '/home/doanh/robot_detect/install/robot_joy/lib/python3.10/site-packages/robot_joy-0.0.0-py3.10.egg-info' (and everything under it)
[2.671s] Copying ../../build/robot_joy/robot_joy.egg-info to /home/doanh/robot_detect/install/robot_joy/lib/python3.10/site-packages/robot_joy-0.0.0-py3.10.egg-info
[2.671s] running install_scripts
[2.694s] writing list of installed files to '/home/doanh/robot_detect/build/robot_joy/install.log'
[2.733s] Invoked command in '/home/doanh/robot_detect/src/robot_joy' returned '0': PYTHONPATH=/home/doanh/robot_detect/build/robot_joy/prefix_override:/usr/lib/python3/dist-packages/colcon_core/task/python/colcon_distutils_commands:/home/doanh/robot_detect/install/robot_joy/lib/python3.10/site-packages:${PYTHONPATH} /usr/bin/python3 -W ignore:setup.py install is deprecated -W ignore:easy_install command is deprecated setup.py egg_info --egg-base ../../build/robot_joy build --build-base /home/doanh/robot_detect/build/robot_joy/build install --record /home/doanh/robot_detect/build/robot_joy/install.log --single-version-externally-managed install_data
