[1.265s] Invoking command in '/home/doanh/robot_detect/build/yolov8_msgs': CMAKE_PREFIX_PATH=${CMAKE_PREFIX_PATH}:/home/doanh/robot_detect/install/robot_simulation:/home/doanh/robot_detect/install/robot_navigation:/home/doanh/robot_detect/install/robot_mapping:/home/doanh/robot_detect/install/robot_joy:/home/doanh/robot_detect/install/human_follow:/home/doanh/robot_detect/install/follow_human:/home/doanh/go2_robot/install/speech_processor:/home/doanh/go2_robot/install/reset_odom:/home/doanh/go2_robot/install/livox_to_laserscan:/home/doanh/go2_robot/install/lidar_processor:/home/doanh/go2_robot/install/go2_robot_sdk:/home/doanh/go2_robot/install/coco_detector:/home/doanh/mrdoanh_projects/install/speech_processor:/home/doanh/mrdoanh_projects/install/lidar_processor:/home/doanh/mrdoanh_projects/install/go2_robot_sdk:/home/doanh/mrdoanh_projects/install/coco_detector:/home/doanh/new/mrdoanh_projects/install/speech_processor:/home/doanh/new/mrdoanh_projects/install/lidar_processor:/home/doanh/new/mrdoanh_projects/install/go2_robot_sdk:/home/doanh/new/mrdoanh_projects/install/coco_detector:/opt/ros/humble /home/doanh/.local/bin/cmake --build /home/doanh/robot_detect/build/yolov8_msgs -- -j12 -l12
[1.347s] [0mCMake Deprecation Warning at CMakeLists.txt:1 (cmake_minimum_required):
[1.348s]   Compatibility with CMake < 3.10 will be removed from a future version of
[1.348s]   CMake.
[1.348s] 
[1.348s]   Update the VERSION argument <min> value.  Or, use the <min>...<max> syntax
[1.348s]   to tell CMake that the project requires at least <min> but has been updated
[1.348s]   to work with policies introduced by <max> or earlier.
[1.348s] 
[1.348s] [0m
[1.352s] -- Found ament_cmake: 1.3.12 (/opt/ros/humble/share/ament_cmake/cmake)
[1.627s] -- Found std_msgs: 4.9.0 (/opt/ros/humble/share/std_msgs/cmake)
[1.656s] -- Found rosidl_generator_c: 3.1.7 (/opt/ros/humble/share/rosidl_generator_c/cmake)
[1.658s] -- Found rosidl_adapter: 3.1.7 (/opt/ros/humble/share/rosidl_adapter/cmake)
[1.666s] -- Found rosidl_generator_cpp: 3.1.7 (/opt/ros/humble/share/rosidl_generator_cpp/cmake)
[1.677s] -- Using all available rosidl_typesupport_c: rosidl_typesupport_fastrtps_c;rosidl_typesupport_introspection_c
[1.693s] -- Using all available rosidl_typesupport_cpp: rosidl_typesupport_fastrtps_cpp;rosidl_typesupport_introspection_cpp
[1.724s] -- Found rosidl_default_generators: 1.2.0 (/opt/ros/humble/share/rosidl_default_generators/cmake)
[2.497s] -- Found ament_cmake_ros: 0.10.0 (/opt/ros/humble/share/ament_cmake_ros/cmake)
[3.477s] -- Using all available rosidl_typesupport_c: rosidl_typesupport_fastrtps_c;rosidl_typesupport_introspection_c
[3.785s] -- Using all available rosidl_typesupport_cpp: rosidl_typesupport_fastrtps_cpp;rosidl_typesupport_introspection_cpp
[3.794s] [33mCMake Warning (dev) at /opt/ros/humble/share/rosidl_generator_py/cmake/rosidl_generator_py_generate_interfaces.cmake:20 (find_package):
[3.795s]   Policy CMP0148 is not set: The FindPythonInterp and FindPythonLibs modules
[3.795s]   are removed.  Run "cmake --help-policy CMP0148" for policy details.  Use
[3.795s]   the cmake_policy command to set the policy and suppress this warning.
[3.795s] 
[3.795s] Call Stack (most recent call first):
[3.795s]   /opt/ros/humble/share/ament_cmake_core/cmake/core/ament_execute_extensions.cmake:48 (include)
[3.795s]   /opt/ros/humble/share/rosidl_cmake/cmake/rosidl_generate_interfaces.cmake:286 (ament_execute_extensions)
[3.795s]   CMakeLists.txt:22 (rosidl_generate_interfaces)
[3.795s] This warning is for project developers.  Use -Wno-dev to suppress it.
[3.795s] [0m
[3.816s] -- Found python_cmake_module: 0.10.0 (/opt/ros/humble/share/python_cmake_module/cmake)
[3.816s] [33mCMake Warning (dev) at /opt/ros/humble/share/python_cmake_module/cmake/Modules/FindPythonExtra.cmake:52 (find_package):
[3.816s]   Policy CMP0148 is not set: The FindPythonInterp and FindPythonLibs modules
[3.816s]   are removed.  Run "cmake --help-policy CMP0148" for policy details.  Use
[3.816s]   the cmake_policy command to set the policy and suppress this warning.
[3.816s] 
[3.816s] Call Stack (most recent call first):
[3.816s]   /opt/ros/humble/share/rosidl_generator_py/cmake/rosidl_generator_py_generate_interfaces.cmake:23 (find_package)
[3.816s]   /opt/ros/humble/share/ament_cmake_core/cmake/core/ament_execute_extensions.cmake:48 (include)
[3.817s]   /opt/ros/humble/share/rosidl_cmake/cmake/rosidl_generate_interfaces.cmake:286 (ament_execute_extensions)
[3.817s]   CMakeLists.txt:22 (rosidl_generate_interfaces)
[3.817s] This warning is for project developers.  Use -Wno-dev to suppress it.
[3.817s] [0m
[3.836s] [33mCMake Warning (dev) at /opt/ros/humble/share/python_cmake_module/cmake/Modules/FindPythonExtra.cmake:140 (find_package):
[3.836s]   Policy CMP0148 is not set: The FindPythonInterp and FindPythonLibs modules
[3.836s]   are removed.  Run "cmake --help-policy CMP0148" for policy details.  Use
[3.836s]   the cmake_policy command to set the policy and suppress this warning.
[3.837s] 
[3.837s] Call Stack (most recent call first):
[3.837s]   /opt/ros/humble/share/rosidl_generator_py/cmake/rosidl_generator_py_generate_interfaces.cmake:23 (find_package)
[3.837s]   /opt/ros/humble/share/ament_cmake_core/cmake/core/ament_execute_extensions.cmake:48 (include)
[3.837s]   /opt/ros/humble/share/rosidl_cmake/cmake/rosidl_generate_interfaces.cmake:286 (ament_execute_extensions)
[3.837s]   CMakeLists.txt:22 (rosidl_generate_interfaces)
[3.837s] This warning is for project developers.  Use -Wno-dev to suppress it.
[3.837s] [0m
[3.839s] -- Using PYTHON_EXECUTABLE: /usr/bin/python3
[3.839s] -- Using PYTHON_INCLUDE_DIRS: /usr/include/python3.10
[3.839s] -- Using PYTHON_LIBRARIES: /usr/lib/x86_64-linux-gnu/libpython3.10.so
[3.876s] -- Found ament_lint_auto: 0.12.14 (/opt/ros/humble/share/ament_lint_auto/cmake)
[3.896s] -- Added test 'copyright' to check source files copyright and LICENSE
[3.897s] -- Added test 'lint_cmake' to check CMake code style
[3.898s] -- Added test 'xmllint' to check XML markup files
[3.901s] -- Configuring done (2.6s)
[3.952s] -- Generating done (0.1s)
[3.966s] -- Build files have been written to: /home/doanh/robot_detect/build/yolov8_msgs
[3.982s] [  1%] [1m[34mGenerating C code for ROS interfaces[0m
[3.987s] [  3%] [1m[34mGenerating C++ code for ROS interfaces[0m
[3.992s] [  3%] [0mBuilt target ament_cmake_python_copy_yolov8_msgs[0m
[4.269s] running egg_info
[4.270s] writing yolov8_msgs.egg-info/PKG-INFO
[4.270s] writing dependency_links to yolov8_msgs.egg-info/dependency_links.txt
[4.271s] writing top-level names to yolov8_msgs.egg-info/top_level.txt
[4.274s] reading manifest file 'yolov8_msgs.egg-info/SOURCES.txt'
[4.274s] writing manifest file 'yolov8_msgs.egg-info/SOURCES.txt'
[4.295s] [  3%] [0mBuilt target ament_cmake_python_build_yolov8_msgs_egg[0m
[4.328s] [  3%] [0mBuilt target yolov8_msgs__cpp[0m
[4.333s] [  5%] [1m[34mGenerating C++ type support for eProsima Fast-RTPS[0m
[4.335s] [  9%] [1m[34mGenerating C++ type support dispatch for ROS interfaces[0m
[4.336s] [  9%] [1m[34mGenerating C++ introspection for ROS interfaces[0m
[4.347s] [ 10%] [32mBuilding C object CMakeFiles/yolov8_msgs__rosidl_generator_c.dir/rosidl_generator_c/yolov8_msgs/msg/detail/inference_result__functions.c.o[0m
[4.347s] [ 14%] [32mBuilding C object CMakeFiles/yolov8_msgs__rosidl_generator_c.dir/rosidl_generator_c/yolov8_msgs/msg/detail/yolov8_inference__functions.c.o[0m
[4.347s] [ 16%] [32mBuilding C object CMakeFiles/yolov8_msgs__rosidl_generator_c.dir/rosidl_generator_c/yolov8_msgs/msg/detail/human_position_array__functions.c.o[0m
[4.347s] [ 16%] [32mBuilding C object CMakeFiles/yolov8_msgs__rosidl_generator_c.dir/rosidl_generator_c/yolov8_msgs/msg/detail/human_position__functions.c.o[0m
[4.437s] [ 18%] [1m[32mLinking C shared library libyolov8_msgs__rosidl_generator_c.so[0m
[4.469s] [ 18%] [0mBuilt target yolov8_msgs__rosidl_generator_c[0m
[4.476s] [ 23%] [1m[34mGenerating C introspection for ROS interfaces[0m
[4.476s] [ 23%] [1m[34mGenerating C type support for eProsima Fast-RTPS[0m
[4.476s] [ 23%] [1m[34mGenerating C type support dispatch for ROS interfaces[0m
[4.720s] [ 29%] [32mBuilding CXX object CMakeFiles/yolov8_msgs__rosidl_typesupport_cpp.dir/rosidl_typesupport_cpp/yolov8_msgs/msg/yolov8_inference__type_support.cpp.o[0m
[4.720s] [ 29%] [32mBuilding CXX object CMakeFiles/yolov8_msgs__rosidl_typesupport_cpp.dir/rosidl_typesupport_cpp/yolov8_msgs/msg/inference_result__type_support.cpp.o[0m
[4.720s] [ 29%] [32mBuilding CXX object CMakeFiles/yolov8_msgs__rosidl_typesupport_cpp.dir/rosidl_typesupport_cpp/yolov8_msgs/msg/human_position__type_support.cpp.o[0m
[4.720s] [ 30%] [32mBuilding CXX object CMakeFiles/yolov8_msgs__rosidl_typesupport_cpp.dir/rosidl_typesupport_cpp/yolov8_msgs/msg/human_position_array__type_support.cpp.o[0m
[4.803s] [ 32%] [32mBuilding CXX object CMakeFiles/yolov8_msgs__rosidl_typesupport_fastrtps_cpp.dir/rosidl_typesupport_fastrtps_cpp/yolov8_msgs/msg/detail/dds_fastrtps/inference_result__type_support.cpp.o[0m
[4.804s] [ 34%] [32mBuilding CXX object CMakeFiles/yolov8_msgs__rosidl_typesupport_fastrtps_cpp.dir/rosidl_typesupport_fastrtps_cpp/yolov8_msgs/msg/detail/dds_fastrtps/yolov8_inference__type_support.cpp.o[0m
[4.805s] [ 38%] [32mBuilding CXX object CMakeFiles/yolov8_msgs__rosidl_typesupport_fastrtps_cpp.dir/rosidl_typesupport_fastrtps_cpp/yolov8_msgs/msg/detail/dds_fastrtps/human_position__type_support.cpp.o[0m
[4.805s] [ 38%] [32mBuilding CXX object CMakeFiles/yolov8_msgs__rosidl_typesupport_fastrtps_cpp.dir/rosidl_typesupport_fastrtps_cpp/yolov8_msgs/msg/detail/dds_fastrtps/human_position_array__type_support.cpp.o[0m
[4.924s] [ 40%] [32mBuilding CXX object CMakeFiles/yolov8_msgs__rosidl_typesupport_introspection_cpp.dir/rosidl_typesupport_introspection_cpp/yolov8_msgs/msg/detail/inference_result__type_support.cpp.o[0m
[4.982s] [ 41%] [32mBuilding C object CMakeFiles/yolov8_msgs__rosidl_typesupport_introspection_c.dir/rosidl_typesupport_introspection_c/yolov8_msgs/msg/detail/inference_result__type_support.c.o[0m
[5.032s] [ 43%] [32mBuilding CXX object CMakeFiles/yolov8_msgs__rosidl_typesupport_fastrtps_c.dir/rosidl_typesupport_fastrtps_c/yolov8_msgs/msg/detail/inference_result__type_support_c.cpp.o[0m
[5.046s] [ 45%] [32mBuilding CXX object CMakeFiles/yolov8_msgs__rosidl_typesupport_c.dir/rosidl_typesupport_c/yolov8_msgs/msg/inference_result__type_support.cpp.o[0m
[5.053s] [ 47%] [32mBuilding C object CMakeFiles/yolov8_msgs__rosidl_typesupport_introspection_c.dir/rosidl_typesupport_introspection_c/yolov8_msgs/msg/detail/yolov8_inference__type_support.c.o[0m
[5.121s] [ 49%] [32mBuilding CXX object CMakeFiles/yolov8_msgs__rosidl_typesupport_c.dir/rosidl_typesupport_c/yolov8_msgs/msg/yolov8_inference__type_support.cpp.o[0m
[5.128s] [ 50%] [32mBuilding C object CMakeFiles/yolov8_msgs__rosidl_typesupport_introspection_c.dir/rosidl_typesupport_introspection_c/yolov8_msgs/msg/detail/human_position__type_support.c.o[0m
[5.180s] [ 52%] [32mBuilding CXX object CMakeFiles/yolov8_msgs__rosidl_typesupport_c.dir/rosidl_typesupport_c/yolov8_msgs/msg/human_position__type_support.cpp.o[0m
[5.184s] [ 54%] [32mBuilding C object CMakeFiles/yolov8_msgs__rosidl_typesupport_introspection_c.dir/rosidl_typesupport_introspection_c/yolov8_msgs/msg/detail/human_position_array__type_support.c.o[0m
[5.197s] [ 56%] [32mBuilding CXX object CMakeFiles/yolov8_msgs__rosidl_typesupport_introspection_cpp.dir/rosidl_typesupport_introspection_cpp/yolov8_msgs/msg/detail/yolov8_inference__type_support.cpp.o[0m
[5.202s] [ 58%] [32mBuilding CXX object CMakeFiles/yolov8_msgs__rosidl_typesupport_c.dir/rosidl_typesupport_c/yolov8_msgs/msg/human_position_array__type_support.cpp.o[0m
[5.216s] [ 60%] [32mBuilding CXX object CMakeFiles/yolov8_msgs__rosidl_typesupport_introspection_cpp.dir/rosidl_typesupport_introspection_cpp/yolov8_msgs/msg/detail/human_position__type_support.cpp.o[0m
[5.224s] [ 61%] [32mBuilding CXX object CMakeFiles/yolov8_msgs__rosidl_typesupport_fastrtps_c.dir/rosidl_typesupport_fastrtps_c/yolov8_msgs/msg/detail/yolov8_inference__type_support_c.cpp.o[0m
[5.236s] [ 63%] [1m[32mLinking CXX shared library libyolov8_msgs__rosidl_typesupport_cpp.so[0m
[5.251s] [ 65%] [1m[32mLinking C shared library libyolov8_msgs__rosidl_typesupport_introspection_c.so[0m
[5.265s] [ 67%] [1m[32mLinking CXX shared library libyolov8_msgs__rosidl_typesupport_c.so[0m
[5.296s] [ 67%] [0mBuilt target yolov8_msgs__rosidl_typesupport_cpp[0m
[5.302s] [ 69%] [32mBuilding CXX object CMakeFiles/yolov8_msgs__rosidl_typesupport_fastrtps_c.dir/rosidl_typesupport_fastrtps_c/yolov8_msgs/msg/detail/human_position__type_support_c.cpp.o[0m
[5.304s] [ 69%] [0mBuilt target yolov8_msgs__rosidl_typesupport_introspection_c[0m
[5.312s] [ 70%] [32mBuilding CXX object CMakeFiles/yolov8_msgs__rosidl_typesupport_introspection_cpp.dir/rosidl_typesupport_introspection_cpp/yolov8_msgs/msg/detail/human_position_array__type_support.cpp.o[0m
[5.321s] [ 70%] [0mBuilt target yolov8_msgs__rosidl_typesupport_c[0m
[5.328s] [ 72%] [32mBuilding CXX object CMakeFiles/yolov8_msgs__rosidl_typesupport_fastrtps_c.dir/rosidl_typesupport_fastrtps_c/yolov8_msgs/msg/detail/human_position_array__type_support_c.cpp.o[0m
[5.551s] [ 74%] [1m[32mLinking CXX shared library libyolov8_msgs__rosidl_typesupport_fastrtps_cpp.so[0m
[5.645s] [ 74%] [0mBuilt target yolov8_msgs__rosidl_typesupport_fastrtps_cpp[0m
[5.832s] [ 76%] [1m[32mLinking CXX shared library libyolov8_msgs__rosidl_typesupport_fastrtps_c.so[0m
[5.865s] [ 78%] [1m[32mLinking CXX shared library libyolov8_msgs__rosidl_typesupport_introspection_cpp.so[0m
[5.892s] [ 78%] [0mBuilt target yolov8_msgs__rosidl_typesupport_fastrtps_c[0m
[5.924s] [ 78%] [0mBuilt target yolov8_msgs__rosidl_typesupport_introspection_cpp[0m
[5.931s] [ 78%] [0mBuilt target yolov8_msgs[0m
[5.940s] [ 80%] [1m[34mGenerating Python code for ROS interfaces[0m
[6.404s] [ 80%] [0mBuilt target yolov8_msgs__py[0m
[6.418s] [ 83%] [32mBuilding C object CMakeFiles/yolov8_msgs__rosidl_generator_py.dir/rosidl_generator_py/yolov8_msgs/msg/_yolov8_inference_s.c.o[0m
[6.418s] [ 83%] [32mBuilding C object CMakeFiles/yolov8_msgs__rosidl_generator_py.dir/rosidl_generator_py/yolov8_msgs/msg/_inference_result_s.c.o[0m
[6.418s] [ 85%] [32mBuilding C object CMakeFiles/yolov8_msgs__rosidl_generator_py.dir/rosidl_generator_py/yolov8_msgs/msg/_human_position_s.c.o[0m
[6.418s] [ 87%] [32mBuilding C object CMakeFiles/yolov8_msgs__rosidl_generator_py.dir/rosidl_generator_py/yolov8_msgs/msg/_human_position_array_s.c.o[0m
[6.516s] [ 89%] [1m[32mLinking C shared library rosidl_generator_py/yolov8_msgs/libyolov8_msgs__rosidl_generator_py.so[0m
[6.543s] [ 89%] [0mBuilt target yolov8_msgs__rosidl_generator_py[0m
[6.555s] [ 90%] [32mBuilding C object CMakeFiles/yolov8_msgs__rosidl_typesupport_c__pyext.dir/rosidl_generator_py/yolov8_msgs/_yolov8_msgs_s.ep.rosidl_typesupport_c.c.o[0m
[6.555s] [ 92%] [32mBuilding C object CMakeFiles/yolov8_msgs__rosidl_typesupport_fastrtps_c__pyext.dir/rosidl_generator_py/yolov8_msgs/_yolov8_msgs_s.ep.rosidl_typesupport_fastrtps_c.c.o[0m
[6.555s] [ 94%] [32mBuilding C object CMakeFiles/yolov8_msgs__rosidl_typesupport_introspection_c__pyext.dir/rosidl_generator_py/yolov8_msgs/_yolov8_msgs_s.ep.rosidl_typesupport_introspection_c.c.o[0m
[6.643s] [ 98%] [1m[32mLinking C shared library rosidl_generator_py/yolov8_msgs/yolov8_msgs_s__rosidl_typesupport_introspection_c.cpython-310-x86_64-linux-gnu.so[0m
[6.643s] [ 98%] [1m[32mLinking C shared library rosidl_generator_py/yolov8_msgs/yolov8_msgs_s__rosidl_typesupport_c.cpython-310-x86_64-linux-gnu.so[0m
[6.643s] [100%] [1m[32mLinking C shared library rosidl_generator_py/yolov8_msgs/yolov8_msgs_s__rosidl_typesupport_fastrtps_c.cpython-310-x86_64-linux-gnu.so[0m
[6.666s] [100%] [0mBuilt target yolov8_msgs__rosidl_typesupport_introspection_c__pyext[0m
[6.666s] [100%] [0mBuilt target yolov8_msgs__rosidl_typesupport_c__pyext[0m
[6.666s] [100%] [0mBuilt target yolov8_msgs__rosidl_typesupport_fastrtps_c__pyext[0m
[6.672s] Invoked command in '/home/doanh/robot_detect/build/yolov8_msgs' returned '0': CMAKE_PREFIX_PATH=${CMAKE_PREFIX_PATH}:/home/doanh/robot_detect/install/robot_simulation:/home/doanh/robot_detect/install/robot_navigation:/home/doanh/robot_detect/install/robot_mapping:/home/doanh/robot_detect/install/robot_joy:/home/doanh/robot_detect/install/human_follow:/home/doanh/robot_detect/install/follow_human:/home/doanh/go2_robot/install/speech_processor:/home/doanh/go2_robot/install/reset_odom:/home/doanh/go2_robot/install/livox_to_laserscan:/home/doanh/go2_robot/install/lidar_processor:/home/doanh/go2_robot/install/go2_robot_sdk:/home/doanh/go2_robot/install/coco_detector:/home/doanh/mrdoanh_projects/install/speech_processor:/home/doanh/mrdoanh_projects/install/lidar_processor:/home/doanh/mrdoanh_projects/install/go2_robot_sdk:/home/doanh/mrdoanh_projects/install/coco_detector:/home/doanh/new/mrdoanh_projects/install/speech_processor:/home/doanh/new/mrdoanh_projects/install/lidar_processor:/home/doanh/new/mrdoanh_projects/install/go2_robot_sdk:/home/doanh/new/mrdoanh_projects/install/coco_detector:/opt/ros/humble /home/doanh/.local/bin/cmake --build /home/doanh/robot_detect/build/yolov8_msgs -- -j12 -l12
[6.675s] Invoking command in '/home/doanh/robot_detect/build/yolov8_msgs': CMAKE_PREFIX_PATH=${CMAKE_PREFIX_PATH}:/home/doanh/robot_detect/install/robot_simulation:/home/doanh/robot_detect/install/robot_navigation:/home/doanh/robot_detect/install/robot_mapping:/home/doanh/robot_detect/install/robot_joy:/home/doanh/robot_detect/install/human_follow:/home/doanh/robot_detect/install/follow_human:/home/doanh/go2_robot/install/speech_processor:/home/doanh/go2_robot/install/reset_odom:/home/doanh/go2_robot/install/livox_to_laserscan:/home/doanh/go2_robot/install/lidar_processor:/home/doanh/go2_robot/install/go2_robot_sdk:/home/doanh/go2_robot/install/coco_detector:/home/doanh/mrdoanh_projects/install/speech_processor:/home/doanh/mrdoanh_projects/install/lidar_processor:/home/doanh/mrdoanh_projects/install/go2_robot_sdk:/home/doanh/mrdoanh_projects/install/coco_detector:/home/doanh/new/mrdoanh_projects/install/speech_processor:/home/doanh/new/mrdoanh_projects/install/lidar_processor:/home/doanh/new/mrdoanh_projects/install/go2_robot_sdk:/home/doanh/new/mrdoanh_projects/install/coco_detector:/opt/ros/humble /home/doanh/.local/bin/cmake --install /home/doanh/robot_detect/build/yolov8_msgs
[6.770s] -- Install configuration: ""
[6.770s] -- Installing: /home/doanh/robot_detect/install/yolov8_msgs/share/ament_index/resource_index/rosidl_interfaces/yolov8_msgs
[6.770s] -- Up-to-date: /home/doanh/robot_detect/install/yolov8_msgs/include/yolov8_msgs/yolov8_msgs
[6.770s] -- Up-to-date: /home/doanh/robot_detect/install/yolov8_msgs/include/yolov8_msgs/yolov8_msgs/msg
[6.770s] -- Up-to-date: /home/doanh/robot_detect/install/yolov8_msgs/include/yolov8_msgs/yolov8_msgs/msg/rosidl_generator_c__visibility_control.h
[6.770s] -- Installing: /home/doanh/robot_detect/install/yolov8_msgs/include/yolov8_msgs/yolov8_msgs/msg/inference_result.h
[6.770s] -- Installing: /home/doanh/robot_detect/install/yolov8_msgs/include/yolov8_msgs/yolov8_msgs/msg/human_position.h
[6.770s] -- Up-to-date: /home/doanh/robot_detect/install/yolov8_msgs/include/yolov8_msgs/yolov8_msgs/msg/detail
[6.770s] -- Installing: /home/doanh/robot_detect/install/yolov8_msgs/include/yolov8_msgs/yolov8_msgs/msg/detail/human_position__struct.h
[6.771s] -- Installing: /home/doanh/robot_detect/install/yolov8_msgs/include/yolov8_msgs/yolov8_msgs/msg/detail/human_position_array__struct.h
[6.771s] -- Installing: /home/doanh/robot_detect/install/yolov8_msgs/include/yolov8_msgs/yolov8_msgs/msg/detail/human_position__functions.c
[6.771s] -- Installing: /home/doanh/robot_detect/install/yolov8_msgs/include/yolov8_msgs/yolov8_msgs/msg/detail/human_position_array__functions.c
[6.771s] -- Installing: /home/doanh/robot_detect/install/yolov8_msgs/include/yolov8_msgs/yolov8_msgs/msg/detail/human_position_array__functions.h
[6.771s] -- Installing: /home/doanh/robot_detect/install/yolov8_msgs/include/yolov8_msgs/yolov8_msgs/msg/detail/yolov8_inference__functions.h
[6.771s] -- Installing: /home/doanh/robot_detect/install/yolov8_msgs/include/yolov8_msgs/yolov8_msgs/msg/detail/yolov8_inference__type_support.h
[6.771s] -- Installing: /home/doanh/robot_detect/install/yolov8_msgs/include/yolov8_msgs/yolov8_msgs/msg/detail/inference_result__functions.h
[6.771s] -- Installing: /home/doanh/robot_detect/install/yolov8_msgs/include/yolov8_msgs/yolov8_msgs/msg/detail/yolov8_inference__struct.h
[6.771s] -- Installing: /home/doanh/robot_detect/install/yolov8_msgs/include/yolov8_msgs/yolov8_msgs/msg/detail/human_position__type_support.h
[6.771s] -- Installing: /home/doanh/robot_detect/install/yolov8_msgs/include/yolov8_msgs/yolov8_msgs/msg/detail/inference_result__struct.h
[6.771s] -- Installing: /home/doanh/robot_detect/install/yolov8_msgs/include/yolov8_msgs/yolov8_msgs/msg/detail/inference_result__functions.c
[6.772s] -- Installing: /home/doanh/robot_detect/install/yolov8_msgs/include/yolov8_msgs/yolov8_msgs/msg/detail/yolov8_inference__functions.c
[6.772s] -- Installing: /home/doanh/robot_detect/install/yolov8_msgs/include/yolov8_msgs/yolov8_msgs/msg/detail/human_position__functions.h
[6.772s] -- Installing: /home/doanh/robot_detect/install/yolov8_msgs/include/yolov8_msgs/yolov8_msgs/msg/detail/inference_result__type_support.h
[6.772s] -- Installing: /home/doanh/robot_detect/install/yolov8_msgs/include/yolov8_msgs/yolov8_msgs/msg/detail/human_position_array__type_support.h
[6.772s] -- Installing: /home/doanh/robot_detect/install/yolov8_msgs/include/yolov8_msgs/yolov8_msgs/msg/yolov8_inference.h
[6.772s] -- Installing: /home/doanh/robot_detect/install/yolov8_msgs/include/yolov8_msgs/yolov8_msgs/msg/human_position_array.h
[6.772s] -- Up-to-date: /home/doanh/robot_detect/install/yolov8_msgs/share/yolov8_msgs/environment/library_path.sh
[6.772s] -- Installing: /home/doanh/robot_detect/install/yolov8_msgs/share/yolov8_msgs/environment/library_path.dsv
[6.772s] -- Installing: /home/doanh/robot_detect/install/yolov8_msgs/lib/libyolov8_msgs__rosidl_generator_c.so
[6.773s] -- Set non-toolchain portion of runtime path of "/home/doanh/robot_detect/install/yolov8_msgs/lib/libyolov8_msgs__rosidl_generator_c.so" to ""
[6.773s] -- Up-to-date: /home/doanh/robot_detect/install/yolov8_msgs/include/yolov8_msgs/yolov8_msgs
[6.773s] -- Up-to-date: /home/doanh/robot_detect/install/yolov8_msgs/include/yolov8_msgs/yolov8_msgs/msg
[6.773s] -- Up-to-date: /home/doanh/robot_detect/install/yolov8_msgs/include/yolov8_msgs/yolov8_msgs/msg/detail
[6.773s] -- Installing: /home/doanh/robot_detect/install/yolov8_msgs/include/yolov8_msgs/yolov8_msgs/msg/detail/human_position_array__rosidl_typesupport_fastrtps_c.h
[6.773s] -- Installing: /home/doanh/robot_detect/install/yolov8_msgs/include/yolov8_msgs/yolov8_msgs/msg/detail/human_position__rosidl_typesupport_fastrtps_c.h
[6.773s] -- Installing: /home/doanh/robot_detect/install/yolov8_msgs/include/yolov8_msgs/yolov8_msgs/msg/detail/inference_result__rosidl_typesupport_fastrtps_c.h
[6.773s] -- Installing: /home/doanh/robot_detect/install/yolov8_msgs/include/yolov8_msgs/yolov8_msgs/msg/detail/yolov8_inference__rosidl_typesupport_fastrtps_c.h
[6.773s] -- Up-to-date: /home/doanh/robot_detect/install/yolov8_msgs/include/yolov8_msgs/yolov8_msgs/msg/rosidl_typesupport_fastrtps_c__visibility_control.h
[6.773s] -- Installing: /home/doanh/robot_detect/install/yolov8_msgs/lib/libyolov8_msgs__rosidl_typesupport_fastrtps_c.so
[6.774s] -- Set non-toolchain portion of runtime path of "/home/doanh/robot_detect/install/yolov8_msgs/lib/libyolov8_msgs__rosidl_typesupport_fastrtps_c.so" to ""
[6.774s] -- Up-to-date: /home/doanh/robot_detect/install/yolov8_msgs/include/yolov8_msgs/yolov8_msgs
[6.774s] -- Up-to-date: /home/doanh/robot_detect/install/yolov8_msgs/include/yolov8_msgs/yolov8_msgs/msg
[6.774s] -- Installing: /home/doanh/robot_detect/install/yolov8_msgs/include/yolov8_msgs/yolov8_msgs/msg/inference_result.hpp
[6.774s] -- Up-to-date: /home/doanh/robot_detect/install/yolov8_msgs/include/yolov8_msgs/yolov8_msgs/msg/detail
[6.774s] -- Installing: /home/doanh/robot_detect/install/yolov8_msgs/include/yolov8_msgs/yolov8_msgs/msg/detail/yolov8_inference__type_support.hpp
[6.774s] -- Installing: /home/doanh/robot_detect/install/yolov8_msgs/include/yolov8_msgs/yolov8_msgs/msg/detail/human_position_array__builder.hpp
[6.774s] -- Installing: /home/doanh/robot_detect/install/yolov8_msgs/include/yolov8_msgs/yolov8_msgs/msg/detail/yolov8_inference__traits.hpp
[6.774s] -- Installing: /home/doanh/robot_detect/install/yolov8_msgs/include/yolov8_msgs/yolov8_msgs/msg/detail/human_position__traits.hpp
[6.775s] -- Installing: /home/doanh/robot_detect/install/yolov8_msgs/include/yolov8_msgs/yolov8_msgs/msg/detail/inference_result__type_support.hpp
[6.775s] -- Installing: /home/doanh/robot_detect/install/yolov8_msgs/include/yolov8_msgs/yolov8_msgs/msg/detail/human_position__builder.hpp
[6.775s] -- Installing: /home/doanh/robot_detect/install/yolov8_msgs/include/yolov8_msgs/yolov8_msgs/msg/detail/human_position__struct.hpp
[6.775s] -- Installing: /home/doanh/robot_detect/install/yolov8_msgs/include/yolov8_msgs/yolov8_msgs/msg/detail/human_position__type_support.hpp
[6.775s] -- Installing: /home/doanh/robot_detect/install/yolov8_msgs/include/yolov8_msgs/yolov8_msgs/msg/detail/yolov8_inference__struct.hpp
[6.775s] -- Installing: /home/doanh/robot_detect/install/yolov8_msgs/include/yolov8_msgs/yolov8_msgs/msg/detail/inference_result__builder.hpp
[6.775s] -- Installing: /home/doanh/robot_detect/install/yolov8_msgs/include/yolov8_msgs/yolov8_msgs/msg/detail/human_position_array__struct.hpp
[6.775s] -- Installing: /home/doanh/robot_detect/install/yolov8_msgs/include/yolov8_msgs/yolov8_msgs/msg/detail/inference_result__struct.hpp
[6.775s] -- Installing: /home/doanh/robot_detect/install/yolov8_msgs/include/yolov8_msgs/yolov8_msgs/msg/detail/human_position_array__traits.hpp
[6.775s] -- Installing: /home/doanh/robot_detect/install/yolov8_msgs/include/yolov8_msgs/yolov8_msgs/msg/detail/inference_result__traits.hpp
[6.775s] -- Installing: /home/doanh/robot_detect/install/yolov8_msgs/include/yolov8_msgs/yolov8_msgs/msg/detail/yolov8_inference__builder.hpp
[6.775s] -- Installing: /home/doanh/robot_detect/install/yolov8_msgs/include/yolov8_msgs/yolov8_msgs/msg/detail/human_position_array__type_support.hpp
[6.776s] -- Installing: /home/doanh/robot_detect/install/yolov8_msgs/include/yolov8_msgs/yolov8_msgs/msg/yolov8_inference.hpp
[6.776s] -- Installing: /home/doanh/robot_detect/install/yolov8_msgs/include/yolov8_msgs/yolov8_msgs/msg/human_position.hpp
[6.776s] -- Installing: /home/doanh/robot_detect/install/yolov8_msgs/include/yolov8_msgs/yolov8_msgs/msg/human_position_array.hpp
[6.776s] -- Up-to-date: /home/doanh/robot_detect/install/yolov8_msgs/include/yolov8_msgs/yolov8_msgs/msg/rosidl_generator_cpp__visibility_control.hpp
[6.776s] -- Up-to-date: /home/doanh/robot_detect/install/yolov8_msgs/include/yolov8_msgs/yolov8_msgs
[6.776s] -- Up-to-date: /home/doanh/robot_detect/install/yolov8_msgs/include/yolov8_msgs/yolov8_msgs/msg
[6.776s] -- Up-to-date: /home/doanh/robot_detect/install/yolov8_msgs/include/yolov8_msgs/yolov8_msgs/msg/detail
[6.776s] -- Installing: /home/doanh/robot_detect/install/yolov8_msgs/include/yolov8_msgs/yolov8_msgs/msg/detail/inference_result__rosidl_typesupport_fastrtps_cpp.hpp
[6.776s] -- Installing: /home/doanh/robot_detect/install/yolov8_msgs/include/yolov8_msgs/yolov8_msgs/msg/detail/human_position__rosidl_typesupport_fastrtps_cpp.hpp
[6.776s] -- Installing: /home/doanh/robot_detect/install/yolov8_msgs/include/yolov8_msgs/yolov8_msgs/msg/detail/yolov8_inference__rosidl_typesupport_fastrtps_cpp.hpp
[6.776s] -- Installing: /home/doanh/robot_detect/install/yolov8_msgs/include/yolov8_msgs/yolov8_msgs/msg/detail/human_position_array__rosidl_typesupport_fastrtps_cpp.hpp
[6.777s] -- Up-to-date: /home/doanh/robot_detect/install/yolov8_msgs/include/yolov8_msgs/yolov8_msgs/msg/detail/dds_fastrtps
[6.777s] -- Up-to-date: /home/doanh/robot_detect/install/yolov8_msgs/include/yolov8_msgs/yolov8_msgs/msg/rosidl_typesupport_fastrtps_cpp__visibility_control.h
[6.784s] -- Installing: /home/doanh/robot_detect/install/yolov8_msgs/lib/libyolov8_msgs__rosidl_typesupport_fastrtps_cpp.so
[6.785s] -- Set non-toolchain portion of runtime path of "/home/doanh/robot_detect/install/yolov8_msgs/lib/libyolov8_msgs__rosidl_typesupport_fastrtps_cpp.so" to ""
[6.785s] -- Up-to-date: /home/doanh/robot_detect/install/yolov8_msgs/include/yolov8_msgs/yolov8_msgs
[6.785s] -- Up-to-date: /home/doanh/robot_detect/install/yolov8_msgs/include/yolov8_msgs/yolov8_msgs/msg
[6.785s] -- Up-to-date: /home/doanh/robot_detect/install/yolov8_msgs/include/yolov8_msgs/yolov8_msgs/msg/detail
[6.785s] -- Installing: /home/doanh/robot_detect/install/yolov8_msgs/include/yolov8_msgs/yolov8_msgs/msg/detail/human_position_array__type_support.c
[6.785s] -- Installing: /home/doanh/robot_detect/install/yolov8_msgs/include/yolov8_msgs/yolov8_msgs/msg/detail/human_position__type_support.c
[6.785s] -- Installing: /home/doanh/robot_detect/install/yolov8_msgs/include/yolov8_msgs/yolov8_msgs/msg/detail/yolov8_inference__rosidl_typesupport_introspection_c.h
[6.785s] -- Installing: /home/doanh/robot_detect/install/yolov8_msgs/include/yolov8_msgs/yolov8_msgs/msg/detail/human_position__rosidl_typesupport_introspection_c.h
[6.785s] -- Installing: /home/doanh/robot_detect/install/yolov8_msgs/include/yolov8_msgs/yolov8_msgs/msg/detail/yolov8_inference__type_support.c
[6.785s] -- Installing: /home/doanh/robot_detect/install/yolov8_msgs/include/yolov8_msgs/yolov8_msgs/msg/detail/inference_result__rosidl_typesupport_introspection_c.h
[6.785s] -- Installing: /home/doanh/robot_detect/install/yolov8_msgs/include/yolov8_msgs/yolov8_msgs/msg/detail/inference_result__type_support.c
[6.785s] -- Installing: /home/doanh/robot_detect/install/yolov8_msgs/include/yolov8_msgs/yolov8_msgs/msg/detail/human_position_array__rosidl_typesupport_introspection_c.h
[6.786s] -- Up-to-date: /home/doanh/robot_detect/install/yolov8_msgs/include/yolov8_msgs/yolov8_msgs/msg/rosidl_typesupport_introspection_c__visibility_control.h
[6.786s] -- Installing: /home/doanh/robot_detect/install/yolov8_msgs/lib/libyolov8_msgs__rosidl_typesupport_introspection_c.so
[6.786s] -- Set non-toolchain portion of runtime path of "/home/doanh/robot_detect/install/yolov8_msgs/lib/libyolov8_msgs__rosidl_typesupport_introspection_c.so" to ""
[6.786s] -- Installing: /home/doanh/robot_detect/install/yolov8_msgs/lib/libyolov8_msgs__rosidl_typesupport_c.so
[6.786s] -- Set non-toolchain portion of runtime path of "/home/doanh/robot_detect/install/yolov8_msgs/lib/libyolov8_msgs__rosidl_typesupport_c.so" to ""
[6.786s] -- Up-to-date: /home/doanh/robot_detect/install/yolov8_msgs/include/yolov8_msgs/yolov8_msgs
[6.787s] -- Up-to-date: /home/doanh/robot_detect/install/yolov8_msgs/include/yolov8_msgs/yolov8_msgs/msg
[6.787s] -- Up-to-date: /home/doanh/robot_detect/install/yolov8_msgs/include/yolov8_msgs/yolov8_msgs/msg/detail
[6.787s] -- Installing: /home/doanh/robot_detect/install/yolov8_msgs/include/yolov8_msgs/yolov8_msgs/msg/detail/inference_result__type_support.cpp
[6.787s] -- Installing: /home/doanh/robot_detect/install/yolov8_msgs/include/yolov8_msgs/yolov8_msgs/msg/detail/human_position_array__rosidl_typesupport_introspection_cpp.hpp
[6.787s] -- Installing: /home/doanh/robot_detect/install/yolov8_msgs/include/yolov8_msgs/yolov8_msgs/msg/detail/yolov8_inference__type_support.cpp
[6.787s] -- Installing: /home/doanh/robot_detect/install/yolov8_msgs/include/yolov8_msgs/yolov8_msgs/msg/detail/inference_result__rosidl_typesupport_introspection_cpp.hpp
[6.787s] -- Installing: /home/doanh/robot_detect/install/yolov8_msgs/include/yolov8_msgs/yolov8_msgs/msg/detail/yolov8_inference__rosidl_typesupport_introspection_cpp.hpp
[6.787s] -- Installing: /home/doanh/robot_detect/install/yolov8_msgs/include/yolov8_msgs/yolov8_msgs/msg/detail/human_position__type_support.cpp
[6.787s] -- Installing: /home/doanh/robot_detect/install/yolov8_msgs/include/yolov8_msgs/yolov8_msgs/msg/detail/human_position__rosidl_typesupport_introspection_cpp.hpp
[6.788s] -- Installing: /home/doanh/robot_detect/install/yolov8_msgs/include/yolov8_msgs/yolov8_msgs/msg/detail/human_position_array__type_support.cpp
[6.788s] -- Installing: /home/doanh/robot_detect/install/yolov8_msgs/lib/libyolov8_msgs__rosidl_typesupport_introspection_cpp.so
[6.788s] -- Set non-toolchain portion of runtime path of "/home/doanh/robot_detect/install/yolov8_msgs/lib/libyolov8_msgs__rosidl_typesupport_introspection_cpp.so" to ""
[6.789s] -- Installing: /home/doanh/robot_detect/install/yolov8_msgs/lib/libyolov8_msgs__rosidl_typesupport_cpp.so
[6.789s] -- Set non-toolchain portion of runtime path of "/home/doanh/robot_detect/install/yolov8_msgs/lib/libyolov8_msgs__rosidl_typesupport_cpp.so" to ""
[6.789s] -- Up-to-date: /home/doanh/robot_detect/install/yolov8_msgs/share/yolov8_msgs/environment/pythonpath.sh
[6.789s] -- Installing: /home/doanh/robot_detect/install/yolov8_msgs/share/yolov8_msgs/environment/pythonpath.dsv
[6.789s] -- Up-to-date: /home/doanh/robot_detect/install/yolov8_msgs/local/lib/python3.10/dist-packages/yolov8_msgs-0.0.0-py3.10.egg-info
[6.789s] -- Installing: /home/doanh/robot_detect/install/yolov8_msgs/local/lib/python3.10/dist-packages/yolov8_msgs-0.0.0-py3.10.egg-info/top_level.txt
[6.789s] -- Installing: /home/doanh/robot_detect/install/yolov8_msgs/local/lib/python3.10/dist-packages/yolov8_msgs-0.0.0-py3.10.egg-info/PKG-INFO
[6.789s] -- Installing: /home/doanh/robot_detect/install/yolov8_msgs/local/lib/python3.10/dist-packages/yolov8_msgs-0.0.0-py3.10.egg-info/dependency_links.txt
[6.789s] -- Installing: /home/doanh/robot_detect/install/yolov8_msgs/local/lib/python3.10/dist-packages/yolov8_msgs-0.0.0-py3.10.egg-info/SOURCES.txt
[6.789s] -- Up-to-date: /home/doanh/robot_detect/install/yolov8_msgs/local/lib/python3.10/dist-packages/yolov8_msgs
[6.789s] -- Installing: /home/doanh/robot_detect/install/yolov8_msgs/local/lib/python3.10/dist-packages/yolov8_msgs/__init__.py
[6.789s] -- Installing: /home/doanh/robot_detect/install/yolov8_msgs/local/lib/python3.10/dist-packages/yolov8_msgs/libyolov8_msgs__rosidl_generator_py.so
[6.789s] -- Up-to-date: /home/doanh/robot_detect/install/yolov8_msgs/local/lib/python3.10/dist-packages/yolov8_msgs/msg
[6.790s] -- Installing: /home/doanh/robot_detect/install/yolov8_msgs/local/lib/python3.10/dist-packages/yolov8_msgs/msg/_inference_result.py
[6.790s] -- Installing: /home/doanh/robot_detect/install/yolov8_msgs/local/lib/python3.10/dist-packages/yolov8_msgs/msg/_human_position_array.py
[6.790s] -- Installing: /home/doanh/robot_detect/install/yolov8_msgs/local/lib/python3.10/dist-packages/yolov8_msgs/msg/__init__.py
[6.790s] -- Installing: /home/doanh/robot_detect/install/yolov8_msgs/local/lib/python3.10/dist-packages/yolov8_msgs/msg/_human_position_s.c
[6.790s] -- Installing: /home/doanh/robot_detect/install/yolov8_msgs/local/lib/python3.10/dist-packages/yolov8_msgs/msg/_human_position_array_s.c
[6.790s] -- Installing: /home/doanh/robot_detect/install/yolov8_msgs/local/lib/python3.10/dist-packages/yolov8_msgs/msg/_human_position.py
[6.790s] -- Installing: /home/doanh/robot_detect/install/yolov8_msgs/local/lib/python3.10/dist-packages/yolov8_msgs/msg/_yolov8_inference_s.c
[6.790s] -- Installing: /home/doanh/robot_detect/install/yolov8_msgs/local/lib/python3.10/dist-packages/yolov8_msgs/msg/_yolov8_inference.py
[6.791s] -- Installing: /home/doanh/robot_detect/install/yolov8_msgs/local/lib/python3.10/dist-packages/yolov8_msgs/msg/_inference_result_s.c
[6.791s] -- Installing: /home/doanh/robot_detect/install/yolov8_msgs/local/lib/python3.10/dist-packages/yolov8_msgs/_yolov8_msgs_s.ep.rosidl_typesupport_fastrtps_c.c
[6.791s] -- Installing: /home/doanh/robot_detect/install/yolov8_msgs/local/lib/python3.10/dist-packages/yolov8_msgs/yolov8_msgs_s__rosidl_typesupport_fastrtps_c.cpython-310-x86_64-linux-gnu.so
[6.791s] -- Installing: /home/doanh/robot_detect/install/yolov8_msgs/local/lib/python3.10/dist-packages/yolov8_msgs/_yolov8_msgs_s.ep.rosidl_typesupport_introspection_c.c
[6.791s] -- Installing: /home/doanh/robot_detect/install/yolov8_msgs/local/lib/python3.10/dist-packages/yolov8_msgs/_yolov8_msgs_s.ep.rosidl_typesupport_c.c
[6.791s] -- Installing: /home/doanh/robot_detect/install/yolov8_msgs/local/lib/python3.10/dist-packages/yolov8_msgs/yolov8_msgs_s__rosidl_typesupport_c.cpython-310-x86_64-linux-gnu.so
[6.791s] -- Installing: /home/doanh/robot_detect/install/yolov8_msgs/local/lib/python3.10/dist-packages/yolov8_msgs/yolov8_msgs_s__rosidl_typesupport_introspection_c.cpython-310-x86_64-linux-gnu.so
[6.830s] Listing '/home/doanh/robot_detect/install/yolov8_msgs/local/lib/python3.10/dist-packages/yolov8_msgs'...
[6.830s] Compiling '/home/doanh/robot_detect/install/yolov8_msgs/local/lib/python3.10/dist-packages/yolov8_msgs/__init__.py'...
[6.830s] Listing '/home/doanh/robot_detect/install/yolov8_msgs/local/lib/python3.10/dist-packages/yolov8_msgs/msg'...
[6.831s] Compiling '/home/doanh/robot_detect/install/yolov8_msgs/local/lib/python3.10/dist-packages/yolov8_msgs/msg/__init__.py'...
[6.831s] Compiling '/home/doanh/robot_detect/install/yolov8_msgs/local/lib/python3.10/dist-packages/yolov8_msgs/msg/_human_position.py'...
[6.831s] Compiling '/home/doanh/robot_detect/install/yolov8_msgs/local/lib/python3.10/dist-packages/yolov8_msgs/msg/_human_position_array.py'...
[6.831s] Compiling '/home/doanh/robot_detect/install/yolov8_msgs/local/lib/python3.10/dist-packages/yolov8_msgs/msg/_inference_result.py'...
[6.831s] Compiling '/home/doanh/robot_detect/install/yolov8_msgs/local/lib/python3.10/dist-packages/yolov8_msgs/msg/_yolov8_inference.py'...
[6.836s] -- Installing: /home/doanh/robot_detect/install/yolov8_msgs/local/lib/python3.10/dist-packages/yolov8_msgs/yolov8_msgs_s__rosidl_typesupport_fastrtps_c.cpython-310-x86_64-linux-gnu.so
[6.836s] -- Set non-toolchain portion of runtime path of "/home/doanh/robot_detect/install/yolov8_msgs/local/lib/python3.10/dist-packages/yolov8_msgs/yolov8_msgs_s__rosidl_typesupport_fastrtps_c.cpython-310-x86_64-linux-gnu.so" to ""
[6.836s] -- Installing: /home/doanh/robot_detect/install/yolov8_msgs/local/lib/python3.10/dist-packages/yolov8_msgs/yolov8_msgs_s__rosidl_typesupport_introspection_c.cpython-310-x86_64-linux-gnu.so
[6.836s] -- Set non-toolchain portion of runtime path of "/home/doanh/robot_detect/install/yolov8_msgs/local/lib/python3.10/dist-packages/yolov8_msgs/yolov8_msgs_s__rosidl_typesupport_introspection_c.cpython-310-x86_64-linux-gnu.so" to ""
[6.836s] -- Installing: /home/doanh/robot_detect/install/yolov8_msgs/local/lib/python3.10/dist-packages/yolov8_msgs/yolov8_msgs_s__rosidl_typesupport_c.cpython-310-x86_64-linux-gnu.so
[6.836s] -- Set non-toolchain portion of runtime path of "/home/doanh/robot_detect/install/yolov8_msgs/local/lib/python3.10/dist-packages/yolov8_msgs/yolov8_msgs_s__rosidl_typesupport_c.cpython-310-x86_64-linux-gnu.so" to ""
[6.836s] -- Installing: /home/doanh/robot_detect/install/yolov8_msgs/lib/libyolov8_msgs__rosidl_generator_py.so
[6.837s] -- Set non-toolchain portion of runtime path of "/home/doanh/robot_detect/install/yolov8_msgs/lib/libyolov8_msgs__rosidl_generator_py.so" to ""
[6.837s] -- Installing: /home/doanh/robot_detect/install/yolov8_msgs/share/yolov8_msgs/msg/InferenceResult.idl
[6.837s] -- Up-to-date: /home/doanh/robot_detect/install/yolov8_msgs/share/yolov8_msgs/msg/Yolov8Inference.idl
[6.837s] -- Up-to-date: /home/doanh/robot_detect/install/yolov8_msgs/share/yolov8_msgs/msg/HumanPosition.idl
[6.837s] -- Installing: /home/doanh/robot_detect/install/yolov8_msgs/share/yolov8_msgs/msg/HumanPositionArray.idl
[6.837s] -- Installing: /home/doanh/robot_detect/install/yolov8_msgs/share/yolov8_msgs/msg/InferenceResult.msg
[6.837s] -- Up-to-date: /home/doanh/robot_detect/install/yolov8_msgs/share/yolov8_msgs/msg/Yolov8Inference.msg
[6.837s] -- Up-to-date: /home/doanh/robot_detect/install/yolov8_msgs/share/yolov8_msgs/msg/HumanPosition.msg
[6.837s] -- Installing: /home/doanh/robot_detect/install/yolov8_msgs/share/yolov8_msgs/msg/HumanPositionArray.msg
[6.837s] -- Up-to-date: /home/doanh/robot_detect/install/yolov8_msgs/share/ament_index/resource_index/package_run_dependencies/yolov8_msgs
[6.837s] -- Installing: /home/doanh/robot_detect/install/yolov8_msgs/share/ament_index/resource_index/parent_prefix_path/yolov8_msgs
[6.837s] -- Up-to-date: /home/doanh/robot_detect/install/yolov8_msgs/share/yolov8_msgs/environment/ament_prefix_path.sh
[6.837s] -- Installing: /home/doanh/robot_detect/install/yolov8_msgs/share/yolov8_msgs/environment/ament_prefix_path.dsv
[6.837s] -- Up-to-date: /home/doanh/robot_detect/install/yolov8_msgs/share/yolov8_msgs/environment/path.sh
[6.837s] -- Installing: /home/doanh/robot_detect/install/yolov8_msgs/share/yolov8_msgs/environment/path.dsv
[6.837s] -- Up-to-date: /home/doanh/robot_detect/install/yolov8_msgs/share/yolov8_msgs/local_setup.bash
[6.838s] -- Up-to-date: /home/doanh/robot_detect/install/yolov8_msgs/share/yolov8_msgs/local_setup.sh
[6.838s] -- Up-to-date: /home/doanh/robot_detect/install/yolov8_msgs/share/yolov8_msgs/local_setup.zsh
[6.838s] -- Installing: /home/doanh/robot_detect/install/yolov8_msgs/share/yolov8_msgs/local_setup.dsv
[6.838s] -- Installing: /home/doanh/robot_detect/install/yolov8_msgs/share/yolov8_msgs/package.dsv
[6.838s] -- Up-to-date: /home/doanh/robot_detect/install/yolov8_msgs/share/ament_index/resource_index/packages/yolov8_msgs
[6.838s] -- Up-to-date: /home/doanh/robot_detect/install/yolov8_msgs/share/yolov8_msgs/cmake/export_yolov8_msgs__rosidl_generator_cExport.cmake
[6.838s] -- Up-to-date: /home/doanh/robot_detect/install/yolov8_msgs/share/yolov8_msgs/cmake/export_yolov8_msgs__rosidl_generator_cExport-noconfig.cmake
[6.838s] -- Up-to-date: /home/doanh/robot_detect/install/yolov8_msgs/share/yolov8_msgs/cmake/export_yolov8_msgs__rosidl_typesupport_fastrtps_cExport.cmake
[6.838s] -- Up-to-date: /home/doanh/robot_detect/install/yolov8_msgs/share/yolov8_msgs/cmake/export_yolov8_msgs__rosidl_typesupport_fastrtps_cExport-noconfig.cmake
[6.838s] -- Up-to-date: /home/doanh/robot_detect/install/yolov8_msgs/share/yolov8_msgs/cmake/export_yolov8_msgs__rosidl_generator_cppExport.cmake
[6.839s] -- Up-to-date: /home/doanh/robot_detect/install/yolov8_msgs/share/yolov8_msgs/cmake/export_yolov8_msgs__rosidl_typesupport_fastrtps_cppExport.cmake
[6.839s] -- Up-to-date: /home/doanh/robot_detect/install/yolov8_msgs/share/yolov8_msgs/cmake/export_yolov8_msgs__rosidl_typesupport_fastrtps_cppExport-noconfig.cmake
[6.839s] -- Up-to-date: /home/doanh/robot_detect/install/yolov8_msgs/share/yolov8_msgs/cmake/yolov8_msgs__rosidl_typesupport_introspection_cExport.cmake
[6.839s] -- Up-to-date: /home/doanh/robot_detect/install/yolov8_msgs/share/yolov8_msgs/cmake/yolov8_msgs__rosidl_typesupport_introspection_cExport-noconfig.cmake
[6.839s] -- Up-to-date: /home/doanh/robot_detect/install/yolov8_msgs/share/yolov8_msgs/cmake/yolov8_msgs__rosidl_typesupport_cExport.cmake
[6.839s] -- Up-to-date: /home/doanh/robot_detect/install/yolov8_msgs/share/yolov8_msgs/cmake/yolov8_msgs__rosidl_typesupport_cExport-noconfig.cmake
[6.839s] -- Up-to-date: /home/doanh/robot_detect/install/yolov8_msgs/share/yolov8_msgs/cmake/yolov8_msgs__rosidl_typesupport_introspection_cppExport.cmake
[6.839s] -- Up-to-date: /home/doanh/robot_detect/install/yolov8_msgs/share/yolov8_msgs/cmake/yolov8_msgs__rosidl_typesupport_introspection_cppExport-noconfig.cmake
[6.839s] -- Up-to-date: /home/doanh/robot_detect/install/yolov8_msgs/share/yolov8_msgs/cmake/yolov8_msgs__rosidl_typesupport_cppExport.cmake
[6.839s] -- Up-to-date: /home/doanh/robot_detect/install/yolov8_msgs/share/yolov8_msgs/cmake/yolov8_msgs__rosidl_typesupport_cppExport-noconfig.cmake
[6.840s] -- Up-to-date: /home/doanh/robot_detect/install/yolov8_msgs/share/yolov8_msgs/cmake/export_yolov8_msgs__rosidl_generator_pyExport.cmake
[6.840s] -- Up-to-date: /home/doanh/robot_detect/install/yolov8_msgs/share/yolov8_msgs/cmake/export_yolov8_msgs__rosidl_generator_pyExport-noconfig.cmake
[6.840s] -- Installing: /home/doanh/robot_detect/install/yolov8_msgs/share/yolov8_msgs/cmake/rosidl_cmake-extras.cmake
[6.840s] -- Up-to-date: /home/doanh/robot_detect/install/yolov8_msgs/share/yolov8_msgs/cmake/ament_cmake_export_dependencies-extras.cmake
[6.840s] -- Up-to-date: /home/doanh/robot_detect/install/yolov8_msgs/share/yolov8_msgs/cmake/ament_cmake_export_include_directories-extras.cmake
[6.840s] -- Up-to-date: /home/doanh/robot_detect/install/yolov8_msgs/share/yolov8_msgs/cmake/ament_cmake_export_libraries-extras.cmake
[6.840s] -- Up-to-date: /home/doanh/robot_detect/install/yolov8_msgs/share/yolov8_msgs/cmake/ament_cmake_export_targets-extras.cmake
[6.840s] -- Up-to-date: /home/doanh/robot_detect/install/yolov8_msgs/share/yolov8_msgs/cmake/rosidl_cmake_export_typesupport_targets-extras.cmake
[6.840s] -- Up-to-date: /home/doanh/robot_detect/install/yolov8_msgs/share/yolov8_msgs/cmake/rosidl_cmake_export_typesupport_libraries-extras.cmake
[6.840s] -- Up-to-date: /home/doanh/robot_detect/install/yolov8_msgs/share/yolov8_msgs/cmake/yolov8_msgsConfig.cmake
[6.840s] -- Up-to-date: /home/doanh/robot_detect/install/yolov8_msgs/share/yolov8_msgs/cmake/yolov8_msgsConfig-version.cmake
[6.840s] -- Up-to-date: /home/doanh/robot_detect/install/yolov8_msgs/share/yolov8_msgs/package.xml
[6.842s] Invoked command in '/home/doanh/robot_detect/build/yolov8_msgs' returned '0': CMAKE_PREFIX_PATH=${CMAKE_PREFIX_PATH}:/home/doanh/robot_detect/install/robot_simulation:/home/doanh/robot_detect/install/robot_navigation:/home/doanh/robot_detect/install/robot_mapping:/home/doanh/robot_detect/install/robot_joy:/home/doanh/robot_detect/install/human_follow:/home/doanh/robot_detect/install/follow_human:/home/doanh/go2_robot/install/speech_processor:/home/doanh/go2_robot/install/reset_odom:/home/doanh/go2_robot/install/livox_to_laserscan:/home/doanh/go2_robot/install/lidar_processor:/home/doanh/go2_robot/install/go2_robot_sdk:/home/doanh/go2_robot/install/coco_detector:/home/doanh/mrdoanh_projects/install/speech_processor:/home/doanh/mrdoanh_projects/install/lidar_processor:/home/doanh/mrdoanh_projects/install/go2_robot_sdk:/home/doanh/mrdoanh_projects/install/coco_detector:/home/doanh/new/mrdoanh_projects/install/speech_processor:/home/doanh/new/mrdoanh_projects/install/lidar_processor:/home/doanh/new/mrdoanh_projects/install/go2_robot_sdk:/home/doanh/new/mrdoanh_projects/install/coco_detector:/opt/ros/humble /home/doanh/.local/bin/cmake --install /home/doanh/robot_detect/build/yolov8_msgs
