[0.012s] Invoking command in '/home/doanh/robot_detect/build/robot_recognition': CMAKE_PREFIX_PATH=${CMAKE_PREFIX_PATH}:/home/doanh/robot_detect/install/robot_simulation:/home/doanh/robot_detect/install/robot_navigation:/home/doanh/robot_detect/install/robot_mapping:/home/doanh/robot_detect/install/robot_joy:/home/doanh/robot_detect/install/human_follow:/home/doanh/robot_detect/install/follow_human:/home/doanh/go2_robot/install/speech_processor:/home/doanh/go2_robot/install/reset_odom:/home/doanh/go2_robot/install/livox_to_laserscan:/home/doanh/go2_robot/install/lidar_processor:/home/doanh/go2_robot/install/go2_robot_sdk:/home/doanh/go2_robot/install/coco_detector:/home/doanh/mrdoanh_projects/install/speech_processor:/home/doanh/mrdoanh_projects/install/lidar_processor:/home/doanh/mrdoanh_projects/install/go2_robot_sdk:/home/doanh/mrdoanh_projects/install/coco_detector:/home/doanh/new/mrdoanh_projects/install/speech_processor:/home/doanh/new/mrdoanh_projects/install/lidar_processor:/home/doanh/new/mrdoanh_projects/install/go2_robot_sdk:/home/doanh/new/mrdoanh_projects/install/coco_detector:/opt/ros/humble /home/doanh/.local/bin/cmake --build /home/doanh/robot_detect/build/robot_recognition -- -j12 -l12
[0.097s] [0mCMake Deprecation Warning at CMakeLists.txt:1 (cmake_minimum_required):
[0.097s]   Compatibility with CMake < 3.10 will be removed from a future version of
[0.097s]   CMake.
[0.097s] 
[0.097s]   Update the VERSION argument <min> value.  Or, use the <min>...<max> syntax
[0.097s]   to tell CMake that the project requires at least <min> but has been updated
[0.097s]   to work with policies introduced by <max> or earlier.
[0.097s] 
[0.097s] [0m
[0.107s] -- Found ament_cmake: 1.3.12 (/opt/ros/humble/share/ament_cmake/cmake)
[0.341s] -- Found ament_lint_auto: 0.12.14 (/opt/ros/humble/share/ament_lint_auto/cmake)
[0.414s] -- Added test 'copyright' to check source files copyright and LICENSE
[0.415s] -- Added test 'flake8' to check Python code syntax and style conventions
[0.416s] -- Added test 'lint_cmake' to check CMake code style
[0.416s] -- Added test 'pep257' to check Python code against some of the docstring style conventions in PEP 257
[0.417s] -- Added test 'xmllint' to check XML markup files
[0.418s] -- Configuring done (0.3s)
[0.423s] -- Generating done (0.0s)
[0.424s] -- Build files have been written to: /home/doanh/robot_detect/build/robot_recognition
[0.433s] Invoked command in '/home/doanh/robot_detect/build/robot_recognition' returned '0': CMAKE_PREFIX_PATH=${CMAKE_PREFIX_PATH}:/home/doanh/robot_detect/install/robot_simulation:/home/doanh/robot_detect/install/robot_navigation:/home/doanh/robot_detect/install/robot_mapping:/home/doanh/robot_detect/install/robot_joy:/home/doanh/robot_detect/install/human_follow:/home/doanh/robot_detect/install/follow_human:/home/doanh/go2_robot/install/speech_processor:/home/doanh/go2_robot/install/reset_odom:/home/doanh/go2_robot/install/livox_to_laserscan:/home/doanh/go2_robot/install/lidar_processor:/home/doanh/go2_robot/install/go2_robot_sdk:/home/doanh/go2_robot/install/coco_detector:/home/doanh/mrdoanh_projects/install/speech_processor:/home/doanh/mrdoanh_projects/install/lidar_processor:/home/doanh/mrdoanh_projects/install/go2_robot_sdk:/home/doanh/mrdoanh_projects/install/coco_detector:/home/doanh/new/mrdoanh_projects/install/speech_processor:/home/doanh/new/mrdoanh_projects/install/lidar_processor:/home/doanh/new/mrdoanh_projects/install/go2_robot_sdk:/home/doanh/new/mrdoanh_projects/install/coco_detector:/opt/ros/humble /home/doanh/.local/bin/cmake --build /home/doanh/robot_detect/build/robot_recognition -- -j12 -l12
[0.508s] Invoking command in '/home/doanh/robot_detect/build/robot_recognition': CMAKE_PREFIX_PATH=${CMAKE_PREFIX_PATH}:/home/doanh/robot_detect/install/robot_simulation:/home/doanh/robot_detect/install/robot_navigation:/home/doanh/robot_detect/install/robot_mapping:/home/doanh/robot_detect/install/robot_joy:/home/doanh/robot_detect/install/human_follow:/home/doanh/robot_detect/install/follow_human:/home/doanh/go2_robot/install/speech_processor:/home/doanh/go2_robot/install/reset_odom:/home/doanh/go2_robot/install/livox_to_laserscan:/home/doanh/go2_robot/install/lidar_processor:/home/doanh/go2_robot/install/go2_robot_sdk:/home/doanh/go2_robot/install/coco_detector:/home/doanh/mrdoanh_projects/install/speech_processor:/home/doanh/mrdoanh_projects/install/lidar_processor:/home/doanh/mrdoanh_projects/install/go2_robot_sdk:/home/doanh/mrdoanh_projects/install/coco_detector:/home/doanh/new/mrdoanh_projects/install/speech_processor:/home/doanh/new/mrdoanh_projects/install/lidar_processor:/home/doanh/new/mrdoanh_projects/install/go2_robot_sdk:/home/doanh/new/mrdoanh_projects/install/coco_detector:/opt/ros/humble /home/doanh/.local/bin/cmake --install /home/doanh/robot_detect/build/robot_recognition
[0.590s] -- Install configuration: ""
[0.590s] -- Up-to-date: /home/doanh/robot_detect/install/robot_recognition/share/robot_recognition//scripts
[0.590s] -- Up-to-date: /home/doanh/robot_detect/install/robot_recognition/share/robot_recognition//scripts/yolov8_ros2_pt.py
[0.590s] -- Up-to-date: /home/doanh/robot_detect/install/robot_recognition/share/robot_recognition//scripts/yolov8n.pt
[0.591s] -- Installing: /home/doanh/robot_detect/install/robot_recognition/share/robot_recognition//scripts/human_position_publisher.py
[0.591s] -- Up-to-date: /home/doanh/robot_detect/install/robot_recognition/share/robot_recognition//scripts/yolov8_ros2_subscriber.py
[0.591s] -- Up-to-date: /home/doanh/robot_detect/install/robot_recognition/share/robot_recognition//launch
[0.591s] -- Up-to-date: /home/doanh/robot_detect/install/robot_recognition/share/robot_recognition//launch/launch_yolov8.launch.py
[0.591s] -- Up-to-date: /home/doanh/robot_detect/install/robot_recognition/lib/robot_recognition/yolov8_ros2_pt.py
[0.591s] -- Up-to-date: /home/doanh/robot_detect/install/robot_recognition/lib/robot_recognition/yolov8_ros2_subscriber.py
[0.591s] -- Installing: /home/doanh/robot_detect/install/robot_recognition/lib/robot_recognition/human_position_publisher.py
[0.591s] -- Up-to-date: /home/doanh/robot_detect/install/robot_recognition/lib/robot_recognition/launch_yolov8.launch.py
[0.591s] -- Up-to-date: /home/doanh/robot_detect/install/robot_recognition/share/ament_index/resource_index/package_run_dependencies/robot_recognition
[0.591s] -- Installing: /home/doanh/robot_detect/install/robot_recognition/share/ament_index/resource_index/parent_prefix_path/robot_recognition
[0.591s] -- Up-to-date: /home/doanh/robot_detect/install/robot_recognition/share/robot_recognition/environment/ament_prefix_path.sh
[0.591s] -- Installing: /home/doanh/robot_detect/install/robot_recognition/share/robot_recognition/environment/ament_prefix_path.dsv
[0.591s] -- Up-to-date: /home/doanh/robot_detect/install/robot_recognition/share/robot_recognition/environment/path.sh
[0.591s] -- Installing: /home/doanh/robot_detect/install/robot_recognition/share/robot_recognition/environment/path.dsv
[0.591s] -- Up-to-date: /home/doanh/robot_detect/install/robot_recognition/share/robot_recognition/local_setup.bash
[0.592s] -- Up-to-date: /home/doanh/robot_detect/install/robot_recognition/share/robot_recognition/local_setup.sh
[0.592s] -- Up-to-date: /home/doanh/robot_detect/install/robot_recognition/share/robot_recognition/local_setup.zsh
[0.592s] -- Installing: /home/doanh/robot_detect/install/robot_recognition/share/robot_recognition/local_setup.dsv
[0.592s] -- Installing: /home/doanh/robot_detect/install/robot_recognition/share/robot_recognition/package.dsv
[0.592s] -- Up-to-date: /home/doanh/robot_detect/install/robot_recognition/share/ament_index/resource_index/packages/robot_recognition
[0.592s] -- Up-to-date: /home/doanh/robot_detect/install/robot_recognition/share/robot_recognition/cmake/robot_recognitionConfig.cmake
[0.592s] -- Up-to-date: /home/doanh/robot_detect/install/robot_recognition/share/robot_recognition/cmake/robot_recognitionConfig-version.cmake
[0.592s] -- Up-to-date: /home/doanh/robot_detect/install/robot_recognition/share/robot_recognition/package.xml
[0.593s] Invoked command in '/home/doanh/robot_detect/build/robot_recognition' returned '0': CMAKE_PREFIX_PATH=${CMAKE_PREFIX_PATH}:/home/doanh/robot_detect/install/robot_simulation:/home/doanh/robot_detect/install/robot_navigation:/home/doanh/robot_detect/install/robot_mapping:/home/doanh/robot_detect/install/robot_joy:/home/doanh/robot_detect/install/human_follow:/home/doanh/robot_detect/install/follow_human:/home/doanh/go2_robot/install/speech_processor:/home/doanh/go2_robot/install/reset_odom:/home/doanh/go2_robot/install/livox_to_laserscan:/home/doanh/go2_robot/install/lidar_processor:/home/doanh/go2_robot/install/go2_robot_sdk:/home/doanh/go2_robot/install/coco_detector:/home/doanh/mrdoanh_projects/install/speech_processor:/home/doanh/mrdoanh_projects/install/lidar_processor:/home/doanh/mrdoanh_projects/install/go2_robot_sdk:/home/doanh/mrdoanh_projects/install/coco_detector:/home/doanh/new/mrdoanh_projects/install/speech_processor:/home/doanh/new/mrdoanh_projects/install/lidar_processor:/home/doanh/new/mrdoanh_projects/install/go2_robot_sdk:/home/doanh/new/mrdoanh_projects/install/coco_detector:/opt/ros/humble /home/doanh/.local/bin/cmake --install /home/doanh/robot_detect/build/robot_recognition
