[2.163s] Invoking command in '/home/doanh/robot_detect/src/human_follow': PYTHONPATH=/home/doanh/robot_detect/build/human_follow/prefix_override:/usr/lib/python3/dist-packages/colcon_core/task/python/colcon_distutils_commands:/home/doanh/robot_detect/install/human_follow/lib/python3.10/site-packages:${PYTHONPATH} /usr/bin/python3 -W ignore:setup.py install is deprecated -W ignore:easy_install command is deprecated setup.py egg_info --egg-base ../../build/human_follow build --build-base /home/doanh/robot_detect/build/human_follow/build install --record /home/doanh/robot_detect/build/human_follow/install.log --single-version-externally-managed install_data
[2.603s] running egg_info
[2.606s] writing ../../build/human_follow/human_follow.egg-info/PKG-INFO
[2.606s] writing dependency_links to ../../build/human_follow/human_follow.egg-info/dependency_links.txt
[2.606s] writing entry points to ../../build/human_follow/human_follow.egg-info/entry_points.txt
[2.607s] writing requirements to ../../build/human_follow/human_follow.egg-info/requires.txt
[2.607s] writing top-level names to ../../build/human_follow/human_follow.egg-info/top_level.txt
[2.611s] reading manifest file '../../build/human_follow/human_follow.egg-info/SOURCES.txt'
[2.612s] writing manifest file '../../build/human_follow/human_follow.egg-info/SOURCES.txt'
[2.612s] running build
[2.612s] running build_py
[2.612s] running install
[2.613s] running install_lib
[2.616s] running install_data
[2.616s] running install_egg_info
[2.618s] removing '/home/doanh/robot_detect/install/human_follow/lib/python3.10/site-packages/human_follow-0.0.0-py3.10.egg-info' (and everything under it)
[2.619s] Copying ../../build/human_follow/human_follow.egg-info to /home/doanh/robot_detect/install/human_follow/lib/python3.10/site-packages/human_follow-0.0.0-py3.10.egg-info
[2.620s] running install_scripts
[2.652s] Installing follow_human script to /home/doanh/robot_detect/install/human_follow/lib/human_follow
[2.653s] writing list of installed files to '/home/doanh/robot_detect/build/human_follow/install.log'
[2.692s] Invoked command in '/home/doanh/robot_detect/src/human_follow' returned '0': PYTHONPATH=/home/doanh/robot_detect/build/human_follow/prefix_override:/usr/lib/python3/dist-packages/colcon_core/task/python/colcon_distutils_commands:/home/doanh/robot_detect/install/human_follow/lib/python3.10/site-packages:${PYTHONPATH} /usr/bin/python3 -W ignore:setup.py install is deprecated -W ignore:easy_install command is deprecated setup.py egg_info --egg-base ../../build/human_follow build --build-base /home/doanh/robot_detect/build/human_follow/build install --record /home/doanh/robot_detect/build/human_follow/install.log --single-version-externally-managed install_data
