running egg_info
creating ../../build/robot_mapping/robot_mapping.egg-info
writing ../../build/robot_mapping/robot_mapping.egg-info/PKG-INFO
writing dependency_links to ../../build/robot_mapping/robot_mapping.egg-info/dependency_links.txt
writing entry points to ../../build/robot_mapping/robot_mapping.egg-info/entry_points.txt
writing requirements to ../../build/robot_mapping/robot_mapping.egg-info/requires.txt
writing top-level names to ../../build/robot_mapping/robot_mapping.egg-info/top_level.txt
writing manifest file '../../build/robot_mapping/robot_mapping.egg-info/SOURCES.txt'
reading manifest file '../../build/robot_mapping/robot_mapping.egg-info/SOURCES.txt'
writing manifest file '../../build/robot_mapping/robot_mapping.egg-info/SOURCES.txt'
running build
running build_py
creating /home/doanh/robot_detect/build/robot_mapping/build
creating /home/doanh/robot_detect/build/robot_mapping/build/lib
creating /home/doanh/robot_detect/build/robot_mapping/build/lib/robot_mapping
copying robot_mapping/__init__.py -> /home/doanh/robot_detect/build/robot_mapping/build/lib/robot_mapping
running install
running install_lib
creating /home/doanh/robot_detect/install/robot_mapping/lib/python3.10/site-packages/robot_mapping
copying /home/doanh/robot_detect/build/robot_mapping/build/lib/robot_mapping/__init__.py -> /home/doanh/robot_detect/install/robot_mapping/lib/python3.10/site-packages/robot_mapping
byte-compiling /home/doanh/robot_detect/install/robot_mapping/lib/python3.10/site-packages/robot_mapping/__init__.py to __init__.cpython-310.pyc
running install_data
creating /home/doanh/robot_detect/install/robot_mapping/share/ament_index
creating /home/doanh/robot_detect/install/robot_mapping/share/ament_index/resource_index
creating /home/doanh/robot_detect/install/robot_mapping/share/ament_index/resource_index/packages
copying resource/robot_mapping -> /home/doanh/robot_detect/install/robot_mapping/share/ament_index/resource_index/packages
copying package.xml -> /home/doanh/robot_detect/install/robot_mapping/share/robot_mapping
creating /home/doanh/robot_detect/install/robot_mapping/share/robot_mapping/launch
copying launch/slam_toolbox.launch.py -> /home/doanh/robot_detect/install/robot_mapping/share/robot_mapping/launch
copying launch/cartographer.launch.py -> /home/doanh/robot_detect/install/robot_mapping/share/robot_mapping/launch
creating /home/doanh/robot_detect/install/robot_mapping/share/robot_mapping/config
copying config/mapper_params_online_async.yaml -> /home/doanh/robot_detect/install/robot_mapping/share/robot_mapping/config
copying config/lds_2d.lua -> /home/doanh/robot_detect/install/robot_mapping/share/robot_mapping/config
creating /home/doanh/robot_detect/install/robot_mapping/share/robot_mapping/rviz
copying rviz/cartographer_mapping.rviz -> /home/doanh/robot_detect/install/robot_mapping/share/robot_mapping/rviz
creating /home/doanh/robot_detect/install/robot_mapping/share/robot_mapping/maps
copying maps/map.pgm -> /home/doanh/robot_detect/install/robot_mapping/share/robot_mapping/maps
copying maps/my_map.pgm -> /home/doanh/robot_detect/install/robot_mapping/share/robot_mapping/maps
copying maps/my_map.yaml -> /home/doanh/robot_detect/install/robot_mapping/share/robot_mapping/maps
copying maps/map.yaml -> /home/doanh/robot_detect/install/robot_mapping/share/robot_mapping/maps
running install_egg_info
Copying ../../build/robot_mapping/robot_mapping.egg-info to /home/doanh/robot_detect/install/robot_mapping/lib/python3.10/site-packages/robot_mapping-0.0.0-py3.10.egg-info
running install_scripts
writing list of installed files to '/home/doanh/robot_detect/build/robot_mapping/install.log'
