[1.807s] Invoking command in '/home/doanh/robot_detect/src/robot_mapping': PYTHONPATH=/home/doanh/robot_detect/build/robot_mapping/prefix_override:/usr/lib/python3/dist-packages/colcon_core/task/python/colcon_distutils_commands:/home/doanh/robot_detect/install/robot_mapping/lib/python3.10/site-packages:${PYTHONPATH} /usr/bin/python3 -W ignore:setup.py install is deprecated -W ignore:easy_install command is deprecated setup.py egg_info --egg-base ../../build/robot_mapping build --build-base /home/doanh/robot_detect/build/robot_mapping/build install --record /home/doanh/robot_detect/build/robot_mapping/install.log --single-version-externally-managed install_data
[2.097s] running egg_info
[2.100s] creating ../../build/robot_mapping/robot_mapping.egg-info
[2.101s] writing ../../build/robot_mapping/robot_mapping.egg-info/PKG-INFO
[2.103s] writing dependency_links to ../../build/robot_mapping/robot_mapping.egg-info/dependency_links.txt
[2.104s] writing entry points to ../../build/robot_mapping/robot_mapping.egg-info/entry_points.txt
[2.104s] writing requirements to ../../build/robot_mapping/robot_mapping.egg-info/requires.txt
[2.104s] writing top-level names to ../../build/robot_mapping/robot_mapping.egg-info/top_level.txt
[2.105s] writing manifest file '../../build/robot_mapping/robot_mapping.egg-info/SOURCES.txt'
[2.106s] reading manifest file '../../build/robot_mapping/robot_mapping.egg-info/SOURCES.txt'
[2.106s] writing manifest file '../../build/robot_mapping/robot_mapping.egg-info/SOURCES.txt'
[2.106s] running build
[2.107s] running build_py
[2.107s] creating /home/doanh/robot_detect/build/robot_mapping/build
[2.107s] creating /home/doanh/robot_detect/build/robot_mapping/build/lib
[2.108s] creating /home/doanh/robot_detect/build/robot_mapping/build/lib/robot_mapping
[2.108s] copying robot_mapping/__init__.py -> /home/doanh/robot_detect/build/robot_mapping/build/lib/robot_mapping
[2.108s] running install
[2.108s] running install_lib
[2.109s] creating /home/doanh/robot_detect/install/robot_mapping/lib/python3.10/site-packages/robot_mapping
[2.109s] copying /home/doanh/robot_detect/build/robot_mapping/build/lib/robot_mapping/__init__.py -> /home/doanh/robot_detect/install/robot_mapping/lib/python3.10/site-packages/robot_mapping
[2.109s] byte-compiling /home/doanh/robot_detect/install/robot_mapping/lib/python3.10/site-packages/robot_mapping/__init__.py to __init__.cpython-310.pyc
[2.109s] running install_data
[2.109s] creating /home/doanh/robot_detect/install/robot_mapping/share/ament_index
[2.109s] creating /home/doanh/robot_detect/install/robot_mapping/share/ament_index/resource_index
[2.109s] creating /home/doanh/robot_detect/install/robot_mapping/share/ament_index/resource_index/packages
[2.109s] copying resource/robot_mapping -> /home/doanh/robot_detect/install/robot_mapping/share/ament_index/resource_index/packages
[2.109s] copying package.xml -> /home/doanh/robot_detect/install/robot_mapping/share/robot_mapping
[2.109s] creating /home/doanh/robot_detect/install/robot_mapping/share/robot_mapping/launch
[2.109s] copying launch/slam_toolbox.launch.py -> /home/doanh/robot_detect/install/robot_mapping/share/robot_mapping/launch
[2.109s] copying launch/cartographer.launch.py -> /home/doanh/robot_detect/install/robot_mapping/share/robot_mapping/launch
[2.109s] creating /home/doanh/robot_detect/install/robot_mapping/share/robot_mapping/config
[2.110s] copying config/mapper_params_online_async.yaml -> /home/doanh/robot_detect/install/robot_mapping/share/robot_mapping/config
[2.110s] copying config/lds_2d.lua -> /home/doanh/robot_detect/install/robot_mapping/share/robot_mapping/config
[2.110s] creating /home/doanh/robot_detect/install/robot_mapping/share/robot_mapping/rviz
[2.110s] copying rviz/cartographer_mapping.rviz -> /home/doanh/robot_detect/install/robot_mapping/share/robot_mapping/rviz
[2.110s] creating /home/doanh/robot_detect/install/robot_mapping/share/robot_mapping/maps
[2.110s] copying maps/map.pgm -> /home/doanh/robot_detect/install/robot_mapping/share/robot_mapping/maps
[2.110s] copying maps/my_map.pgm -> /home/doanh/robot_detect/install/robot_mapping/share/robot_mapping/maps
[2.111s] copying maps/my_map.yaml -> /home/doanh/robot_detect/install/robot_mapping/share/robot_mapping/maps
[2.111s] copying maps/map.yaml -> /home/doanh/robot_detect/install/robot_mapping/share/robot_mapping/maps
[2.111s] running install_egg_info
[2.111s] Copying ../../build/robot_mapping/robot_mapping.egg-info to /home/doanh/robot_detect/install/robot_mapping/lib/python3.10/site-packages/robot_mapping-0.0.0-py3.10.egg-info
[2.111s] running install_scripts
[2.137s] writing list of installed files to '/home/doanh/robot_detect/build/robot_mapping/install.log'
[2.225s] Invoked command in '/home/doanh/robot_detect/src/robot_mapping' returned '0': PYTHONPATH=/home/doanh/robot_detect/build/robot_mapping/prefix_override:/usr/lib/python3/dist-packages/colcon_core/task/python/colcon_distutils_commands:/home/doanh/robot_detect/install/robot_mapping/lib/python3.10/site-packages:${PYTHONPATH} /usr/bin/python3 -W ignore:setup.py install is deprecated -W ignore:easy_install command is deprecated setup.py egg_info --egg-base ../../build/robot_mapping build --build-base /home/doanh/robot_detect/build/robot_mapping/build install --record /home/doanh/robot_detect/build/robot_mapping/install.log --single-version-externally-managed install_data
