-- Install configuration: ""
-- Up-to-date: /home/doanh/robot_detect/install/robot_recognition/share/robot_recognition//scripts
-- Up-to-date: /home/doanh/robot_detect/install/robot_recognition/share/robot_recognition//scripts/yolov8_ros2_pt.py
-- Up-to-date: /home/doanh/robot_detect/install/robot_recognition/share/robot_recognition//scripts/yolov8n.pt
-- Installing: /home/doanh/robot_detect/install/robot_recognition/share/robot_recognition//scripts/yolov8_ros2_subscriber.py
-- Up-to-date: /home/doanh/robot_detect/install/robot_recognition/share/robot_recognition//launch
-- Up-to-date: /home/doanh/robot_detect/install/robot_recognition/share/robot_recognition//launch/launch_yolov8.launch.py
-- Up-to-date: /home/doanh/robot_detect/install/robot_recognition/lib/robot_recognition/yolov8_ros2_pt.py
-- Installing: /home/doanh/robot_detect/install/robot_recognition/lib/robot_recognition/yolov8_ros2_subscriber.py
-- Up-to-date: /home/doanh/robot_detect/install/robot_recognition/lib/robot_recognition/launch_yolov8.launch.py
-- Up-to-date: /home/doanh/robot_detect/install/robot_recognition/share/ament_index/resource_index/package_run_dependencies/robot_recognition
-- Up-to-date: /home/doanh/robot_detect/install/robot_recognition/share/ament_index/resource_index/parent_prefix_path/robot_recognition
-- Up-to-date: /home/doanh/robot_detect/install/robot_recognition/share/robot_recognition/environment/ament_prefix_path.sh
-- Up-to-date: /home/doanh/robot_detect/install/robot_recognition/share/robot_recognition/environment/ament_prefix_path.dsv
-- Up-to-date: /home/doanh/robot_detect/install/robot_recognition/share/robot_recognition/environment/path.sh
-- Up-to-date: /home/doanh/robot_detect/install/robot_recognition/share/robot_recognition/environment/path.dsv
-- Up-to-date: /home/doanh/robot_detect/install/robot_recognition/share/robot_recognition/local_setup.bash
-- Up-to-date: /home/doanh/robot_detect/install/robot_recognition/share/robot_recognition/local_setup.sh
-- Up-to-date: /home/doanh/robot_detect/install/robot_recognition/share/robot_recognition/local_setup.zsh
-- Up-to-date: /home/doanh/robot_detect/install/robot_recognition/share/robot_recognition/local_setup.dsv
-- Installing: /home/doanh/robot_detect/install/robot_recognition/share/robot_recognition/package.dsv
-- Up-to-date: /home/doanh/robot_detect/install/robot_recognition/share/ament_index/resource_index/packages/robot_recognition
-- Up-to-date: /home/doanh/robot_detect/install/robot_recognition/share/robot_recognition/cmake/robot_recognitionConfig.cmake
-- Up-to-date: /home/doanh/robot_detect/install/robot_recognition/share/robot_recognition/cmake/robot_recognitionConfig-version.cmake
-- Up-to-date: /home/doanh/robot_detect/install/robot_recognition/share/robot_recognition/package.xml
