[2.118s] Invoking command in '/home/doanh/robot_detect/src/robot_mapping': PYTHONPATH=/home/doanh/robot_detect/build/robot_mapping/prefix_override:/usr/lib/python3/dist-packages/colcon_core/task/python/colcon_distutils_commands:/home/doanh/robot_detect/install/robot_mapping/lib/python3.10/site-packages:${PYTHONPATH} /usr/bin/python3 -W ignore:setup.py install is deprecated -W ignore:easy_install command is deprecated setup.py egg_info --egg-base ../../build/robot_mapping build --build-base /home/doanh/robot_detect/build/robot_mapping/build install --record /home/doanh/robot_detect/build/robot_mapping/install.log --single-version-externally-managed install_data
[2.381s] running egg_info
[2.382s] writing ../../build/robot_mapping/robot_mapping.egg-info/PKG-INFO
[2.383s] writing dependency_links to ../../build/robot_mapping/robot_mapping.egg-info/dependency_links.txt
[2.383s] writing entry points to ../../build/robot_mapping/robot_mapping.egg-info/entry_points.txt
[2.383s] writing requirements to ../../build/robot_mapping/robot_mapping.egg-info/requires.txt
[2.383s] writing top-level names to ../../build/robot_mapping/robot_mapping.egg-info/top_level.txt
[2.385s] reading manifest file '../../build/robot_mapping/robot_mapping.egg-info/SOURCES.txt'
[2.386s] writing manifest file '../../build/robot_mapping/robot_mapping.egg-info/SOURCES.txt'
[2.386s] running build
[2.386s] running build_py
[2.386s] running install
[2.387s] running install_lib
[2.388s] running install_data
[2.389s] running install_egg_info
[2.391s] removing '/home/doanh/robot_detect/install/robot_mapping/lib/python3.10/site-packages/robot_mapping-0.0.0-py3.10.egg-info' (and everything under it)
[2.391s] Copying ../../build/robot_mapping/robot_mapping.egg-info to /home/doanh/robot_detect/install/robot_mapping/lib/python3.10/site-packages/robot_mapping-0.0.0-py3.10.egg-info
[2.392s] running install_scripts
[2.422s] writing list of installed files to '/home/doanh/robot_detect/build/robot_mapping/install.log'
[2.458s] Invoked command in '/home/doanh/robot_detect/src/robot_mapping' returned '0': PYTHONPATH=/home/doanh/robot_detect/build/robot_mapping/prefix_override:/usr/lib/python3/dist-packages/colcon_core/task/python/colcon_distutils_commands:/home/doanh/robot_detect/install/robot_mapping/lib/python3.10/site-packages:${PYTHONPATH} /usr/bin/python3 -W ignore:setup.py install is deprecated -W ignore:easy_install command is deprecated setup.py egg_info --egg-base ../../build/robot_mapping build --build-base /home/doanh/robot_detect/build/robot_mapping/build install --record /home/doanh/robot_detect/build/robot_mapping/install.log --single-version-externally-managed install_data
