[0.184s] DEBUG:colcon:Command line arguments: ['/usr/bin/colcon', 'build']
[0.184s] DEBUG:colcon:Parsed command line arguments: Namespace(log_base=None, log_level=None, verb_name='build', build_base='build', install_base='install', merge_install=False, symlink_install=False, test_result_base=None, continue_on_error=False, executor='parallel', parallel_workers=12, event_handlers=None, ignore_user_meta=False, metas=['./colcon.meta'], base_paths=['.'], packages_ignore=None, packages_ignore_regex=None, paths=None, packages_up_to=None, packages_up_to_regex=None, packages_above=None, packages_above_and_dependencies=None, packages_above_depth=None, packages_select_by_dep=None, packages_skip_by_dep=None, packages_skip_up_to=None, packages_select_build_failed=False, packages_skip_build_finished=False, packages_select_test_failures=False, packages_skip_test_passed=False, packages_select=None, packages_skip=None, packages_select_regex=None, packages_skip_regex=None, packages_start=None, packages_end=None, allow_overriding=[], cmake_args=None, cmake_target=None, cmake_target_skip_unavailable=False, cmake_clean_cache=False, cmake_clean_first=False, cmake_force_configure=False, ament_cmake_args=None, catkin_cmake_args=None, catkin_skip_building_tests=False, verb_parser=<colcon_defaults.argument_parser.defaults.DefaultArgumentsDecorator object at 0x76f37ae76b90>, verb_extension=<colcon_core.verb.build.BuildVerb object at 0x76f37afd8040>, main=<bound method BuildVerb.main of <colcon_core.verb.build.BuildVerb object at 0x76f37afd8040>>)
[0.438s] Level 1:colcon.colcon_core.package_discovery:discover_packages(colcon_meta) check parameters
[0.438s] Level 1:colcon.colcon_core.package_discovery:discover_packages(recursive) check parameters
[0.438s] Level 1:colcon.colcon_core.package_discovery:discover_packages(ignore) check parameters
[0.438s] Level 1:colcon.colcon_core.package_discovery:discover_packages(path) check parameters
[0.438s] Level 1:colcon.colcon_core.package_discovery:discover_packages(colcon_meta) discover
[0.438s] Level 1:colcon.colcon_core.package_discovery:discover_packages(recursive) discover
[0.438s] INFO:colcon.colcon_core.package_discovery:Crawling recursively for packages in '/home/doanh/robot_detect'
[0.438s] Level 1:colcon.colcon_core.package_identification:_identify(.) by extensions ['ignore', 'ignore_ament_install']
[0.438s] Level 1:colcon.colcon_core.package_identification:_identify(.) by extension 'ignore'
[0.438s] Level 1:colcon.colcon_core.package_identification:_identify(.) by extension 'ignore_ament_install'
[0.438s] Level 1:colcon.colcon_core.package_identification:_identify(.) by extensions ['colcon_pkg']
[0.438s] Level 1:colcon.colcon_core.package_identification:_identify(.) by extension 'colcon_pkg'
[0.438s] Level 1:colcon.colcon_core.package_identification:_identify(.) by extensions ['colcon_meta']
[0.438s] Level 1:colcon.colcon_core.package_identification:_identify(.) by extension 'colcon_meta'
[0.438s] Level 1:colcon.colcon_core.package_identification:_identify(.) by extensions ['ros']
[0.438s] Level 1:colcon.colcon_core.package_identification:_identify(.) by extension 'ros'
[0.462s] Level 1:colcon.colcon_core.package_identification:_identify(.) by extensions ['cmake', 'python']
[0.462s] Level 1:colcon.colcon_core.package_identification:_identify(.) by extension 'cmake'
[0.462s] Level 1:colcon.colcon_core.package_identification:_identify(.) by extension 'python'
[0.462s] Level 1:colcon.colcon_core.package_identification:_identify(.) by extensions ['python_setup_py']
[0.462s] Level 1:colcon.colcon_core.package_identification:_identify(.) by extension 'python_setup_py'
[0.462s] Level 1:colcon.colcon_core.package_identification:_identify(build) by extensions ['ignore', 'ignore_ament_install']
[0.462s] Level 1:colcon.colcon_core.package_identification:_identify(build) by extension 'ignore'
[0.462s] Level 1:colcon.colcon_core.package_identification:_identify(build) ignored
[0.462s] Level 1:colcon.colcon_core.package_identification:_identify(install) by extensions ['ignore', 'ignore_ament_install']
[0.462s] Level 1:colcon.colcon_core.package_identification:_identify(install) by extension 'ignore'
[0.462s] Level 1:colcon.colcon_core.package_identification:_identify(install) ignored
[0.463s] Level 1:colcon.colcon_core.package_identification:_identify(log) by extensions ['ignore', 'ignore_ament_install']
[0.463s] Level 1:colcon.colcon_core.package_identification:_identify(log) by extension 'ignore'
[0.463s] Level 1:colcon.colcon_core.package_identification:_identify(log) ignored
[0.463s] Level 1:colcon.colcon_core.package_identification:_identify(src) by extensions ['ignore', 'ignore_ament_install']
[0.463s] Level 1:colcon.colcon_core.package_identification:_identify(src) by extension 'ignore'
[0.463s] Level 1:colcon.colcon_core.package_identification:_identify(src) by extension 'ignore_ament_install'
[0.463s] Level 1:colcon.colcon_core.package_identification:_identify(src) by extensions ['colcon_pkg']
[0.463s] Level 1:colcon.colcon_core.package_identification:_identify(src) by extension 'colcon_pkg'
[0.463s] Level 1:colcon.colcon_core.package_identification:_identify(src) by extensions ['colcon_meta']
[0.463s] Level 1:colcon.colcon_core.package_identification:_identify(src) by extension 'colcon_meta'
[0.463s] Level 1:colcon.colcon_core.package_identification:_identify(src) by extensions ['ros']
[0.463s] Level 1:colcon.colcon_core.package_identification:_identify(src) by extension 'ros'
[0.463s] Level 1:colcon.colcon_core.package_identification:_identify(src) by extensions ['cmake', 'python']
[0.463s] Level 1:colcon.colcon_core.package_identification:_identify(src) by extension 'cmake'
[0.463s] Level 1:colcon.colcon_core.package_identification:_identify(src) by extension 'python'
[0.463s] Level 1:colcon.colcon_core.package_identification:_identify(src) by extensions ['python_setup_py']
[0.463s] Level 1:colcon.colcon_core.package_identification:_identify(src) by extension 'python_setup_py'
[0.463s] Level 1:colcon.colcon_core.package_identification:_identify(src/follow_human) by extensions ['ignore', 'ignore_ament_install']
[0.463s] Level 1:colcon.colcon_core.package_identification:_identify(src/follow_human) by extension 'ignore'
[0.463s] Level 1:colcon.colcon_core.package_identification:_identify(src/follow_human) by extension 'ignore_ament_install'
[0.463s] Level 1:colcon.colcon_core.package_identification:_identify(src/follow_human) by extensions ['colcon_pkg']
[0.463s] Level 1:colcon.colcon_core.package_identification:_identify(src/follow_human) by extension 'colcon_pkg'
[0.463s] Level 1:colcon.colcon_core.package_identification:_identify(src/follow_human) by extensions ['colcon_meta']
[0.463s] Level 1:colcon.colcon_core.package_identification:_identify(src/follow_human) by extension 'colcon_meta'
[0.463s] Level 1:colcon.colcon_core.package_identification:_identify(src/follow_human) by extensions ['ros']
[0.463s] Level 1:colcon.colcon_core.package_identification:_identify(src/follow_human) by extension 'ros'
[0.466s] DEBUG:colcon.colcon_core.package_identification:Package 'src/follow_human' with type 'ros.ament_python' and name 'follow_human'
[0.466s] Level 1:colcon.colcon_core.package_identification:_identify(src/robot_joy) by extensions ['ignore', 'ignore_ament_install']
[0.466s] Level 1:colcon.colcon_core.package_identification:_identify(src/robot_joy) by extension 'ignore'
[0.466s] Level 1:colcon.colcon_core.package_identification:_identify(src/robot_joy) by extension 'ignore_ament_install'
[0.466s] Level 1:colcon.colcon_core.package_identification:_identify(src/robot_joy) by extensions ['colcon_pkg']
[0.466s] Level 1:colcon.colcon_core.package_identification:_identify(src/robot_joy) by extension 'colcon_pkg'
[0.467s] Level 1:colcon.colcon_core.package_identification:_identify(src/robot_joy) by extensions ['colcon_meta']
[0.467s] Level 1:colcon.colcon_core.package_identification:_identify(src/robot_joy) by extension 'colcon_meta'
[0.467s] Level 1:colcon.colcon_core.package_identification:_identify(src/robot_joy) by extensions ['ros']
[0.467s] Level 1:colcon.colcon_core.package_identification:_identify(src/robot_joy) by extension 'ros'
[0.467s] DEBUG:colcon.colcon_core.package_identification:Package 'src/robot_joy' with type 'ros.ament_python' and name 'robot_joy'
[0.468s] Level 1:colcon.colcon_core.package_identification:_identify(src/robot_mapping) by extensions ['ignore', 'ignore_ament_install']
[0.468s] Level 1:colcon.colcon_core.package_identification:_identify(src/robot_mapping) by extension 'ignore'
[0.468s] Level 1:colcon.colcon_core.package_identification:_identify(src/robot_mapping) by extension 'ignore_ament_install'
[0.468s] Level 1:colcon.colcon_core.package_identification:_identify(src/robot_mapping) by extensions ['colcon_pkg']
[0.468s] Level 1:colcon.colcon_core.package_identification:_identify(src/robot_mapping) by extension 'colcon_pkg'
[0.468s] Level 1:colcon.colcon_core.package_identification:_identify(src/robot_mapping) by extensions ['colcon_meta']
[0.468s] Level 1:colcon.colcon_core.package_identification:_identify(src/robot_mapping) by extension 'colcon_meta'
[0.468s] Level 1:colcon.colcon_core.package_identification:_identify(src/robot_mapping) by extensions ['ros']
[0.468s] Level 1:colcon.colcon_core.package_identification:_identify(src/robot_mapping) by extension 'ros'
[0.468s] DEBUG:colcon.colcon_core.package_identification:Package 'src/robot_mapping' with type 'ros.ament_python' and name 'robot_mapping'
[0.469s] Level 1:colcon.colcon_core.package_identification:_identify(src/robot_navigation) by extensions ['ignore', 'ignore_ament_install']
[0.469s] Level 1:colcon.colcon_core.package_identification:_identify(src/robot_navigation) by extension 'ignore'
[0.469s] Level 1:colcon.colcon_core.package_identification:_identify(src/robot_navigation) by extension 'ignore_ament_install'
[0.469s] Level 1:colcon.colcon_core.package_identification:_identify(src/robot_navigation) by extensions ['colcon_pkg']
[0.469s] Level 1:colcon.colcon_core.package_identification:_identify(src/robot_navigation) by extension 'colcon_pkg'
[0.469s] Level 1:colcon.colcon_core.package_identification:_identify(src/robot_navigation) by extensions ['colcon_meta']
[0.469s] Level 1:colcon.colcon_core.package_identification:_identify(src/robot_navigation) by extension 'colcon_meta'
[0.469s] Level 1:colcon.colcon_core.package_identification:_identify(src/robot_navigation) by extensions ['ros']
[0.469s] Level 1:colcon.colcon_core.package_identification:_identify(src/robot_navigation) by extension 'ros'
[0.469s] DEBUG:colcon.colcon_core.package_identification:Package 'src/robot_navigation' with type 'ros.ament_python' and name 'robot_navigation'
[0.469s] Level 1:colcon.colcon_core.package_identification:_identify(src/robot_recognition) by extensions ['ignore', 'ignore_ament_install']
[0.469s] Level 1:colcon.colcon_core.package_identification:_identify(src/robot_recognition) by extension 'ignore'
[0.470s] Level 1:colcon.colcon_core.package_identification:_identify(src/robot_recognition) by extension 'ignore_ament_install'
[0.470s] Level 1:colcon.colcon_core.package_identification:_identify(src/robot_recognition) by extensions ['colcon_pkg']
[0.470s] Level 1:colcon.colcon_core.package_identification:_identify(src/robot_recognition) by extension 'colcon_pkg'
[0.470s] Level 1:colcon.colcon_core.package_identification:_identify(src/robot_recognition) by extensions ['colcon_meta']
[0.470s] Level 1:colcon.colcon_core.package_identification:_identify(src/robot_recognition) by extension 'colcon_meta'
[0.470s] Level 1:colcon.colcon_core.package_identification:_identify(src/robot_recognition) by extensions ['ros']
[0.470s] Level 1:colcon.colcon_core.package_identification:_identify(src/robot_recognition) by extension 'ros'
[0.470s] DEBUG:colcon.colcon_core.package_identification:Package 'src/robot_recognition' with type 'ros.ament_cmake' and name 'robot_recognition'
[0.471s] Level 1:colcon.colcon_core.package_identification:_identify(src/robot_simulation) by extensions ['ignore', 'ignore_ament_install']
[0.471s] Level 1:colcon.colcon_core.package_identification:_identify(src/robot_simulation) by extension 'ignore'
[0.471s] Level 1:colcon.colcon_core.package_identification:_identify(src/robot_simulation) by extension 'ignore_ament_install'
[0.471s] Level 1:colcon.colcon_core.package_identification:_identify(src/robot_simulation) by extensions ['colcon_pkg']
[0.471s] Level 1:colcon.colcon_core.package_identification:_identify(src/robot_simulation) by extension 'colcon_pkg'
[0.471s] Level 1:colcon.colcon_core.package_identification:_identify(src/robot_simulation) by extensions ['colcon_meta']
[0.471s] Level 1:colcon.colcon_core.package_identification:_identify(src/robot_simulation) by extension 'colcon_meta'
[0.471s] Level 1:colcon.colcon_core.package_identification:_identify(src/robot_simulation) by extensions ['ros']
[0.471s] Level 1:colcon.colcon_core.package_identification:_identify(src/robot_simulation) by extension 'ros'
[0.472s] DEBUG:colcon.colcon_core.package_identification:Package 'src/robot_simulation' with type 'ros.ament_python' and name 'robot_simulation'
[0.472s] Level 1:colcon.colcon_core.package_identification:_identify(src/yolov8_msgs) by extensions ['ignore', 'ignore_ament_install']
[0.472s] Level 1:colcon.colcon_core.package_identification:_identify(src/yolov8_msgs) by extension 'ignore'
[0.472s] Level 1:colcon.colcon_core.package_identification:_identify(src/yolov8_msgs) by extension 'ignore_ament_install'
[0.472s] Level 1:colcon.colcon_core.package_identification:_identify(src/yolov8_msgs) by extensions ['colcon_pkg']
[0.472s] Level 1:colcon.colcon_core.package_identification:_identify(src/yolov8_msgs) by extension 'colcon_pkg'
[0.472s] Level 1:colcon.colcon_core.package_identification:_identify(src/yolov8_msgs) by extensions ['colcon_meta']
[0.472s] Level 1:colcon.colcon_core.package_identification:_identify(src/yolov8_msgs) by extension 'colcon_meta'
[0.472s] Level 1:colcon.colcon_core.package_identification:_identify(src/yolov8_msgs) by extensions ['ros']
[0.472s] Level 1:colcon.colcon_core.package_identification:_identify(src/yolov8_msgs) by extension 'ros'
[0.473s] DEBUG:colcon.colcon_core.package_identification:Package 'src/yolov8_msgs' with type 'ros.ament_cmake' and name 'yolov8_msgs'
[0.473s] Level 1:colcon.colcon_core.package_identification:_identify(~) by extensions ['ignore', 'ignore_ament_install']
[0.473s] Level 1:colcon.colcon_core.package_identification:_identify(~) by extension 'ignore'
[0.473s] Level 1:colcon.colcon_core.package_identification:_identify(~) by extension 'ignore_ament_install'
[0.473s] Level 1:colcon.colcon_core.package_identification:_identify(~) by extensions ['colcon_pkg']
[0.473s] Level 1:colcon.colcon_core.package_identification:_identify(~) by extension 'colcon_pkg'
[0.473s] Level 1:colcon.colcon_core.package_identification:_identify(~) by extensions ['colcon_meta']
[0.473s] Level 1:colcon.colcon_core.package_identification:_identify(~) by extension 'colcon_meta'
[0.473s] Level 1:colcon.colcon_core.package_identification:_identify(~) by extensions ['ros']
[0.473s] Level 1:colcon.colcon_core.package_identification:_identify(~) by extension 'ros'
[0.473s] Level 1:colcon.colcon_core.package_identification:_identify(~) by extensions ['cmake', 'python']
[0.473s] Level 1:colcon.colcon_core.package_identification:_identify(~) by extension 'cmake'
[0.473s] Level 1:colcon.colcon_core.package_identification:_identify(~) by extension 'python'
[0.473s] Level 1:colcon.colcon_core.package_identification:_identify(~) by extensions ['python_setup_py']
[0.473s] Level 1:colcon.colcon_core.package_identification:_identify(~) by extension 'python_setup_py'
[0.474s] Level 1:colcon.colcon_core.package_identification:_identify(~/robot_detect) by extensions ['ignore', 'ignore_ament_install']
[0.474s] Level 1:colcon.colcon_core.package_identification:_identify(~/robot_detect) by extension 'ignore'
[0.474s] Level 1:colcon.colcon_core.package_identification:_identify(~/robot_detect) by extension 'ignore_ament_install'
[0.474s] Level 1:colcon.colcon_core.package_identification:_identify(~/robot_detect) by extensions ['colcon_pkg']
[0.474s] Level 1:colcon.colcon_core.package_identification:_identify(~/robot_detect) by extension 'colcon_pkg'
[0.474s] Level 1:colcon.colcon_core.package_identification:_identify(~/robot_detect) by extensions ['colcon_meta']
[0.474s] Level 1:colcon.colcon_core.package_identification:_identify(~/robot_detect) by extension 'colcon_meta'
[0.474s] Level 1:colcon.colcon_core.package_identification:_identify(~/robot_detect) by extensions ['ros']
[0.474s] Level 1:colcon.colcon_core.package_identification:_identify(~/robot_detect) by extension 'ros'
[0.474s] Level 1:colcon.colcon_core.package_identification:_identify(~/robot_detect) by extensions ['cmake', 'python']
[0.474s] Level 1:colcon.colcon_core.package_identification:_identify(~/robot_detect) by extension 'cmake'
[0.474s] Level 1:colcon.colcon_core.package_identification:_identify(~/robot_detect) by extension 'python'
[0.474s] Level 1:colcon.colcon_core.package_identification:_identify(~/robot_detect) by extensions ['python_setup_py']
[0.474s] Level 1:colcon.colcon_core.package_identification:_identify(~/robot_detect) by extension 'python_setup_py'
[0.474s] Level 1:colcon.colcon_core.package_identification:_identify(~/robot_detect/src) by extensions ['ignore', 'ignore_ament_install']
[0.474s] Level 1:colcon.colcon_core.package_identification:_identify(~/robot_detect/src) by extension 'ignore'
[0.475s] Level 1:colcon.colcon_core.package_identification:_identify(~/robot_detect/src) by extension 'ignore_ament_install'
[0.475s] Level 1:colcon.colcon_core.package_identification:_identify(~/robot_detect/src) by extensions ['colcon_pkg']
[0.475s] Level 1:colcon.colcon_core.package_identification:_identify(~/robot_detect/src) by extension 'colcon_pkg'
[0.475s] Level 1:colcon.colcon_core.package_identification:_identify(~/robot_detect/src) by extensions ['colcon_meta']
[0.475s] Level 1:colcon.colcon_core.package_identification:_identify(~/robot_detect/src) by extension 'colcon_meta'
[0.475s] Level 1:colcon.colcon_core.package_identification:_identify(~/robot_detect/src) by extensions ['ros']
[0.475s] Level 1:colcon.colcon_core.package_identification:_identify(~/robot_detect/src) by extension 'ros'
[0.475s] Level 1:colcon.colcon_core.package_identification:_identify(~/robot_detect/src) by extensions ['cmake', 'python']
[0.475s] Level 1:colcon.colcon_core.package_identification:_identify(~/robot_detect/src) by extension 'cmake'
[0.475s] Level 1:colcon.colcon_core.package_identification:_identify(~/robot_detect/src) by extension 'python'
[0.475s] Level 1:colcon.colcon_core.package_identification:_identify(~/robot_detect/src) by extensions ['python_setup_py']
[0.475s] Level 1:colcon.colcon_core.package_identification:_identify(~/robot_detect/src) by extension 'python_setup_py'
[0.475s] Level 1:colcon.colcon_core.package_identification:_identify(~/robot_detect/src/robot_recognition) by extensions ['ignore', 'ignore_ament_install']
[0.475s] Level 1:colcon.colcon_core.package_identification:_identify(~/robot_detect/src/robot_recognition) by extension 'ignore'
[0.475s] Level 1:colcon.colcon_core.package_identification:_identify(~/robot_detect/src/robot_recognition) by extension 'ignore_ament_install'
[0.475s] Level 1:colcon.colcon_core.package_identification:_identify(~/robot_detect/src/robot_recognition) by extensions ['colcon_pkg']
[0.475s] Level 1:colcon.colcon_core.package_identification:_identify(~/robot_detect/src/robot_recognition) by extension 'colcon_pkg'
[0.475s] Level 1:colcon.colcon_core.package_identification:_identify(~/robot_detect/src/robot_recognition) by extensions ['colcon_meta']
[0.475s] Level 1:colcon.colcon_core.package_identification:_identify(~/robot_detect/src/robot_recognition) by extension 'colcon_meta'
[0.475s] Level 1:colcon.colcon_core.package_identification:_identify(~/robot_detect/src/robot_recognition) by extensions ['ros']
[0.475s] Level 1:colcon.colcon_core.package_identification:_identify(~/robot_detect/src/robot_recognition) by extension 'ros'
[0.475s] Level 1:colcon.colcon_core.package_identification:_identify(~/robot_detect/src/robot_recognition) by extensions ['cmake', 'python']
[0.475s] Level 1:colcon.colcon_core.package_identification:_identify(~/robot_detect/src/robot_recognition) by extension 'cmake'
[0.475s] Level 1:colcon.colcon_core.package_identification:_identify(~/robot_detect/src/robot_recognition) by extension 'python'
[0.475s] Level 1:colcon.colcon_core.package_identification:_identify(~/robot_detect/src/robot_recognition) by extensions ['python_setup_py']
[0.475s] Level 1:colcon.colcon_core.package_identification:_identify(~/robot_detect/src/robot_recognition) by extension 'python_setup_py'
[0.476s] Level 1:colcon.colcon_core.package_identification:_identify(~/robot_detect/src/robot_recognition/scripts) by extensions ['ignore', 'ignore_ament_install']
[0.476s] Level 1:colcon.colcon_core.package_identification:_identify(~/robot_detect/src/robot_recognition/scripts) by extension 'ignore'
[0.476s] Level 1:colcon.colcon_core.package_identification:_identify(~/robot_detect/src/robot_recognition/scripts) by extension 'ignore_ament_install'
[0.476s] Level 1:colcon.colcon_core.package_identification:_identify(~/robot_detect/src/robot_recognition/scripts) by extensions ['colcon_pkg']
[0.476s] Level 1:colcon.colcon_core.package_identification:_identify(~/robot_detect/src/robot_recognition/scripts) by extension 'colcon_pkg'
[0.476s] Level 1:colcon.colcon_core.package_identification:_identify(~/robot_detect/src/robot_recognition/scripts) by extensions ['colcon_meta']
[0.476s] Level 1:colcon.colcon_core.package_identification:_identify(~/robot_detect/src/robot_recognition/scripts) by extension 'colcon_meta'
[0.476s] Level 1:colcon.colcon_core.package_identification:_identify(~/robot_detect/src/robot_recognition/scripts) by extensions ['ros']
[0.476s] Level 1:colcon.colcon_core.package_identification:_identify(~/robot_detect/src/robot_recognition/scripts) by extension 'ros'
[0.476s] Level 1:colcon.colcon_core.package_identification:_identify(~/robot_detect/src/robot_recognition/scripts) by extensions ['cmake', 'python']
[0.476s] Level 1:colcon.colcon_core.package_identification:_identify(~/robot_detect/src/robot_recognition/scripts) by extension 'cmake'
[0.476s] Level 1:colcon.colcon_core.package_identification:_identify(~/robot_detect/src/robot_recognition/scripts) by extension 'python'
[0.476s] Level 1:colcon.colcon_core.package_identification:_identify(~/robot_detect/src/robot_recognition/scripts) by extensions ['python_setup_py']
[0.476s] Level 1:colcon.colcon_core.package_identification:_identify(~/robot_detect/src/robot_recognition/scripts) by extension 'python_setup_py'
[0.476s] Level 1:colcon.colcon_core.package_discovery:discover_packages(recursive) using defaults
[0.476s] Level 1:colcon.colcon_core.package_discovery:discover_packages(ignore) discover
[0.476s] Level 1:colcon.colcon_core.package_discovery:discover_packages(ignore) using defaults
[0.476s] Level 1:colcon.colcon_core.package_discovery:discover_packages(path) discover
[0.476s] Level 1:colcon.colcon_core.package_discovery:discover_packages(path) using defaults
[0.502s] Level 1:colcon.colcon_core.package_discovery:discover_packages(prefix_path) check parameters
[0.502s] Level 1:colcon.colcon_core.package_discovery:discover_packages(prefix_path) discover
[0.512s] DEBUG:colcon.colcon_installed_package_information.package_discovery:Found 8 installed packages in /home/doanh/robot_detect/install
[0.518s] DEBUG:colcon.colcon_installed_package_information.package_discovery:Found 9 installed packages in /home/doanh/go2_robot/install
[0.521s] DEBUG:colcon.colcon_installed_package_information.package_discovery:Found 5 installed packages in /home/doanh/mrdoanh_projects/install
[0.524s] DEBUG:colcon.colcon_installed_package_information.package_discovery:Found 5 installed packages in /home/doanh/new/mrdoanh_projects/install
[0.525s] DEBUG:colcon.colcon_installed_package_information.package_discovery:Found 1 installed packages in /home/doanh/livox_mapping/install
[0.527s] DEBUG:colcon.colcon_installed_package_information.package_discovery:Found 411 installed packages in /opt/ros/humble
[0.529s] Level 1:colcon.colcon_core.package_discovery:discover_packages(prefix_path) using defaults
[0.626s] Level 5:colcon.colcon_core.verb:set package 'follow_human' build argument 'cmake_args' from command line to 'None'
[0.626s] Level 5:colcon.colcon_core.verb:set package 'follow_human' build argument 'cmake_target' from command line to 'None'
[0.626s] Level 5:colcon.colcon_core.verb:set package 'follow_human' build argument 'cmake_target_skip_unavailable' from command line to 'False'
[0.626s] Level 5:colcon.colcon_core.verb:set package 'follow_human' build argument 'cmake_clean_cache' from command line to 'False'
[0.626s] Level 5:colcon.colcon_core.verb:set package 'follow_human' build argument 'cmake_clean_first' from command line to 'False'
[0.626s] Level 5:colcon.colcon_core.verb:set package 'follow_human' build argument 'cmake_force_configure' from command line to 'False'
[0.626s] Level 5:colcon.colcon_core.verb:set package 'follow_human' build argument 'ament_cmake_args' from command line to 'None'
[0.626s] Level 5:colcon.colcon_core.verb:set package 'follow_human' build argument 'catkin_cmake_args' from command line to 'None'
[0.626s] Level 5:colcon.colcon_core.verb:set package 'follow_human' build argument 'catkin_skip_building_tests' from command line to 'False'
[0.626s] DEBUG:colcon.colcon_core.verb:Building package 'follow_human' with the following arguments: {'ament_cmake_args': None, 'build_base': '/home/doanh/robot_detect/build/follow_human', 'catkin_cmake_args': None, 'catkin_skip_building_tests': False, 'cmake_args': None, 'cmake_clean_cache': False, 'cmake_clean_first': False, 'cmake_force_configure': False, 'cmake_target': None, 'cmake_target_skip_unavailable': False, 'install_base': '/home/doanh/robot_detect/install/follow_human', 'merge_install': False, 'path': '/home/doanh/robot_detect/src/follow_human', 'symlink_install': False, 'test_result_base': None}
[0.626s] Level 5:colcon.colcon_core.verb:set package 'robot_joy' build argument 'cmake_args' from command line to 'None'
[0.626s] Level 5:colcon.colcon_core.verb:set package 'robot_joy' build argument 'cmake_target' from command line to 'None'
[0.626s] Level 5:colcon.colcon_core.verb:set package 'robot_joy' build argument 'cmake_target_skip_unavailable' from command line to 'False'
[0.626s] Level 5:colcon.colcon_core.verb:set package 'robot_joy' build argument 'cmake_clean_cache' from command line to 'False'
[0.626s] Level 5:colcon.colcon_core.verb:set package 'robot_joy' build argument 'cmake_clean_first' from command line to 'False'
[0.626s] Level 5:colcon.colcon_core.verb:set package 'robot_joy' build argument 'cmake_force_configure' from command line to 'False'
[0.626s] Level 5:colcon.colcon_core.verb:set package 'robot_joy' build argument 'ament_cmake_args' from command line to 'None'
[0.626s] Level 5:colcon.colcon_core.verb:set package 'robot_joy' build argument 'catkin_cmake_args' from command line to 'None'
[0.626s] Level 5:colcon.colcon_core.verb:set package 'robot_joy' build argument 'catkin_skip_building_tests' from command line to 'False'
[0.626s] DEBUG:colcon.colcon_core.verb:Building package 'robot_joy' with the following arguments: {'ament_cmake_args': None, 'build_base': '/home/doanh/robot_detect/build/robot_joy', 'catkin_cmake_args': None, 'catkin_skip_building_tests': False, 'cmake_args': None, 'cmake_clean_cache': False, 'cmake_clean_first': False, 'cmake_force_configure': False, 'cmake_target': None, 'cmake_target_skip_unavailable': False, 'install_base': '/home/doanh/robot_detect/install/robot_joy', 'merge_install': False, 'path': '/home/doanh/robot_detect/src/robot_joy', 'symlink_install': False, 'test_result_base': None}
[0.627s] Level 5:colcon.colcon_core.verb:set package 'robot_mapping' build argument 'cmake_args' from command line to 'None'
[0.627s] Level 5:colcon.colcon_core.verb:set package 'robot_mapping' build argument 'cmake_target' from command line to 'None'
[0.627s] Level 5:colcon.colcon_core.verb:set package 'robot_mapping' build argument 'cmake_target_skip_unavailable' from command line to 'False'
[0.627s] Level 5:colcon.colcon_core.verb:set package 'robot_mapping' build argument 'cmake_clean_cache' from command line to 'False'
[0.627s] Level 5:colcon.colcon_core.verb:set package 'robot_mapping' build argument 'cmake_clean_first' from command line to 'False'
[0.627s] Level 5:colcon.colcon_core.verb:set package 'robot_mapping' build argument 'cmake_force_configure' from command line to 'False'
[0.627s] Level 5:colcon.colcon_core.verb:set package 'robot_mapping' build argument 'ament_cmake_args' from command line to 'None'
[0.627s] Level 5:colcon.colcon_core.verb:set package 'robot_mapping' build argument 'catkin_cmake_args' from command line to 'None'
[0.627s] Level 5:colcon.colcon_core.verb:set package 'robot_mapping' build argument 'catkin_skip_building_tests' from command line to 'False'
[0.627s] DEBUG:colcon.colcon_core.verb:Building package 'robot_mapping' with the following arguments: {'ament_cmake_args': None, 'build_base': '/home/doanh/robot_detect/build/robot_mapping', 'catkin_cmake_args': None, 'catkin_skip_building_tests': False, 'cmake_args': None, 'cmake_clean_cache': False, 'cmake_clean_first': False, 'cmake_force_configure': False, 'cmake_target': None, 'cmake_target_skip_unavailable': False, 'install_base': '/home/doanh/robot_detect/install/robot_mapping', 'merge_install': False, 'path': '/home/doanh/robot_detect/src/robot_mapping', 'symlink_install': False, 'test_result_base': None}
[0.627s] Level 5:colcon.colcon_core.verb:set package 'robot_navigation' build argument 'cmake_args' from command line to 'None'
[0.627s] Level 5:colcon.colcon_core.verb:set package 'robot_navigation' build argument 'cmake_target' from command line to 'None'
[0.627s] Level 5:colcon.colcon_core.verb:set package 'robot_navigation' build argument 'cmake_target_skip_unavailable' from command line to 'False'
[0.627s] Level 5:colcon.colcon_core.verb:set package 'robot_navigation' build argument 'cmake_clean_cache' from command line to 'False'
[0.627s] Level 5:colcon.colcon_core.verb:set package 'robot_navigation' build argument 'cmake_clean_first' from command line to 'False'
[0.627s] Level 5:colcon.colcon_core.verb:set package 'robot_navigation' build argument 'cmake_force_configure' from command line to 'False'
[0.627s] Level 5:colcon.colcon_core.verb:set package 'robot_navigation' build argument 'ament_cmake_args' from command line to 'None'
[0.627s] Level 5:colcon.colcon_core.verb:set package 'robot_navigation' build argument 'catkin_cmake_args' from command line to 'None'
[0.627s] Level 5:colcon.colcon_core.verb:set package 'robot_navigation' build argument 'catkin_skip_building_tests' from command line to 'False'
[0.627s] DEBUG:colcon.colcon_core.verb:Building package 'robot_navigation' with the following arguments: {'ament_cmake_args': None, 'build_base': '/home/doanh/robot_detect/build/robot_navigation', 'catkin_cmake_args': None, 'catkin_skip_building_tests': False, 'cmake_args': None, 'cmake_clean_cache': False, 'cmake_clean_first': False, 'cmake_force_configure': False, 'cmake_target': None, 'cmake_target_skip_unavailable': False, 'install_base': '/home/doanh/robot_detect/install/robot_navigation', 'merge_install': False, 'path': '/home/doanh/robot_detect/src/robot_navigation', 'symlink_install': False, 'test_result_base': None}
[0.627s] Level 5:colcon.colcon_core.verb:set package 'robot_recognition' build argument 'cmake_args' from command line to 'None'
[0.627s] Level 5:colcon.colcon_core.verb:set package 'robot_recognition' build argument 'cmake_target' from command line to 'None'
[0.627s] Level 5:colcon.colcon_core.verb:set package 'robot_recognition' build argument 'cmake_target_skip_unavailable' from command line to 'False'
[0.627s] Level 5:colcon.colcon_core.verb:set package 'robot_recognition' build argument 'cmake_clean_cache' from command line to 'False'
[0.627s] Level 5:colcon.colcon_core.verb:set package 'robot_recognition' build argument 'cmake_clean_first' from command line to 'False'
[0.627s] Level 5:colcon.colcon_core.verb:set package 'robot_recognition' build argument 'cmake_force_configure' from command line to 'False'
[0.627s] Level 5:colcon.colcon_core.verb:set package 'robot_recognition' build argument 'ament_cmake_args' from command line to 'None'
[0.627s] Level 5:colcon.colcon_core.verb:set package 'robot_recognition' build argument 'catkin_cmake_args' from command line to 'None'
[0.628s] Level 5:colcon.colcon_core.verb:set package 'robot_recognition' build argument 'catkin_skip_building_tests' from command line to 'False'
[0.628s] DEBUG:colcon.colcon_core.verb:Building package 'robot_recognition' with the following arguments: {'ament_cmake_args': None, 'build_base': '/home/doanh/robot_detect/build/robot_recognition', 'catkin_cmake_args': None, 'catkin_skip_building_tests': False, 'cmake_args': None, 'cmake_clean_cache': False, 'cmake_clean_first': False, 'cmake_force_configure': False, 'cmake_target': None, 'cmake_target_skip_unavailable': False, 'install_base': '/home/doanh/robot_detect/install/robot_recognition', 'merge_install': False, 'path': '/home/doanh/robot_detect/src/robot_recognition', 'symlink_install': False, 'test_result_base': None}
[0.628s] Level 5:colcon.colcon_core.verb:set package 'robot_simulation' build argument 'cmake_args' from command line to 'None'
[0.628s] Level 5:colcon.colcon_core.verb:set package 'robot_simulation' build argument 'cmake_target' from command line to 'None'
[0.628s] Level 5:colcon.colcon_core.verb:set package 'robot_simulation' build argument 'cmake_target_skip_unavailable' from command line to 'False'
[0.628s] Level 5:colcon.colcon_core.verb:set package 'robot_simulation' build argument 'cmake_clean_cache' from command line to 'False'
[0.628s] Level 5:colcon.colcon_core.verb:set package 'robot_simulation' build argument 'cmake_clean_first' from command line to 'False'
[0.628s] Level 5:colcon.colcon_core.verb:set package 'robot_simulation' build argument 'cmake_force_configure' from command line to 'False'
[0.628s] Level 5:colcon.colcon_core.verb:set package 'robot_simulation' build argument 'ament_cmake_args' from command line to 'None'
[0.628s] Level 5:colcon.colcon_core.verb:set package 'robot_simulation' build argument 'catkin_cmake_args' from command line to 'None'
[0.628s] Level 5:colcon.colcon_core.verb:set package 'robot_simulation' build argument 'catkin_skip_building_tests' from command line to 'False'
[0.628s] DEBUG:colcon.colcon_core.verb:Building package 'robot_simulation' with the following arguments: {'ament_cmake_args': None, 'build_base': '/home/doanh/robot_detect/build/robot_simulation', 'catkin_cmake_args': None, 'catkin_skip_building_tests': False, 'cmake_args': None, 'cmake_clean_cache': False, 'cmake_clean_first': False, 'cmake_force_configure': False, 'cmake_target': None, 'cmake_target_skip_unavailable': False, 'install_base': '/home/doanh/robot_detect/install/robot_simulation', 'merge_install': False, 'path': '/home/doanh/robot_detect/src/robot_simulation', 'symlink_install': False, 'test_result_base': None}
[0.628s] Level 5:colcon.colcon_core.verb:set package 'yolov8_msgs' build argument 'cmake_args' from command line to 'None'
[0.628s] Level 5:colcon.colcon_core.verb:set package 'yolov8_msgs' build argument 'cmake_target' from command line to 'None'
[0.628s] Level 5:colcon.colcon_core.verb:set package 'yolov8_msgs' build argument 'cmake_target_skip_unavailable' from command line to 'False'
[0.628s] Level 5:colcon.colcon_core.verb:set package 'yolov8_msgs' build argument 'cmake_clean_cache' from command line to 'False'
[0.628s] Level 5:colcon.colcon_core.verb:set package 'yolov8_msgs' build argument 'cmake_clean_first' from command line to 'False'
[0.628s] Level 5:colcon.colcon_core.verb:set package 'yolov8_msgs' build argument 'cmake_force_configure' from command line to 'False'
[0.628s] Level 5:colcon.colcon_core.verb:set package 'yolov8_msgs' build argument 'ament_cmake_args' from command line to 'None'
[0.628s] Level 5:colcon.colcon_core.verb:set package 'yolov8_msgs' build argument 'catkin_cmake_args' from command line to 'None'
[0.628s] Level 5:colcon.colcon_core.verb:set package 'yolov8_msgs' build argument 'catkin_skip_building_tests' from command line to 'False'
[0.628s] DEBUG:colcon.colcon_core.verb:Building package 'yolov8_msgs' with the following arguments: {'ament_cmake_args': None, 'build_base': '/home/doanh/robot_detect/build/yolov8_msgs', 'catkin_cmake_args': None, 'catkin_skip_building_tests': False, 'cmake_args': None, 'cmake_clean_cache': False, 'cmake_clean_first': False, 'cmake_force_configure': False, 'cmake_target': None, 'cmake_target_skip_unavailable': False, 'install_base': '/home/doanh/robot_detect/install/yolov8_msgs', 'merge_install': False, 'path': '/home/doanh/robot_detect/src/yolov8_msgs', 'symlink_install': False, 'test_result_base': None}
[0.628s] INFO:colcon.colcon_core.executor:Executing jobs using 'parallel' executor
[0.629s] DEBUG:colcon.colcon_parallel_executor.executor.parallel:run_until_complete
[0.629s] INFO:colcon.colcon_ros.task.ament_python.build:Building ROS package in '/home/doanh/robot_detect/src/follow_human' with build type 'ament_python'
[0.629s] Level 1:colcon.colcon_core.shell:create_environment_hook('follow_human', 'ament_prefix_path')
[0.634s] INFO:colcon.colcon_core.plugin_system:Skipping extension 'colcon_core.shell.bat': Not used on non-Windows systems
[0.634s] INFO:colcon.colcon_core.shell:Creating environment hook '/home/doanh/robot_detect/install/follow_human/share/follow_human/hook/ament_prefix_path.ps1'
[0.636s] INFO:colcon.colcon_core.shell:Creating environment descriptor '/home/doanh/robot_detect/install/follow_human/share/follow_human/hook/ament_prefix_path.dsv'
[0.636s] INFO:colcon.colcon_core.shell:Creating environment hook '/home/doanh/robot_detect/install/follow_human/share/follow_human/hook/ament_prefix_path.sh'
[0.637s] INFO:colcon.colcon_core.shell:Skip shell extension 'powershell' for command environment: Not usable outside of PowerShell
[0.637s] DEBUG:colcon.colcon_core.shell:Skip shell extension 'dsv' for command environment
[0.642s] INFO:colcon.colcon_ros.task.ament_python.build:Building ROS package in '/home/doanh/robot_detect/src/robot_joy' with build type 'ament_python'
[0.642s] Level 1:colcon.colcon_core.shell:create_environment_hook('robot_joy', 'ament_prefix_path')
[0.642s] INFO:colcon.colcon_core.shell:Creating environment hook '/home/doanh/robot_detect/install/robot_joy/share/robot_joy/hook/ament_prefix_path.ps1'
[0.643s] INFO:colcon.colcon_core.shell:Creating environment descriptor '/home/doanh/robot_detect/install/robot_joy/share/robot_joy/hook/ament_prefix_path.dsv'
[0.644s] INFO:colcon.colcon_core.shell:Creating environment hook '/home/doanh/robot_detect/install/robot_joy/share/robot_joy/hook/ament_prefix_path.sh'
[0.644s] INFO:colcon.colcon_core.shell:Skip shell extension 'powershell' for command environment: Not usable outside of PowerShell
[0.644s] DEBUG:colcon.colcon_core.shell:Skip shell extension 'dsv' for command environment
[0.649s] INFO:colcon.colcon_ros.task.ament_python.build:Building ROS package in '/home/doanh/robot_detect/src/robot_mapping' with build type 'ament_python'
[0.649s] Level 1:colcon.colcon_core.shell:create_environment_hook('robot_mapping', 'ament_prefix_path')
[0.649s] INFO:colcon.colcon_core.shell:Creating environment hook '/home/doanh/robot_detect/install/robot_mapping/share/robot_mapping/hook/ament_prefix_path.ps1'
[0.650s] INFO:colcon.colcon_core.shell:Creating environment descriptor '/home/doanh/robot_detect/install/robot_mapping/share/robot_mapping/hook/ament_prefix_path.dsv'
[0.651s] INFO:colcon.colcon_core.shell:Creating environment hook '/home/doanh/robot_detect/install/robot_mapping/share/robot_mapping/hook/ament_prefix_path.sh'
[0.652s] INFO:colcon.colcon_core.shell:Skip shell extension 'powershell' for command environment: Not usable outside of PowerShell
[0.652s] DEBUG:colcon.colcon_core.shell:Skip shell extension 'dsv' for command environment
[0.656s] INFO:colcon.colcon_ros.task.ament_python.build:Building ROS package in '/home/doanh/robot_detect/src/robot_navigation' with build type 'ament_python'
[0.656s] Level 1:colcon.colcon_core.shell:create_environment_hook('robot_navigation', 'ament_prefix_path')
[0.656s] INFO:colcon.colcon_core.shell:Creating environment hook '/home/doanh/robot_detect/install/robot_navigation/share/robot_navigation/hook/ament_prefix_path.ps1'
[0.657s] INFO:colcon.colcon_core.shell:Creating environment descriptor '/home/doanh/robot_detect/install/robot_navigation/share/robot_navigation/hook/ament_prefix_path.dsv'
[0.657s] INFO:colcon.colcon_core.shell:Creating environment hook '/home/doanh/robot_detect/install/robot_navigation/share/robot_navigation/hook/ament_prefix_path.sh'
[0.658s] INFO:colcon.colcon_core.shell:Skip shell extension 'powershell' for command environment: Not usable outside of PowerShell
[0.658s] DEBUG:colcon.colcon_core.shell:Skip shell extension 'dsv' for command environment
[0.663s] INFO:colcon.colcon_ros.task.ament_cmake.build:Building ROS package in '/home/doanh/robot_detect/src/robot_recognition' with build type 'ament_cmake'
[0.663s] INFO:colcon.colcon_cmake.task.cmake.build:Building CMake package in '/home/doanh/robot_detect/src/robot_recognition'
[0.663s] INFO:colcon.colcon_core.shell:Skip shell extension 'powershell' for command environment: Not usable outside of PowerShell
[0.663s] DEBUG:colcon.colcon_core.shell:Skip shell extension 'dsv' for command environment
[0.670s] INFO:colcon.colcon_ros.task.ament_python.build:Building ROS package in '/home/doanh/robot_detect/src/robot_simulation' with build type 'ament_python'
[0.671s] Level 1:colcon.colcon_core.shell:create_environment_hook('robot_simulation', 'ament_prefix_path')
[0.671s] INFO:colcon.colcon_core.shell:Creating environment hook '/home/doanh/robot_detect/install/robot_simulation/share/robot_simulation/hook/ament_prefix_path.ps1'
[0.672s] INFO:colcon.colcon_core.shell:Creating environment descriptor '/home/doanh/robot_detect/install/robot_simulation/share/robot_simulation/hook/ament_prefix_path.dsv'
[0.673s] INFO:colcon.colcon_core.shell:Creating environment hook '/home/doanh/robot_detect/install/robot_simulation/share/robot_simulation/hook/ament_prefix_path.sh'
[0.674s] INFO:colcon.colcon_core.shell:Skip shell extension 'powershell' for command environment: Not usable outside of PowerShell
[0.674s] DEBUG:colcon.colcon_core.shell:Skip shell extension 'dsv' for command environment
[0.679s] INFO:colcon.colcon_ros.task.ament_cmake.build:Building ROS package in '/home/doanh/robot_detect/src/yolov8_msgs' with build type 'ament_cmake'
[0.680s] INFO:colcon.colcon_cmake.task.cmake.build:Building CMake package in '/home/doanh/robot_detect/src/yolov8_msgs'
[0.680s] INFO:colcon.colcon_core.shell:Skip shell extension 'powershell' for command environment: Not usable outside of PowerShell
[0.680s] DEBUG:colcon.colcon_core.shell:Skip shell extension 'dsv' for command environment
[0.954s] INFO:colcon.colcon_core.task.python.build:Building Python package in '/home/doanh/robot_detect/src/follow_human'
[0.955s] INFO:colcon.colcon_core.shell:Skip shell extension 'powershell' for command environment: Not usable outside of PowerShell
[0.955s] DEBUG:colcon.colcon_core.shell:Skip shell extension 'dsv' for command environment
[1.208s] INFO:colcon.colcon_core.task.python.build:Building Python package in '/home/doanh/robot_detect/src/robot_joy'
[1.208s] INFO:colcon.colcon_core.shell:Skip shell extension 'powershell' for command environment: Not usable outside of PowerShell
[1.208s] DEBUG:colcon.colcon_core.shell:Skip shell extension 'dsv' for command environment
[1.454s] INFO:colcon.colcon_core.task.python.build:Building Python package in '/home/doanh/robot_detect/src/robot_mapping'
[1.455s] INFO:colcon.colcon_core.shell:Skip shell extension 'powershell' for command environment: Not usable outside of PowerShell
[1.455s] DEBUG:colcon.colcon_core.shell:Skip shell extension 'dsv' for command environment
[1.709s] INFO:colcon.colcon_core.task.python.build:Building Python package in '/home/doanh/robot_detect/src/robot_navigation'
[1.710s] INFO:colcon.colcon_core.shell:Skip shell extension 'powershell' for command environment: Not usable outside of PowerShell
[1.710s] DEBUG:colcon.colcon_core.shell:Skip shell extension 'dsv' for command environment
[1.716s] DEBUG:colcon.colcon_core.event_handler.log_command:Invoking command in '/home/doanh/robot_detect/build/robot_recognition': CMAKE_PREFIX_PATH=${CMAKE_PREFIX_PATH}:/home/doanh/robot_detect/install/robot_simulation:/home/doanh/robot_detect/install/robot_navigation:/home/doanh/robot_detect/install/robot_mapping:/home/doanh/robot_detect/install/robot_joy:/home/doanh/robot_detect/install/human_follow:/home/doanh/robot_detect/install/follow_human:/home/doanh/go2_robot/install/speech_processor:/home/doanh/go2_robot/install/reset_odom:/home/doanh/go2_robot/install/livox_to_laserscan:/home/doanh/go2_robot/install/lidar_processor:/home/doanh/go2_robot/install/go2_robot_sdk:/home/doanh/go2_robot/install/coco_detector:/home/doanh/mrdoanh_projects/install/speech_processor:/home/doanh/mrdoanh_projects/install/lidar_processor:/home/doanh/mrdoanh_projects/install/go2_robot_sdk:/home/doanh/mrdoanh_projects/install/coco_detector:/home/doanh/new/mrdoanh_projects/install/speech_processor:/home/doanh/new/mrdoanh_projects/install/lidar_processor:/home/doanh/new/mrdoanh_projects/install/go2_robot_sdk:/home/doanh/new/mrdoanh_projects/install/coco_detector:/opt/ros/humble /home/doanh/.local/bin/cmake --build /home/doanh/robot_detect/build/robot_recognition -- -j12 -l12
[1.977s] INFO:colcon.colcon_core.task.python.build:Building Python package in '/home/doanh/robot_detect/src/robot_simulation'
[1.978s] INFO:colcon.colcon_core.shell:Skip shell extension 'powershell' for command environment: Not usable outside of PowerShell
[1.978s] DEBUG:colcon.colcon_core.shell:Skip shell extension 'dsv' for command environment
[1.987s] DEBUG:colcon.colcon_core.event_handler.log_command:Invoking command in '/home/doanh/robot_detect/build/yolov8_msgs': CMAKE_PREFIX_PATH=${CMAKE_PREFIX_PATH}:/home/doanh/robot_detect/install/robot_simulation:/home/doanh/robot_detect/install/robot_navigation:/home/doanh/robot_detect/install/robot_mapping:/home/doanh/robot_detect/install/robot_joy:/home/doanh/robot_detect/install/human_follow:/home/doanh/robot_detect/install/follow_human:/home/doanh/go2_robot/install/speech_processor:/home/doanh/go2_robot/install/reset_odom:/home/doanh/go2_robot/install/livox_to_laserscan:/home/doanh/go2_robot/install/lidar_processor:/home/doanh/go2_robot/install/go2_robot_sdk:/home/doanh/go2_robot/install/coco_detector:/home/doanh/mrdoanh_projects/install/speech_processor:/home/doanh/mrdoanh_projects/install/lidar_processor:/home/doanh/mrdoanh_projects/install/go2_robot_sdk:/home/doanh/mrdoanh_projects/install/coco_detector:/home/doanh/new/mrdoanh_projects/install/speech_processor:/home/doanh/new/mrdoanh_projects/install/lidar_processor:/home/doanh/new/mrdoanh_projects/install/go2_robot_sdk:/home/doanh/new/mrdoanh_projects/install/coco_detector:/opt/ros/humble /home/doanh/.local/bin/cmake --build /home/doanh/robot_detect/build/yolov8_msgs -- -j12 -l12
[1.987s] DEBUG:colcon.colcon_core.event_handler.log_command:Invoked command in '/home/doanh/robot_detect/build/robot_recognition' returned '0': CMAKE_PREFIX_PATH=${CMAKE_PREFIX_PATH}:/home/doanh/robot_detect/install/robot_simulation:/home/doanh/robot_detect/install/robot_navigation:/home/doanh/robot_detect/install/robot_mapping:/home/doanh/robot_detect/install/robot_joy:/home/doanh/robot_detect/install/human_follow:/home/doanh/robot_detect/install/follow_human:/home/doanh/go2_robot/install/speech_processor:/home/doanh/go2_robot/install/reset_odom:/home/doanh/go2_robot/install/livox_to_laserscan:/home/doanh/go2_robot/install/lidar_processor:/home/doanh/go2_robot/install/go2_robot_sdk:/home/doanh/go2_robot/install/coco_detector:/home/doanh/mrdoanh_projects/install/speech_processor:/home/doanh/mrdoanh_projects/install/lidar_processor:/home/doanh/mrdoanh_projects/install/go2_robot_sdk:/home/doanh/mrdoanh_projects/install/coco_detector:/home/doanh/new/mrdoanh_projects/install/speech_processor:/home/doanh/new/mrdoanh_projects/install/lidar_processor:/home/doanh/new/mrdoanh_projects/install/go2_robot_sdk:/home/doanh/new/mrdoanh_projects/install/coco_detector:/opt/ros/humble /home/doanh/.local/bin/cmake --build /home/doanh/robot_detect/build/robot_recognition -- -j12 -l12
[2.060s] DEBUG:colcon.colcon_core.event_handler.log_command:Invoking command in '/home/doanh/robot_detect/build/robot_recognition': CMAKE_PREFIX_PATH=${CMAKE_PREFIX_PATH}:/home/doanh/robot_detect/install/robot_simulation:/home/doanh/robot_detect/install/robot_navigation:/home/doanh/robot_detect/install/robot_mapping:/home/doanh/robot_detect/install/robot_joy:/home/doanh/robot_detect/install/human_follow:/home/doanh/robot_detect/install/follow_human:/home/doanh/go2_robot/install/speech_processor:/home/doanh/go2_robot/install/reset_odom:/home/doanh/go2_robot/install/livox_to_laserscan:/home/doanh/go2_robot/install/lidar_processor:/home/doanh/go2_robot/install/go2_robot_sdk:/home/doanh/go2_robot/install/coco_detector:/home/doanh/mrdoanh_projects/install/speech_processor:/home/doanh/mrdoanh_projects/install/lidar_processor:/home/doanh/mrdoanh_projects/install/go2_robot_sdk:/home/doanh/mrdoanh_projects/install/coco_detector:/home/doanh/new/mrdoanh_projects/install/speech_processor:/home/doanh/new/mrdoanh_projects/install/lidar_processor:/home/doanh/new/mrdoanh_projects/install/go2_robot_sdk:/home/doanh/new/mrdoanh_projects/install/coco_detector:/opt/ros/humble /home/doanh/.local/bin/cmake --install /home/doanh/robot_detect/build/robot_recognition
[2.153s] Level 1:colcon.colcon_core.environment:create_environment_scripts_only(robot_recognition)
[2.154s] DEBUG:colcon.colcon_core.event_handler.log_command:Invoked command in '/home/doanh/robot_detect/build/robot_recognition' returned '0': CMAKE_PREFIX_PATH=${CMAKE_PREFIX_PATH}:/home/doanh/robot_detect/install/robot_simulation:/home/doanh/robot_detect/install/robot_navigation:/home/doanh/robot_detect/install/robot_mapping:/home/doanh/robot_detect/install/robot_joy:/home/doanh/robot_detect/install/human_follow:/home/doanh/robot_detect/install/follow_human:/home/doanh/go2_robot/install/speech_processor:/home/doanh/go2_robot/install/reset_odom:/home/doanh/go2_robot/install/livox_to_laserscan:/home/doanh/go2_robot/install/lidar_processor:/home/doanh/go2_robot/install/go2_robot_sdk:/home/doanh/go2_robot/install/coco_detector:/home/doanh/mrdoanh_projects/install/speech_processor:/home/doanh/mrdoanh_projects/install/lidar_processor:/home/doanh/mrdoanh_projects/install/go2_robot_sdk:/home/doanh/mrdoanh_projects/install/coco_detector:/home/doanh/new/mrdoanh_projects/install/speech_processor:/home/doanh/new/mrdoanh_projects/install/lidar_processor:/home/doanh/new/mrdoanh_projects/install/go2_robot_sdk:/home/doanh/new/mrdoanh_projects/install/coco_detector:/opt/ros/humble /home/doanh/.local/bin/cmake --install /home/doanh/robot_detect/build/robot_recognition
[2.162s] Level 1:colcon.colcon_core.environment:checking '/home/doanh/robot_detect/install/robot_recognition' for CMake module files
[2.163s] Level 1:colcon.colcon_core.environment:checking '/home/doanh/robot_detect/install/robot_recognition' for CMake config files
[2.164s] Level 1:colcon.colcon_core.shell:create_environment_hook('robot_recognition', 'cmake_prefix_path')
[2.165s] INFO:colcon.colcon_core.shell:Creating environment hook '/home/doanh/robot_detect/install/robot_recognition/share/robot_recognition/hook/cmake_prefix_path.ps1'
[2.166s] INFO:colcon.colcon_core.shell:Creating environment descriptor '/home/doanh/robot_detect/install/robot_recognition/share/robot_recognition/hook/cmake_prefix_path.dsv'
[2.167s] INFO:colcon.colcon_core.shell:Creating environment hook '/home/doanh/robot_detect/install/robot_recognition/share/robot_recognition/hook/cmake_prefix_path.sh'
[2.168s] Level 1:colcon.colcon_core.environment:checking '/home/doanh/robot_detect/install/robot_recognition/lib'
[2.169s] Level 1:colcon.colcon_core.environment:checking '/home/doanh/robot_detect/install/robot_recognition/bin'
[2.169s] Level 1:colcon.colcon_core.environment:checking '/home/doanh/robot_detect/install/robot_recognition/lib/pkgconfig/robot_recognition.pc'
[2.169s] Level 1:colcon.colcon_core.environment:checking '/home/doanh/robot_detect/install/robot_recognition/lib/python3.10/site-packages'
[2.169s] Level 1:colcon.colcon_core.environment:checking '/home/doanh/robot_detect/install/robot_recognition/bin'
[2.170s] INFO:colcon.colcon_core.shell:Creating package script '/home/doanh/robot_detect/install/robot_recognition/share/robot_recognition/package.ps1'
[2.172s] INFO:colcon.colcon_core.shell:Creating package descriptor '/home/doanh/robot_detect/install/robot_recognition/share/robot_recognition/package.dsv'
[2.173s] INFO:colcon.colcon_core.shell:Creating package script '/home/doanh/robot_detect/install/robot_recognition/share/robot_recognition/package.sh'
[2.174s] INFO:colcon.colcon_core.shell:Creating package script '/home/doanh/robot_detect/install/robot_recognition/share/robot_recognition/package.bash'
[2.175s] INFO:colcon.colcon_core.shell:Creating package script '/home/doanh/robot_detect/install/robot_recognition/share/robot_recognition/package.zsh'
[2.176s] Level 1:colcon.colcon_core.environment:create_file_with_runtime_dependencies(/home/doanh/robot_detect/install/robot_recognition/share/colcon-core/packages/robot_recognition)
[2.177s] Level 1:colcon.colcon_core.environment:create_environment_scripts_only(robot_recognition)
[2.178s] Level 1:colcon.colcon_core.environment:checking '/home/doanh/robot_detect/install/robot_recognition' for CMake module files
[2.178s] Level 1:colcon.colcon_core.environment:checking '/home/doanh/robot_detect/install/robot_recognition' for CMake config files
[2.179s] Level 1:colcon.colcon_core.shell:create_environment_hook('robot_recognition', 'cmake_prefix_path')
[2.179s] INFO:colcon.colcon_core.shell:Creating environment hook '/home/doanh/robot_detect/install/robot_recognition/share/robot_recognition/hook/cmake_prefix_path.ps1'
[2.180s] INFO:colcon.colcon_core.shell:Creating environment descriptor '/home/doanh/robot_detect/install/robot_recognition/share/robot_recognition/hook/cmake_prefix_path.dsv'
[2.180s] INFO:colcon.colcon_core.shell:Creating environment hook '/home/doanh/robot_detect/install/robot_recognition/share/robot_recognition/hook/cmake_prefix_path.sh'
[2.181s] Level 1:colcon.colcon_core.environment:checking '/home/doanh/robot_detect/install/robot_recognition/lib'
[2.181s] Level 1:colcon.colcon_core.environment:checking '/home/doanh/robot_detect/install/robot_recognition/bin'
[2.181s] Level 1:colcon.colcon_core.environment:checking '/home/doanh/robot_detect/install/robot_recognition/lib/pkgconfig/robot_recognition.pc'
[2.181s] Level 1:colcon.colcon_core.environment:checking '/home/doanh/robot_detect/install/robot_recognition/lib/python3.10/site-packages'
[2.181s] Level 1:colcon.colcon_core.environment:checking '/home/doanh/robot_detect/install/robot_recognition/bin'
[2.182s] INFO:colcon.colcon_core.shell:Creating package script '/home/doanh/robot_detect/install/robot_recognition/share/robot_recognition/package.ps1'
[2.183s] INFO:colcon.colcon_core.shell:Creating package descriptor '/home/doanh/robot_detect/install/robot_recognition/share/robot_recognition/package.dsv'
[2.183s] INFO:colcon.colcon_core.shell:Creating package script '/home/doanh/robot_detect/install/robot_recognition/share/robot_recognition/package.sh'
[2.184s] INFO:colcon.colcon_core.shell:Creating package script '/home/doanh/robot_detect/install/robot_recognition/share/robot_recognition/package.bash'
[2.184s] INFO:colcon.colcon_core.shell:Creating package script '/home/doanh/robot_detect/install/robot_recognition/share/robot_recognition/package.zsh'
[2.185s] Level 1:colcon.colcon_core.environment:create_file_with_runtime_dependencies(/home/doanh/robot_detect/install/robot_recognition/share/colcon-core/packages/robot_recognition)
[2.589s] DEBUG:colcon.colcon_core.event_handler.log_command:Invoked command in '/home/doanh/robot_detect/build/yolov8_msgs' returned '2': CMAKE_PREFIX_PATH=${CMAKE_PREFIX_PATH}:/home/doanh/robot_detect/install/robot_simulation:/home/doanh/robot_detect/install/robot_navigation:/home/doanh/robot_detect/install/robot_mapping:/home/doanh/robot_detect/install/robot_joy:/home/doanh/robot_detect/install/human_follow:/home/doanh/robot_detect/install/follow_human:/home/doanh/go2_robot/install/speech_processor:/home/doanh/go2_robot/install/reset_odom:/home/doanh/go2_robot/install/livox_to_laserscan:/home/doanh/go2_robot/install/lidar_processor:/home/doanh/go2_robot/install/go2_robot_sdk:/home/doanh/go2_robot/install/coco_detector:/home/doanh/mrdoanh_projects/install/speech_processor:/home/doanh/mrdoanh_projects/install/lidar_processor:/home/doanh/mrdoanh_projects/install/go2_robot_sdk:/home/doanh/mrdoanh_projects/install/coco_detector:/home/doanh/new/mrdoanh_projects/install/speech_processor:/home/doanh/new/mrdoanh_projects/install/lidar_processor:/home/doanh/new/mrdoanh_projects/install/go2_robot_sdk:/home/doanh/new/mrdoanh_projects/install/coco_detector:/opt/ros/humble /home/doanh/.local/bin/cmake --build /home/doanh/robot_detect/build/yolov8_msgs -- -j12 -l12
[2.590s] Level 1:colcon.colcon_core.environment:create_environment_scripts_only(yolov8_msgs)
[2.590s] Level 1:colcon.colcon_core.environment:checking '/home/doanh/robot_detect/install/yolov8_msgs' for CMake module files
[2.591s] Level 1:colcon.colcon_core.environment:checking '/home/doanh/robot_detect/install/yolov8_msgs' for CMake config files
[2.593s] Level 1:colcon.colcon_core.shell:create_environment_hook('yolov8_msgs', 'cmake_prefix_path')
[2.594s] INFO:colcon.colcon_core.shell:Creating environment hook '/home/doanh/robot_detect/install/yolov8_msgs/share/yolov8_msgs/hook/cmake_prefix_path.ps1'
[2.594s] INFO:colcon.colcon_core.shell:Creating environment descriptor '/home/doanh/robot_detect/install/yolov8_msgs/share/yolov8_msgs/hook/cmake_prefix_path.dsv'
[2.595s] INFO:colcon.colcon_core.shell:Creating environment hook '/home/doanh/robot_detect/install/yolov8_msgs/share/yolov8_msgs/hook/cmake_prefix_path.sh'
[2.595s] Level 1:colcon.colcon_core.environment:checking '/home/doanh/robot_detect/install/yolov8_msgs/lib'
[2.595s] Level 1:colcon.colcon_core.shell:create_environment_hook('yolov8_msgs', 'ld_library_path_lib')
[2.596s] INFO:colcon.colcon_core.shell:Creating environment hook '/home/doanh/robot_detect/install/yolov8_msgs/share/yolov8_msgs/hook/ld_library_path_lib.ps1'
[2.596s] INFO:colcon.colcon_core.shell:Creating environment descriptor '/home/doanh/robot_detect/install/yolov8_msgs/share/yolov8_msgs/hook/ld_library_path_lib.dsv'
[2.596s] INFO:colcon.colcon_core.shell:Creating environment hook '/home/doanh/robot_detect/install/yolov8_msgs/share/yolov8_msgs/hook/ld_library_path_lib.sh'
[2.597s] Level 1:colcon.colcon_core.environment:checking '/home/doanh/robot_detect/install/yolov8_msgs/bin'
[2.597s] Level 1:colcon.colcon_core.environment:checking '/home/doanh/robot_detect/install/yolov8_msgs/lib/pkgconfig/yolov8_msgs.pc'
[2.597s] Level 1:colcon.colcon_core.environment:checking '/home/doanh/robot_detect/install/yolov8_msgs/lib/python3.10/site-packages'
[2.597s] Level 1:colcon.colcon_core.environment:checking '/home/doanh/robot_detect/install/yolov8_msgs/bin'
[2.598s] INFO:colcon.colcon_core.shell:Creating package script '/home/doanh/robot_detect/install/yolov8_msgs/share/yolov8_msgs/package.ps1'
[2.598s] INFO:colcon.colcon_core.shell:Creating package descriptor '/home/doanh/robot_detect/install/yolov8_msgs/share/yolov8_msgs/package.dsv'
[2.599s] INFO:colcon.colcon_core.shell:Creating package script '/home/doanh/robot_detect/install/yolov8_msgs/share/yolov8_msgs/package.sh'
[2.599s] INFO:colcon.colcon_core.shell:Creating package script '/home/doanh/robot_detect/install/yolov8_msgs/share/yolov8_msgs/package.bash'
[2.600s] INFO:colcon.colcon_core.shell:Creating package script '/home/doanh/robot_detect/install/yolov8_msgs/share/yolov8_msgs/package.zsh'
[2.600s] Level 1:colcon.colcon_core.environment:create_file_with_runtime_dependencies(/home/doanh/robot_detect/install/yolov8_msgs/share/colcon-core/packages/yolov8_msgs)
[2.872s] DEBUG:colcon.colcon_parallel_executor.executor.parallel:closing loop
[2.872s] DEBUG:colcon.colcon_parallel_executor.executor.parallel:loop closed
[2.872s] DEBUG:colcon.colcon_parallel_executor.executor.parallel:run_until_complete finished with '2'
[2.872s] DEBUG:colcon.colcon_core.event_reactor:joining thread
[2.890s] INFO:colcon.colcon_core.plugin_system:Skipping extension 'colcon_notification.desktop_notification.terminal_notifier': Not used on non-Darwin systems
[2.890s] INFO:colcon.colcon_core.plugin_system:Skipping extension 'colcon_notification.desktop_notification.win32': Not used on non-Windows systems
[2.890s] INFO:colcon.colcon_notification.desktop_notification:Sending desktop notification using 'notify2'
[2.963s] DEBUG:colcon.colcon_core.event_reactor:joined thread
[2.964s] INFO:colcon.colcon_core.shell:Creating prefix script '/home/doanh/robot_detect/install/local_setup.ps1'
[2.966s] INFO:colcon.colcon_core.shell:Creating prefix util module '/home/doanh/robot_detect/install/_local_setup_util_ps1.py'
[2.967s] INFO:colcon.colcon_core.shell:Creating prefix chain script '/home/doanh/robot_detect/install/setup.ps1'
[2.969s] INFO:colcon.colcon_core.shell:Creating prefix script '/home/doanh/robot_detect/install/local_setup.sh'
[2.970s] INFO:colcon.colcon_core.shell:Creating prefix util module '/home/doanh/robot_detect/install/_local_setup_util_sh.py'
[2.970s] INFO:colcon.colcon_core.shell:Creating prefix chain script '/home/doanh/robot_detect/install/setup.sh'
[2.972s] INFO:colcon.colcon_core.shell:Creating prefix script '/home/doanh/robot_detect/install/local_setup.bash'
[2.973s] INFO:colcon.colcon_core.shell:Creating prefix chain script '/home/doanh/robot_detect/install/setup.bash'
[2.974s] INFO:colcon.colcon_core.shell:Creating prefix script '/home/doanh/robot_detect/install/local_setup.zsh'
[2.975s] INFO:colcon.colcon_core.shell:Creating prefix chain script '/home/doanh/robot_detect/install/setup.zsh'
