[0.094s] DEBUG:colcon:Command line arguments: ['/usr/bin/colcon', 'build']
[0.094s] DEBUG:colcon:Parsed command line arguments: Namespace(log_base=None, log_level=None, verb_name='build', build_base='build', install_base='install', merge_install=False, symlink_install=False, test_result_base=None, continue_on_error=False, executor='parallel', parallel_workers=12, event_handlers=None, ignore_user_meta=False, metas=['./colcon.meta'], base_paths=['.'], packages_ignore=None, packages_ignore_regex=None, paths=None, packages_up_to=None, packages_up_to_regex=None, packages_above=None, packages_above_and_dependencies=None, packages_above_depth=None, packages_select_by_dep=None, packages_skip_by_dep=None, packages_skip_up_to=None, packages_select_build_failed=False, packages_skip_build_finished=False, packages_select_test_failures=False, packages_skip_test_passed=False, packages_select=None, packages_skip=None, packages_select_regex=None, packages_skip_regex=None, packages_start=None, packages_end=None, allow_overriding=[], cmake_args=None, cmake_target=None, cmake_target_skip_unavailable=False, cmake_clean_cache=False, cmake_clean_first=False, cmake_force_configure=False, ament_cmake_args=None, catkin_cmake_args=None, catkin_skip_building_tests=False, verb_parser=<colcon_defaults.argument_parser.defaults.DefaultArgumentsDecorator object at 0x7f53ad836b60>, verb_extension=<colcon_core.verb.build.BuildVerb object at 0x7f53ad97ffd0>, main=<bound method BuildVerb.main of <colcon_core.verb.build.BuildVerb object at 0x7f53ad97ffd0>>)
[0.260s] Level 1:colcon.colcon_core.package_discovery:discover_packages(colcon_meta) check parameters
[0.260s] Level 1:colcon.colcon_core.package_discovery:discover_packages(recursive) check parameters
[0.260s] Level 1:colcon.colcon_core.package_discovery:discover_packages(ignore) check parameters
[0.260s] Level 1:colcon.colcon_core.package_discovery:discover_packages(path) check parameters
[0.260s] Level 1:colcon.colcon_core.package_discovery:discover_packages(colcon_meta) discover
[0.261s] Level 1:colcon.colcon_core.package_discovery:discover_packages(recursive) discover
[0.261s] INFO:colcon.colcon_core.package_discovery:Crawling recursively for packages in '/home/doanh/robot_detect'
[0.261s] Level 1:colcon.colcon_core.package_identification:_identify(.) by extensions ['ignore', 'ignore_ament_install']
[0.261s] Level 1:colcon.colcon_core.package_identification:_identify(.) by extension 'ignore'
[0.261s] Level 1:colcon.colcon_core.package_identification:_identify(.) by extension 'ignore_ament_install'
[0.261s] Level 1:colcon.colcon_core.package_identification:_identify(.) by extensions ['colcon_pkg']
[0.261s] Level 1:colcon.colcon_core.package_identification:_identify(.) by extension 'colcon_pkg'
[0.261s] Level 1:colcon.colcon_core.package_identification:_identify(.) by extensions ['colcon_meta']
[0.261s] Level 1:colcon.colcon_core.package_identification:_identify(.) by extension 'colcon_meta'
[0.261s] Level 1:colcon.colcon_core.package_identification:_identify(.) by extensions ['ros']
[0.261s] Level 1:colcon.colcon_core.package_identification:_identify(.) by extension 'ros'
[0.280s] Level 1:colcon.colcon_core.package_identification:_identify(.) by extensions ['cmake', 'python']
[0.280s] Level 1:colcon.colcon_core.package_identification:_identify(.) by extension 'cmake'
[0.280s] Level 1:colcon.colcon_core.package_identification:_identify(.) by extension 'python'
[0.280s] Level 1:colcon.colcon_core.package_identification:_identify(.) by extensions ['python_setup_py']
[0.280s] Level 1:colcon.colcon_core.package_identification:_identify(.) by extension 'python_setup_py'
[0.280s] Level 1:colcon.colcon_core.package_identification:_identify(build) by extensions ['ignore', 'ignore_ament_install']
[0.280s] Level 1:colcon.colcon_core.package_identification:_identify(build) by extension 'ignore'
[0.280s] Level 1:colcon.colcon_core.package_identification:_identify(build) ignored
[0.281s] Level 1:colcon.colcon_core.package_identification:_identify(install) by extensions ['ignore', 'ignore_ament_install']
[0.281s] Level 1:colcon.colcon_core.package_identification:_identify(install) by extension 'ignore'
[0.281s] Level 1:colcon.colcon_core.package_identification:_identify(install) ignored
[0.281s] Level 1:colcon.colcon_core.package_identification:_identify(log) by extensions ['ignore', 'ignore_ament_install']
[0.281s] Level 1:colcon.colcon_core.package_identification:_identify(log) by extension 'ignore'
[0.281s] Level 1:colcon.colcon_core.package_identification:_identify(log) ignored
[0.281s] Level 1:colcon.colcon_core.package_identification:_identify(src) by extensions ['ignore', 'ignore_ament_install']
[0.281s] Level 1:colcon.colcon_core.package_identification:_identify(src) by extension 'ignore'
[0.281s] Level 1:colcon.colcon_core.package_identification:_identify(src) by extension 'ignore_ament_install'
[0.281s] Level 1:colcon.colcon_core.package_identification:_identify(src) by extensions ['colcon_pkg']
[0.281s] Level 1:colcon.colcon_core.package_identification:_identify(src) by extension 'colcon_pkg'
[0.281s] Level 1:colcon.colcon_core.package_identification:_identify(src) by extensions ['colcon_meta']
[0.281s] Level 1:colcon.colcon_core.package_identification:_identify(src) by extension 'colcon_meta'
[0.281s] Level 1:colcon.colcon_core.package_identification:_identify(src) by extensions ['ros']
[0.281s] Level 1:colcon.colcon_core.package_identification:_identify(src) by extension 'ros'
[0.281s] Level 1:colcon.colcon_core.package_identification:_identify(src) by extensions ['cmake', 'python']
[0.281s] Level 1:colcon.colcon_core.package_identification:_identify(src) by extension 'cmake'
[0.281s] Level 1:colcon.colcon_core.package_identification:_identify(src) by extension 'python'
[0.281s] Level 1:colcon.colcon_core.package_identification:_identify(src) by extensions ['python_setup_py']
[0.281s] Level 1:colcon.colcon_core.package_identification:_identify(src) by extension 'python_setup_py'
[0.281s] Level 1:colcon.colcon_core.package_identification:_identify(src/follow_human) by extensions ['ignore', 'ignore_ament_install']
[0.281s] Level 1:colcon.colcon_core.package_identification:_identify(src/follow_human) by extension 'ignore'
[0.281s] Level 1:colcon.colcon_core.package_identification:_identify(src/follow_human) by extension 'ignore_ament_install'
[0.281s] Level 1:colcon.colcon_core.package_identification:_identify(src/follow_human) by extensions ['colcon_pkg']
[0.281s] Level 1:colcon.colcon_core.package_identification:_identify(src/follow_human) by extension 'colcon_pkg'
[0.281s] Level 1:colcon.colcon_core.package_identification:_identify(src/follow_human) by extensions ['colcon_meta']
[0.281s] Level 1:colcon.colcon_core.package_identification:_identify(src/follow_human) by extension 'colcon_meta'
[0.281s] Level 1:colcon.colcon_core.package_identification:_identify(src/follow_human) by extensions ['ros']
[0.281s] Level 1:colcon.colcon_core.package_identification:_identify(src/follow_human) by extension 'ros'
[0.283s] DEBUG:colcon.colcon_core.package_identification:Package 'src/follow_human' with type 'ros.ament_python' and name 'follow_human'
[0.284s] Level 1:colcon.colcon_core.package_identification:_identify(src/robot_joy) by extensions ['ignore', 'ignore_ament_install']
[0.284s] Level 1:colcon.colcon_core.package_identification:_identify(src/robot_joy) by extension 'ignore'
[0.284s] Level 1:colcon.colcon_core.package_identification:_identify(src/robot_joy) by extension 'ignore_ament_install'
[0.284s] Level 1:colcon.colcon_core.package_identification:_identify(src/robot_joy) by extensions ['colcon_pkg']
[0.284s] Level 1:colcon.colcon_core.package_identification:_identify(src/robot_joy) by extension 'colcon_pkg'
[0.284s] Level 1:colcon.colcon_core.package_identification:_identify(src/robot_joy) by extensions ['colcon_meta']
[0.284s] Level 1:colcon.colcon_core.package_identification:_identify(src/robot_joy) by extension 'colcon_meta'
[0.284s] Level 1:colcon.colcon_core.package_identification:_identify(src/robot_joy) by extensions ['ros']
[0.284s] Level 1:colcon.colcon_core.package_identification:_identify(src/robot_joy) by extension 'ros'
[0.284s] DEBUG:colcon.colcon_core.package_identification:Package 'src/robot_joy' with type 'ros.ament_python' and name 'robot_joy'
[0.284s] Level 1:colcon.colcon_core.package_identification:_identify(src/robot_mapping) by extensions ['ignore', 'ignore_ament_install']
[0.285s] Level 1:colcon.colcon_core.package_identification:_identify(src/robot_mapping) by extension 'ignore'
[0.285s] Level 1:colcon.colcon_core.package_identification:_identify(src/robot_mapping) by extension 'ignore_ament_install'
[0.285s] Level 1:colcon.colcon_core.package_identification:_identify(src/robot_mapping) by extensions ['colcon_pkg']
[0.285s] Level 1:colcon.colcon_core.package_identification:_identify(src/robot_mapping) by extension 'colcon_pkg'
[0.285s] Level 1:colcon.colcon_core.package_identification:_identify(src/robot_mapping) by extensions ['colcon_meta']
[0.285s] Level 1:colcon.colcon_core.package_identification:_identify(src/robot_mapping) by extension 'colcon_meta'
[0.285s] Level 1:colcon.colcon_core.package_identification:_identify(src/robot_mapping) by extensions ['ros']
[0.285s] Level 1:colcon.colcon_core.package_identification:_identify(src/robot_mapping) by extension 'ros'
[0.285s] DEBUG:colcon.colcon_core.package_identification:Package 'src/robot_mapping' with type 'ros.ament_python' and name 'robot_mapping'
[0.285s] Level 1:colcon.colcon_core.package_identification:_identify(src/robot_navigation) by extensions ['ignore', 'ignore_ament_install']
[0.285s] Level 1:colcon.colcon_core.package_identification:_identify(src/robot_navigation) by extension 'ignore'
[0.285s] Level 1:colcon.colcon_core.package_identification:_identify(src/robot_navigation) by extension 'ignore_ament_install'
[0.285s] Level 1:colcon.colcon_core.package_identification:_identify(src/robot_navigation) by extensions ['colcon_pkg']
[0.285s] Level 1:colcon.colcon_core.package_identification:_identify(src/robot_navigation) by extension 'colcon_pkg'
[0.285s] Level 1:colcon.colcon_core.package_identification:_identify(src/robot_navigation) by extensions ['colcon_meta']
[0.285s] Level 1:colcon.colcon_core.package_identification:_identify(src/robot_navigation) by extension 'colcon_meta'
[0.285s] Level 1:colcon.colcon_core.package_identification:_identify(src/robot_navigation) by extensions ['ros']
[0.285s] Level 1:colcon.colcon_core.package_identification:_identify(src/robot_navigation) by extension 'ros'
[0.286s] DEBUG:colcon.colcon_core.package_identification:Package 'src/robot_navigation' with type 'ros.ament_python' and name 'robot_navigation'
[0.286s] Level 1:colcon.colcon_core.package_identification:_identify(src/robot_recognition) by extensions ['ignore', 'ignore_ament_install']
[0.286s] Level 1:colcon.colcon_core.package_identification:_identify(src/robot_recognition) by extension 'ignore'
[0.286s] Level 1:colcon.colcon_core.package_identification:_identify(src/robot_recognition) by extension 'ignore_ament_install'
[0.286s] Level 1:colcon.colcon_core.package_identification:_identify(src/robot_recognition) by extensions ['colcon_pkg']
[0.286s] Level 1:colcon.colcon_core.package_identification:_identify(src/robot_recognition) by extension 'colcon_pkg'
[0.286s] Level 1:colcon.colcon_core.package_identification:_identify(src/robot_recognition) by extensions ['colcon_meta']
[0.286s] Level 1:colcon.colcon_core.package_identification:_identify(src/robot_recognition) by extension 'colcon_meta'
[0.286s] Level 1:colcon.colcon_core.package_identification:_identify(src/robot_recognition) by extensions ['ros']
[0.286s] Level 1:colcon.colcon_core.package_identification:_identify(src/robot_recognition) by extension 'ros'
[0.286s] DEBUG:colcon.colcon_core.package_identification:Package 'src/robot_recognition' with type 'ros.ament_cmake' and name 'robot_recognition'
[0.287s] Level 1:colcon.colcon_core.package_identification:_identify(src/robot_simulation) by extensions ['ignore', 'ignore_ament_install']
[0.287s] Level 1:colcon.colcon_core.package_identification:_identify(src/robot_simulation) by extension 'ignore'
[0.287s] Level 1:colcon.colcon_core.package_identification:_identify(src/robot_simulation) by extension 'ignore_ament_install'
[0.287s] Level 1:colcon.colcon_core.package_identification:_identify(src/robot_simulation) by extensions ['colcon_pkg']
[0.287s] Level 1:colcon.colcon_core.package_identification:_identify(src/robot_simulation) by extension 'colcon_pkg'
[0.287s] Level 1:colcon.colcon_core.package_identification:_identify(src/robot_simulation) by extensions ['colcon_meta']
[0.287s] Level 1:colcon.colcon_core.package_identification:_identify(src/robot_simulation) by extension 'colcon_meta'
[0.287s] Level 1:colcon.colcon_core.package_identification:_identify(src/robot_simulation) by extensions ['ros']
[0.287s] Level 1:colcon.colcon_core.package_identification:_identify(src/robot_simulation) by extension 'ros'
[0.287s] DEBUG:colcon.colcon_core.package_identification:Package 'src/robot_simulation' with type 'ros.ament_python' and name 'robot_simulation'
[0.287s] Level 1:colcon.colcon_core.package_identification:_identify(src/yolov8_msgs) by extensions ['ignore', 'ignore_ament_install']
[0.287s] Level 1:colcon.colcon_core.package_identification:_identify(src/yolov8_msgs) by extension 'ignore'
[0.287s] Level 1:colcon.colcon_core.package_identification:_identify(src/yolov8_msgs) by extension 'ignore_ament_install'
[0.287s] Level 1:colcon.colcon_core.package_identification:_identify(src/yolov8_msgs) by extensions ['colcon_pkg']
[0.287s] Level 1:colcon.colcon_core.package_identification:_identify(src/yolov8_msgs) by extension 'colcon_pkg'
[0.287s] Level 1:colcon.colcon_core.package_identification:_identify(src/yolov8_msgs) by extensions ['colcon_meta']
[0.287s] Level 1:colcon.colcon_core.package_identification:_identify(src/yolov8_msgs) by extension 'colcon_meta'
[0.287s] Level 1:colcon.colcon_core.package_identification:_identify(src/yolov8_msgs) by extensions ['ros']
[0.287s] Level 1:colcon.colcon_core.package_identification:_identify(src/yolov8_msgs) by extension 'ros'
[0.288s] DEBUG:colcon.colcon_core.package_identification:Package 'src/yolov8_msgs' with type 'ros.ament_cmake' and name 'yolov8_msgs'
[0.288s] Level 1:colcon.colcon_core.package_identification:_identify(~) by extensions ['ignore', 'ignore_ament_install']
[0.288s] Level 1:colcon.colcon_core.package_identification:_identify(~) by extension 'ignore'
[0.288s] Level 1:colcon.colcon_core.package_identification:_identify(~) by extension 'ignore_ament_install'
[0.288s] Level 1:colcon.colcon_core.package_identification:_identify(~) by extensions ['colcon_pkg']
[0.288s] Level 1:colcon.colcon_core.package_identification:_identify(~) by extension 'colcon_pkg'
[0.288s] Level 1:colcon.colcon_core.package_identification:_identify(~) by extensions ['colcon_meta']
[0.288s] Level 1:colcon.colcon_core.package_identification:_identify(~) by extension 'colcon_meta'
[0.288s] Level 1:colcon.colcon_core.package_identification:_identify(~) by extensions ['ros']
[0.288s] Level 1:colcon.colcon_core.package_identification:_identify(~) by extension 'ros'
[0.288s] Level 1:colcon.colcon_core.package_identification:_identify(~) by extensions ['cmake', 'python']
[0.288s] Level 1:colcon.colcon_core.package_identification:_identify(~) by extension 'cmake'
[0.288s] Level 1:colcon.colcon_core.package_identification:_identify(~) by extension 'python'
[0.288s] Level 1:colcon.colcon_core.package_identification:_identify(~) by extensions ['python_setup_py']
[0.288s] Level 1:colcon.colcon_core.package_identification:_identify(~) by extension 'python_setup_py'
[0.288s] Level 1:colcon.colcon_core.package_identification:_identify(~/robot_detect) by extensions ['ignore', 'ignore_ament_install']
[0.288s] Level 1:colcon.colcon_core.package_identification:_identify(~/robot_detect) by extension 'ignore'
[0.288s] Level 1:colcon.colcon_core.package_identification:_identify(~/robot_detect) by extension 'ignore_ament_install'
[0.288s] Level 1:colcon.colcon_core.package_identification:_identify(~/robot_detect) by extensions ['colcon_pkg']
[0.288s] Level 1:colcon.colcon_core.package_identification:_identify(~/robot_detect) by extension 'colcon_pkg'
[0.289s] Level 1:colcon.colcon_core.package_identification:_identify(~/robot_detect) by extensions ['colcon_meta']
[0.289s] Level 1:colcon.colcon_core.package_identification:_identify(~/robot_detect) by extension 'colcon_meta'
[0.289s] Level 1:colcon.colcon_core.package_identification:_identify(~/robot_detect) by extensions ['ros']
[0.289s] Level 1:colcon.colcon_core.package_identification:_identify(~/robot_detect) by extension 'ros'
[0.289s] Level 1:colcon.colcon_core.package_identification:_identify(~/robot_detect) by extensions ['cmake', 'python']
[0.289s] Level 1:colcon.colcon_core.package_identification:_identify(~/robot_detect) by extension 'cmake'
[0.289s] Level 1:colcon.colcon_core.package_identification:_identify(~/robot_detect) by extension 'python'
[0.289s] Level 1:colcon.colcon_core.package_identification:_identify(~/robot_detect) by extensions ['python_setup_py']
[0.289s] Level 1:colcon.colcon_core.package_identification:_identify(~/robot_detect) by extension 'python_setup_py'
[0.289s] Level 1:colcon.colcon_core.package_identification:_identify(~/robot_detect/src) by extensions ['ignore', 'ignore_ament_install']
[0.289s] Level 1:colcon.colcon_core.package_identification:_identify(~/robot_detect/src) by extension 'ignore'
[0.289s] Level 1:colcon.colcon_core.package_identification:_identify(~/robot_detect/src) by extension 'ignore_ament_install'
[0.289s] Level 1:colcon.colcon_core.package_identification:_identify(~/robot_detect/src) by extensions ['colcon_pkg']
[0.289s] Level 1:colcon.colcon_core.package_identification:_identify(~/robot_detect/src) by extension 'colcon_pkg'
[0.289s] Level 1:colcon.colcon_core.package_identification:_identify(~/robot_detect/src) by extensions ['colcon_meta']
[0.289s] Level 1:colcon.colcon_core.package_identification:_identify(~/robot_detect/src) by extension 'colcon_meta'
[0.289s] Level 1:colcon.colcon_core.package_identification:_identify(~/robot_detect/src) by extensions ['ros']
[0.289s] Level 1:colcon.colcon_core.package_identification:_identify(~/robot_detect/src) by extension 'ros'
[0.289s] Level 1:colcon.colcon_core.package_identification:_identify(~/robot_detect/src) by extensions ['cmake', 'python']
[0.289s] Level 1:colcon.colcon_core.package_identification:_identify(~/robot_detect/src) by extension 'cmake'
[0.289s] Level 1:colcon.colcon_core.package_identification:_identify(~/robot_detect/src) by extension 'python'
[0.289s] Level 1:colcon.colcon_core.package_identification:_identify(~/robot_detect/src) by extensions ['python_setup_py']
[0.289s] Level 1:colcon.colcon_core.package_identification:_identify(~/robot_detect/src) by extension 'python_setup_py'
[0.289s] Level 1:colcon.colcon_core.package_identification:_identify(~/robot_detect/src/robot_recognition) by extensions ['ignore', 'ignore_ament_install']
[0.289s] Level 1:colcon.colcon_core.package_identification:_identify(~/robot_detect/src/robot_recognition) by extension 'ignore'
[0.289s] Level 1:colcon.colcon_core.package_identification:_identify(~/robot_detect/src/robot_recognition) by extension 'ignore_ament_install'
[0.289s] Level 1:colcon.colcon_core.package_identification:_identify(~/robot_detect/src/robot_recognition) by extensions ['colcon_pkg']
[0.289s] Level 1:colcon.colcon_core.package_identification:_identify(~/robot_detect/src/robot_recognition) by extension 'colcon_pkg'
[0.289s] Level 1:colcon.colcon_core.package_identification:_identify(~/robot_detect/src/robot_recognition) by extensions ['colcon_meta']
[0.289s] Level 1:colcon.colcon_core.package_identification:_identify(~/robot_detect/src/robot_recognition) by extension 'colcon_meta'
[0.289s] Level 1:colcon.colcon_core.package_identification:_identify(~/robot_detect/src/robot_recognition) by extensions ['ros']
[0.289s] Level 1:colcon.colcon_core.package_identification:_identify(~/robot_detect/src/robot_recognition) by extension 'ros'
[0.290s] Level 1:colcon.colcon_core.package_identification:_identify(~/robot_detect/src/robot_recognition) by extensions ['cmake', 'python']
[0.290s] Level 1:colcon.colcon_core.package_identification:_identify(~/robot_detect/src/robot_recognition) by extension 'cmake'
[0.290s] Level 1:colcon.colcon_core.package_identification:_identify(~/robot_detect/src/robot_recognition) by extension 'python'
[0.290s] Level 1:colcon.colcon_core.package_identification:_identify(~/robot_detect/src/robot_recognition) by extensions ['python_setup_py']
[0.290s] Level 1:colcon.colcon_core.package_identification:_identify(~/robot_detect/src/robot_recognition) by extension 'python_setup_py'
[0.290s] Level 1:colcon.colcon_core.package_identification:_identify(~/robot_detect/src/robot_recognition/scripts) by extensions ['ignore', 'ignore_ament_install']
[0.290s] Level 1:colcon.colcon_core.package_identification:_identify(~/robot_detect/src/robot_recognition/scripts) by extension 'ignore'
[0.290s] Level 1:colcon.colcon_core.package_identification:_identify(~/robot_detect/src/robot_recognition/scripts) by extension 'ignore_ament_install'
[0.290s] Level 1:colcon.colcon_core.package_identification:_identify(~/robot_detect/src/robot_recognition/scripts) by extensions ['colcon_pkg']
[0.290s] Level 1:colcon.colcon_core.package_identification:_identify(~/robot_detect/src/robot_recognition/scripts) by extension 'colcon_pkg'
[0.290s] Level 1:colcon.colcon_core.package_identification:_identify(~/robot_detect/src/robot_recognition/scripts) by extensions ['colcon_meta']
[0.290s] Level 1:colcon.colcon_core.package_identification:_identify(~/robot_detect/src/robot_recognition/scripts) by extension 'colcon_meta'
[0.290s] Level 1:colcon.colcon_core.package_identification:_identify(~/robot_detect/src/robot_recognition/scripts) by extensions ['ros']
[0.290s] Level 1:colcon.colcon_core.package_identification:_identify(~/robot_detect/src/robot_recognition/scripts) by extension 'ros'
[0.290s] Level 1:colcon.colcon_core.package_identification:_identify(~/robot_detect/src/robot_recognition/scripts) by extensions ['cmake', 'python']
[0.290s] Level 1:colcon.colcon_core.package_identification:_identify(~/robot_detect/src/robot_recognition/scripts) by extension 'cmake'
[0.290s] Level 1:colcon.colcon_core.package_identification:_identify(~/robot_detect/src/robot_recognition/scripts) by extension 'python'
[0.290s] Level 1:colcon.colcon_core.package_identification:_identify(~/robot_detect/src/robot_recognition/scripts) by extensions ['python_setup_py']
[0.290s] Level 1:colcon.colcon_core.package_identification:_identify(~/robot_detect/src/robot_recognition/scripts) by extension 'python_setup_py'
[0.290s] Level 1:colcon.colcon_core.package_discovery:discover_packages(recursive) using defaults
[0.290s] Level 1:colcon.colcon_core.package_discovery:discover_packages(ignore) discover
[0.290s] Level 1:colcon.colcon_core.package_discovery:discover_packages(ignore) using defaults
[0.290s] Level 1:colcon.colcon_core.package_discovery:discover_packages(path) discover
[0.290s] Level 1:colcon.colcon_core.package_discovery:discover_packages(path) using defaults
[0.308s] Level 1:colcon.colcon_core.package_discovery:discover_packages(prefix_path) check parameters
[0.309s] Level 1:colcon.colcon_core.package_discovery:discover_packages(prefix_path) discover
[0.310s] DEBUG:colcon.colcon_installed_package_information.package_discovery:Found 8 installed packages in /home/doanh/robot_detect/install
[0.311s] DEBUG:colcon.colcon_installed_package_information.package_discovery:Found 9 installed packages in /home/doanh/go2_robot/install
[0.311s] DEBUG:colcon.colcon_installed_package_information.package_discovery:Found 5 installed packages in /home/doanh/mrdoanh_projects/install
[0.312s] DEBUG:colcon.colcon_installed_package_information.package_discovery:Found 5 installed packages in /home/doanh/new/mrdoanh_projects/install
[0.312s] DEBUG:colcon.colcon_installed_package_information.package_discovery:Found 1 installed packages in /home/doanh/livox_mapping/install
[0.313s] DEBUG:colcon.colcon_installed_package_information.package_discovery:Found 411 installed packages in /opt/ros/humble
[0.315s] Level 1:colcon.colcon_core.package_discovery:discover_packages(prefix_path) using defaults
[0.355s] Level 5:colcon.colcon_core.verb:set package 'follow_human' build argument 'cmake_args' from command line to 'None'
[0.355s] Level 5:colcon.colcon_core.verb:set package 'follow_human' build argument 'cmake_target' from command line to 'None'
[0.355s] Level 5:colcon.colcon_core.verb:set package 'follow_human' build argument 'cmake_target_skip_unavailable' from command line to 'False'
[0.355s] Level 5:colcon.colcon_core.verb:set package 'follow_human' build argument 'cmake_clean_cache' from command line to 'False'
[0.355s] Level 5:colcon.colcon_core.verb:set package 'follow_human' build argument 'cmake_clean_first' from command line to 'False'
[0.355s] Level 5:colcon.colcon_core.verb:set package 'follow_human' build argument 'cmake_force_configure' from command line to 'False'
[0.355s] Level 5:colcon.colcon_core.verb:set package 'follow_human' build argument 'ament_cmake_args' from command line to 'None'
[0.355s] Level 5:colcon.colcon_core.verb:set package 'follow_human' build argument 'catkin_cmake_args' from command line to 'None'
[0.355s] Level 5:colcon.colcon_core.verb:set package 'follow_human' build argument 'catkin_skip_building_tests' from command line to 'False'
[0.355s] DEBUG:colcon.colcon_core.verb:Building package 'follow_human' with the following arguments: {'ament_cmake_args': None, 'build_base': '/home/doanh/robot_detect/build/follow_human', 'catkin_cmake_args': None, 'catkin_skip_building_tests': False, 'cmake_args': None, 'cmake_clean_cache': False, 'cmake_clean_first': False, 'cmake_force_configure': False, 'cmake_target': None, 'cmake_target_skip_unavailable': False, 'install_base': '/home/doanh/robot_detect/install/follow_human', 'merge_install': False, 'path': '/home/doanh/robot_detect/src/follow_human', 'symlink_install': False, 'test_result_base': None}
[0.356s] Level 5:colcon.colcon_core.verb:set package 'robot_joy' build argument 'cmake_args' from command line to 'None'
[0.356s] Level 5:colcon.colcon_core.verb:set package 'robot_joy' build argument 'cmake_target' from command line to 'None'
[0.356s] Level 5:colcon.colcon_core.verb:set package 'robot_joy' build argument 'cmake_target_skip_unavailable' from command line to 'False'
[0.356s] Level 5:colcon.colcon_core.verb:set package 'robot_joy' build argument 'cmake_clean_cache' from command line to 'False'
[0.356s] Level 5:colcon.colcon_core.verb:set package 'robot_joy' build argument 'cmake_clean_first' from command line to 'False'
[0.356s] Level 5:colcon.colcon_core.verb:set package 'robot_joy' build argument 'cmake_force_configure' from command line to 'False'
[0.356s] Level 5:colcon.colcon_core.verb:set package 'robot_joy' build argument 'ament_cmake_args' from command line to 'None'
[0.356s] Level 5:colcon.colcon_core.verb:set package 'robot_joy' build argument 'catkin_cmake_args' from command line to 'None'
[0.356s] Level 5:colcon.colcon_core.verb:set package 'robot_joy' build argument 'catkin_skip_building_tests' from command line to 'False'
[0.356s] DEBUG:colcon.colcon_core.verb:Building package 'robot_joy' with the following arguments: {'ament_cmake_args': None, 'build_base': '/home/doanh/robot_detect/build/robot_joy', 'catkin_cmake_args': None, 'catkin_skip_building_tests': False, 'cmake_args': None, 'cmake_clean_cache': False, 'cmake_clean_first': False, 'cmake_force_configure': False, 'cmake_target': None, 'cmake_target_skip_unavailable': False, 'install_base': '/home/doanh/robot_detect/install/robot_joy', 'merge_install': False, 'path': '/home/doanh/robot_detect/src/robot_joy', 'symlink_install': False, 'test_result_base': None}
[0.356s] Level 5:colcon.colcon_core.verb:set package 'robot_mapping' build argument 'cmake_args' from command line to 'None'
[0.356s] Level 5:colcon.colcon_core.verb:set package 'robot_mapping' build argument 'cmake_target' from command line to 'None'
[0.356s] Level 5:colcon.colcon_core.verb:set package 'robot_mapping' build argument 'cmake_target_skip_unavailable' from command line to 'False'
[0.356s] Level 5:colcon.colcon_core.verb:set package 'robot_mapping' build argument 'cmake_clean_cache' from command line to 'False'
[0.356s] Level 5:colcon.colcon_core.verb:set package 'robot_mapping' build argument 'cmake_clean_first' from command line to 'False'
[0.356s] Level 5:colcon.colcon_core.verb:set package 'robot_mapping' build argument 'cmake_force_configure' from command line to 'False'
[0.356s] Level 5:colcon.colcon_core.verb:set package 'robot_mapping' build argument 'ament_cmake_args' from command line to 'None'
[0.356s] Level 5:colcon.colcon_core.verb:set package 'robot_mapping' build argument 'catkin_cmake_args' from command line to 'None'
[0.356s] Level 5:colcon.colcon_core.verb:set package 'robot_mapping' build argument 'catkin_skip_building_tests' from command line to 'False'
[0.356s] DEBUG:colcon.colcon_core.verb:Building package 'robot_mapping' with the following arguments: {'ament_cmake_args': None, 'build_base': '/home/doanh/robot_detect/build/robot_mapping', 'catkin_cmake_args': None, 'catkin_skip_building_tests': False, 'cmake_args': None, 'cmake_clean_cache': False, 'cmake_clean_first': False, 'cmake_force_configure': False, 'cmake_target': None, 'cmake_target_skip_unavailable': False, 'install_base': '/home/doanh/robot_detect/install/robot_mapping', 'merge_install': False, 'path': '/home/doanh/robot_detect/src/robot_mapping', 'symlink_install': False, 'test_result_base': None}
[0.357s] Level 5:colcon.colcon_core.verb:set package 'robot_navigation' build argument 'cmake_args' from command line to 'None'
[0.357s] Level 5:colcon.colcon_core.verb:set package 'robot_navigation' build argument 'cmake_target' from command line to 'None'
[0.357s] Level 5:colcon.colcon_core.verb:set package 'robot_navigation' build argument 'cmake_target_skip_unavailable' from command line to 'False'
[0.357s] Level 5:colcon.colcon_core.verb:set package 'robot_navigation' build argument 'cmake_clean_cache' from command line to 'False'
[0.357s] Level 5:colcon.colcon_core.verb:set package 'robot_navigation' build argument 'cmake_clean_first' from command line to 'False'
[0.357s] Level 5:colcon.colcon_core.verb:set package 'robot_navigation' build argument 'cmake_force_configure' from command line to 'False'
[0.357s] Level 5:colcon.colcon_core.verb:set package 'robot_navigation' build argument 'ament_cmake_args' from command line to 'None'
[0.357s] Level 5:colcon.colcon_core.verb:set package 'robot_navigation' build argument 'catkin_cmake_args' from command line to 'None'
[0.357s] Level 5:colcon.colcon_core.verb:set package 'robot_navigation' build argument 'catkin_skip_building_tests' from command line to 'False'
[0.357s] DEBUG:colcon.colcon_core.verb:Building package 'robot_navigation' with the following arguments: {'ament_cmake_args': None, 'build_base': '/home/doanh/robot_detect/build/robot_navigation', 'catkin_cmake_args': None, 'catkin_skip_building_tests': False, 'cmake_args': None, 'cmake_clean_cache': False, 'cmake_clean_first': False, 'cmake_force_configure': False, 'cmake_target': None, 'cmake_target_skip_unavailable': False, 'install_base': '/home/doanh/robot_detect/install/robot_navigation', 'merge_install': False, 'path': '/home/doanh/robot_detect/src/robot_navigation', 'symlink_install': False, 'test_result_base': None}
[0.357s] Level 5:colcon.colcon_core.verb:set package 'robot_recognition' build argument 'cmake_args' from command line to 'None'
[0.357s] Level 5:colcon.colcon_core.verb:set package 'robot_recognition' build argument 'cmake_target' from command line to 'None'
[0.357s] Level 5:colcon.colcon_core.verb:set package 'robot_recognition' build argument 'cmake_target_skip_unavailable' from command line to 'False'
[0.357s] Level 5:colcon.colcon_core.verb:set package 'robot_recognition' build argument 'cmake_clean_cache' from command line to 'False'
[0.357s] Level 5:colcon.colcon_core.verb:set package 'robot_recognition' build argument 'cmake_clean_first' from command line to 'False'
[0.357s] Level 5:colcon.colcon_core.verb:set package 'robot_recognition' build argument 'cmake_force_configure' from command line to 'False'
[0.357s] Level 5:colcon.colcon_core.verb:set package 'robot_recognition' build argument 'ament_cmake_args' from command line to 'None'
[0.357s] Level 5:colcon.colcon_core.verb:set package 'robot_recognition' build argument 'catkin_cmake_args' from command line to 'None'
[0.357s] Level 5:colcon.colcon_core.verb:set package 'robot_recognition' build argument 'catkin_skip_building_tests' from command line to 'False'
[0.357s] DEBUG:colcon.colcon_core.verb:Building package 'robot_recognition' with the following arguments: {'ament_cmake_args': None, 'build_base': '/home/doanh/robot_detect/build/robot_recognition', 'catkin_cmake_args': None, 'catkin_skip_building_tests': False, 'cmake_args': None, 'cmake_clean_cache': False, 'cmake_clean_first': False, 'cmake_force_configure': False, 'cmake_target': None, 'cmake_target_skip_unavailable': False, 'install_base': '/home/doanh/robot_detect/install/robot_recognition', 'merge_install': False, 'path': '/home/doanh/robot_detect/src/robot_recognition', 'symlink_install': False, 'test_result_base': None}
[0.358s] Level 5:colcon.colcon_core.verb:set package 'robot_simulation' build argument 'cmake_args' from command line to 'None'
[0.358s] Level 5:colcon.colcon_core.verb:set package 'robot_simulation' build argument 'cmake_target' from command line to 'None'
[0.358s] Level 5:colcon.colcon_core.verb:set package 'robot_simulation' build argument 'cmake_target_skip_unavailable' from command line to 'False'
[0.358s] Level 5:colcon.colcon_core.verb:set package 'robot_simulation' build argument 'cmake_clean_cache' from command line to 'False'
[0.358s] Level 5:colcon.colcon_core.verb:set package 'robot_simulation' build argument 'cmake_clean_first' from command line to 'False'
[0.358s] Level 5:colcon.colcon_core.verb:set package 'robot_simulation' build argument 'cmake_force_configure' from command line to 'False'
[0.358s] Level 5:colcon.colcon_core.verb:set package 'robot_simulation' build argument 'ament_cmake_args' from command line to 'None'
[0.358s] Level 5:colcon.colcon_core.verb:set package 'robot_simulation' build argument 'catkin_cmake_args' from command line to 'None'
[0.358s] Level 5:colcon.colcon_core.verb:set package 'robot_simulation' build argument 'catkin_skip_building_tests' from command line to 'False'
[0.358s] DEBUG:colcon.colcon_core.verb:Building package 'robot_simulation' with the following arguments: {'ament_cmake_args': None, 'build_base': '/home/doanh/robot_detect/build/robot_simulation', 'catkin_cmake_args': None, 'catkin_skip_building_tests': False, 'cmake_args': None, 'cmake_clean_cache': False, 'cmake_clean_first': False, 'cmake_force_configure': False, 'cmake_target': None, 'cmake_target_skip_unavailable': False, 'install_base': '/home/doanh/robot_detect/install/robot_simulation', 'merge_install': False, 'path': '/home/doanh/robot_detect/src/robot_simulation', 'symlink_install': False, 'test_result_base': None}
[0.358s] Level 5:colcon.colcon_core.verb:set package 'yolov8_msgs' build argument 'cmake_args' from command line to 'None'
[0.358s] Level 5:colcon.colcon_core.verb:set package 'yolov8_msgs' build argument 'cmake_target' from command line to 'None'
[0.358s] Level 5:colcon.colcon_core.verb:set package 'yolov8_msgs' build argument 'cmake_target_skip_unavailable' from command line to 'False'
[0.358s] Level 5:colcon.colcon_core.verb:set package 'yolov8_msgs' build argument 'cmake_clean_cache' from command line to 'False'
[0.358s] Level 5:colcon.colcon_core.verb:set package 'yolov8_msgs' build argument 'cmake_clean_first' from command line to 'False'
[0.358s] Level 5:colcon.colcon_core.verb:set package 'yolov8_msgs' build argument 'cmake_force_configure' from command line to 'False'
[0.358s] Level 5:colcon.colcon_core.verb:set package 'yolov8_msgs' build argument 'ament_cmake_args' from command line to 'None'
[0.358s] Level 5:colcon.colcon_core.verb:set package 'yolov8_msgs' build argument 'catkin_cmake_args' from command line to 'None'
[0.358s] Level 5:colcon.colcon_core.verb:set package 'yolov8_msgs' build argument 'catkin_skip_building_tests' from command line to 'False'
[0.358s] DEBUG:colcon.colcon_core.verb:Building package 'yolov8_msgs' with the following arguments: {'ament_cmake_args': None, 'build_base': '/home/doanh/robot_detect/build/yolov8_msgs', 'catkin_cmake_args': None, 'catkin_skip_building_tests': False, 'cmake_args': None, 'cmake_clean_cache': False, 'cmake_clean_first': False, 'cmake_force_configure': False, 'cmake_target': None, 'cmake_target_skip_unavailable': False, 'install_base': '/home/doanh/robot_detect/install/yolov8_msgs', 'merge_install': False, 'path': '/home/doanh/robot_detect/src/yolov8_msgs', 'symlink_install': False, 'test_result_base': None}
[0.359s] INFO:colcon.colcon_core.executor:Executing jobs using 'parallel' executor
[0.360s] DEBUG:colcon.colcon_parallel_executor.executor.parallel:run_until_complete
[0.360s] INFO:colcon.colcon_ros.task.ament_python.build:Building ROS package in '/home/doanh/robot_detect/src/follow_human' with build type 'ament_python'
[0.360s] Level 1:colcon.colcon_core.shell:create_environment_hook('follow_human', 'ament_prefix_path')
[0.363s] INFO:colcon.colcon_core.plugin_system:Skipping extension 'colcon_core.shell.bat': Not used on non-Windows systems
[0.363s] INFO:colcon.colcon_core.shell:Creating environment hook '/home/doanh/robot_detect/install/follow_human/share/follow_human/hook/ament_prefix_path.ps1'
[0.364s] INFO:colcon.colcon_core.shell:Creating environment descriptor '/home/doanh/robot_detect/install/follow_human/share/follow_human/hook/ament_prefix_path.dsv'
[0.365s] INFO:colcon.colcon_core.shell:Creating environment hook '/home/doanh/robot_detect/install/follow_human/share/follow_human/hook/ament_prefix_path.sh'
[0.365s] INFO:colcon.colcon_core.shell:Skip shell extension 'powershell' for command environment: Not usable outside of PowerShell
[0.365s] DEBUG:colcon.colcon_core.shell:Skip shell extension 'dsv' for command environment
[0.370s] INFO:colcon.colcon_ros.task.ament_python.build:Building ROS package in '/home/doanh/robot_detect/src/robot_joy' with build type 'ament_python'
[0.371s] Level 1:colcon.colcon_core.shell:create_environment_hook('robot_joy', 'ament_prefix_path')
[0.371s] INFO:colcon.colcon_core.shell:Creating environment hook '/home/doanh/robot_detect/install/robot_joy/share/robot_joy/hook/ament_prefix_path.ps1'
[0.372s] INFO:colcon.colcon_core.shell:Creating environment descriptor '/home/doanh/robot_detect/install/robot_joy/share/robot_joy/hook/ament_prefix_path.dsv'
[0.372s] INFO:colcon.colcon_core.shell:Creating environment hook '/home/doanh/robot_detect/install/robot_joy/share/robot_joy/hook/ament_prefix_path.sh'
[0.373s] INFO:colcon.colcon_core.shell:Skip shell extension 'powershell' for command environment: Not usable outside of PowerShell
[0.373s] DEBUG:colcon.colcon_core.shell:Skip shell extension 'dsv' for command environment
[0.379s] INFO:colcon.colcon_ros.task.ament_python.build:Building ROS package in '/home/doanh/robot_detect/src/robot_mapping' with build type 'ament_python'
[0.379s] Level 1:colcon.colcon_core.shell:create_environment_hook('robot_mapping', 'ament_prefix_path')
[0.379s] INFO:colcon.colcon_core.shell:Creating environment hook '/home/doanh/robot_detect/install/robot_mapping/share/robot_mapping/hook/ament_prefix_path.ps1'
[0.380s] INFO:colcon.colcon_core.shell:Creating environment descriptor '/home/doanh/robot_detect/install/robot_mapping/share/robot_mapping/hook/ament_prefix_path.dsv'
[0.380s] INFO:colcon.colcon_core.shell:Creating environment hook '/home/doanh/robot_detect/install/robot_mapping/share/robot_mapping/hook/ament_prefix_path.sh'
[0.380s] INFO:colcon.colcon_core.shell:Skip shell extension 'powershell' for command environment: Not usable outside of PowerShell
[0.380s] DEBUG:colcon.colcon_core.shell:Skip shell extension 'dsv' for command environment
[0.385s] INFO:colcon.colcon_ros.task.ament_python.build:Building ROS package in '/home/doanh/robot_detect/src/robot_navigation' with build type 'ament_python'
[0.385s] Level 1:colcon.colcon_core.shell:create_environment_hook('robot_navigation', 'ament_prefix_path')
[0.385s] INFO:colcon.colcon_core.shell:Creating environment hook '/home/doanh/robot_detect/install/robot_navigation/share/robot_navigation/hook/ament_prefix_path.ps1'
[0.386s] INFO:colcon.colcon_core.shell:Creating environment descriptor '/home/doanh/robot_detect/install/robot_navigation/share/robot_navigation/hook/ament_prefix_path.dsv'
[0.386s] INFO:colcon.colcon_core.shell:Creating environment hook '/home/doanh/robot_detect/install/robot_navigation/share/robot_navigation/hook/ament_prefix_path.sh'
[0.386s] INFO:colcon.colcon_core.shell:Skip shell extension 'powershell' for command environment: Not usable outside of PowerShell
[0.386s] DEBUG:colcon.colcon_core.shell:Skip shell extension 'dsv' for command environment
[0.391s] INFO:colcon.colcon_ros.task.ament_cmake.build:Building ROS package in '/home/doanh/robot_detect/src/robot_recognition' with build type 'ament_cmake'
[0.392s] INFO:colcon.colcon_cmake.task.cmake.build:Building CMake package in '/home/doanh/robot_detect/src/robot_recognition'
[0.392s] INFO:colcon.colcon_core.shell:Skip shell extension 'powershell' for command environment: Not usable outside of PowerShell
[0.392s] DEBUG:colcon.colcon_core.shell:Skip shell extension 'dsv' for command environment
[0.398s] INFO:colcon.colcon_ros.task.ament_python.build:Building ROS package in '/home/doanh/robot_detect/src/robot_simulation' with build type 'ament_python'
[0.398s] Level 1:colcon.colcon_core.shell:create_environment_hook('robot_simulation', 'ament_prefix_path')
[0.398s] INFO:colcon.colcon_core.shell:Creating environment hook '/home/doanh/robot_detect/install/robot_simulation/share/robot_simulation/hook/ament_prefix_path.ps1'
[0.399s] INFO:colcon.colcon_core.shell:Creating environment descriptor '/home/doanh/robot_detect/install/robot_simulation/share/robot_simulation/hook/ament_prefix_path.dsv'
[0.399s] INFO:colcon.colcon_core.shell:Creating environment hook '/home/doanh/robot_detect/install/robot_simulation/share/robot_simulation/hook/ament_prefix_path.sh'
[0.399s] INFO:colcon.colcon_core.shell:Skip shell extension 'powershell' for command environment: Not usable outside of PowerShell
[0.399s] DEBUG:colcon.colcon_core.shell:Skip shell extension 'dsv' for command environment
[0.404s] INFO:colcon.colcon_ros.task.ament_cmake.build:Building ROS package in '/home/doanh/robot_detect/src/yolov8_msgs' with build type 'ament_cmake'
[0.404s] INFO:colcon.colcon_cmake.task.cmake.build:Building CMake package in '/home/doanh/robot_detect/src/yolov8_msgs'
[0.404s] INFO:colcon.colcon_core.shell:Skip shell extension 'powershell' for command environment: Not usable outside of PowerShell
[0.404s] DEBUG:colcon.colcon_core.shell:Skip shell extension 'dsv' for command environment
[0.698s] INFO:colcon.colcon_core.task.python.build:Building Python package in '/home/doanh/robot_detect/src/follow_human'
[0.698s] INFO:colcon.colcon_core.shell:Skip shell extension 'powershell' for command environment: Not usable outside of PowerShell
[0.698s] DEBUG:colcon.colcon_core.shell:Skip shell extension 'dsv' for command environment
[0.961s] INFO:colcon.colcon_core.task.python.build:Building Python package in '/home/doanh/robot_detect/src/robot_joy'
[0.962s] INFO:colcon.colcon_core.shell:Skip shell extension 'powershell' for command environment: Not usable outside of PowerShell
[0.962s] DEBUG:colcon.colcon_core.shell:Skip shell extension 'dsv' for command environment
[1.218s] INFO:colcon.colcon_core.task.python.build:Building Python package in '/home/doanh/robot_detect/src/robot_mapping'
[1.219s] INFO:colcon.colcon_core.shell:Skip shell extension 'powershell' for command environment: Not usable outside of PowerShell
[1.219s] DEBUG:colcon.colcon_core.shell:Skip shell extension 'dsv' for command environment
[1.475s] INFO:colcon.colcon_core.task.python.build:Building Python package in '/home/doanh/robot_detect/src/robot_navigation'
[1.475s] INFO:colcon.colcon_core.shell:Skip shell extension 'powershell' for command environment: Not usable outside of PowerShell
[1.475s] DEBUG:colcon.colcon_core.shell:Skip shell extension 'dsv' for command environment
[1.482s] DEBUG:colcon.colcon_core.event_handler.log_command:Invoking command in '/home/doanh/robot_detect/build/robot_recognition': CMAKE_PREFIX_PATH=${CMAKE_PREFIX_PATH}:/home/doanh/robot_detect/install/robot_simulation:/home/doanh/robot_detect/install/robot_navigation:/home/doanh/robot_detect/install/robot_mapping:/home/doanh/robot_detect/install/robot_joy:/home/doanh/robot_detect/install/human_follow:/home/doanh/robot_detect/install/follow_human:/home/doanh/go2_robot/install/speech_processor:/home/doanh/go2_robot/install/reset_odom:/home/doanh/go2_robot/install/livox_to_laserscan:/home/doanh/go2_robot/install/lidar_processor:/home/doanh/go2_robot/install/go2_robot_sdk:/home/doanh/go2_robot/install/coco_detector:/home/doanh/mrdoanh_projects/install/speech_processor:/home/doanh/mrdoanh_projects/install/lidar_processor:/home/doanh/mrdoanh_projects/install/go2_robot_sdk:/home/doanh/mrdoanh_projects/install/coco_detector:/home/doanh/new/mrdoanh_projects/install/speech_processor:/home/doanh/new/mrdoanh_projects/install/lidar_processor:/home/doanh/new/mrdoanh_projects/install/go2_robot_sdk:/home/doanh/new/mrdoanh_projects/install/coco_detector:/opt/ros/humble /home/doanh/.local/bin/cmake --build /home/doanh/robot_detect/build/robot_recognition -- -j12 -l12
[1.745s] INFO:colcon.colcon_core.task.python.build:Building Python package in '/home/doanh/robot_detect/src/robot_simulation'
[1.746s] INFO:colcon.colcon_core.shell:Skip shell extension 'powershell' for command environment: Not usable outside of PowerShell
[1.746s] DEBUG:colcon.colcon_core.shell:Skip shell extension 'dsv' for command environment
[1.759s] DEBUG:colcon.colcon_core.event_handler.log_command:Invoking command in '/home/doanh/robot_detect/build/yolov8_msgs': CMAKE_PREFIX_PATH=${CMAKE_PREFIX_PATH}:/home/doanh/robot_detect/install/robot_simulation:/home/doanh/robot_detect/install/robot_navigation:/home/doanh/robot_detect/install/robot_mapping:/home/doanh/robot_detect/install/robot_joy:/home/doanh/robot_detect/install/human_follow:/home/doanh/robot_detect/install/follow_human:/home/doanh/go2_robot/install/speech_processor:/home/doanh/go2_robot/install/reset_odom:/home/doanh/go2_robot/install/livox_to_laserscan:/home/doanh/go2_robot/install/lidar_processor:/home/doanh/go2_robot/install/go2_robot_sdk:/home/doanh/go2_robot/install/coco_detector:/home/doanh/mrdoanh_projects/install/speech_processor:/home/doanh/mrdoanh_projects/install/lidar_processor:/home/doanh/mrdoanh_projects/install/go2_robot_sdk:/home/doanh/mrdoanh_projects/install/coco_detector:/home/doanh/new/mrdoanh_projects/install/speech_processor:/home/doanh/new/mrdoanh_projects/install/lidar_processor:/home/doanh/new/mrdoanh_projects/install/go2_robot_sdk:/home/doanh/new/mrdoanh_projects/install/coco_detector:/opt/ros/humble /home/doanh/.local/bin/cmake --build /home/doanh/robot_detect/build/yolov8_msgs -- -j12 -l12
[2.041s] DEBUG:colcon.colcon_core.event_handler.log_command:Invoked command in '/home/doanh/robot_detect/build/robot_recognition' returned '0': CMAKE_PREFIX_PATH=${CMAKE_PREFIX_PATH}:/home/doanh/robot_detect/install/robot_simulation:/home/doanh/robot_detect/install/robot_navigation:/home/doanh/robot_detect/install/robot_mapping:/home/doanh/robot_detect/install/robot_joy:/home/doanh/robot_detect/install/human_follow:/home/doanh/robot_detect/install/follow_human:/home/doanh/go2_robot/install/speech_processor:/home/doanh/go2_robot/install/reset_odom:/home/doanh/go2_robot/install/livox_to_laserscan:/home/doanh/go2_robot/install/lidar_processor:/home/doanh/go2_robot/install/go2_robot_sdk:/home/doanh/go2_robot/install/coco_detector:/home/doanh/mrdoanh_projects/install/speech_processor:/home/doanh/mrdoanh_projects/install/lidar_processor:/home/doanh/mrdoanh_projects/install/go2_robot_sdk:/home/doanh/mrdoanh_projects/install/coco_detector:/home/doanh/new/mrdoanh_projects/install/speech_processor:/home/doanh/new/mrdoanh_projects/install/lidar_processor:/home/doanh/new/mrdoanh_projects/install/go2_robot_sdk:/home/doanh/new/mrdoanh_projects/install/coco_detector:/opt/ros/humble /home/doanh/.local/bin/cmake --build /home/doanh/robot_detect/build/robot_recognition -- -j12 -l12
[2.231s] DEBUG:colcon.colcon_core.event_handler.log_command:Invoking command in '/home/doanh/robot_detect/build/robot_recognition': CMAKE_PREFIX_PATH=${CMAKE_PREFIX_PATH}:/home/doanh/robot_detect/install/robot_simulation:/home/doanh/robot_detect/install/robot_navigation:/home/doanh/robot_detect/install/robot_mapping:/home/doanh/robot_detect/install/robot_joy:/home/doanh/robot_detect/install/human_follow:/home/doanh/robot_detect/install/follow_human:/home/doanh/go2_robot/install/speech_processor:/home/doanh/go2_robot/install/reset_odom:/home/doanh/go2_robot/install/livox_to_laserscan:/home/doanh/go2_robot/install/lidar_processor:/home/doanh/go2_robot/install/go2_robot_sdk:/home/doanh/go2_robot/install/coco_detector:/home/doanh/mrdoanh_projects/install/speech_processor:/home/doanh/mrdoanh_projects/install/lidar_processor:/home/doanh/mrdoanh_projects/install/go2_robot_sdk:/home/doanh/mrdoanh_projects/install/coco_detector:/home/doanh/new/mrdoanh_projects/install/speech_processor:/home/doanh/new/mrdoanh_projects/install/lidar_processor:/home/doanh/new/mrdoanh_projects/install/go2_robot_sdk:/home/doanh/new/mrdoanh_projects/install/coco_detector:/opt/ros/humble /home/doanh/.local/bin/cmake --install /home/doanh/robot_detect/build/robot_recognition
[2.391s] Level 1:colcon.colcon_core.environment:create_environment_scripts_only(robot_recognition)
[2.392s] DEBUG:colcon.colcon_core.event_handler.log_command:Invoked command in '/home/doanh/robot_detect/build/robot_recognition' returned '0': CMAKE_PREFIX_PATH=${CMAKE_PREFIX_PATH}:/home/doanh/robot_detect/install/robot_simulation:/home/doanh/robot_detect/install/robot_navigation:/home/doanh/robot_detect/install/robot_mapping:/home/doanh/robot_detect/install/robot_joy:/home/doanh/robot_detect/install/human_follow:/home/doanh/robot_detect/install/follow_human:/home/doanh/go2_robot/install/speech_processor:/home/doanh/go2_robot/install/reset_odom:/home/doanh/go2_robot/install/livox_to_laserscan:/home/doanh/go2_robot/install/lidar_processor:/home/doanh/go2_robot/install/go2_robot_sdk:/home/doanh/go2_robot/install/coco_detector:/home/doanh/mrdoanh_projects/install/speech_processor:/home/doanh/mrdoanh_projects/install/lidar_processor:/home/doanh/mrdoanh_projects/install/go2_robot_sdk:/home/doanh/mrdoanh_projects/install/coco_detector:/home/doanh/new/mrdoanh_projects/install/speech_processor:/home/doanh/new/mrdoanh_projects/install/lidar_processor:/home/doanh/new/mrdoanh_projects/install/go2_robot_sdk:/home/doanh/new/mrdoanh_projects/install/coco_detector:/opt/ros/humble /home/doanh/.local/bin/cmake --install /home/doanh/robot_detect/build/robot_recognition
[2.397s] Level 1:colcon.colcon_core.environment:checking '/home/doanh/robot_detect/install/robot_recognition' for CMake module files
[2.398s] Level 1:colcon.colcon_core.environment:checking '/home/doanh/robot_detect/install/robot_recognition' for CMake config files
[2.399s] Level 1:colcon.colcon_core.shell:create_environment_hook('robot_recognition', 'cmake_prefix_path')
[2.399s] INFO:colcon.colcon_core.shell:Creating environment hook '/home/doanh/robot_detect/install/robot_recognition/share/robot_recognition/hook/cmake_prefix_path.ps1'
[2.400s] INFO:colcon.colcon_core.shell:Creating environment descriptor '/home/doanh/robot_detect/install/robot_recognition/share/robot_recognition/hook/cmake_prefix_path.dsv'
[2.401s] INFO:colcon.colcon_core.shell:Creating environment hook '/home/doanh/robot_detect/install/robot_recognition/share/robot_recognition/hook/cmake_prefix_path.sh'
[2.402s] Level 1:colcon.colcon_core.environment:checking '/home/doanh/robot_detect/install/robot_recognition/lib'
[2.402s] Level 1:colcon.colcon_core.environment:checking '/home/doanh/robot_detect/install/robot_recognition/bin'
[2.402s] Level 1:colcon.colcon_core.environment:checking '/home/doanh/robot_detect/install/robot_recognition/lib/pkgconfig/robot_recognition.pc'
[2.403s] Level 1:colcon.colcon_core.environment:checking '/home/doanh/robot_detect/install/robot_recognition/lib/python3.10/site-packages'
[2.403s] Level 1:colcon.colcon_core.environment:checking '/home/doanh/robot_detect/install/robot_recognition/bin'
[2.403s] INFO:colcon.colcon_core.shell:Creating package script '/home/doanh/robot_detect/install/robot_recognition/share/robot_recognition/package.ps1'
[2.405s] INFO:colcon.colcon_core.shell:Creating package descriptor '/home/doanh/robot_detect/install/robot_recognition/share/robot_recognition/package.dsv'
[2.405s] INFO:colcon.colcon_core.shell:Creating package script '/home/doanh/robot_detect/install/robot_recognition/share/robot_recognition/package.sh'
[2.406s] INFO:colcon.colcon_core.shell:Creating package script '/home/doanh/robot_detect/install/robot_recognition/share/robot_recognition/package.bash'
[2.407s] INFO:colcon.colcon_core.shell:Creating package script '/home/doanh/robot_detect/install/robot_recognition/share/robot_recognition/package.zsh'
[2.408s] Level 1:colcon.colcon_core.environment:create_file_with_runtime_dependencies(/home/doanh/robot_detect/install/robot_recognition/share/colcon-core/packages/robot_recognition)
[2.411s] Level 1:colcon.colcon_core.environment:create_environment_scripts_only(robot_recognition)
[2.411s] Level 1:colcon.colcon_core.environment:checking '/home/doanh/robot_detect/install/robot_recognition' for CMake module files
[2.412s] Level 1:colcon.colcon_core.environment:checking '/home/doanh/robot_detect/install/robot_recognition' for CMake config files
[2.413s] Level 1:colcon.colcon_core.shell:create_environment_hook('robot_recognition', 'cmake_prefix_path')
[2.413s] INFO:colcon.colcon_core.shell:Creating environment hook '/home/doanh/robot_detect/install/robot_recognition/share/robot_recognition/hook/cmake_prefix_path.ps1'
[2.415s] INFO:colcon.colcon_core.shell:Creating environment descriptor '/home/doanh/robot_detect/install/robot_recognition/share/robot_recognition/hook/cmake_prefix_path.dsv'
[2.416s] INFO:colcon.colcon_core.shell:Creating environment hook '/home/doanh/robot_detect/install/robot_recognition/share/robot_recognition/hook/cmake_prefix_path.sh'
[2.417s] Level 1:colcon.colcon_core.environment:checking '/home/doanh/robot_detect/install/robot_recognition/lib'
[2.417s] Level 1:colcon.colcon_core.environment:checking '/home/doanh/robot_detect/install/robot_recognition/bin'
[2.417s] Level 1:colcon.colcon_core.environment:checking '/home/doanh/robot_detect/install/robot_recognition/lib/pkgconfig/robot_recognition.pc'
[2.417s] Level 1:colcon.colcon_core.environment:checking '/home/doanh/robot_detect/install/robot_recognition/lib/python3.10/site-packages'
[2.418s] Level 1:colcon.colcon_core.environment:checking '/home/doanh/robot_detect/install/robot_recognition/bin'
[2.419s] INFO:colcon.colcon_core.shell:Creating package script '/home/doanh/robot_detect/install/robot_recognition/share/robot_recognition/package.ps1'
[2.420s] INFO:colcon.colcon_core.shell:Creating package descriptor '/home/doanh/robot_detect/install/robot_recognition/share/robot_recognition/package.dsv'
[2.421s] INFO:colcon.colcon_core.shell:Creating package script '/home/doanh/robot_detect/install/robot_recognition/share/robot_recognition/package.sh'
[2.422s] INFO:colcon.colcon_core.shell:Creating package script '/home/doanh/robot_detect/install/robot_recognition/share/robot_recognition/package.bash'
[2.423s] INFO:colcon.colcon_core.shell:Creating package script '/home/doanh/robot_detect/install/robot_recognition/share/robot_recognition/package.zsh'
[2.423s] Level 1:colcon.colcon_core.environment:create_file_with_runtime_dependencies(/home/doanh/robot_detect/install/robot_recognition/share/colcon-core/packages/robot_recognition)
[2.506s] DEBUG:colcon.colcon_core.event_handler.log_command:Invoked command in '/home/doanh/robot_detect/build/yolov8_msgs' returned '0': CMAKE_PREFIX_PATH=${CMAKE_PREFIX_PATH}:/home/doanh/robot_detect/install/robot_simulation:/home/doanh/robot_detect/install/robot_navigation:/home/doanh/robot_detect/install/robot_mapping:/home/doanh/robot_detect/install/robot_joy:/home/doanh/robot_detect/install/human_follow:/home/doanh/robot_detect/install/follow_human:/home/doanh/go2_robot/install/speech_processor:/home/doanh/go2_robot/install/reset_odom:/home/doanh/go2_robot/install/livox_to_laserscan:/home/doanh/go2_robot/install/lidar_processor:/home/doanh/go2_robot/install/go2_robot_sdk:/home/doanh/go2_robot/install/coco_detector:/home/doanh/mrdoanh_projects/install/speech_processor:/home/doanh/mrdoanh_projects/install/lidar_processor:/home/doanh/mrdoanh_projects/install/go2_robot_sdk:/home/doanh/mrdoanh_projects/install/coco_detector:/home/doanh/new/mrdoanh_projects/install/speech_processor:/home/doanh/new/mrdoanh_projects/install/lidar_processor:/home/doanh/new/mrdoanh_projects/install/go2_robot_sdk:/home/doanh/new/mrdoanh_projects/install/coco_detector:/opt/ros/humble /home/doanh/.local/bin/cmake --build /home/doanh/robot_detect/build/yolov8_msgs -- -j12 -l12
[2.509s] DEBUG:colcon.colcon_core.event_handler.log_command:Invoking command in '/home/doanh/robot_detect/build/yolov8_msgs': CMAKE_PREFIX_PATH=${CMAKE_PREFIX_PATH}:/home/doanh/robot_detect/install/robot_simulation:/home/doanh/robot_detect/install/robot_navigation:/home/doanh/robot_detect/install/robot_mapping:/home/doanh/robot_detect/install/robot_joy:/home/doanh/robot_detect/install/human_follow:/home/doanh/robot_detect/install/follow_human:/home/doanh/go2_robot/install/speech_processor:/home/doanh/go2_robot/install/reset_odom:/home/doanh/go2_robot/install/livox_to_laserscan:/home/doanh/go2_robot/install/lidar_processor:/home/doanh/go2_robot/install/go2_robot_sdk:/home/doanh/go2_robot/install/coco_detector:/home/doanh/mrdoanh_projects/install/speech_processor:/home/doanh/mrdoanh_projects/install/lidar_processor:/home/doanh/mrdoanh_projects/install/go2_robot_sdk:/home/doanh/mrdoanh_projects/install/coco_detector:/home/doanh/new/mrdoanh_projects/install/speech_processor:/home/doanh/new/mrdoanh_projects/install/lidar_processor:/home/doanh/new/mrdoanh_projects/install/go2_robot_sdk:/home/doanh/new/mrdoanh_projects/install/coco_detector:/opt/ros/humble /home/doanh/.local/bin/cmake --install /home/doanh/robot_detect/build/yolov8_msgs
[2.768s] DEBUG:colcon.colcon_core.event_handler.log_command:Invoking command in '/home/doanh/robot_detect/src/robot_joy': PYTHONPATH=/home/doanh/robot_detect/build/robot_joy/prefix_override:/usr/lib/python3/dist-packages/colcon_core/task/python/colcon_distutils_commands:/home/doanh/robot_detect/install/robot_joy/lib/python3.10/site-packages:${PYTHONPATH} /usr/bin/python3 -W ignore:setup.py install is deprecated -W ignore:easy_install command is deprecated setup.py egg_info --egg-base ../../build/robot_joy build --build-base /home/doanh/robot_detect/build/robot_joy/build install --record /home/doanh/robot_detect/build/robot_joy/install.log --single-version-externally-managed install_data
[2.801s] DEBUG:colcon.colcon_core.event_handler.log_command:Invoking command in '/home/doanh/robot_detect/src/robot_simulation': PYTHONPATH=/home/doanh/robot_detect/build/robot_simulation/prefix_override:/usr/lib/python3/dist-packages/colcon_core/task/python/colcon_distutils_commands:/home/doanh/robot_detect/install/robot_simulation/lib/python3.10/site-packages:${PYTHONPATH} /usr/bin/python3 -W ignore:setup.py install is deprecated -W ignore:easy_install command is deprecated setup.py egg_info --egg-base ../../build/robot_simulation build --build-base /home/doanh/robot_detect/build/robot_simulation/build install --record /home/doanh/robot_detect/build/robot_simulation/install.log --single-version-externally-managed install_data
[2.811s] DEBUG:colcon.colcon_core.event_handler.log_command:Invoking command in '/home/doanh/robot_detect/src/robot_navigation': PYTHONPATH=/home/doanh/robot_detect/build/robot_navigation/prefix_override:/usr/lib/python3/dist-packages/colcon_core/task/python/colcon_distutils_commands:/home/doanh/robot_detect/install/robot_navigation/lib/python3.10/site-packages:${PYTHONPATH} /usr/bin/python3 -W ignore:setup.py install is deprecated -W ignore:easy_install command is deprecated setup.py egg_info --egg-base ../../build/robot_navigation build --build-base /home/doanh/robot_detect/build/robot_navigation/build install --record /home/doanh/robot_detect/build/robot_navigation/install.log --single-version-externally-managed install_data
[2.812s] Level 1:colcon.colcon_core.environment:create_environment_scripts_only(yolov8_msgs)
[2.814s] Level 1:colcon.colcon_core.environment:checking '/home/doanh/robot_detect/install/yolov8_msgs' for CMake module files
[2.813s] DEBUG:colcon.colcon_core.event_handler.log_command:Invoking command in '/home/doanh/robot_detect/src/follow_human': PYTHONPATH=/home/doanh/robot_detect/build/follow_human/prefix_override:/usr/lib/python3/dist-packages/colcon_core/task/python/colcon_distutils_commands:/home/doanh/robot_detect/install/follow_human/lib/python3.10/site-packages:${PYTHONPATH} /usr/bin/python3 -W ignore:setup.py install is deprecated -W ignore:easy_install command is deprecated setup.py egg_info --egg-base ../../build/follow_human build --build-base /home/doanh/robot_detect/build/follow_human/build install --record /home/doanh/robot_detect/build/follow_human/install.log --single-version-externally-managed install_data
[2.815s] Level 1:colcon.colcon_core.environment:checking '/home/doanh/robot_detect/install/yolov8_msgs' for CMake config files
[2.816s] Level 1:colcon.colcon_core.shell:create_environment_hook('yolov8_msgs', 'cmake_prefix_path')
[2.818s] DEBUG:colcon.colcon_core.event_handler.log_command:Invoking command in '/home/doanh/robot_detect/src/robot_mapping': PYTHONPATH=/home/doanh/robot_detect/build/robot_mapping/prefix_override:/usr/lib/python3/dist-packages/colcon_core/task/python/colcon_distutils_commands:/home/doanh/robot_detect/install/robot_mapping/lib/python3.10/site-packages:${PYTHONPATH} /usr/bin/python3 -W ignore:setup.py install is deprecated -W ignore:easy_install command is deprecated setup.py egg_info --egg-base ../../build/robot_mapping build --build-base /home/doanh/robot_detect/build/robot_mapping/build install --record /home/doanh/robot_detect/build/robot_mapping/install.log --single-version-externally-managed install_data
[2.818s] INFO:colcon.colcon_core.shell:Creating environment hook '/home/doanh/robot_detect/install/yolov8_msgs/share/yolov8_msgs/hook/cmake_prefix_path.ps1'
[2.819s] DEBUG:colcon.colcon_core.event_handler.log_command:Invoked command in '/home/doanh/robot_detect/build/yolov8_msgs' returned '0': CMAKE_PREFIX_PATH=${CMAKE_PREFIX_PATH}:/home/doanh/robot_detect/install/robot_simulation:/home/doanh/robot_detect/install/robot_navigation:/home/doanh/robot_detect/install/robot_mapping:/home/doanh/robot_detect/install/robot_joy:/home/doanh/robot_detect/install/human_follow:/home/doanh/robot_detect/install/follow_human:/home/doanh/go2_robot/install/speech_processor:/home/doanh/go2_robot/install/reset_odom:/home/doanh/go2_robot/install/livox_to_laserscan:/home/doanh/go2_robot/install/lidar_processor:/home/doanh/go2_robot/install/go2_robot_sdk:/home/doanh/go2_robot/install/coco_detector:/home/doanh/mrdoanh_projects/install/speech_processor:/home/doanh/mrdoanh_projects/install/lidar_processor:/home/doanh/mrdoanh_projects/install/go2_robot_sdk:/home/doanh/mrdoanh_projects/install/coco_detector:/home/doanh/new/mrdoanh_projects/install/speech_processor:/home/doanh/new/mrdoanh_projects/install/lidar_processor:/home/doanh/new/mrdoanh_projects/install/go2_robot_sdk:/home/doanh/new/mrdoanh_projects/install/coco_detector:/opt/ros/humble /home/doanh/.local/bin/cmake --install /home/doanh/robot_detect/build/yolov8_msgs
[2.820s] INFO:colcon.colcon_core.shell:Creating environment descriptor '/home/doanh/robot_detect/install/yolov8_msgs/share/yolov8_msgs/hook/cmake_prefix_path.dsv'
[2.820s] INFO:colcon.colcon_core.shell:Creating environment hook '/home/doanh/robot_detect/install/yolov8_msgs/share/yolov8_msgs/hook/cmake_prefix_path.sh'
[2.821s] Level 1:colcon.colcon_core.environment:checking '/home/doanh/robot_detect/install/yolov8_msgs/lib'
[2.821s] Level 1:colcon.colcon_core.shell:create_environment_hook('yolov8_msgs', 'ld_library_path_lib')
[2.821s] INFO:colcon.colcon_core.shell:Creating environment hook '/home/doanh/robot_detect/install/yolov8_msgs/share/yolov8_msgs/hook/ld_library_path_lib.ps1'
[2.822s] INFO:colcon.colcon_core.shell:Creating environment descriptor '/home/doanh/robot_detect/install/yolov8_msgs/share/yolov8_msgs/hook/ld_library_path_lib.dsv'
[2.822s] INFO:colcon.colcon_core.shell:Creating environment hook '/home/doanh/robot_detect/install/yolov8_msgs/share/yolov8_msgs/hook/ld_library_path_lib.sh'
[2.823s] Level 1:colcon.colcon_core.environment:checking '/home/doanh/robot_detect/install/yolov8_msgs/bin'
[2.823s] Level 1:colcon.colcon_core.environment:checking '/home/doanh/robot_detect/install/yolov8_msgs/lib/pkgconfig/yolov8_msgs.pc'
[2.824s] Level 1:colcon.colcon_core.environment:checking '/home/doanh/robot_detect/install/yolov8_msgs/lib/python3.10/site-packages'
[2.824s] Level 1:colcon.colcon_core.environment:checking '/home/doanh/robot_detect/install/yolov8_msgs/bin'
[2.825s] INFO:colcon.colcon_core.shell:Creating package script '/home/doanh/robot_detect/install/yolov8_msgs/share/yolov8_msgs/package.ps1'
[2.826s] INFO:colcon.colcon_core.shell:Creating package descriptor '/home/doanh/robot_detect/install/yolov8_msgs/share/yolov8_msgs/package.dsv'
[2.827s] INFO:colcon.colcon_core.shell:Creating package script '/home/doanh/robot_detect/install/yolov8_msgs/share/yolov8_msgs/package.sh'
[2.828s] INFO:colcon.colcon_core.shell:Creating package script '/home/doanh/robot_detect/install/yolov8_msgs/share/yolov8_msgs/package.bash'
[2.829s] INFO:colcon.colcon_core.shell:Creating package script '/home/doanh/robot_detect/install/yolov8_msgs/share/yolov8_msgs/package.zsh'
[2.830s] Level 1:colcon.colcon_core.environment:create_file_with_runtime_dependencies(/home/doanh/robot_detect/install/yolov8_msgs/share/colcon-core/packages/yolov8_msgs)
[2.831s] Level 1:colcon.colcon_core.environment:create_environment_scripts_only(yolov8_msgs)
[2.831s] Level 1:colcon.colcon_core.environment:checking '/home/doanh/robot_detect/install/yolov8_msgs' for CMake module files
[2.832s] Level 1:colcon.colcon_core.environment:checking '/home/doanh/robot_detect/install/yolov8_msgs' for CMake config files
[2.833s] Level 1:colcon.colcon_core.shell:create_environment_hook('yolov8_msgs', 'cmake_prefix_path')
[2.834s] INFO:colcon.colcon_core.shell:Creating environment hook '/home/doanh/robot_detect/install/yolov8_msgs/share/yolov8_msgs/hook/cmake_prefix_path.ps1'
[2.836s] INFO:colcon.colcon_core.shell:Creating environment descriptor '/home/doanh/robot_detect/install/yolov8_msgs/share/yolov8_msgs/hook/cmake_prefix_path.dsv'
[2.837s] INFO:colcon.colcon_core.shell:Creating environment hook '/home/doanh/robot_detect/install/yolov8_msgs/share/yolov8_msgs/hook/cmake_prefix_path.sh'
[2.839s] Level 1:colcon.colcon_core.environment:checking '/home/doanh/robot_detect/install/yolov8_msgs/lib'
[2.840s] Level 1:colcon.colcon_core.shell:create_environment_hook('yolov8_msgs', 'ld_library_path_lib')
[2.840s] INFO:colcon.colcon_core.shell:Creating environment hook '/home/doanh/robot_detect/install/yolov8_msgs/share/yolov8_msgs/hook/ld_library_path_lib.ps1'
[2.841s] INFO:colcon.colcon_core.shell:Creating environment descriptor '/home/doanh/robot_detect/install/yolov8_msgs/share/yolov8_msgs/hook/ld_library_path_lib.dsv'
[2.842s] INFO:colcon.colcon_core.shell:Creating environment hook '/home/doanh/robot_detect/install/yolov8_msgs/share/yolov8_msgs/hook/ld_library_path_lib.sh'
[2.842s] Level 1:colcon.colcon_core.environment:checking '/home/doanh/robot_detect/install/yolov8_msgs/bin'
[2.842s] Level 1:colcon.colcon_core.environment:checking '/home/doanh/robot_detect/install/yolov8_msgs/lib/pkgconfig/yolov8_msgs.pc'
[2.843s] Level 1:colcon.colcon_core.environment:checking '/home/doanh/robot_detect/install/yolov8_msgs/lib/python3.10/site-packages'
[2.843s] Level 1:colcon.colcon_core.environment:checking '/home/doanh/robot_detect/install/yolov8_msgs/bin'
[2.844s] INFO:colcon.colcon_core.shell:Creating package script '/home/doanh/robot_detect/install/yolov8_msgs/share/yolov8_msgs/package.ps1'
[2.845s] INFO:colcon.colcon_core.shell:Creating package descriptor '/home/doanh/robot_detect/install/yolov8_msgs/share/yolov8_msgs/package.dsv'
[2.846s] INFO:colcon.colcon_core.shell:Creating package script '/home/doanh/robot_detect/install/yolov8_msgs/share/yolov8_msgs/package.sh'
[2.847s] INFO:colcon.colcon_core.shell:Creating package script '/home/doanh/robot_detect/install/yolov8_msgs/share/yolov8_msgs/package.bash'
[2.848s] INFO:colcon.colcon_core.shell:Creating package script '/home/doanh/robot_detect/install/yolov8_msgs/share/yolov8_msgs/package.zsh'
[2.849s] Level 1:colcon.colcon_core.environment:create_file_with_runtime_dependencies(/home/doanh/robot_detect/install/yolov8_msgs/share/colcon-core/packages/yolov8_msgs)
[3.205s] Level 1:colcon.colcon_core.environment:checking '/home/doanh/robot_detect/install/robot_joy' for CMake module files
[3.206s] DEBUG:colcon.colcon_core.event_handler.log_command:Invoked command in '/home/doanh/robot_detect/src/robot_joy' returned '0': PYTHONPATH=/home/doanh/robot_detect/build/robot_joy/prefix_override:/usr/lib/python3/dist-packages/colcon_core/task/python/colcon_distutils_commands:/home/doanh/robot_detect/install/robot_joy/lib/python3.10/site-packages:${PYTHONPATH} /usr/bin/python3 -W ignore:setup.py install is deprecated -W ignore:easy_install command is deprecated setup.py egg_info --egg-base ../../build/robot_joy build --build-base /home/doanh/robot_detect/build/robot_joy/build install --record /home/doanh/robot_detect/build/robot_joy/install.log --single-version-externally-managed install_data
[3.206s] Level 1:colcon.colcon_core.environment:checking '/home/doanh/robot_detect/install/robot_joy' for CMake config files
[3.207s] Level 1:colcon.colcon_core.environment:checking '/home/doanh/robot_detect/install/robot_joy/lib'
[3.207s] Level 1:colcon.colcon_core.environment:checking '/home/doanh/robot_detect/install/robot_joy/bin'
[3.207s] Level 1:colcon.colcon_core.environment:checking '/home/doanh/robot_detect/install/robot_joy/lib/pkgconfig/robot_joy.pc'
[3.207s] Level 1:colcon.colcon_core.environment:checking '/home/doanh/robot_detect/install/robot_joy/lib/python3.10/site-packages'
[3.207s] Level 1:colcon.colcon_core.shell:create_environment_hook('robot_joy', 'pythonpath')
[3.207s] INFO:colcon.colcon_core.shell:Creating environment hook '/home/doanh/robot_detect/install/robot_joy/share/robot_joy/hook/pythonpath.ps1'
[3.208s] INFO:colcon.colcon_core.shell:Creating environment descriptor '/home/doanh/robot_detect/install/robot_joy/share/robot_joy/hook/pythonpath.dsv'
[3.208s] INFO:colcon.colcon_core.shell:Creating environment hook '/home/doanh/robot_detect/install/robot_joy/share/robot_joy/hook/pythonpath.sh'
[3.209s] Level 1:colcon.colcon_core.environment:checking '/home/doanh/robot_detect/install/robot_joy/bin'
[3.209s] Level 1:colcon.colcon_core.environment:create_environment_scripts_only(robot_joy)
[3.209s] INFO:colcon.colcon_core.shell:Creating package script '/home/doanh/robot_detect/install/robot_joy/share/robot_joy/package.ps1'
[3.210s] INFO:colcon.colcon_core.shell:Creating package descriptor '/home/doanh/robot_detect/install/robot_joy/share/robot_joy/package.dsv'
[3.211s] INFO:colcon.colcon_core.shell:Creating package script '/home/doanh/robot_detect/install/robot_joy/share/robot_joy/package.sh'
[3.211s] INFO:colcon.colcon_core.shell:Creating package script '/home/doanh/robot_detect/install/robot_joy/share/robot_joy/package.bash'
[3.211s] INFO:colcon.colcon_core.shell:Creating package script '/home/doanh/robot_detect/install/robot_joy/share/robot_joy/package.zsh'
[3.212s] Level 1:colcon.colcon_core.environment:create_file_with_runtime_dependencies(/home/doanh/robot_detect/install/robot_joy/share/colcon-core/packages/robot_joy)
[3.220s] Level 1:colcon.colcon_core.environment:checking '/home/doanh/robot_detect/install/robot_navigation' for CMake module files
[3.220s] DEBUG:colcon.colcon_core.event_handler.log_command:Invoked command in '/home/doanh/robot_detect/src/robot_navigation' returned '0': PYTHONPATH=/home/doanh/robot_detect/build/robot_navigation/prefix_override:/usr/lib/python3/dist-packages/colcon_core/task/python/colcon_distutils_commands:/home/doanh/robot_detect/install/robot_navigation/lib/python3.10/site-packages:${PYTHONPATH} /usr/bin/python3 -W ignore:setup.py install is deprecated -W ignore:easy_install command is deprecated setup.py egg_info --egg-base ../../build/robot_navigation build --build-base /home/doanh/robot_detect/build/robot_navigation/build install --record /home/doanh/robot_detect/build/robot_navigation/install.log --single-version-externally-managed install_data
[3.220s] Level 1:colcon.colcon_core.environment:checking '/home/doanh/robot_detect/install/robot_navigation' for CMake config files
[3.221s] Level 1:colcon.colcon_core.environment:checking '/home/doanh/robot_detect/install/robot_navigation/lib'
[3.221s] Level 1:colcon.colcon_core.environment:checking '/home/doanh/robot_detect/install/robot_navigation/bin'
[3.221s] Level 1:colcon.colcon_core.environment:checking '/home/doanh/robot_detect/install/robot_navigation/lib/pkgconfig/robot_navigation.pc'
[3.221s] Level 1:colcon.colcon_core.environment:checking '/home/doanh/robot_detect/install/robot_navigation/lib/python3.10/site-packages'
[3.221s] Level 1:colcon.colcon_core.shell:create_environment_hook('robot_navigation', 'pythonpath')
[3.222s] INFO:colcon.colcon_core.shell:Creating environment hook '/home/doanh/robot_detect/install/robot_navigation/share/robot_navigation/hook/pythonpath.ps1'
[3.222s] INFO:colcon.colcon_core.shell:Creating environment descriptor '/home/doanh/robot_detect/install/robot_navigation/share/robot_navigation/hook/pythonpath.dsv'
[3.222s] INFO:colcon.colcon_core.shell:Creating environment hook '/home/doanh/robot_detect/install/robot_navigation/share/robot_navigation/hook/pythonpath.sh'
[3.223s] Level 1:colcon.colcon_core.environment:checking '/home/doanh/robot_detect/install/robot_navigation/bin'
[3.223s] Level 1:colcon.colcon_core.environment:create_environment_scripts_only(robot_navigation)
[3.223s] INFO:colcon.colcon_core.shell:Creating package script '/home/doanh/robot_detect/install/robot_navigation/share/robot_navigation/package.ps1'
[3.224s] INFO:colcon.colcon_core.shell:Creating package descriptor '/home/doanh/robot_detect/install/robot_navigation/share/robot_navigation/package.dsv'
[3.224s] INFO:colcon.colcon_core.shell:Creating package script '/home/doanh/robot_detect/install/robot_navigation/share/robot_navigation/package.sh'
[3.224s] INFO:colcon.colcon_core.shell:Creating package script '/home/doanh/robot_detect/install/robot_navigation/share/robot_navigation/package.bash'
[3.225s] INFO:colcon.colcon_core.shell:Creating package script '/home/doanh/robot_detect/install/robot_navigation/share/robot_navigation/package.zsh'
[3.225s] Level 1:colcon.colcon_core.environment:create_file_with_runtime_dependencies(/home/doanh/robot_detect/install/robot_navigation/share/colcon-core/packages/robot_navigation)
[3.333s] Level 1:colcon.colcon_core.environment:checking '/home/doanh/robot_detect/install/follow_human' for CMake module files
[3.333s] DEBUG:colcon.colcon_core.event_handler.log_command:Invoked command in '/home/doanh/robot_detect/src/follow_human' returned '0': PYTHONPATH=/home/doanh/robot_detect/build/follow_human/prefix_override:/usr/lib/python3/dist-packages/colcon_core/task/python/colcon_distutils_commands:/home/doanh/robot_detect/install/follow_human/lib/python3.10/site-packages:${PYTHONPATH} /usr/bin/python3 -W ignore:setup.py install is deprecated -W ignore:easy_install command is deprecated setup.py egg_info --egg-base ../../build/follow_human build --build-base /home/doanh/robot_detect/build/follow_human/build install --record /home/doanh/robot_detect/build/follow_human/install.log --single-version-externally-managed install_data
[3.334s] Level 1:colcon.colcon_core.environment:checking '/home/doanh/robot_detect/install/follow_human' for CMake config files
[3.334s] Level 1:colcon.colcon_core.environment:checking '/home/doanh/robot_detect/install/follow_human/lib'
[3.334s] Level 1:colcon.colcon_core.environment:checking '/home/doanh/robot_detect/install/follow_human/bin'
[3.334s] Level 1:colcon.colcon_core.environment:checking '/home/doanh/robot_detect/install/follow_human/lib/pkgconfig/follow_human.pc'
[3.334s] Level 1:colcon.colcon_core.environment:checking '/home/doanh/robot_detect/install/follow_human/lib/python3.10/site-packages'
[3.334s] Level 1:colcon.colcon_core.shell:create_environment_hook('follow_human', 'pythonpath')
[3.335s] INFO:colcon.colcon_core.shell:Creating environment hook '/home/doanh/robot_detect/install/follow_human/share/follow_human/hook/pythonpath.ps1'
[3.336s] INFO:colcon.colcon_core.shell:Creating environment descriptor '/home/doanh/robot_detect/install/follow_human/share/follow_human/hook/pythonpath.dsv'
[3.336s] INFO:colcon.colcon_core.shell:Creating environment hook '/home/doanh/robot_detect/install/follow_human/share/follow_human/hook/pythonpath.sh'
[3.337s] Level 1:colcon.colcon_core.environment:checking '/home/doanh/robot_detect/install/follow_human/bin'
[3.337s] Level 1:colcon.colcon_core.environment:create_environment_scripts_only(follow_human)
[3.337s] INFO:colcon.colcon_core.shell:Creating package script '/home/doanh/robot_detect/install/follow_human/share/follow_human/package.ps1'
[3.338s] INFO:colcon.colcon_core.shell:Creating package descriptor '/home/doanh/robot_detect/install/follow_human/share/follow_human/package.dsv'
[3.338s] INFO:colcon.colcon_core.shell:Creating package script '/home/doanh/robot_detect/install/follow_human/share/follow_human/package.sh'
[3.338s] INFO:colcon.colcon_core.shell:Creating package script '/home/doanh/robot_detect/install/follow_human/share/follow_human/package.bash'
[3.338s] INFO:colcon.colcon_core.shell:Creating package script '/home/doanh/robot_detect/install/follow_human/share/follow_human/package.zsh'
[3.339s] Level 1:colcon.colcon_core.environment:create_file_with_runtime_dependencies(/home/doanh/robot_detect/install/follow_human/share/colcon-core/packages/follow_human)
[3.384s] Level 1:colcon.colcon_core.environment:checking '/home/doanh/robot_detect/install/robot_simulation' for CMake module files
[3.385s] DEBUG:colcon.colcon_core.event_handler.log_command:Invoked command in '/home/doanh/robot_detect/src/robot_simulation' returned '0': PYTHONPATH=/home/doanh/robot_detect/build/robot_simulation/prefix_override:/usr/lib/python3/dist-packages/colcon_core/task/python/colcon_distutils_commands:/home/doanh/robot_detect/install/robot_simulation/lib/python3.10/site-packages:${PYTHONPATH} /usr/bin/python3 -W ignore:setup.py install is deprecated -W ignore:easy_install command is deprecated setup.py egg_info --egg-base ../../build/robot_simulation build --build-base /home/doanh/robot_detect/build/robot_simulation/build install --record /home/doanh/robot_detect/build/robot_simulation/install.log --single-version-externally-managed install_data
[3.385s] Level 1:colcon.colcon_core.environment:checking '/home/doanh/robot_detect/install/robot_simulation' for CMake config files
[3.386s] Level 1:colcon.colcon_core.environment:checking '/home/doanh/robot_detect/install/robot_simulation/lib'
[3.386s] Level 1:colcon.colcon_core.environment:checking '/home/doanh/robot_detect/install/robot_simulation/bin'
[3.386s] Level 1:colcon.colcon_core.environment:checking '/home/doanh/robot_detect/install/robot_simulation/lib/pkgconfig/robot_simulation.pc'
[3.386s] Level 1:colcon.colcon_core.environment:checking '/home/doanh/robot_detect/install/robot_simulation/lib/python3.10/site-packages'
[3.386s] Level 1:colcon.colcon_core.shell:create_environment_hook('robot_simulation', 'pythonpath')
[3.386s] INFO:colcon.colcon_core.shell:Creating environment hook '/home/doanh/robot_detect/install/robot_simulation/share/robot_simulation/hook/pythonpath.ps1'
[3.387s] INFO:colcon.colcon_core.shell:Creating environment descriptor '/home/doanh/robot_detect/install/robot_simulation/share/robot_simulation/hook/pythonpath.dsv'
[3.387s] INFO:colcon.colcon_core.shell:Creating environment hook '/home/doanh/robot_detect/install/robot_simulation/share/robot_simulation/hook/pythonpath.sh'
[3.387s] Level 1:colcon.colcon_core.environment:checking '/home/doanh/robot_detect/install/robot_simulation/bin'
[3.387s] Level 1:colcon.colcon_core.environment:create_environment_scripts_only(robot_simulation)
[3.388s] INFO:colcon.colcon_core.shell:Creating package script '/home/doanh/robot_detect/install/robot_simulation/share/robot_simulation/package.ps1'
[3.388s] INFO:colcon.colcon_core.shell:Creating package descriptor '/home/doanh/robot_detect/install/robot_simulation/share/robot_simulation/package.dsv'
[3.388s] INFO:colcon.colcon_core.shell:Creating package script '/home/doanh/robot_detect/install/robot_simulation/share/robot_simulation/package.sh'
[3.388s] INFO:colcon.colcon_core.shell:Creating package script '/home/doanh/robot_detect/install/robot_simulation/share/robot_simulation/package.bash'
[3.389s] INFO:colcon.colcon_core.shell:Creating package script '/home/doanh/robot_detect/install/robot_simulation/share/robot_simulation/package.zsh'
[3.389s] Level 1:colcon.colcon_core.environment:create_file_with_runtime_dependencies(/home/doanh/robot_detect/install/robot_simulation/share/colcon-core/packages/robot_simulation)
[3.395s] Level 1:colcon.colcon_core.environment:checking '/home/doanh/robot_detect/install/robot_mapping' for CMake module files
[3.396s] DEBUG:colcon.colcon_core.event_handler.log_command:Invoked command in '/home/doanh/robot_detect/src/robot_mapping' returned '0': PYTHONPATH=/home/doanh/robot_detect/build/robot_mapping/prefix_override:/usr/lib/python3/dist-packages/colcon_core/task/python/colcon_distutils_commands:/home/doanh/robot_detect/install/robot_mapping/lib/python3.10/site-packages:${PYTHONPATH} /usr/bin/python3 -W ignore:setup.py install is deprecated -W ignore:easy_install command is deprecated setup.py egg_info --egg-base ../../build/robot_mapping build --build-base /home/doanh/robot_detect/build/robot_mapping/build install --record /home/doanh/robot_detect/build/robot_mapping/install.log --single-version-externally-managed install_data
[3.396s] Level 1:colcon.colcon_core.environment:checking '/home/doanh/robot_detect/install/robot_mapping' for CMake config files
[3.396s] Level 1:colcon.colcon_core.environment:checking '/home/doanh/robot_detect/install/robot_mapping/lib'
[3.396s] Level 1:colcon.colcon_core.environment:checking '/home/doanh/robot_detect/install/robot_mapping/bin'
[3.396s] Level 1:colcon.colcon_core.environment:checking '/home/doanh/robot_detect/install/robot_mapping/lib/pkgconfig/robot_mapping.pc'
[3.397s] Level 1:colcon.colcon_core.environment:checking '/home/doanh/robot_detect/install/robot_mapping/lib/python3.10/site-packages'
[3.397s] Level 1:colcon.colcon_core.shell:create_environment_hook('robot_mapping', 'pythonpath')
[3.397s] INFO:colcon.colcon_core.shell:Creating environment hook '/home/doanh/robot_detect/install/robot_mapping/share/robot_mapping/hook/pythonpath.ps1'
[3.397s] INFO:colcon.colcon_core.shell:Creating environment descriptor '/home/doanh/robot_detect/install/robot_mapping/share/robot_mapping/hook/pythonpath.dsv'
[3.397s] INFO:colcon.colcon_core.shell:Creating environment hook '/home/doanh/robot_detect/install/robot_mapping/share/robot_mapping/hook/pythonpath.sh'
[3.398s] Level 1:colcon.colcon_core.environment:checking '/home/doanh/robot_detect/install/robot_mapping/bin'
[3.398s] Level 1:colcon.colcon_core.environment:create_environment_scripts_only(robot_mapping)
[3.398s] INFO:colcon.colcon_core.shell:Creating package script '/home/doanh/robot_detect/install/robot_mapping/share/robot_mapping/package.ps1'
[3.399s] INFO:colcon.colcon_core.shell:Creating package descriptor '/home/doanh/robot_detect/install/robot_mapping/share/robot_mapping/package.dsv'
[3.399s] INFO:colcon.colcon_core.shell:Creating package script '/home/doanh/robot_detect/install/robot_mapping/share/robot_mapping/package.sh'
[3.399s] INFO:colcon.colcon_core.shell:Creating package script '/home/doanh/robot_detect/install/robot_mapping/share/robot_mapping/package.bash'
[3.399s] INFO:colcon.colcon_core.shell:Creating package script '/home/doanh/robot_detect/install/robot_mapping/share/robot_mapping/package.zsh'
[3.399s] Level 1:colcon.colcon_core.environment:create_file_with_runtime_dependencies(/home/doanh/robot_detect/install/robot_mapping/share/colcon-core/packages/robot_mapping)
[3.400s] DEBUG:colcon.colcon_parallel_executor.executor.parallel:closing loop
[3.400s] DEBUG:colcon.colcon_parallel_executor.executor.parallel:loop closed
[3.400s] DEBUG:colcon.colcon_parallel_executor.executor.parallel:run_until_complete finished with '0'
[3.400s] DEBUG:colcon.colcon_core.event_reactor:joining thread
[3.406s] INFO:colcon.colcon_core.plugin_system:Skipping extension 'colcon_notification.desktop_notification.terminal_notifier': Not used on non-Darwin systems
[3.406s] INFO:colcon.colcon_core.plugin_system:Skipping extension 'colcon_notification.desktop_notification.win32': Not used on non-Windows systems
[3.406s] INFO:colcon.colcon_notification.desktop_notification:Sending desktop notification using 'notify2'
[3.416s] DEBUG:colcon.colcon_core.event_reactor:joined thread
[3.416s] INFO:colcon.colcon_core.shell:Creating prefix script '/home/doanh/robot_detect/install/local_setup.ps1'
[3.417s] INFO:colcon.colcon_core.shell:Creating prefix util module '/home/doanh/robot_detect/install/_local_setup_util_ps1.py'
[3.418s] INFO:colcon.colcon_core.shell:Creating prefix chain script '/home/doanh/robot_detect/install/setup.ps1'
[3.420s] INFO:colcon.colcon_core.shell:Creating prefix script '/home/doanh/robot_detect/install/local_setup.sh'
[3.420s] INFO:colcon.colcon_core.shell:Creating prefix util module '/home/doanh/robot_detect/install/_local_setup_util_sh.py'
[3.420s] INFO:colcon.colcon_core.shell:Creating prefix chain script '/home/doanh/robot_detect/install/setup.sh'
[3.422s] INFO:colcon.colcon_core.shell:Creating prefix script '/home/doanh/robot_detect/install/local_setup.bash'
[3.423s] INFO:colcon.colcon_core.shell:Creating prefix chain script '/home/doanh/robot_detect/install/setup.bash'
[3.424s] INFO:colcon.colcon_core.shell:Creating prefix script '/home/doanh/robot_detect/install/local_setup.zsh'
[3.425s] INFO:colcon.colcon_core.shell:Creating prefix chain script '/home/doanh/robot_detect/install/setup.zsh'
