running egg_info
creating ../../build/robot_simulation/robot_simulation.egg-info
writing ../../build/robot_simulation/robot_simulation.egg-info/PKG-INFO
writing dependency_links to ../../build/robot_simulation/robot_simulation.egg-info/dependency_links.txt
writing entry points to ../../build/robot_simulation/robot_simulation.egg-info/entry_points.txt
writing requirements to ../../build/robot_simulation/robot_simulation.egg-info/requires.txt
writing top-level names to ../../build/robot_simulation/robot_simulation.egg-info/top_level.txt
writing manifest file '../../build/robot_simulation/robot_simulation.egg-info/SOURCES.txt'
reading manifest file '../../build/robot_simulation/robot_simulation.egg-info/SOURCES.txt'
writing manifest file '../../build/robot_simulation/robot_simulation.egg-info/SOURCES.txt'
running build
running build_py
creating /home/doanh/robot_detect/build/robot_simulation/build
creating /home/doanh/robot_detect/build/robot_simulation/build/lib
creating /home/doanh/robot_detect/build/robot_simulation/build/lib/robot_simulation
copying robot_simulation/__init__.py -> /home/doanh/robot_detect/build/robot_simulation/build/lib/robot_simulation
running install
running install_lib
creating /home/doanh/robot_detect/install/robot_simulation/lib/python3.10/site-packages/robot_simulation
copying /home/doanh/robot_detect/build/robot_simulation/build/lib/robot_simulation/__init__.py -> /home/doanh/robot_detect/install/robot_simulation/lib/python3.10/site-packages/robot_simulation
byte-compiling /home/doanh/robot_detect/install/robot_simulation/lib/python3.10/site-packages/robot_simulation/__init__.py to __init__.cpython-310.pyc
running install_data
creating /home/doanh/robot_detect/install/robot_simulation/share/ament_index
creating /home/doanh/robot_detect/install/robot_simulation/share/ament_index/resource_index
creating /home/doanh/robot_detect/install/robot_simulation/share/ament_index/resource_index/packages
copying resource/robot_simulation -> /home/doanh/robot_detect/install/robot_simulation/share/ament_index/resource_index/packages
copying package.xml -> /home/doanh/robot_detect/install/robot_simulation/share/robot_simulation
creating /home/doanh/robot_detect/install/robot_simulation/share/robot_simulation/launch
copying launch/simulation.launch.py -> /home/doanh/robot_detect/install/robot_simulation/share/robot_simulation/launch
copying launch/display.launch.py -> /home/doanh/robot_detect/install/robot_simulation/share/robot_simulation/launch
creating /home/doanh/robot_detect/install/robot_simulation/share/robot_simulation/urdf
copying urdf/robot_core.xacro -> /home/doanh/robot_detect/install/robot_simulation/share/robot_simulation/urdf
copying urdf/inertial_macros.xacro -> /home/doanh/robot_detect/install/robot_simulation/share/robot_simulation/urdf
copying urdf/robot.urdf.xacro -> /home/doanh/robot_detect/install/robot_simulation/share/robot_simulation/urdf
copying urdf/camera.xacro -> /home/doanh/robot_detect/install/robot_simulation/share/robot_simulation/urdf
copying urdf/gazebo_control.xacro -> /home/doanh/robot_detect/install/robot_simulation/share/robot_simulation/urdf
copying urdf/ros2_control.xacro -> /home/doanh/robot_detect/install/robot_simulation/share/robot_simulation/urdf
copying urdf/lidar.xacro -> /home/doanh/robot_detect/install/robot_simulation/share/robot_simulation/urdf
creating /home/doanh/robot_detect/install/robot_simulation/share/robot_simulation/rviz
copying rviz/view_robot.rviz -> /home/doanh/robot_detect/install/robot_simulation/share/robot_simulation/rviz
creating /home/doanh/robot_detect/install/robot_simulation/share/robot_simulation/world
copying world/world.world -> /home/doanh/robot_detect/install/robot_simulation/share/robot_simulation/world
copying world/smallworld.world -> /home/doanh/robot_detect/install/robot_simulation/share/robot_simulation/world
creating /home/doanh/robot_detect/install/robot_simulation/share/robot_simulation/config
copying config/controller.yaml -> /home/doanh/robot_detect/install/robot_simulation/share/robot_simulation/config
copying config/gaz_ros2_ctl_use_sim.yaml -> /home/doanh/robot_detect/install/robot_simulation/share/robot_simulation/config
copying config/gazebo_params.yaml -> /home/doanh/robot_detect/install/robot_simulation/share/robot_simulation/config
running install_egg_info
Copying ../../build/robot_simulation/robot_simulation.egg-info to /home/doanh/robot_detect/install/robot_simulation/lib/python3.10/site-packages/robot_simulation-0.0.0-py3.10.egg-info
running install_scripts
writing list of installed files to '/home/doanh/robot_detect/build/robot_simulation/install.log'
