[1.788s] Invoking command in '/home/doanh/robot_detect/src/robot_simulation': PYTHONPATH=/home/doanh/robot_detect/build/robot_simulation/prefix_override:/usr/lib/python3/dist-packages/colcon_core/task/python/colcon_distutils_commands:/home/doanh/robot_detect/install/robot_simulation/lib/python3.10/site-packages:${PYTHONPATH} /usr/bin/python3 -W ignore:setup.py install is deprecated -W ignore:easy_install command is deprecated setup.py egg_info --egg-base ../../build/robot_simulation build --build-base /home/doanh/robot_detect/build/robot_simulation/build install --record /home/doanh/robot_detect/build/robot_simulation/install.log --single-version-externally-managed install_data
[2.071s] running egg_info
[2.072s] creating ../../build/robot_simulation/robot_simulation.egg-info
[2.072s] writing ../../build/robot_simulation/robot_simulation.egg-info/PKG-INFO
[2.072s] writing dependency_links to ../../build/robot_simulation/robot_simulation.egg-info/dependency_links.txt
[2.072s] writing entry points to ../../build/robot_simulation/robot_simulation.egg-info/entry_points.txt
[2.072s] writing requirements to ../../build/robot_simulation/robot_simulation.egg-info/requires.txt
[2.072s] writing top-level names to ../../build/robot_simulation/robot_simulation.egg-info/top_level.txt
[2.072s] writing manifest file '../../build/robot_simulation/robot_simulation.egg-info/SOURCES.txt'
[2.075s] reading manifest file '../../build/robot_simulation/robot_simulation.egg-info/SOURCES.txt'
[2.076s] writing manifest file '../../build/robot_simulation/robot_simulation.egg-info/SOURCES.txt'
[2.076s] running build
[2.076s] running build_py
[2.076s] creating /home/doanh/robot_detect/build/robot_simulation/build
[2.077s] creating /home/doanh/robot_detect/build/robot_simulation/build/lib
[2.077s] creating /home/doanh/robot_detect/build/robot_simulation/build/lib/robot_simulation
[2.077s] copying robot_simulation/__init__.py -> /home/doanh/robot_detect/build/robot_simulation/build/lib/robot_simulation
[2.077s] running install
[2.078s] running install_lib
[2.079s] creating /home/doanh/robot_detect/install/robot_simulation/lib/python3.10/site-packages/robot_simulation
[2.079s] copying /home/doanh/robot_detect/build/robot_simulation/build/lib/robot_simulation/__init__.py -> /home/doanh/robot_detect/install/robot_simulation/lib/python3.10/site-packages/robot_simulation
[2.080s] byte-compiling /home/doanh/robot_detect/install/robot_simulation/lib/python3.10/site-packages/robot_simulation/__init__.py to __init__.cpython-310.pyc
[2.080s] running install_data
[2.080s] creating /home/doanh/robot_detect/install/robot_simulation/share/ament_index
[2.081s] creating /home/doanh/robot_detect/install/robot_simulation/share/ament_index/resource_index
[2.081s] creating /home/doanh/robot_detect/install/robot_simulation/share/ament_index/resource_index/packages
[2.081s] copying resource/robot_simulation -> /home/doanh/robot_detect/install/robot_simulation/share/ament_index/resource_index/packages
[2.082s] copying package.xml -> /home/doanh/robot_detect/install/robot_simulation/share/robot_simulation
[2.082s] creating /home/doanh/robot_detect/install/robot_simulation/share/robot_simulation/launch
[2.082s] copying launch/simulation.launch.py -> /home/doanh/robot_detect/install/robot_simulation/share/robot_simulation/launch
[2.082s] copying launch/display.launch.py -> /home/doanh/robot_detect/install/robot_simulation/share/robot_simulation/launch
[2.082s] creating /home/doanh/robot_detect/install/robot_simulation/share/robot_simulation/urdf
[2.082s] copying urdf/robot_core.xacro -> /home/doanh/robot_detect/install/robot_simulation/share/robot_simulation/urdf
[2.082s] copying urdf/inertial_macros.xacro -> /home/doanh/robot_detect/install/robot_simulation/share/robot_simulation/urdf
[2.082s] copying urdf/robot.urdf.xacro -> /home/doanh/robot_detect/install/robot_simulation/share/robot_simulation/urdf
[2.082s] copying urdf/camera.xacro -> /home/doanh/robot_detect/install/robot_simulation/share/robot_simulation/urdf
[2.083s] copying urdf/gazebo_control.xacro -> /home/doanh/robot_detect/install/robot_simulation/share/robot_simulation/urdf
[2.083s] copying urdf/ros2_control.xacro -> /home/doanh/robot_detect/install/robot_simulation/share/robot_simulation/urdf
[2.083s] copying urdf/lidar.xacro -> /home/doanh/robot_detect/install/robot_simulation/share/robot_simulation/urdf
[2.083s] creating /home/doanh/robot_detect/install/robot_simulation/share/robot_simulation/rviz
[2.083s] copying rviz/view_robot.rviz -> /home/doanh/robot_detect/install/robot_simulation/share/robot_simulation/rviz
[2.083s] creating /home/doanh/robot_detect/install/robot_simulation/share/robot_simulation/world
[2.084s] copying world/world.world -> /home/doanh/robot_detect/install/robot_simulation/share/robot_simulation/world
[2.084s] copying world/smallworld.world -> /home/doanh/robot_detect/install/robot_simulation/share/robot_simulation/world
[2.084s] creating /home/doanh/robot_detect/install/robot_simulation/share/robot_simulation/config
[2.084s] copying config/controller.yaml -> /home/doanh/robot_detect/install/robot_simulation/share/robot_simulation/config
[2.085s] copying config/gaz_ros2_ctl_use_sim.yaml -> /home/doanh/robot_detect/install/robot_simulation/share/robot_simulation/config
[2.085s] copying config/gazebo_params.yaml -> /home/doanh/robot_detect/install/robot_simulation/share/robot_simulation/config
[2.085s] running install_egg_info
[2.091s] Copying ../../build/robot_simulation/robot_simulation.egg-info to /home/doanh/robot_detect/install/robot_simulation/lib/python3.10/site-packages/robot_simulation-0.0.0-py3.10.egg-info
[2.091s] running install_scripts
[2.112s] writing list of installed files to '/home/doanh/robot_detect/build/robot_simulation/install.log'
[2.195s] Invoked command in '/home/doanh/robot_detect/src/robot_simulation' returned '0': PYTHONPATH=/home/doanh/robot_detect/build/robot_simulation/prefix_override:/usr/lib/python3/dist-packages/colcon_core/task/python/colcon_distutils_commands:/home/doanh/robot_detect/install/robot_simulation/lib/python3.10/site-packages:${PYTHONPATH} /usr/bin/python3 -W ignore:setup.py install is deprecated -W ignore:easy_install command is deprecated setup.py egg_info --egg-base ../../build/robot_simulation build --build-base /home/doanh/robot_detect/build/robot_simulation/build install --record /home/doanh/robot_detect/build/robot_simulation/install.log --single-version-externally-managed install_data
