/home/doanh/robot_detect/install/robot_simulation/lib/python3.10/site-packages/robot_simulation/__init__.py
/home/doanh/robot_detect/install/robot_simulation/lib/python3.10/site-packages/robot_simulation/__pycache__/__init__.cpython-310.pyc
/home/doanh/robot_detect/install/robot_simulation/share/ament_index/resource_index/packages/robot_simulation
/home/doanh/robot_detect/install/robot_simulation/share/robot_simulation/package.xml
/home/doanh/robot_detect/install/robot_simulation/share/robot_simulation/launch/simulation.launch.py
/home/doanh/robot_detect/install/robot_simulation/share/robot_simulation/launch/display.launch.py
/home/doanh/robot_detect/install/robot_simulation/share/robot_simulation/urdf/robot_core.xacro
/home/doanh/robot_detect/install/robot_simulation/share/robot_simulation/urdf/inertial_macros.xacro
/home/doanh/robot_detect/install/robot_simulation/share/robot_simulation/urdf/robot.urdf.xacro
/home/doanh/robot_detect/install/robot_simulation/share/robot_simulation/urdf/camera.xacro
/home/doanh/robot_detect/install/robot_simulation/share/robot_simulation/urdf/gazebo_control.xacro
/home/doanh/robot_detect/install/robot_simulation/share/robot_simulation/urdf/ros2_control.xacro
/home/doanh/robot_detect/install/robot_simulation/share/robot_simulation/urdf/lidar.xacro
/home/doanh/robot_detect/install/robot_simulation/share/robot_simulation/rviz/view_robot.rviz
/home/doanh/robot_detect/install/robot_simulation/share/robot_simulation/world/world.world
/home/doanh/robot_detect/install/robot_simulation/share/robot_simulation/world/object.world
/home/doanh/robot_detect/install/robot_simulation/share/robot_simulation/world/smallworld.world
/home/doanh/robot_detect/install/robot_simulation/share/robot_simulation/config/controller.yaml
/home/doanh/robot_detect/install/robot_simulation/share/robot_simulation/config/gaz_ros2_ctl_use_sim.yaml
/home/doanh/robot_detect/install/robot_simulation/share/robot_simulation/config/gazebo_params.yaml
/home/doanh/robot_detect/install/robot_simulation/lib/python3.10/site-packages/robot_simulation-0.0.0-py3.10.egg-info/top_level.txt
/home/doanh/robot_detect/install/robot_simulation/lib/python3.10/site-packages/robot_simulation-0.0.0-py3.10.egg-info/zip-safe
/home/doanh/robot_detect/install/robot_simulation/lib/python3.10/site-packages/robot_simulation-0.0.0-py3.10.egg-info/entry_points.txt
/home/doanh/robot_detect/install/robot_simulation/lib/python3.10/site-packages/robot_simulation-0.0.0-py3.10.egg-info/requires.txt
/home/doanh/robot_detect/install/robot_simulation/lib/python3.10/site-packages/robot_simulation-0.0.0-py3.10.egg-info/PKG-INFO
/home/doanh/robot_detect/install/robot_simulation/lib/python3.10/site-packages/robot_simulation-0.0.0-py3.10.egg-info/dependency_links.txt
/home/doanh/robot_detect/install/robot_simulation/lib/python3.10/site-packages/robot_simulation-0.0.0-py3.10.egg-info/SOURCES.txt
