/home/doanh/robot_detect/install/robot_mapping/lib/python3.10/site-packages/robot_mapping/__init__.py
/home/doanh/robot_detect/install/robot_mapping/lib/python3.10/site-packages/robot_mapping/__pycache__/__init__.cpython-310.pyc
/home/doanh/robot_detect/install/robot_mapping/share/ament_index/resource_index/packages/robot_mapping
/home/doanh/robot_detect/install/robot_mapping/share/robot_mapping/package.xml
/home/doanh/robot_detect/install/robot_mapping/share/robot_mapping/launch/slam_toolbox.launch.py
/home/doanh/robot_detect/install/robot_mapping/share/robot_mapping/launch/cartographer.launch.py
/home/doanh/robot_detect/install/robot_mapping/share/robot_mapping/config/mapper_params_online_async.yaml
/home/doanh/robot_detect/install/robot_mapping/share/robot_mapping/config/lds_2d.lua
/home/doanh/robot_detect/install/robot_mapping/share/robot_mapping/rviz/cartographer_mapping.rviz
/home/doanh/robot_detect/install/robot_mapping/share/robot_mapping/maps/map.pgm
/home/doanh/robot_detect/install/robot_mapping/share/robot_mapping/maps/my_map.pgm
/home/doanh/robot_detect/install/robot_mapping/share/robot_mapping/maps/my_map.yaml
/home/doanh/robot_detect/install/robot_mapping/share/robot_mapping/maps/map.yaml
/home/doanh/robot_detect/install/robot_mapping/lib/python3.10/site-packages/robot_mapping-0.0.0-py3.10.egg-info/top_level.txt
/home/doanh/robot_detect/install/robot_mapping/lib/python3.10/site-packages/robot_mapping-0.0.0-py3.10.egg-info/zip-safe
/home/doanh/robot_detect/install/robot_mapping/lib/python3.10/site-packages/robot_mapping-0.0.0-py3.10.egg-info/entry_points.txt
/home/doanh/robot_detect/install/robot_mapping/lib/python3.10/site-packages/robot_mapping-0.0.0-py3.10.egg-info/requires.txt
/home/doanh/robot_detect/install/robot_mapping/lib/python3.10/site-packages/robot_mapping-0.0.0-py3.10.egg-info/PKG-INFO
/home/doanh/robot_detect/install/robot_mapping/lib/python3.10/site-packages/robot_mapping-0.0.0-py3.10.egg-info/dependency_links.txt
/home/doanh/robot_detect/install/robot_mapping/lib/python3.10/site-packages/robot_mapping-0.0.0-py3.10.egg-info/SOURCES.txt
