[0.016s] Invoking command in '/home/doanh/robot_detect/build/yolov8_msgs': CMAKE_PREFIX_PATH=${CMAKE_PREFIX_PATH}:/home/doanh/robot_detect/install/follow_human:/home/doanh/robot_detect/install/human_follow:/home/doanh/robot_detect/install/robot_simulation:/home/doanh/robot_detect/install/robot_navigation:/home/doanh/robot_detect/install/robot_mapping:/home/doanh/robot_detect/install/robot_joy:/home/doanh/go2_robot/install/speech_processor:/home/doanh/go2_robot/install/reset_odom:/home/doanh/go2_robot/install/livox_to_laserscan:/home/doanh/go2_robot/install/lidar_processor:/home/doanh/go2_robot/install/go2_robot_sdk:/home/doanh/go2_robot/install/coco_detector:/home/doanh/mrdoanh_projects/install/speech_processor:/home/doanh/mrdoanh_projects/install/lidar_processor:/home/doanh/mrdoanh_projects/install/go2_robot_sdk:/home/doanh/mrdoanh_projects/install/coco_detector:/home/doanh/new/mrdoanh_projects/install/speech_processor:/home/doanh/new/mrdoanh_projects/install/lidar_processor:/home/doanh/new/mrdoanh_projects/install/go2_robot_sdk:/home/doanh/new/mrdoanh_projects/install/coco_detector:/opt/ros/humble /home/doanh/.local/bin/cmake --build /home/doanh/robot_detect/build/yolov8_msgs -- -j12 -l12
[0.104s] [0mCMake Deprecation Warning at CMakeLists.txt:1 (cmake_minimum_required):
[0.104s]   Compatibility with CMake < 3.10 will be removed from a future version of
[0.104s]   CMake.
[0.105s] 
[0.105s]   Update the VERSION argument <min> value.  Or, use the <min>...<max> syntax
[0.105s]   to tell CMake that the project requires at least <min> but has been updated
[0.105s]   to work with policies introduced by <max> or earlier.
[0.105s] 
[0.105s] [0m
[0.113s] -- Found ament_cmake: 1.3.12 (/opt/ros/humble/share/ament_cmake/cmake)
[0.353s] -- Found std_msgs: 4.9.0 (/opt/ros/humble/share/std_msgs/cmake)
[0.391s] -- Found rosidl_generator_c: 3.1.7 (/opt/ros/humble/share/rosidl_generator_c/cmake)
[0.395s] -- Found rosidl_adapter: 3.1.7 (/opt/ros/humble/share/rosidl_adapter/cmake)
[0.403s] -- Found rosidl_generator_cpp: 3.1.7 (/opt/ros/humble/share/rosidl_generator_cpp/cmake)
[0.417s] -- Using all available rosidl_typesupport_c: rosidl_typesupport_fastrtps_c;rosidl_typesupport_introspection_c
[0.434s] -- Using all available rosidl_typesupport_cpp: rosidl_typesupport_fastrtps_cpp;rosidl_typesupport_introspection_cpp
[0.465s] -- Found rosidl_default_generators: 1.2.0 (/opt/ros/humble/share/rosidl_default_generators/cmake)
[0.954s] -- Found ament_cmake_ros: 0.10.0 (/opt/ros/humble/share/ament_cmake_ros/cmake)
[1.787s] -- Using all available rosidl_typesupport_c: rosidl_typesupport_fastrtps_c;rosidl_typesupport_introspection_c
[2.118s] -- Using all available rosidl_typesupport_cpp: rosidl_typesupport_fastrtps_cpp;rosidl_typesupport_introspection_cpp
[2.128s] [33mCMake Warning (dev) at /opt/ros/humble/share/rosidl_generator_py/cmake/rosidl_generator_py_generate_interfaces.cmake:20 (find_package):
[2.128s]   Policy CMP0148 is not set: The FindPythonInterp and FindPythonLibs modules
[2.128s]   are removed.  Run "cmake --help-policy CMP0148" for policy details.  Use
[2.128s]   the cmake_policy command to set the policy and suppress this warning.
[2.128s] 
[2.128s] Call Stack (most recent call first):
[2.128s]   /opt/ros/humble/share/ament_cmake_core/cmake/core/ament_execute_extensions.cmake:48 (include)
[2.128s]   /opt/ros/humble/share/rosidl_cmake/cmake/rosidl_generate_interfaces.cmake:286 (ament_execute_extensions)
[2.128s]   CMakeLists.txt:22 (rosidl_generate_interfaces)
[2.128s] This warning is for project developers.  Use -Wno-dev to suppress it.
[2.128s] [0m
[2.152s] -- Found python_cmake_module: 0.10.0 (/opt/ros/humble/share/python_cmake_module/cmake)
[2.153s] [33mCMake Warning (dev) at /opt/ros/humble/share/python_cmake_module/cmake/Modules/FindPythonExtra.cmake:52 (find_package):
[2.153s]   Policy CMP0148 is not set: The FindPythonInterp and FindPythonLibs modules
[2.153s]   are removed.  Run "cmake --help-policy CMP0148" for policy details.  Use
[2.153s]   the cmake_policy command to set the policy and suppress this warning.
[2.153s] 
[2.153s] Call Stack (most recent call first):
[2.153s]   /opt/ros/humble/share/rosidl_generator_py/cmake/rosidl_generator_py_generate_interfaces.cmake:23 (find_package)
[2.153s]   /opt/ros/humble/share/ament_cmake_core/cmake/core/ament_execute_extensions.cmake:48 (include)
[2.153s]   /opt/ros/humble/share/rosidl_cmake/cmake/rosidl_generate_interfaces.cmake:286 (ament_execute_extensions)
[2.153s]   CMakeLists.txt:22 (rosidl_generate_interfaces)
[2.153s] This warning is for project developers.  Use -Wno-dev to suppress it.
[2.153s] [0m
[2.177s] [33mCMake Warning (dev) at /opt/ros/humble/share/python_cmake_module/cmake/Modules/FindPythonExtra.cmake:140 (find_package):
[2.177s]   Policy CMP0148 is not set: The FindPythonInterp and FindPythonLibs modules
[2.177s]   are removed.  Run "cmake --help-policy CMP0148" for policy details.  Use
[2.177s]   the cmake_policy command to set the policy and suppress this warning.
[2.177s] 
[2.178s] Call Stack (most recent call first):
[2.178s]   /opt/ros/humble/share/rosidl_generator_py/cmake/rosidl_generator_py_generate_interfaces.cmake:23 (find_package)
[2.178s]   /opt/ros/humble/share/ament_cmake_core/cmake/core/ament_execute_extensions.cmake:48 (include)
[2.178s]   /opt/ros/humble/share/rosidl_cmake/cmake/rosidl_generate_interfaces.cmake:286 (ament_execute_extensions)
[2.178s]   CMakeLists.txt:22 (rosidl_generate_interfaces)
[2.178s] This warning is for project developers.  Use -Wno-dev to suppress it.
[2.178s] [0m
[2.180s] -- Using PYTHON_EXECUTABLE: /usr/bin/python3
[2.180s] -- Using PYTHON_INCLUDE_DIRS: /usr/include/python3.10
[2.180s] -- Using PYTHON_LIBRARIES: /usr/lib/x86_64-linux-gnu/libpython3.10.so
[2.217s] -- Found ament_lint_auto: 0.12.14 (/opt/ros/humble/share/ament_lint_auto/cmake)
[2.237s] -- Added test 'copyright' to check source files copyright and LICENSE
[2.239s] -- Added test 'lint_cmake' to check CMake code style
[2.239s] -- Added test 'xmllint' to check XML markup files
[2.242s] -- Configuring done (2.1s)
[2.278s] -- Generating done (0.0s)
[2.285s] -- Build files have been written to: /home/doanh/robot_detect/build/yolov8_msgs
[2.301s] [  2%] [1m[34mGenerating C code for ROS interfaces[0m
[2.306s] [  4%] [1m[34mGenerating C++ code for ROS interfaces[0m
[2.309s] [  4%] [0mBuilt target ament_cmake_python_copy_yolov8_msgs[0m
[2.648s] running egg_info
[2.649s] writing yolov8_msgs.egg-info/PKG-INFO
[2.649s] writing dependency_links to yolov8_msgs.egg-info/dependency_links.txt
[2.650s] writing top-level names to yolov8_msgs.egg-info/top_level.txt
[2.654s] reading manifest file 'yolov8_msgs.egg-info/SOURCES.txt'
[2.655s] writing manifest file 'yolov8_msgs.egg-info/SOURCES.txt'
[2.678s] [  4%] [0mBuilt target yolov8_msgs__cpp[0m
[2.686s] [ 10%] [1m[34mGenerating C++ type support dispatch for ROS interfaces[0m
[2.687s] [ 10%] [1m[34mGenerating C++ type support for eProsima Fast-RTPS[0m
[2.687s] [ 10%] [1m[34mGenerating C++ introspection for ROS interfaces[0m
[2.692s] [ 10%] [0mBuilt target ament_cmake_python_build_yolov8_msgs_egg[0m
[2.737s] [ 17%] [32mBuilding C object CMakeFiles/yolov8_msgs__rosidl_generator_c.dir/rosidl_generator_c/yolov8_msgs/msg/detail/inference_result__functions.c.o[0m
[2.737s] [ 17%] [32mBuilding C object CMakeFiles/yolov8_msgs__rosidl_generator_c.dir/rosidl_generator_c/yolov8_msgs/msg/detail/yolov8_inference__functions.c.o[0m
[2.737s] [ 17%] [32mBuilding C object CMakeFiles/yolov8_msgs__rosidl_generator_c.dir/rosidl_generator_c/yolov8_msgs/msg/detail/human_position__functions.c.o[0m
[2.814s] [ 19%] [1m[32mLinking C shared library libyolov8_msgs__rosidl_generator_c.so[0m
[2.846s] [ 19%] [0mBuilt target yolov8_msgs__rosidl_generator_c[0m
[2.853s] [ 25%] [1m[34mGenerating C type support for eProsima Fast-RTPS[0m
[2.853s] [ 25%] [1m[34mGenerating C introspection for ROS interfaces[0m
[2.853s] [ 25%] [1m[34mGenerating C type support dispatch for ROS interfaces[0m
[3.037s] [ 31%] [32mBuilding CXX object CMakeFiles/yolov8_msgs__rosidl_typesupport_cpp.dir/rosidl_typesupport_cpp/yolov8_msgs/msg/yolov8_inference__type_support.cpp.o[0m
[3.037s] [ 31%] [32mBuilding CXX object CMakeFiles/yolov8_msgs__rosidl_typesupport_cpp.dir/rosidl_typesupport_cpp/yolov8_msgs/msg/inference_result__type_support.cpp.o[0m
[3.037s] [ 31%] [32mBuilding CXX object CMakeFiles/yolov8_msgs__rosidl_typesupport_cpp.dir/rosidl_typesupport_cpp/yolov8_msgs/msg/human_position__type_support.cpp.o[0m
[3.068s] [ 34%] [32mBuilding CXX object CMakeFiles/yolov8_msgs__rosidl_typesupport_introspection_cpp.dir/rosidl_typesupport_introspection_cpp/yolov8_msgs/msg/detail/inference_result__type_support.cpp.o[0m
[3.072s] [ 36%] [32mBuilding CXX object CMakeFiles/yolov8_msgs__rosidl_typesupport_introspection_cpp.dir/rosidl_typesupport_introspection_cpp/yolov8_msgs/msg/detail/yolov8_inference__type_support.cpp.o[0m
[3.072s] [ 38%] [32mBuilding CXX object CMakeFiles/yolov8_msgs__rosidl_typesupport_introspection_cpp.dir/rosidl_typesupport_introspection_cpp/yolov8_msgs/msg/detail/human_position__type_support.cpp.o[0m
[3.118s] [ 40%] [32mBuilding CXX object CMakeFiles/yolov8_msgs__rosidl_typesupport_fastrtps_cpp.dir/rosidl_typesupport_fastrtps_cpp/yolov8_msgs/msg/detail/dds_fastrtps/yolov8_inference__type_support.cpp.o[0m
[3.122s] [ 42%] [32mBuilding CXX object CMakeFiles/yolov8_msgs__rosidl_typesupport_fastrtps_cpp.dir/rosidl_typesupport_fastrtps_cpp/yolov8_msgs/msg/detail/dds_fastrtps/human_position__type_support.cpp.o[0m
[3.123s] [ 44%] [32mBuilding CXX object CMakeFiles/yolov8_msgs__rosidl_typesupport_fastrtps_cpp.dir/rosidl_typesupport_fastrtps_cpp/yolov8_msgs/msg/detail/dds_fastrtps/inference_result__type_support.cpp.o[0m
[3.292s] [ 46%] [32mBuilding CXX object CMakeFiles/yolov8_msgs__rosidl_typesupport_c.dir/rosidl_typesupport_c/yolov8_msgs/msg/inference_result__type_support.cpp.o[0m
[3.362s] [ 48%] [32mBuilding CXX object CMakeFiles/yolov8_msgs__rosidl_typesupport_c.dir/rosidl_typesupport_c/yolov8_msgs/msg/yolov8_inference__type_support.cpp.o[0m
[3.429s] [ 51%] [32mBuilding CXX object CMakeFiles/yolov8_msgs__rosidl_typesupport_c.dir/rosidl_typesupport_c/yolov8_msgs/msg/human_position__type_support.cpp.o[0m
[3.482s] [ 53%] [1m[32mLinking CXX shared library libyolov8_msgs__rosidl_typesupport_c.so[0m
[3.586s] [ 55%] [32mBuilding C object CMakeFiles/yolov8_msgs__rosidl_typesupport_introspection_c.dir/rosidl_typesupport_introspection_c/yolov8_msgs/msg/detail/yolov8_inference__type_support.c.o[0m
[3.586s] [ 57%] [32mBuilding C object CMakeFiles/yolov8_msgs__rosidl_typesupport_introspection_c.dir/rosidl_typesupport_introspection_c/yolov8_msgs/msg/detail/inference_result__type_support.c.o[0m
[3.591s] [ 59%] [32mBuilding CXX object CMakeFiles/yolov8_msgs__rosidl_typesupport_fastrtps_c.dir/rosidl_typesupport_fastrtps_c/yolov8_msgs/msg/detail/inference_result__type_support_c.cpp.o[0m
[3.598s] [ 61%] [32mBuilding C object CMakeFiles/yolov8_msgs__rosidl_typesupport_introspection_c.dir/rosidl_typesupport_introspection_c/yolov8_msgs/msg/detail/human_position__type_support.c.o[0m
[3.601s] [ 61%] [0mBuilt target yolov8_msgs__rosidl_typesupport_c[0m
[3.612s] [ 63%] [32mBuilding CXX object CMakeFiles/yolov8_msgs__rosidl_typesupport_fastrtps_c.dir/rosidl_typesupport_fastrtps_c/yolov8_msgs/msg/detail/yolov8_inference__type_support_c.cpp.o[0m
[3.639s] [ 65%] [1m[32mLinking CXX shared library libyolov8_msgs__rosidl_typesupport_cpp.so[0m
[3.651s] [ 68%] [32mBuilding CXX object CMakeFiles/yolov8_msgs__rosidl_typesupport_fastrtps_c.dir/rosidl_typesupport_fastrtps_c/yolov8_msgs/msg/detail/human_position__type_support_c.cpp.o[0m
[3.672s] [ 70%] [1m[32mLinking C shared library libyolov8_msgs__rosidl_typesupport_introspection_c.so[0m
[3.703s] [ 70%] [0mBuilt target yolov8_msgs__rosidl_typesupport_cpp[0m
[3.723s] [ 70%] [0mBuilt target yolov8_msgs__rosidl_typesupport_introspection_c[0m
[3.841s] [ 72%] [1m[32mLinking CXX shared library libyolov8_msgs__rosidl_typesupport_introspection_cpp.so[0m
[3.937s] [ 72%] [0mBuilt target yolov8_msgs__rosidl_typesupport_introspection_cpp[0m
[3.959s] [ 74%] [1m[32mLinking CXX shared library libyolov8_msgs__rosidl_typesupport_fastrtps_cpp.so[0m
[4.048s] [ 74%] [0mBuilt target yolov8_msgs__rosidl_typesupport_fastrtps_cpp[0m
[4.061s] [ 76%] [1m[32mLinking CXX shared library libyolov8_msgs__rosidl_typesupport_fastrtps_c.so[0m
[4.123s] [ 76%] [0mBuilt target yolov8_msgs__rosidl_typesupport_fastrtps_c[0m
[4.133s] [ 76%] [0mBuilt target yolov8_msgs[0m
[4.142s] [ 78%] [1m[34mGenerating Python code for ROS interfaces[0m
[4.607s] [ 78%] [0mBuilt target yolov8_msgs__py[0m
[4.621s] [ 82%] [32mBuilding C object CMakeFiles/yolov8_msgs__rosidl_generator_py.dir/rosidl_generator_py/yolov8_msgs/msg/_yolov8_inference_s.c.o[0m
[4.621s] [ 82%] [32mBuilding C object CMakeFiles/yolov8_msgs__rosidl_generator_py.dir/rosidl_generator_py/yolov8_msgs/msg/_inference_result_s.c.o[0m
[4.621s] [ 85%] [32mBuilding C object CMakeFiles/yolov8_msgs__rosidl_generator_py.dir/rosidl_generator_py/yolov8_msgs/msg/_human_position_s.c.o[0m
[4.709s] [ 87%] [1m[32mLinking C shared library rosidl_generator_py/yolov8_msgs/libyolov8_msgs__rosidl_generator_py.so[0m
[4.736s] [ 87%] [0mBuilt target yolov8_msgs__rosidl_generator_py[0m
[4.750s] [ 91%] [32mBuilding C object CMakeFiles/yolov8_msgs__rosidl_typesupport_introspection_c__pyext.dir/rosidl_generator_py/yolov8_msgs/_yolov8_msgs_s.ep.rosidl_typesupport_introspection_c.c.o[0m
[4.750s] [ 91%] [32mBuilding C object CMakeFiles/yolov8_msgs__rosidl_typesupport_c__pyext.dir/rosidl_generator_py/yolov8_msgs/_yolov8_msgs_s.ep.rosidl_typesupport_c.c.o[0m
[4.750s] [ 93%] [32mBuilding C object CMakeFiles/yolov8_msgs__rosidl_typesupport_fastrtps_c__pyext.dir/rosidl_generator_py/yolov8_msgs/_yolov8_msgs_s.ep.rosidl_typesupport_fastrtps_c.c.o[0m
[4.838s] [ 95%] [1m[32mLinking C shared library rosidl_generator_py/yolov8_msgs/yolov8_msgs_s__rosidl_typesupport_introspection_c.cpython-310-x86_64-linux-gnu.so[0m
[4.838s] [ 97%] [1m[32mLinking C shared library rosidl_generator_py/yolov8_msgs/yolov8_msgs_s__rosidl_typesupport_c.cpython-310-x86_64-linux-gnu.so[0m
[4.840s] [100%] [1m[32mLinking C shared library rosidl_generator_py/yolov8_msgs/yolov8_msgs_s__rosidl_typesupport_fastrtps_c.cpython-310-x86_64-linux-gnu.so[0m
[4.861s] [100%] [0mBuilt target yolov8_msgs__rosidl_typesupport_introspection_c__pyext[0m
[4.861s] [100%] [0mBuilt target yolov8_msgs__rosidl_typesupport_c__pyext[0m
[4.863s] [100%] [0mBuilt target yolov8_msgs__rosidl_typesupport_fastrtps_c__pyext[0m
[4.870s] Invoked command in '/home/doanh/robot_detect/build/yolov8_msgs' returned '0': CMAKE_PREFIX_PATH=${CMAKE_PREFIX_PATH}:/home/doanh/robot_detect/install/follow_human:/home/doanh/robot_detect/install/human_follow:/home/doanh/robot_detect/install/robot_simulation:/home/doanh/robot_detect/install/robot_navigation:/home/doanh/robot_detect/install/robot_mapping:/home/doanh/robot_detect/install/robot_joy:/home/doanh/go2_robot/install/speech_processor:/home/doanh/go2_robot/install/reset_odom:/home/doanh/go2_robot/install/livox_to_laserscan:/home/doanh/go2_robot/install/lidar_processor:/home/doanh/go2_robot/install/go2_robot_sdk:/home/doanh/go2_robot/install/coco_detector:/home/doanh/mrdoanh_projects/install/speech_processor:/home/doanh/mrdoanh_projects/install/lidar_processor:/home/doanh/mrdoanh_projects/install/go2_robot_sdk:/home/doanh/mrdoanh_projects/install/coco_detector:/home/doanh/new/mrdoanh_projects/install/speech_processor:/home/doanh/new/mrdoanh_projects/install/lidar_processor:/home/doanh/new/mrdoanh_projects/install/go2_robot_sdk:/home/doanh/new/mrdoanh_projects/install/coco_detector:/opt/ros/humble /home/doanh/.local/bin/cmake --build /home/doanh/robot_detect/build/yolov8_msgs -- -j12 -l12
[4.961s] Invoking command in '/home/doanh/robot_detect/build/yolov8_msgs': CMAKE_PREFIX_PATH=${CMAKE_PREFIX_PATH}:/home/doanh/robot_detect/install/follow_human:/home/doanh/robot_detect/install/human_follow:/home/doanh/robot_detect/install/robot_simulation:/home/doanh/robot_detect/install/robot_navigation:/home/doanh/robot_detect/install/robot_mapping:/home/doanh/robot_detect/install/robot_joy:/home/doanh/go2_robot/install/speech_processor:/home/doanh/go2_robot/install/reset_odom:/home/doanh/go2_robot/install/livox_to_laserscan:/home/doanh/go2_robot/install/lidar_processor:/home/doanh/go2_robot/install/go2_robot_sdk:/home/doanh/go2_robot/install/coco_detector:/home/doanh/mrdoanh_projects/install/speech_processor:/home/doanh/mrdoanh_projects/install/lidar_processor:/home/doanh/mrdoanh_projects/install/go2_robot_sdk:/home/doanh/mrdoanh_projects/install/coco_detector:/home/doanh/new/mrdoanh_projects/install/speech_processor:/home/doanh/new/mrdoanh_projects/install/lidar_processor:/home/doanh/new/mrdoanh_projects/install/go2_robot_sdk:/home/doanh/new/mrdoanh_projects/install/coco_detector:/opt/ros/humble /home/doanh/.local/bin/cmake --install /home/doanh/robot_detect/build/yolov8_msgs
[5.049s] -- Install configuration: ""
[5.049s] -- Installing: /home/doanh/robot_detect/install/yolov8_msgs/share/ament_index/resource_index/rosidl_interfaces/yolov8_msgs
[5.049s] -- Up-to-date: /home/doanh/robot_detect/install/yolov8_msgs/include/yolov8_msgs/yolov8_msgs
[5.050s] -- Up-to-date: /home/doanh/robot_detect/install/yolov8_msgs/include/yolov8_msgs/yolov8_msgs/msg
[5.050s] -- Up-to-date: /home/doanh/robot_detect/install/yolov8_msgs/include/yolov8_msgs/yolov8_msgs/msg/rosidl_generator_c__visibility_control.h
[5.050s] -- Installing: /home/doanh/robot_detect/install/yolov8_msgs/include/yolov8_msgs/yolov8_msgs/msg/inference_result.h
[5.050s] -- Installing: /home/doanh/robot_detect/install/yolov8_msgs/include/yolov8_msgs/yolov8_msgs/msg/human_position.h
[5.050s] -- Up-to-date: /home/doanh/robot_detect/install/yolov8_msgs/include/yolov8_msgs/yolov8_msgs/msg/detail
[5.050s] -- Installing: /home/doanh/robot_detect/install/yolov8_msgs/include/yolov8_msgs/yolov8_msgs/msg/detail/human_position__struct.h
[5.050s] -- Installing: /home/doanh/robot_detect/install/yolov8_msgs/include/yolov8_msgs/yolov8_msgs/msg/detail/human_position__functions.c
[5.050s] -- Installing: /home/doanh/robot_detect/install/yolov8_msgs/include/yolov8_msgs/yolov8_msgs/msg/detail/yolov8_inference__functions.h
[5.050s] -- Installing: /home/doanh/robot_detect/install/yolov8_msgs/include/yolov8_msgs/yolov8_msgs/msg/detail/yolov8_inference__type_support.h
[5.050s] -- Installing: /home/doanh/robot_detect/install/yolov8_msgs/include/yolov8_msgs/yolov8_msgs/msg/detail/inference_result__functions.h
[5.050s] -- Installing: /home/doanh/robot_detect/install/yolov8_msgs/include/yolov8_msgs/yolov8_msgs/msg/detail/yolov8_inference__struct.h
[5.050s] -- Installing: /home/doanh/robot_detect/install/yolov8_msgs/include/yolov8_msgs/yolov8_msgs/msg/detail/human_position__type_support.h
[5.050s] -- Installing: /home/doanh/robot_detect/install/yolov8_msgs/include/yolov8_msgs/yolov8_msgs/msg/detail/inference_result__struct.h
[5.050s] -- Installing: /home/doanh/robot_detect/install/yolov8_msgs/include/yolov8_msgs/yolov8_msgs/msg/detail/inference_result__functions.c
[5.051s] -- Installing: /home/doanh/robot_detect/install/yolov8_msgs/include/yolov8_msgs/yolov8_msgs/msg/detail/yolov8_inference__functions.c
[5.051s] -- Installing: /home/doanh/robot_detect/install/yolov8_msgs/include/yolov8_msgs/yolov8_msgs/msg/detail/human_position__functions.h
[5.051s] -- Installing: /home/doanh/robot_detect/install/yolov8_msgs/include/yolov8_msgs/yolov8_msgs/msg/detail/inference_result__type_support.h
[5.051s] -- Installing: /home/doanh/robot_detect/install/yolov8_msgs/include/yolov8_msgs/yolov8_msgs/msg/yolov8_inference.h
[5.051s] -- Up-to-date: /home/doanh/robot_detect/install/yolov8_msgs/share/yolov8_msgs/environment/library_path.sh
[5.051s] -- Installing: /home/doanh/robot_detect/install/yolov8_msgs/share/yolov8_msgs/environment/library_path.dsv
[5.051s] -- Installing: /home/doanh/robot_detect/install/yolov8_msgs/lib/libyolov8_msgs__rosidl_generator_c.so
[5.051s] -- Set non-toolchain portion of runtime path of "/home/doanh/robot_detect/install/yolov8_msgs/lib/libyolov8_msgs__rosidl_generator_c.so" to ""
[5.051s] -- Up-to-date: /home/doanh/robot_detect/install/yolov8_msgs/include/yolov8_msgs/yolov8_msgs
[5.051s] -- Up-to-date: /home/doanh/robot_detect/install/yolov8_msgs/include/yolov8_msgs/yolov8_msgs/msg
[5.051s] -- Up-to-date: /home/doanh/robot_detect/install/yolov8_msgs/include/yolov8_msgs/yolov8_msgs/msg/detail
[5.051s] -- Installing: /home/doanh/robot_detect/install/yolov8_msgs/include/yolov8_msgs/yolov8_msgs/msg/detail/human_position__rosidl_typesupport_fastrtps_c.h
[5.051s] -- Installing: /home/doanh/robot_detect/install/yolov8_msgs/include/yolov8_msgs/yolov8_msgs/msg/detail/inference_result__rosidl_typesupport_fastrtps_c.h
[5.051s] -- Installing: /home/doanh/robot_detect/install/yolov8_msgs/include/yolov8_msgs/yolov8_msgs/msg/detail/yolov8_inference__rosidl_typesupport_fastrtps_c.h
[5.052s] -- Up-to-date: /home/doanh/robot_detect/install/yolov8_msgs/include/yolov8_msgs/yolov8_msgs/msg/rosidl_typesupport_fastrtps_c__visibility_control.h
[5.052s] -- Installing: /home/doanh/robot_detect/install/yolov8_msgs/lib/libyolov8_msgs__rosidl_typesupport_fastrtps_c.so
[5.052s] -- Set non-toolchain portion of runtime path of "/home/doanh/robot_detect/install/yolov8_msgs/lib/libyolov8_msgs__rosidl_typesupport_fastrtps_c.so" to ""
[5.052s] -- Up-to-date: /home/doanh/robot_detect/install/yolov8_msgs/include/yolov8_msgs/yolov8_msgs
[5.052s] -- Up-to-date: /home/doanh/robot_detect/install/yolov8_msgs/include/yolov8_msgs/yolov8_msgs/msg
[5.052s] -- Installing: /home/doanh/robot_detect/install/yolov8_msgs/include/yolov8_msgs/yolov8_msgs/msg/inference_result.hpp
[5.052s] -- Up-to-date: /home/doanh/robot_detect/install/yolov8_msgs/include/yolov8_msgs/yolov8_msgs/msg/detail
[5.052s] -- Installing: /home/doanh/robot_detect/install/yolov8_msgs/include/yolov8_msgs/yolov8_msgs/msg/detail/yolov8_inference__type_support.hpp
[5.052s] -- Installing: /home/doanh/robot_detect/install/yolov8_msgs/include/yolov8_msgs/yolov8_msgs/msg/detail/yolov8_inference__traits.hpp
[5.052s] -- Installing: /home/doanh/robot_detect/install/yolov8_msgs/include/yolov8_msgs/yolov8_msgs/msg/detail/human_position__traits.hpp
[5.052s] -- Installing: /home/doanh/robot_detect/install/yolov8_msgs/include/yolov8_msgs/yolov8_msgs/msg/detail/inference_result__type_support.hpp
[5.052s] -- Installing: /home/doanh/robot_detect/install/yolov8_msgs/include/yolov8_msgs/yolov8_msgs/msg/detail/human_position__builder.hpp
[5.052s] -- Installing: /home/doanh/robot_detect/install/yolov8_msgs/include/yolov8_msgs/yolov8_msgs/msg/detail/human_position__struct.hpp
[5.052s] -- Installing: /home/doanh/robot_detect/install/yolov8_msgs/include/yolov8_msgs/yolov8_msgs/msg/detail/human_position__type_support.hpp
[5.052s] -- Installing: /home/doanh/robot_detect/install/yolov8_msgs/include/yolov8_msgs/yolov8_msgs/msg/detail/yolov8_inference__struct.hpp
[5.052s] -- Installing: /home/doanh/robot_detect/install/yolov8_msgs/include/yolov8_msgs/yolov8_msgs/msg/detail/inference_result__builder.hpp
[5.053s] -- Installing: /home/doanh/robot_detect/install/yolov8_msgs/include/yolov8_msgs/yolov8_msgs/msg/detail/inference_result__struct.hpp
[5.053s] -- Installing: /home/doanh/robot_detect/install/yolov8_msgs/include/yolov8_msgs/yolov8_msgs/msg/detail/inference_result__traits.hpp
[5.053s] -- Installing: /home/doanh/robot_detect/install/yolov8_msgs/include/yolov8_msgs/yolov8_msgs/msg/detail/yolov8_inference__builder.hpp
[5.053s] -- Installing: /home/doanh/robot_detect/install/yolov8_msgs/include/yolov8_msgs/yolov8_msgs/msg/yolov8_inference.hpp
[5.053s] -- Installing: /home/doanh/robot_detect/install/yolov8_msgs/include/yolov8_msgs/yolov8_msgs/msg/human_position.hpp
[5.053s] -- Up-to-date: /home/doanh/robot_detect/install/yolov8_msgs/include/yolov8_msgs/yolov8_msgs/msg/rosidl_generator_cpp__visibility_control.hpp
[5.053s] -- Up-to-date: /home/doanh/robot_detect/install/yolov8_msgs/include/yolov8_msgs/yolov8_msgs
[5.053s] -- Up-to-date: /home/doanh/robot_detect/install/yolov8_msgs/include/yolov8_msgs/yolov8_msgs/msg
[5.053s] -- Up-to-date: /home/doanh/robot_detect/install/yolov8_msgs/include/yolov8_msgs/yolov8_msgs/msg/detail
[5.053s] -- Installing: /home/doanh/robot_detect/install/yolov8_msgs/include/yolov8_msgs/yolov8_msgs/msg/detail/inference_result__rosidl_typesupport_fastrtps_cpp.hpp
[5.053s] -- Installing: /home/doanh/robot_detect/install/yolov8_msgs/include/yolov8_msgs/yolov8_msgs/msg/detail/human_position__rosidl_typesupport_fastrtps_cpp.hpp
[5.053s] -- Installing: /home/doanh/robot_detect/install/yolov8_msgs/include/yolov8_msgs/yolov8_msgs/msg/detail/yolov8_inference__rosidl_typesupport_fastrtps_cpp.hpp
[5.053s] -- Up-to-date: /home/doanh/robot_detect/install/yolov8_msgs/include/yolov8_msgs/yolov8_msgs/msg/detail/dds_fastrtps
[5.053s] -- Up-to-date: /home/doanh/robot_detect/install/yolov8_msgs/include/yolov8_msgs/yolov8_msgs/msg/rosidl_typesupport_fastrtps_cpp__visibility_control.h
[5.053s] -- Installing: /home/doanh/robot_detect/install/yolov8_msgs/lib/libyolov8_msgs__rosidl_typesupport_fastrtps_cpp.so
[5.054s] -- Set non-toolchain portion of runtime path of "/home/doanh/robot_detect/install/yolov8_msgs/lib/libyolov8_msgs__rosidl_typesupport_fastrtps_cpp.so" to ""
[5.054s] -- Up-to-date: /home/doanh/robot_detect/install/yolov8_msgs/include/yolov8_msgs/yolov8_msgs
[5.054s] -- Up-to-date: /home/doanh/robot_detect/install/yolov8_msgs/include/yolov8_msgs/yolov8_msgs/msg
[5.054s] -- Up-to-date: /home/doanh/robot_detect/install/yolov8_msgs/include/yolov8_msgs/yolov8_msgs/msg/detail
[5.054s] -- Installing: /home/doanh/robot_detect/install/yolov8_msgs/include/yolov8_msgs/yolov8_msgs/msg/detail/human_position__type_support.c
[5.054s] -- Installing: /home/doanh/robot_detect/install/yolov8_msgs/include/yolov8_msgs/yolov8_msgs/msg/detail/yolov8_inference__rosidl_typesupport_introspection_c.h
[5.054s] -- Installing: /home/doanh/robot_detect/install/yolov8_msgs/include/yolov8_msgs/yolov8_msgs/msg/detail/human_position__rosidl_typesupport_introspection_c.h
[5.054s] -- Installing: /home/doanh/robot_detect/install/yolov8_msgs/include/yolov8_msgs/yolov8_msgs/msg/detail/yolov8_inference__type_support.c
[5.054s] -- Installing: /home/doanh/robot_detect/install/yolov8_msgs/include/yolov8_msgs/yolov8_msgs/msg/detail/inference_result__rosidl_typesupport_introspection_c.h
[5.054s] -- Installing: /home/doanh/robot_detect/install/yolov8_msgs/include/yolov8_msgs/yolov8_msgs/msg/detail/inference_result__type_support.c
[5.054s] -- Up-to-date: /home/doanh/robot_detect/install/yolov8_msgs/include/yolov8_msgs/yolov8_msgs/msg/rosidl_typesupport_introspection_c__visibility_control.h
[5.054s] -- Installing: /home/doanh/robot_detect/install/yolov8_msgs/lib/libyolov8_msgs__rosidl_typesupport_introspection_c.so
[5.055s] -- Set non-toolchain portion of runtime path of "/home/doanh/robot_detect/install/yolov8_msgs/lib/libyolov8_msgs__rosidl_typesupport_introspection_c.so" to ""
[5.055s] -- Installing: /home/doanh/robot_detect/install/yolov8_msgs/lib/libyolov8_msgs__rosidl_typesupport_c.so
[5.055s] -- Set non-toolchain portion of runtime path of "/home/doanh/robot_detect/install/yolov8_msgs/lib/libyolov8_msgs__rosidl_typesupport_c.so" to ""
[5.055s] -- Up-to-date: /home/doanh/robot_detect/install/yolov8_msgs/include/yolov8_msgs/yolov8_msgs
[5.055s] -- Up-to-date: /home/doanh/robot_detect/install/yolov8_msgs/include/yolov8_msgs/yolov8_msgs/msg
[5.055s] -- Up-to-date: /home/doanh/robot_detect/install/yolov8_msgs/include/yolov8_msgs/yolov8_msgs/msg/detail
[5.055s] -- Installing: /home/doanh/robot_detect/install/yolov8_msgs/include/yolov8_msgs/yolov8_msgs/msg/detail/inference_result__type_support.cpp
[5.055s] -- Installing: /home/doanh/robot_detect/install/yolov8_msgs/include/yolov8_msgs/yolov8_msgs/msg/detail/yolov8_inference__type_support.cpp
[5.055s] -- Installing: /home/doanh/robot_detect/install/yolov8_msgs/include/yolov8_msgs/yolov8_msgs/msg/detail/inference_result__rosidl_typesupport_introspection_cpp.hpp
[5.055s] -- Installing: /home/doanh/robot_detect/install/yolov8_msgs/include/yolov8_msgs/yolov8_msgs/msg/detail/yolov8_inference__rosidl_typesupport_introspection_cpp.hpp
[5.055s] -- Installing: /home/doanh/robot_detect/install/yolov8_msgs/include/yolov8_msgs/yolov8_msgs/msg/detail/human_position__type_support.cpp
[5.055s] -- Installing: /home/doanh/robot_detect/install/yolov8_msgs/include/yolov8_msgs/yolov8_msgs/msg/detail/human_position__rosidl_typesupport_introspection_cpp.hpp
[5.055s] -- Installing: /home/doanh/robot_detect/install/yolov8_msgs/lib/libyolov8_msgs__rosidl_typesupport_introspection_cpp.so
[5.056s] -- Set non-toolchain portion of runtime path of "/home/doanh/robot_detect/install/yolov8_msgs/lib/libyolov8_msgs__rosidl_typesupport_introspection_cpp.so" to ""
[5.056s] -- Installing: /home/doanh/robot_detect/install/yolov8_msgs/lib/libyolov8_msgs__rosidl_typesupport_cpp.so
[5.056s] -- Set non-toolchain portion of runtime path of "/home/doanh/robot_detect/install/yolov8_msgs/lib/libyolov8_msgs__rosidl_typesupport_cpp.so" to ""
[5.056s] -- Up-to-date: /home/doanh/robot_detect/install/yolov8_msgs/share/yolov8_msgs/environment/pythonpath.sh
[5.056s] -- Installing: /home/doanh/robot_detect/install/yolov8_msgs/share/yolov8_msgs/environment/pythonpath.dsv
[5.056s] -- Up-to-date: /home/doanh/robot_detect/install/yolov8_msgs/local/lib/python3.10/dist-packages/yolov8_msgs-0.0.0-py3.10.egg-info
[5.056s] -- Installing: /home/doanh/robot_detect/install/yolov8_msgs/local/lib/python3.10/dist-packages/yolov8_msgs-0.0.0-py3.10.egg-info/top_level.txt
[5.056s] -- Installing: /home/doanh/robot_detect/install/yolov8_msgs/local/lib/python3.10/dist-packages/yolov8_msgs-0.0.0-py3.10.egg-info/PKG-INFO
[5.056s] -- Installing: /home/doanh/robot_detect/install/yolov8_msgs/local/lib/python3.10/dist-packages/yolov8_msgs-0.0.0-py3.10.egg-info/dependency_links.txt
[5.056s] -- Installing: /home/doanh/robot_detect/install/yolov8_msgs/local/lib/python3.10/dist-packages/yolov8_msgs-0.0.0-py3.10.egg-info/SOURCES.txt
[5.056s] -- Up-to-date: /home/doanh/robot_detect/install/yolov8_msgs/local/lib/python3.10/dist-packages/yolov8_msgs
[5.057s] -- Installing: /home/doanh/robot_detect/install/yolov8_msgs/local/lib/python3.10/dist-packages/yolov8_msgs/__init__.py
[5.057s] -- Installing: /home/doanh/robot_detect/install/yolov8_msgs/local/lib/python3.10/dist-packages/yolov8_msgs/libyolov8_msgs__rosidl_generator_py.so
[5.057s] -- Up-to-date: /home/doanh/robot_detect/install/yolov8_msgs/local/lib/python3.10/dist-packages/yolov8_msgs/msg
[5.057s] -- Installing: /home/doanh/robot_detect/install/yolov8_msgs/local/lib/python3.10/dist-packages/yolov8_msgs/msg/_inference_result.py
[5.057s] -- Installing: /home/doanh/robot_detect/install/yolov8_msgs/local/lib/python3.10/dist-packages/yolov8_msgs/msg/__init__.py
[5.057s] -- Installing: /home/doanh/robot_detect/install/yolov8_msgs/local/lib/python3.10/dist-packages/yolov8_msgs/msg/_human_position_s.c
[5.057s] -- Installing: /home/doanh/robot_detect/install/yolov8_msgs/local/lib/python3.10/dist-packages/yolov8_msgs/msg/_human_position.py
[5.057s] -- Installing: /home/doanh/robot_detect/install/yolov8_msgs/local/lib/python3.10/dist-packages/yolov8_msgs/msg/_yolov8_inference_s.c
[5.057s] -- Installing: /home/doanh/robot_detect/install/yolov8_msgs/local/lib/python3.10/dist-packages/yolov8_msgs/msg/_yolov8_inference.py
[5.057s] -- Installing: /home/doanh/robot_detect/install/yolov8_msgs/local/lib/python3.10/dist-packages/yolov8_msgs/msg/_inference_result_s.c
[5.057s] -- Installing: /home/doanh/robot_detect/install/yolov8_msgs/local/lib/python3.10/dist-packages/yolov8_msgs/_yolov8_msgs_s.ep.rosidl_typesupport_fastrtps_c.c
[5.057s] -- Installing: /home/doanh/robot_detect/install/yolov8_msgs/local/lib/python3.10/dist-packages/yolov8_msgs/yolov8_msgs_s__rosidl_typesupport_fastrtps_c.cpython-310-x86_64-linux-gnu.so
[5.057s] -- Installing: /home/doanh/robot_detect/install/yolov8_msgs/local/lib/python3.10/dist-packages/yolov8_msgs/_yolov8_msgs_s.ep.rosidl_typesupport_introspection_c.c
[5.057s] -- Installing: /home/doanh/robot_detect/install/yolov8_msgs/local/lib/python3.10/dist-packages/yolov8_msgs/_yolov8_msgs_s.ep.rosidl_typesupport_c.c
[5.057s] -- Installing: /home/doanh/robot_detect/install/yolov8_msgs/local/lib/python3.10/dist-packages/yolov8_msgs/yolov8_msgs_s__rosidl_typesupport_c.cpython-310-x86_64-linux-gnu.so
[5.058s] -- Installing: /home/doanh/robot_detect/install/yolov8_msgs/local/lib/python3.10/dist-packages/yolov8_msgs/yolov8_msgs_s__rosidl_typesupport_introspection_c.cpython-310-x86_64-linux-gnu.so
[5.100s] Listing '/home/doanh/robot_detect/install/yolov8_msgs/local/lib/python3.10/dist-packages/yolov8_msgs'...
[5.101s] Compiling '/home/doanh/robot_detect/install/yolov8_msgs/local/lib/python3.10/dist-packages/yolov8_msgs/__init__.py'...
[5.101s] Listing '/home/doanh/robot_detect/install/yolov8_msgs/local/lib/python3.10/dist-packages/yolov8_msgs/msg'...
[5.101s] Compiling '/home/doanh/robot_detect/install/yolov8_msgs/local/lib/python3.10/dist-packages/yolov8_msgs/msg/__init__.py'...
[5.101s] Compiling '/home/doanh/robot_detect/install/yolov8_msgs/local/lib/python3.10/dist-packages/yolov8_msgs/msg/_human_position.py'...
[5.101s] Compiling '/home/doanh/robot_detect/install/yolov8_msgs/local/lib/python3.10/dist-packages/yolov8_msgs/msg/_inference_result.py'...
[5.101s] Compiling '/home/doanh/robot_detect/install/yolov8_msgs/local/lib/python3.10/dist-packages/yolov8_msgs/msg/_yolov8_inference.py'...
[5.104s] -- Installing: /home/doanh/robot_detect/install/yolov8_msgs/local/lib/python3.10/dist-packages/yolov8_msgs/yolov8_msgs_s__rosidl_typesupport_fastrtps_c.cpython-310-x86_64-linux-gnu.so
[5.105s] -- Set non-toolchain portion of runtime path of "/home/doanh/robot_detect/install/yolov8_msgs/local/lib/python3.10/dist-packages/yolov8_msgs/yolov8_msgs_s__rosidl_typesupport_fastrtps_c.cpython-310-x86_64-linux-gnu.so" to ""
[5.105s] -- Installing: /home/doanh/robot_detect/install/yolov8_msgs/local/lib/python3.10/dist-packages/yolov8_msgs/yolov8_msgs_s__rosidl_typesupport_introspection_c.cpython-310-x86_64-linux-gnu.so
[5.105s] -- Set non-toolchain portion of runtime path of "/home/doanh/robot_detect/install/yolov8_msgs/local/lib/python3.10/dist-packages/yolov8_msgs/yolov8_msgs_s__rosidl_typesupport_introspection_c.cpython-310-x86_64-linux-gnu.so" to ""
[5.105s] -- Installing: /home/doanh/robot_detect/install/yolov8_msgs/local/lib/python3.10/dist-packages/yolov8_msgs/yolov8_msgs_s__rosidl_typesupport_c.cpython-310-x86_64-linux-gnu.so
[5.105s] -- Set non-toolchain portion of runtime path of "/home/doanh/robot_detect/install/yolov8_msgs/local/lib/python3.10/dist-packages/yolov8_msgs/yolov8_msgs_s__rosidl_typesupport_c.cpython-310-x86_64-linux-gnu.so" to ""
[5.105s] -- Installing: /home/doanh/robot_detect/install/yolov8_msgs/lib/libyolov8_msgs__rosidl_generator_py.so
[5.105s] -- Set non-toolchain portion of runtime path of "/home/doanh/robot_detect/install/yolov8_msgs/lib/libyolov8_msgs__rosidl_generator_py.so" to ""
[5.105s] -- Up-to-date: /home/doanh/robot_detect/install/yolov8_msgs/share/yolov8_msgs/msg/InferenceResult.idl
[5.105s] -- Up-to-date: /home/doanh/robot_detect/install/yolov8_msgs/share/yolov8_msgs/msg/Yolov8Inference.idl
[5.105s] -- Installing: /home/doanh/robot_detect/install/yolov8_msgs/share/yolov8_msgs/msg/HumanPosition.idl
[5.106s] -- Up-to-date: /home/doanh/robot_detect/install/yolov8_msgs/share/yolov8_msgs/msg/InferenceResult.msg
[5.106s] -- Up-to-date: /home/doanh/robot_detect/install/yolov8_msgs/share/yolov8_msgs/msg/Yolov8Inference.msg
[5.106s] -- Installing: /home/doanh/robot_detect/install/yolov8_msgs/share/yolov8_msgs/msg/HumanPosition.msg
[5.106s] -- Up-to-date: /home/doanh/robot_detect/install/yolov8_msgs/share/ament_index/resource_index/package_run_dependencies/yolov8_msgs
[5.106s] -- Installing: /home/doanh/robot_detect/install/yolov8_msgs/share/ament_index/resource_index/parent_prefix_path/yolov8_msgs
[5.106s] -- Up-to-date: /home/doanh/robot_detect/install/yolov8_msgs/share/yolov8_msgs/environment/ament_prefix_path.sh
[5.106s] -- Installing: /home/doanh/robot_detect/install/yolov8_msgs/share/yolov8_msgs/environment/ament_prefix_path.dsv
[5.106s] -- Up-to-date: /home/doanh/robot_detect/install/yolov8_msgs/share/yolov8_msgs/environment/path.sh
[5.106s] -- Installing: /home/doanh/robot_detect/install/yolov8_msgs/share/yolov8_msgs/environment/path.dsv
[5.106s] -- Up-to-date: /home/doanh/robot_detect/install/yolov8_msgs/share/yolov8_msgs/local_setup.bash
[5.106s] -- Up-to-date: /home/doanh/robot_detect/install/yolov8_msgs/share/yolov8_msgs/local_setup.sh
[5.106s] -- Up-to-date: /home/doanh/robot_detect/install/yolov8_msgs/share/yolov8_msgs/local_setup.zsh
[5.106s] -- Installing: /home/doanh/robot_detect/install/yolov8_msgs/share/yolov8_msgs/local_setup.dsv
[5.106s] -- Installing: /home/doanh/robot_detect/install/yolov8_msgs/share/yolov8_msgs/package.dsv
[5.107s] -- Up-to-date: /home/doanh/robot_detect/install/yolov8_msgs/share/ament_index/resource_index/packages/yolov8_msgs
[5.107s] -- Up-to-date: /home/doanh/robot_detect/install/yolov8_msgs/share/yolov8_msgs/cmake/export_yolov8_msgs__rosidl_generator_cExport.cmake
[5.107s] -- Up-to-date: /home/doanh/robot_detect/install/yolov8_msgs/share/yolov8_msgs/cmake/export_yolov8_msgs__rosidl_generator_cExport-noconfig.cmake
[5.107s] -- Up-to-date: /home/doanh/robot_detect/install/yolov8_msgs/share/yolov8_msgs/cmake/export_yolov8_msgs__rosidl_typesupport_fastrtps_cExport.cmake
[5.107s] -- Up-to-date: /home/doanh/robot_detect/install/yolov8_msgs/share/yolov8_msgs/cmake/export_yolov8_msgs__rosidl_typesupport_fastrtps_cExport-noconfig.cmake
[5.107s] -- Up-to-date: /home/doanh/robot_detect/install/yolov8_msgs/share/yolov8_msgs/cmake/export_yolov8_msgs__rosidl_generator_cppExport.cmake
[5.107s] -- Up-to-date: /home/doanh/robot_detect/install/yolov8_msgs/share/yolov8_msgs/cmake/export_yolov8_msgs__rosidl_typesupport_fastrtps_cppExport.cmake
[5.107s] -- Up-to-date: /home/doanh/robot_detect/install/yolov8_msgs/share/yolov8_msgs/cmake/export_yolov8_msgs__rosidl_typesupport_fastrtps_cppExport-noconfig.cmake
[5.107s] -- Up-to-date: /home/doanh/robot_detect/install/yolov8_msgs/share/yolov8_msgs/cmake/yolov8_msgs__rosidl_typesupport_introspection_cExport.cmake
[5.107s] -- Up-to-date: /home/doanh/robot_detect/install/yolov8_msgs/share/yolov8_msgs/cmake/yolov8_msgs__rosidl_typesupport_introspection_cExport-noconfig.cmake
[5.107s] -- Up-to-date: /home/doanh/robot_detect/install/yolov8_msgs/share/yolov8_msgs/cmake/yolov8_msgs__rosidl_typesupport_cExport.cmake
[5.107s] -- Up-to-date: /home/doanh/robot_detect/install/yolov8_msgs/share/yolov8_msgs/cmake/yolov8_msgs__rosidl_typesupport_cExport-noconfig.cmake
[5.107s] -- Up-to-date: /home/doanh/robot_detect/install/yolov8_msgs/share/yolov8_msgs/cmake/yolov8_msgs__rosidl_typesupport_introspection_cppExport.cmake
[5.108s] -- Up-to-date: /home/doanh/robot_detect/install/yolov8_msgs/share/yolov8_msgs/cmake/yolov8_msgs__rosidl_typesupport_introspection_cppExport-noconfig.cmake
[5.108s] -- Up-to-date: /home/doanh/robot_detect/install/yolov8_msgs/share/yolov8_msgs/cmake/yolov8_msgs__rosidl_typesupport_cppExport.cmake
[5.108s] -- Up-to-date: /home/doanh/robot_detect/install/yolov8_msgs/share/yolov8_msgs/cmake/yolov8_msgs__rosidl_typesupport_cppExport-noconfig.cmake
[5.108s] -- Up-to-date: /home/doanh/robot_detect/install/yolov8_msgs/share/yolov8_msgs/cmake/export_yolov8_msgs__rosidl_generator_pyExport.cmake
[5.108s] -- Up-to-date: /home/doanh/robot_detect/install/yolov8_msgs/share/yolov8_msgs/cmake/export_yolov8_msgs__rosidl_generator_pyExport-noconfig.cmake
[5.108s] -- Installing: /home/doanh/robot_detect/install/yolov8_msgs/share/yolov8_msgs/cmake/rosidl_cmake-extras.cmake
[5.108s] -- Up-to-date: /home/doanh/robot_detect/install/yolov8_msgs/share/yolov8_msgs/cmake/ament_cmake_export_dependencies-extras.cmake
[5.108s] -- Up-to-date: /home/doanh/robot_detect/install/yolov8_msgs/share/yolov8_msgs/cmake/ament_cmake_export_include_directories-extras.cmake
[5.108s] -- Up-to-date: /home/doanh/robot_detect/install/yolov8_msgs/share/yolov8_msgs/cmake/ament_cmake_export_libraries-extras.cmake
[5.108s] -- Up-to-date: /home/doanh/robot_detect/install/yolov8_msgs/share/yolov8_msgs/cmake/ament_cmake_export_targets-extras.cmake
[5.108s] -- Up-to-date: /home/doanh/robot_detect/install/yolov8_msgs/share/yolov8_msgs/cmake/rosidl_cmake_export_typesupport_targets-extras.cmake
[5.109s] -- Up-to-date: /home/doanh/robot_detect/install/yolov8_msgs/share/yolov8_msgs/cmake/rosidl_cmake_export_typesupport_libraries-extras.cmake
[5.109s] -- Up-to-date: /home/doanh/robot_detect/install/yolov8_msgs/share/yolov8_msgs/cmake/yolov8_msgsConfig.cmake
[5.109s] -- Up-to-date: /home/doanh/robot_detect/install/yolov8_msgs/share/yolov8_msgs/cmake/yolov8_msgsConfig-version.cmake
[5.109s] -- Up-to-date: /home/doanh/robot_detect/install/yolov8_msgs/share/yolov8_msgs/package.xml
[5.110s] Invoked command in '/home/doanh/robot_detect/build/yolov8_msgs' returned '0': CMAKE_PREFIX_PATH=${CMAKE_PREFIX_PATH}:/home/doanh/robot_detect/install/follow_human:/home/doanh/robot_detect/install/human_follow:/home/doanh/robot_detect/install/robot_simulation:/home/doanh/robot_detect/install/robot_navigation:/home/doanh/robot_detect/install/robot_mapping:/home/doanh/robot_detect/install/robot_joy:/home/doanh/go2_robot/install/speech_processor:/home/doanh/go2_robot/install/reset_odom:/home/doanh/go2_robot/install/livox_to_laserscan:/home/doanh/go2_robot/install/lidar_processor:/home/doanh/go2_robot/install/go2_robot_sdk:/home/doanh/go2_robot/install/coco_detector:/home/doanh/mrdoanh_projects/install/speech_processor:/home/doanh/mrdoanh_projects/install/lidar_processor:/home/doanh/mrdoanh_projects/install/go2_robot_sdk:/home/doanh/mrdoanh_projects/install/coco_detector:/home/doanh/new/mrdoanh_projects/install/speech_processor:/home/doanh/new/mrdoanh_projects/install/lidar_processor:/home/doanh/new/mrdoanh_projects/install/go2_robot_sdk:/home/doanh/new/mrdoanh_projects/install/coco_detector:/opt/ros/humble /home/doanh/.local/bin/cmake --install /home/doanh/robot_detect/build/yolov8_msgs
