[0.095s] DEBUG:colcon:Command line arguments: ['/usr/bin/colcon', 'build']
[0.095s] DEBUG:colcon:Parsed command line arguments: Namespace(log_base=None, log_level=None, verb_name='build', build_base='build', install_base='install', merge_install=False, symlink_install=False, test_result_base=None, continue_on_error=False, executor='parallel', parallel_workers=12, event_handlers=None, ignore_user_meta=False, metas=['./colcon.meta'], base_paths=['.'], packages_ignore=None, packages_ignore_regex=None, paths=None, packages_up_to=None, packages_up_to_regex=None, packages_above=None, packages_above_and_dependencies=None, packages_above_depth=None, packages_select_by_dep=None, packages_skip_by_dep=None, packages_skip_up_to=None, packages_select_build_failed=False, packages_skip_build_finished=False, packages_select_test_failures=False, packages_skip_test_passed=False, packages_select=None, packages_skip=None, packages_select_regex=None, packages_skip_regex=None, packages_start=None, packages_end=None, allow_overriding=[], cmake_args=None, cmake_target=None, cmake_target_skip_unavailable=False, cmake_clean_cache=False, cmake_clean_first=False, cmake_force_configure=False, ament_cmake_args=None, catkin_cmake_args=None, catkin_skip_building_tests=False, verb_parser=<colcon_defaults.argument_parser.defaults.DefaultArgumentsDecorator object at 0x7ec27d991990>, verb_extension=<colcon_core.verb.build.BuildVerb object at 0x7ec27da86e00>, main=<bound method BuildVerb.main of <colcon_core.verb.build.BuildVerb object at 0x7ec27da86e00>>)
[0.247s] Level 1:colcon.colcon_core.package_discovery:discover_packages(colcon_meta) check parameters
[0.247s] Level 1:colcon.colcon_core.package_discovery:discover_packages(recursive) check parameters
[0.247s] Level 1:colcon.colcon_core.package_discovery:discover_packages(ignore) check parameters
[0.247s] Level 1:colcon.colcon_core.package_discovery:discover_packages(path) check parameters
[0.247s] Level 1:colcon.colcon_core.package_discovery:discover_packages(colcon_meta) discover
[0.247s] Level 1:colcon.colcon_core.package_discovery:discover_packages(recursive) discover
[0.247s] INFO:colcon.colcon_core.package_discovery:Crawling recursively for packages in '/home/doanh/robot_detect'
[0.247s] Level 1:colcon.colcon_core.package_identification:_identify(.) by extensions ['ignore', 'ignore_ament_install']
[0.247s] Level 1:colcon.colcon_core.package_identification:_identify(.) by extension 'ignore'
[0.247s] Level 1:colcon.colcon_core.package_identification:_identify(.) by extension 'ignore_ament_install'
[0.247s] Level 1:colcon.colcon_core.package_identification:_identify(.) by extensions ['colcon_pkg']
[0.247s] Level 1:colcon.colcon_core.package_identification:_identify(.) by extension 'colcon_pkg'
[0.247s] Level 1:colcon.colcon_core.package_identification:_identify(.) by extensions ['colcon_meta']
[0.247s] Level 1:colcon.colcon_core.package_identification:_identify(.) by extension 'colcon_meta'
[0.247s] Level 1:colcon.colcon_core.package_identification:_identify(.) by extensions ['ros']
[0.247s] Level 1:colcon.colcon_core.package_identification:_identify(.) by extension 'ros'
[0.268s] Level 1:colcon.colcon_core.package_identification:_identify(.) by extensions ['cmake', 'python']
[0.268s] Level 1:colcon.colcon_core.package_identification:_identify(.) by extension 'cmake'
[0.268s] Level 1:colcon.colcon_core.package_identification:_identify(.) by extension 'python'
[0.268s] Level 1:colcon.colcon_core.package_identification:_identify(.) by extensions ['python_setup_py']
[0.268s] Level 1:colcon.colcon_core.package_identification:_identify(.) by extension 'python_setup_py'
[0.268s] Level 1:colcon.colcon_core.package_identification:_identify(build) by extensions ['ignore', 'ignore_ament_install']
[0.268s] Level 1:colcon.colcon_core.package_identification:_identify(build) by extension 'ignore'
[0.268s] Level 1:colcon.colcon_core.package_identification:_identify(build) ignored
[0.268s] Level 1:colcon.colcon_core.package_identification:_identify(install) by extensions ['ignore', 'ignore_ament_install']
[0.268s] Level 1:colcon.colcon_core.package_identification:_identify(install) by extension 'ignore'
[0.268s] Level 1:colcon.colcon_core.package_identification:_identify(install) ignored
[0.268s] Level 1:colcon.colcon_core.package_identification:_identify(log) by extensions ['ignore', 'ignore_ament_install']
[0.268s] Level 1:colcon.colcon_core.package_identification:_identify(log) by extension 'ignore'
[0.268s] Level 1:colcon.colcon_core.package_identification:_identify(log) ignored
[0.268s] Level 1:colcon.colcon_core.package_identification:_identify(src) by extensions ['ignore', 'ignore_ament_install']
[0.268s] Level 1:colcon.colcon_core.package_identification:_identify(src) by extension 'ignore'
[0.268s] Level 1:colcon.colcon_core.package_identification:_identify(src) by extension 'ignore_ament_install'
[0.268s] Level 1:colcon.colcon_core.package_identification:_identify(src) by extensions ['colcon_pkg']
[0.268s] Level 1:colcon.colcon_core.package_identification:_identify(src) by extension 'colcon_pkg'
[0.268s] Level 1:colcon.colcon_core.package_identification:_identify(src) by extensions ['colcon_meta']
[0.268s] Level 1:colcon.colcon_core.package_identification:_identify(src) by extension 'colcon_meta'
[0.268s] Level 1:colcon.colcon_core.package_identification:_identify(src) by extensions ['ros']
[0.269s] Level 1:colcon.colcon_core.package_identification:_identify(src) by extension 'ros'
[0.269s] Level 1:colcon.colcon_core.package_identification:_identify(src) by extensions ['cmake', 'python']
[0.269s] Level 1:colcon.colcon_core.package_identification:_identify(src) by extension 'cmake'
[0.269s] Level 1:colcon.colcon_core.package_identification:_identify(src) by extension 'python'
[0.269s] Level 1:colcon.colcon_core.package_identification:_identify(src) by extensions ['python_setup_py']
[0.269s] Level 1:colcon.colcon_core.package_identification:_identify(src) by extension 'python_setup_py'
[0.269s] Level 1:colcon.colcon_core.package_identification:_identify(src/robot_joy) by extensions ['ignore', 'ignore_ament_install']
[0.269s] Level 1:colcon.colcon_core.package_identification:_identify(src/robot_joy) by extension 'ignore'
[0.269s] Level 1:colcon.colcon_core.package_identification:_identify(src/robot_joy) by extension 'ignore_ament_install'
[0.269s] Level 1:colcon.colcon_core.package_identification:_identify(src/robot_joy) by extensions ['colcon_pkg']
[0.269s] Level 1:colcon.colcon_core.package_identification:_identify(src/robot_joy) by extension 'colcon_pkg'
[0.269s] Level 1:colcon.colcon_core.package_identification:_identify(src/robot_joy) by extensions ['colcon_meta']
[0.269s] Level 1:colcon.colcon_core.package_identification:_identify(src/robot_joy) by extension 'colcon_meta'
[0.269s] Level 1:colcon.colcon_core.package_identification:_identify(src/robot_joy) by extensions ['ros']
[0.269s] Level 1:colcon.colcon_core.package_identification:_identify(src/robot_joy) by extension 'ros'
[0.271s] DEBUG:colcon.colcon_core.package_identification:Package 'src/robot_joy' with type 'ros.ament_python' and name 'robot_joy'
[0.271s] Level 1:colcon.colcon_core.package_identification:_identify(src/robot_mapping) by extensions ['ignore', 'ignore_ament_install']
[0.271s] Level 1:colcon.colcon_core.package_identification:_identify(src/robot_mapping) by extension 'ignore'
[0.271s] Level 1:colcon.colcon_core.package_identification:_identify(src/robot_mapping) by extension 'ignore_ament_install'
[0.271s] Level 1:colcon.colcon_core.package_identification:_identify(src/robot_mapping) by extensions ['colcon_pkg']
[0.271s] Level 1:colcon.colcon_core.package_identification:_identify(src/robot_mapping) by extension 'colcon_pkg'
[0.271s] Level 1:colcon.colcon_core.package_identification:_identify(src/robot_mapping) by extensions ['colcon_meta']
[0.271s] Level 1:colcon.colcon_core.package_identification:_identify(src/robot_mapping) by extension 'colcon_meta'
[0.271s] Level 1:colcon.colcon_core.package_identification:_identify(src/robot_mapping) by extensions ['ros']
[0.271s] Level 1:colcon.colcon_core.package_identification:_identify(src/robot_mapping) by extension 'ros'
[0.272s] DEBUG:colcon.colcon_core.package_identification:Package 'src/robot_mapping' with type 'ros.ament_python' and name 'robot_mapping'
[0.272s] Level 1:colcon.colcon_core.package_identification:_identify(src/robot_navigation) by extensions ['ignore', 'ignore_ament_install']
[0.272s] Level 1:colcon.colcon_core.package_identification:_identify(src/robot_navigation) by extension 'ignore'
[0.272s] Level 1:colcon.colcon_core.package_identification:_identify(src/robot_navigation) by extension 'ignore_ament_install'
[0.272s] Level 1:colcon.colcon_core.package_identification:_identify(src/robot_navigation) by extensions ['colcon_pkg']
[0.272s] Level 1:colcon.colcon_core.package_identification:_identify(src/robot_navigation) by extension 'colcon_pkg'
[0.272s] Level 1:colcon.colcon_core.package_identification:_identify(src/robot_navigation) by extensions ['colcon_meta']
[0.272s] Level 1:colcon.colcon_core.package_identification:_identify(src/robot_navigation) by extension 'colcon_meta'
[0.272s] Level 1:colcon.colcon_core.package_identification:_identify(src/robot_navigation) by extensions ['ros']
[0.272s] Level 1:colcon.colcon_core.package_identification:_identify(src/robot_navigation) by extension 'ros'
[0.273s] DEBUG:colcon.colcon_core.package_identification:Package 'src/robot_navigation' with type 'ros.ament_python' and name 'robot_navigation'
[0.273s] Level 1:colcon.colcon_core.package_identification:_identify(src/robot_recognition) by extensions ['ignore', 'ignore_ament_install']
[0.273s] Level 1:colcon.colcon_core.package_identification:_identify(src/robot_recognition) by extension 'ignore'
[0.273s] Level 1:colcon.colcon_core.package_identification:_identify(src/robot_recognition) by extension 'ignore_ament_install'
[0.273s] Level 1:colcon.colcon_core.package_identification:_identify(src/robot_recognition) by extensions ['colcon_pkg']
[0.273s] Level 1:colcon.colcon_core.package_identification:_identify(src/robot_recognition) by extension 'colcon_pkg'
[0.273s] Level 1:colcon.colcon_core.package_identification:_identify(src/robot_recognition) by extensions ['colcon_meta']
[0.273s] Level 1:colcon.colcon_core.package_identification:_identify(src/robot_recognition) by extension 'colcon_meta'
[0.273s] Level 1:colcon.colcon_core.package_identification:_identify(src/robot_recognition) by extensions ['ros']
[0.273s] Level 1:colcon.colcon_core.package_identification:_identify(src/robot_recognition) by extension 'ros'
[0.273s] DEBUG:colcon.colcon_core.package_identification:Package 'src/robot_recognition' with type 'ros.ament_cmake' and name 'robot_recognition'
[0.274s] Level 1:colcon.colcon_core.package_identification:_identify(src/robot_simulation) by extensions ['ignore', 'ignore_ament_install']
[0.274s] Level 1:colcon.colcon_core.package_identification:_identify(src/robot_simulation) by extension 'ignore'
[0.274s] Level 1:colcon.colcon_core.package_identification:_identify(src/robot_simulation) by extension 'ignore_ament_install'
[0.274s] Level 1:colcon.colcon_core.package_identification:_identify(src/robot_simulation) by extensions ['colcon_pkg']
[0.274s] Level 1:colcon.colcon_core.package_identification:_identify(src/robot_simulation) by extension 'colcon_pkg'
[0.274s] Level 1:colcon.colcon_core.package_identification:_identify(src/robot_simulation) by extensions ['colcon_meta']
[0.274s] Level 1:colcon.colcon_core.package_identification:_identify(src/robot_simulation) by extension 'colcon_meta'
[0.274s] Level 1:colcon.colcon_core.package_identification:_identify(src/robot_simulation) by extensions ['ros']
[0.274s] Level 1:colcon.colcon_core.package_identification:_identify(src/robot_simulation) by extension 'ros'
[0.274s] DEBUG:colcon.colcon_core.package_identification:Package 'src/robot_simulation' with type 'ros.ament_python' and name 'robot_simulation'
[0.274s] Level 1:colcon.colcon_core.package_identification:_identify(src/yolov8_msgs) by extensions ['ignore', 'ignore_ament_install']
[0.274s] Level 1:colcon.colcon_core.package_identification:_identify(src/yolov8_msgs) by extension 'ignore'
[0.274s] Level 1:colcon.colcon_core.package_identification:_identify(src/yolov8_msgs) by extension 'ignore_ament_install'
[0.274s] Level 1:colcon.colcon_core.package_identification:_identify(src/yolov8_msgs) by extensions ['colcon_pkg']
[0.274s] Level 1:colcon.colcon_core.package_identification:_identify(src/yolov8_msgs) by extension 'colcon_pkg'
[0.274s] Level 1:colcon.colcon_core.package_identification:_identify(src/yolov8_msgs) by extensions ['colcon_meta']
[0.274s] Level 1:colcon.colcon_core.package_identification:_identify(src/yolov8_msgs) by extension 'colcon_meta'
[0.275s] Level 1:colcon.colcon_core.package_identification:_identify(src/yolov8_msgs) by extensions ['ros']
[0.275s] Level 1:colcon.colcon_core.package_identification:_identify(src/yolov8_msgs) by extension 'ros'
[0.275s] DEBUG:colcon.colcon_core.package_identification:Package 'src/yolov8_msgs' with type 'ros.ament_cmake' and name 'yolov8_msgs'
[0.275s] Level 1:colcon.colcon_core.package_discovery:discover_packages(recursive) using defaults
[0.275s] Level 1:colcon.colcon_core.package_discovery:discover_packages(ignore) discover
[0.275s] Level 1:colcon.colcon_core.package_discovery:discover_packages(ignore) using defaults
[0.275s] Level 1:colcon.colcon_core.package_discovery:discover_packages(path) discover
[0.275s] Level 1:colcon.colcon_core.package_discovery:discover_packages(path) using defaults
[0.292s] Level 1:colcon.colcon_core.package_discovery:discover_packages(prefix_path) check parameters
[0.293s] Level 1:colcon.colcon_core.package_discovery:discover_packages(prefix_path) discover
[0.294s] DEBUG:colcon.colcon_installed_package_information.package_discovery:Found 9 installed packages in /home/doanh/go2_robot/install
[0.295s] DEBUG:colcon.colcon_installed_package_information.package_discovery:Found 5 installed packages in /home/doanh/mrdoanh_projects/install
[0.295s] DEBUG:colcon.colcon_installed_package_information.package_discovery:Found 5 installed packages in /home/doanh/new/mrdoanh_projects/install
[0.296s] DEBUG:colcon.colcon_installed_package_information.package_discovery:Found 1 installed packages in /home/doanh/livox_mapping/install
[0.297s] DEBUG:colcon.colcon_installed_package_information.package_discovery:Found 411 installed packages in /opt/ros/humble
[0.298s] Level 1:colcon.colcon_core.package_discovery:discover_packages(prefix_path) using defaults
[0.333s] Level 5:colcon.colcon_core.verb:set package 'robot_joy' build argument 'cmake_args' from command line to 'None'
[0.333s] Level 5:colcon.colcon_core.verb:set package 'robot_joy' build argument 'cmake_target' from command line to 'None'
[0.333s] Level 5:colcon.colcon_core.verb:set package 'robot_joy' build argument 'cmake_target_skip_unavailable' from command line to 'False'
[0.333s] Level 5:colcon.colcon_core.verb:set package 'robot_joy' build argument 'cmake_clean_cache' from command line to 'False'
[0.333s] Level 5:colcon.colcon_core.verb:set package 'robot_joy' build argument 'cmake_clean_first' from command line to 'False'
[0.333s] Level 5:colcon.colcon_core.verb:set package 'robot_joy' build argument 'cmake_force_configure' from command line to 'False'
[0.333s] Level 5:colcon.colcon_core.verb:set package 'robot_joy' build argument 'ament_cmake_args' from command line to 'None'
[0.333s] Level 5:colcon.colcon_core.verb:set package 'robot_joy' build argument 'catkin_cmake_args' from command line to 'None'
[0.333s] Level 5:colcon.colcon_core.verb:set package 'robot_joy' build argument 'catkin_skip_building_tests' from command line to 'False'
[0.333s] DEBUG:colcon.colcon_core.verb:Building package 'robot_joy' with the following arguments: {'ament_cmake_args': None, 'build_base': '/home/doanh/robot_detect/build/robot_joy', 'catkin_cmake_args': None, 'catkin_skip_building_tests': False, 'cmake_args': None, 'cmake_clean_cache': False, 'cmake_clean_first': False, 'cmake_force_configure': False, 'cmake_target': None, 'cmake_target_skip_unavailable': False, 'install_base': '/home/doanh/robot_detect/install/robot_joy', 'merge_install': False, 'path': '/home/doanh/robot_detect/src/robot_joy', 'symlink_install': False, 'test_result_base': None}
[0.333s] Level 5:colcon.colcon_core.verb:set package 'robot_mapping' build argument 'cmake_args' from command line to 'None'
[0.333s] Level 5:colcon.colcon_core.verb:set package 'robot_mapping' build argument 'cmake_target' from command line to 'None'
[0.333s] Level 5:colcon.colcon_core.verb:set package 'robot_mapping' build argument 'cmake_target_skip_unavailable' from command line to 'False'
[0.333s] Level 5:colcon.colcon_core.verb:set package 'robot_mapping' build argument 'cmake_clean_cache' from command line to 'False'
[0.333s] Level 5:colcon.colcon_core.verb:set package 'robot_mapping' build argument 'cmake_clean_first' from command line to 'False'
[0.333s] Level 5:colcon.colcon_core.verb:set package 'robot_mapping' build argument 'cmake_force_configure' from command line to 'False'
[0.333s] Level 5:colcon.colcon_core.verb:set package 'robot_mapping' build argument 'ament_cmake_args' from command line to 'None'
[0.333s] Level 5:colcon.colcon_core.verb:set package 'robot_mapping' build argument 'catkin_cmake_args' from command line to 'None'
[0.333s] Level 5:colcon.colcon_core.verb:set package 'robot_mapping' build argument 'catkin_skip_building_tests' from command line to 'False'
[0.333s] DEBUG:colcon.colcon_core.verb:Building package 'robot_mapping' with the following arguments: {'ament_cmake_args': None, 'build_base': '/home/doanh/robot_detect/build/robot_mapping', 'catkin_cmake_args': None, 'catkin_skip_building_tests': False, 'cmake_args': None, 'cmake_clean_cache': False, 'cmake_clean_first': False, 'cmake_force_configure': False, 'cmake_target': None, 'cmake_target_skip_unavailable': False, 'install_base': '/home/doanh/robot_detect/install/robot_mapping', 'merge_install': False, 'path': '/home/doanh/robot_detect/src/robot_mapping', 'symlink_install': False, 'test_result_base': None}
[0.333s] Level 5:colcon.colcon_core.verb:set package 'robot_navigation' build argument 'cmake_args' from command line to 'None'
[0.333s] Level 5:colcon.colcon_core.verb:set package 'robot_navigation' build argument 'cmake_target' from command line to 'None'
[0.333s] Level 5:colcon.colcon_core.verb:set package 'robot_navigation' build argument 'cmake_target_skip_unavailable' from command line to 'False'
[0.333s] Level 5:colcon.colcon_core.verb:set package 'robot_navigation' build argument 'cmake_clean_cache' from command line to 'False'
[0.333s] Level 5:colcon.colcon_core.verb:set package 'robot_navigation' build argument 'cmake_clean_first' from command line to 'False'
[0.333s] Level 5:colcon.colcon_core.verb:set package 'robot_navigation' build argument 'cmake_force_configure' from command line to 'False'
[0.333s] Level 5:colcon.colcon_core.verb:set package 'robot_navigation' build argument 'ament_cmake_args' from command line to 'None'
[0.333s] Level 5:colcon.colcon_core.verb:set package 'robot_navigation' build argument 'catkin_cmake_args' from command line to 'None'
[0.333s] Level 5:colcon.colcon_core.verb:set package 'robot_navigation' build argument 'catkin_skip_building_tests' from command line to 'False'
[0.333s] DEBUG:colcon.colcon_core.verb:Building package 'robot_navigation' with the following arguments: {'ament_cmake_args': None, 'build_base': '/home/doanh/robot_detect/build/robot_navigation', 'catkin_cmake_args': None, 'catkin_skip_building_tests': False, 'cmake_args': None, 'cmake_clean_cache': False, 'cmake_clean_first': False, 'cmake_force_configure': False, 'cmake_target': None, 'cmake_target_skip_unavailable': False, 'install_base': '/home/doanh/robot_detect/install/robot_navigation', 'merge_install': False, 'path': '/home/doanh/robot_detect/src/robot_navigation', 'symlink_install': False, 'test_result_base': None}
[0.334s] Level 5:colcon.colcon_core.verb:set package 'robot_recognition' build argument 'cmake_args' from command line to 'None'
[0.334s] Level 5:colcon.colcon_core.verb:set package 'robot_recognition' build argument 'cmake_target' from command line to 'None'
[0.334s] Level 5:colcon.colcon_core.verb:set package 'robot_recognition' build argument 'cmake_target_skip_unavailable' from command line to 'False'
[0.334s] Level 5:colcon.colcon_core.verb:set package 'robot_recognition' build argument 'cmake_clean_cache' from command line to 'False'
[0.334s] Level 5:colcon.colcon_core.verb:set package 'robot_recognition' build argument 'cmake_clean_first' from command line to 'False'
[0.334s] Level 5:colcon.colcon_core.verb:set package 'robot_recognition' build argument 'cmake_force_configure' from command line to 'False'
[0.334s] Level 5:colcon.colcon_core.verb:set package 'robot_recognition' build argument 'ament_cmake_args' from command line to 'None'
[0.334s] Level 5:colcon.colcon_core.verb:set package 'robot_recognition' build argument 'catkin_cmake_args' from command line to 'None'
[0.334s] Level 5:colcon.colcon_core.verb:set package 'robot_recognition' build argument 'catkin_skip_building_tests' from command line to 'False'
[0.334s] DEBUG:colcon.colcon_core.verb:Building package 'robot_recognition' with the following arguments: {'ament_cmake_args': None, 'build_base': '/home/doanh/robot_detect/build/robot_recognition', 'catkin_cmake_args': None, 'catkin_skip_building_tests': False, 'cmake_args': None, 'cmake_clean_cache': False, 'cmake_clean_first': False, 'cmake_force_configure': False, 'cmake_target': None, 'cmake_target_skip_unavailable': False, 'install_base': '/home/doanh/robot_detect/install/robot_recognition', 'merge_install': False, 'path': '/home/doanh/robot_detect/src/robot_recognition', 'symlink_install': False, 'test_result_base': None}
[0.334s] Level 5:colcon.colcon_core.verb:set package 'robot_simulation' build argument 'cmake_args' from command line to 'None'
[0.334s] Level 5:colcon.colcon_core.verb:set package 'robot_simulation' build argument 'cmake_target' from command line to 'None'
[0.334s] Level 5:colcon.colcon_core.verb:set package 'robot_simulation' build argument 'cmake_target_skip_unavailable' from command line to 'False'
[0.334s] Level 5:colcon.colcon_core.verb:set package 'robot_simulation' build argument 'cmake_clean_cache' from command line to 'False'
[0.334s] Level 5:colcon.colcon_core.verb:set package 'robot_simulation' build argument 'cmake_clean_first' from command line to 'False'
[0.334s] Level 5:colcon.colcon_core.verb:set package 'robot_simulation' build argument 'cmake_force_configure' from command line to 'False'
[0.334s] Level 5:colcon.colcon_core.verb:set package 'robot_simulation' build argument 'ament_cmake_args' from command line to 'None'
[0.334s] Level 5:colcon.colcon_core.verb:set package 'robot_simulation' build argument 'catkin_cmake_args' from command line to 'None'
[0.334s] Level 5:colcon.colcon_core.verb:set package 'robot_simulation' build argument 'catkin_skip_building_tests' from command line to 'False'
[0.334s] DEBUG:colcon.colcon_core.verb:Building package 'robot_simulation' with the following arguments: {'ament_cmake_args': None, 'build_base': '/home/doanh/robot_detect/build/robot_simulation', 'catkin_cmake_args': None, 'catkin_skip_building_tests': False, 'cmake_args': None, 'cmake_clean_cache': False, 'cmake_clean_first': False, 'cmake_force_configure': False, 'cmake_target': None, 'cmake_target_skip_unavailable': False, 'install_base': '/home/doanh/robot_detect/install/robot_simulation', 'merge_install': False, 'path': '/home/doanh/robot_detect/src/robot_simulation', 'symlink_install': False, 'test_result_base': None}
[0.334s] Level 5:colcon.colcon_core.verb:set package 'yolov8_msgs' build argument 'cmake_args' from command line to 'None'
[0.334s] Level 5:colcon.colcon_core.verb:set package 'yolov8_msgs' build argument 'cmake_target' from command line to 'None'
[0.334s] Level 5:colcon.colcon_core.verb:set package 'yolov8_msgs' build argument 'cmake_target_skip_unavailable' from command line to 'False'
[0.334s] Level 5:colcon.colcon_core.verb:set package 'yolov8_msgs' build argument 'cmake_clean_cache' from command line to 'False'
[0.334s] Level 5:colcon.colcon_core.verb:set package 'yolov8_msgs' build argument 'cmake_clean_first' from command line to 'False'
[0.334s] Level 5:colcon.colcon_core.verb:set package 'yolov8_msgs' build argument 'cmake_force_configure' from command line to 'False'
[0.334s] Level 5:colcon.colcon_core.verb:set package 'yolov8_msgs' build argument 'ament_cmake_args' from command line to 'None'
[0.334s] Level 5:colcon.colcon_core.verb:set package 'yolov8_msgs' build argument 'catkin_cmake_args' from command line to 'None'
[0.334s] Level 5:colcon.colcon_core.verb:set package 'yolov8_msgs' build argument 'catkin_skip_building_tests' from command line to 'False'
[0.334s] DEBUG:colcon.colcon_core.verb:Building package 'yolov8_msgs' with the following arguments: {'ament_cmake_args': None, 'build_base': '/home/doanh/robot_detect/build/yolov8_msgs', 'catkin_cmake_args': None, 'catkin_skip_building_tests': False, 'cmake_args': None, 'cmake_clean_cache': False, 'cmake_clean_first': False, 'cmake_force_configure': False, 'cmake_target': None, 'cmake_target_skip_unavailable': False, 'install_base': '/home/doanh/robot_detect/install/yolov8_msgs', 'merge_install': False, 'path': '/home/doanh/robot_detect/src/yolov8_msgs', 'symlink_install': False, 'test_result_base': None}
[0.335s] INFO:colcon.colcon_core.executor:Executing jobs using 'parallel' executor
[0.335s] DEBUG:colcon.colcon_parallel_executor.executor.parallel:run_until_complete
[0.336s] INFO:colcon.colcon_ros.task.ament_python.build:Building ROS package in '/home/doanh/robot_detect/src/robot_joy' with build type 'ament_python'
[0.336s] Level 1:colcon.colcon_core.shell:create_environment_hook('robot_joy', 'ament_prefix_path')
[0.338s] INFO:colcon.colcon_core.plugin_system:Skipping extension 'colcon_core.shell.bat': Not used on non-Windows systems
[0.338s] INFO:colcon.colcon_core.shell:Creating environment hook '/home/doanh/robot_detect/install/robot_joy/share/robot_joy/hook/ament_prefix_path.ps1'
[0.339s] INFO:colcon.colcon_core.shell:Creating environment descriptor '/home/doanh/robot_detect/install/robot_joy/share/robot_joy/hook/ament_prefix_path.dsv'
[0.339s] INFO:colcon.colcon_core.shell:Creating environment hook '/home/doanh/robot_detect/install/robot_joy/share/robot_joy/hook/ament_prefix_path.sh'
[0.340s] INFO:colcon.colcon_core.shell:Skip shell extension 'powershell' for command environment: Not usable outside of PowerShell
[0.340s] DEBUG:colcon.colcon_core.shell:Skip shell extension 'dsv' for command environment
[0.344s] INFO:colcon.colcon_ros.task.ament_python.build:Building ROS package in '/home/doanh/robot_detect/src/robot_mapping' with build type 'ament_python'
[0.344s] Level 1:colcon.colcon_core.shell:create_environment_hook('robot_mapping', 'ament_prefix_path')
[0.344s] INFO:colcon.colcon_core.shell:Creating environment hook '/home/doanh/robot_detect/install/robot_mapping/share/robot_mapping/hook/ament_prefix_path.ps1'
[0.345s] INFO:colcon.colcon_core.shell:Creating environment descriptor '/home/doanh/robot_detect/install/robot_mapping/share/robot_mapping/hook/ament_prefix_path.dsv'
[0.345s] INFO:colcon.colcon_core.shell:Creating environment hook '/home/doanh/robot_detect/install/robot_mapping/share/robot_mapping/hook/ament_prefix_path.sh'
[0.346s] INFO:colcon.colcon_core.shell:Skip shell extension 'powershell' for command environment: Not usable outside of PowerShell
[0.346s] DEBUG:colcon.colcon_core.shell:Skip shell extension 'dsv' for command environment
[0.349s] INFO:colcon.colcon_ros.task.ament_python.build:Building ROS package in '/home/doanh/robot_detect/src/robot_navigation' with build type 'ament_python'
[0.349s] Level 1:colcon.colcon_core.shell:create_environment_hook('robot_navigation', 'ament_prefix_path')
[0.349s] INFO:colcon.colcon_core.shell:Creating environment hook '/home/doanh/robot_detect/install/robot_navigation/share/robot_navigation/hook/ament_prefix_path.ps1'
[0.350s] INFO:colcon.colcon_core.shell:Creating environment descriptor '/home/doanh/robot_detect/install/robot_navigation/share/robot_navigation/hook/ament_prefix_path.dsv'
[0.351s] INFO:colcon.colcon_core.shell:Creating environment hook '/home/doanh/robot_detect/install/robot_navigation/share/robot_navigation/hook/ament_prefix_path.sh'
[0.351s] INFO:colcon.colcon_core.shell:Skip shell extension 'powershell' for command environment: Not usable outside of PowerShell
[0.351s] DEBUG:colcon.colcon_core.shell:Skip shell extension 'dsv' for command environment
[0.355s] INFO:colcon.colcon_ros.task.ament_cmake.build:Building ROS package in '/home/doanh/robot_detect/src/robot_recognition' with build type 'ament_cmake'
[0.355s] INFO:colcon.colcon_cmake.task.cmake.build:Building CMake package in '/home/doanh/robot_detect/src/robot_recognition'
[0.355s] INFO:colcon.colcon_core.shell:Skip shell extension 'powershell' for command environment: Not usable outside of PowerShell
[0.355s] DEBUG:colcon.colcon_core.shell:Skip shell extension 'dsv' for command environment
[0.359s] INFO:colcon.colcon_ros.task.ament_python.build:Building ROS package in '/home/doanh/robot_detect/src/robot_simulation' with build type 'ament_python'
[0.359s] Level 1:colcon.colcon_core.shell:create_environment_hook('robot_simulation', 'ament_prefix_path')
[0.360s] INFO:colcon.colcon_core.shell:Creating environment hook '/home/doanh/robot_detect/install/robot_simulation/share/robot_simulation/hook/ament_prefix_path.ps1'
[0.360s] INFO:colcon.colcon_core.shell:Creating environment descriptor '/home/doanh/robot_detect/install/robot_simulation/share/robot_simulation/hook/ament_prefix_path.dsv'
[0.360s] INFO:colcon.colcon_core.shell:Creating environment hook '/home/doanh/robot_detect/install/robot_simulation/share/robot_simulation/hook/ament_prefix_path.sh'
[0.361s] INFO:colcon.colcon_core.shell:Skip shell extension 'powershell' for command environment: Not usable outside of PowerShell
[0.361s] DEBUG:colcon.colcon_core.shell:Skip shell extension 'dsv' for command environment
[0.365s] INFO:colcon.colcon_ros.task.ament_cmake.build:Building ROS package in '/home/doanh/robot_detect/src/yolov8_msgs' with build type 'ament_cmake'
[0.365s] INFO:colcon.colcon_cmake.task.cmake.build:Building CMake package in '/home/doanh/robot_detect/src/yolov8_msgs'
[0.365s] INFO:colcon.colcon_core.shell:Skip shell extension 'powershell' for command environment: Not usable outside of PowerShell
[0.365s] DEBUG:colcon.colcon_core.shell:Skip shell extension 'dsv' for command environment
[0.612s] INFO:colcon.colcon_core.task.python.build:Building Python package in '/home/doanh/robot_detect/src/robot_joy'
[0.613s] INFO:colcon.colcon_core.shell:Skip shell extension 'powershell' for command environment: Not usable outside of PowerShell
[0.613s] DEBUG:colcon.colcon_core.shell:Skip shell extension 'dsv' for command environment
[0.855s] INFO:colcon.colcon_core.task.python.build:Building Python package in '/home/doanh/robot_detect/src/robot_mapping'
[0.856s] INFO:colcon.colcon_core.shell:Skip shell extension 'powershell' for command environment: Not usable outside of PowerShell
[0.856s] DEBUG:colcon.colcon_core.shell:Skip shell extension 'dsv' for command environment
[1.092s] INFO:colcon.colcon_core.task.python.build:Building Python package in '/home/doanh/robot_detect/src/robot_navigation'
[1.093s] INFO:colcon.colcon_core.shell:Skip shell extension 'powershell' for command environment: Not usable outside of PowerShell
[1.093s] DEBUG:colcon.colcon_core.shell:Skip shell extension 'dsv' for command environment
[1.098s] DEBUG:colcon.colcon_core.event_handler.log_command:Invoking command in '/home/doanh/robot_detect/build/robot_recognition': CMAKE_PREFIX_PATH=${CMAKE_PREFIX_PATH}:/home/doanh/go2_robot/install/speech_processor:/home/doanh/go2_robot/install/reset_odom:/home/doanh/go2_robot/install/livox_to_laserscan:/home/doanh/go2_robot/install/lidar_processor:/home/doanh/go2_robot/install/go2_robot_sdk:/home/doanh/go2_robot/install/coco_detector:/home/doanh/mrdoanh_projects/install/speech_processor:/home/doanh/mrdoanh_projects/install/lidar_processor:/home/doanh/mrdoanh_projects/install/go2_robot_sdk:/home/doanh/mrdoanh_projects/install/coco_detector:/home/doanh/new/mrdoanh_projects/install/speech_processor:/home/doanh/new/mrdoanh_projects/install/lidar_processor:/home/doanh/new/mrdoanh_projects/install/go2_robot_sdk:/home/doanh/new/mrdoanh_projects/install/coco_detector:/opt/ros/humble /home/doanh/.local/bin/cmake /home/doanh/robot_detect/src/robot_recognition -DCMAKE_INSTALL_PREFIX=/home/doanh/robot_detect/install/robot_recognition
[1.338s] INFO:colcon.colcon_core.task.python.build:Building Python package in '/home/doanh/robot_detect/src/robot_simulation'
[1.339s] INFO:colcon.colcon_core.shell:Skip shell extension 'powershell' for command environment: Not usable outside of PowerShell
[1.339s] DEBUG:colcon.colcon_core.shell:Skip shell extension 'dsv' for command environment
[1.348s] DEBUG:colcon.colcon_core.event_handler.log_command:Invoking command in '/home/doanh/robot_detect/build/yolov8_msgs': CMAKE_PREFIX_PATH=${CMAKE_PREFIX_PATH}:/home/doanh/go2_robot/install/speech_processor:/home/doanh/go2_robot/install/reset_odom:/home/doanh/go2_robot/install/livox_to_laserscan:/home/doanh/go2_robot/install/lidar_processor:/home/doanh/go2_robot/install/go2_robot_sdk:/home/doanh/go2_robot/install/coco_detector:/home/doanh/mrdoanh_projects/install/speech_processor:/home/doanh/mrdoanh_projects/install/lidar_processor:/home/doanh/mrdoanh_projects/install/go2_robot_sdk:/home/doanh/mrdoanh_projects/install/coco_detector:/home/doanh/new/mrdoanh_projects/install/speech_processor:/home/doanh/new/mrdoanh_projects/install/lidar_processor:/home/doanh/new/mrdoanh_projects/install/go2_robot_sdk:/home/doanh/new/mrdoanh_projects/install/coco_detector:/opt/ros/humble /home/doanh/.local/bin/cmake /home/doanh/robot_detect/src/yolov8_msgs -DCMAKE_INSTALL_PREFIX=/home/doanh/robot_detect/install/yolov8_msgs
[2.116s] DEBUG:colcon.colcon_core.event_handler.log_command:Invoking command in '/home/doanh/robot_detect/src/robot_navigation': PYTHONPATH=/home/doanh/robot_detect/build/robot_navigation/prefix_override:/usr/lib/python3/dist-packages/colcon_core/task/python/colcon_distutils_commands:/home/doanh/robot_detect/install/robot_navigation/lib/python3.10/site-packages:${PYTHONPATH} /usr/bin/python3 -W ignore:setup.py install is deprecated -W ignore:easy_install command is deprecated setup.py egg_info --egg-base ../../build/robot_navigation build --build-base /home/doanh/robot_detect/build/robot_navigation/build install --record /home/doanh/robot_detect/build/robot_navigation/install.log --single-version-externally-managed install_data
[2.134s] DEBUG:colcon.colcon_core.event_handler.log_command:Invoking command in '/home/doanh/robot_detect/src/robot_joy': PYTHONPATH=/home/doanh/robot_detect/build/robot_joy/prefix_override:/usr/lib/python3/dist-packages/colcon_core/task/python/colcon_distutils_commands:/home/doanh/robot_detect/install/robot_joy/lib/python3.10/site-packages:${PYTHONPATH} /usr/bin/python3 -W ignore:setup.py install is deprecated -W ignore:easy_install command is deprecated setup.py egg_info --egg-base ../../build/robot_joy build --build-base /home/doanh/robot_detect/build/robot_joy/build install --record /home/doanh/robot_detect/build/robot_joy/install.log --single-version-externally-managed install_data
[2.136s] DEBUG:colcon.colcon_core.event_handler.log_command:Invoked command in '/home/doanh/robot_detect/build/robot_recognition' returned '0': CMAKE_PREFIX_PATH=${CMAKE_PREFIX_PATH}:/home/doanh/go2_robot/install/speech_processor:/home/doanh/go2_robot/install/reset_odom:/home/doanh/go2_robot/install/livox_to_laserscan:/home/doanh/go2_robot/install/lidar_processor:/home/doanh/go2_robot/install/go2_robot_sdk:/home/doanh/go2_robot/install/coco_detector:/home/doanh/mrdoanh_projects/install/speech_processor:/home/doanh/mrdoanh_projects/install/lidar_processor:/home/doanh/mrdoanh_projects/install/go2_robot_sdk:/home/doanh/mrdoanh_projects/install/coco_detector:/home/doanh/new/mrdoanh_projects/install/speech_processor:/home/doanh/new/mrdoanh_projects/install/lidar_processor:/home/doanh/new/mrdoanh_projects/install/go2_robot_sdk:/home/doanh/new/mrdoanh_projects/install/coco_detector:/opt/ros/humble /home/doanh/.local/bin/cmake /home/doanh/robot_detect/src/robot_recognition -DCMAKE_INSTALL_PREFIX=/home/doanh/robot_detect/install/robot_recognition
[2.139s] DEBUG:colcon.colcon_core.event_handler.log_command:Invoking command in '/home/doanh/robot_detect/build/robot_recognition': CMAKE_PREFIX_PATH=${CMAKE_PREFIX_PATH}:/home/doanh/go2_robot/install/speech_processor:/home/doanh/go2_robot/install/reset_odom:/home/doanh/go2_robot/install/livox_to_laserscan:/home/doanh/go2_robot/install/lidar_processor:/home/doanh/go2_robot/install/go2_robot_sdk:/home/doanh/go2_robot/install/coco_detector:/home/doanh/mrdoanh_projects/install/speech_processor:/home/doanh/mrdoanh_projects/install/lidar_processor:/home/doanh/mrdoanh_projects/install/go2_robot_sdk:/home/doanh/mrdoanh_projects/install/coco_detector:/home/doanh/new/mrdoanh_projects/install/speech_processor:/home/doanh/new/mrdoanh_projects/install/lidar_processor:/home/doanh/new/mrdoanh_projects/install/go2_robot_sdk:/home/doanh/new/mrdoanh_projects/install/coco_detector:/opt/ros/humble /home/doanh/.local/bin/cmake --build /home/doanh/robot_detect/build/robot_recognition -- -j12 -l12
[2.147s] DEBUG:colcon.colcon_core.event_handler.log_command:Invoking command in '/home/doanh/robot_detect/src/robot_simulation': PYTHONPATH=/home/doanh/robot_detect/build/robot_simulation/prefix_override:/usr/lib/python3/dist-packages/colcon_core/task/python/colcon_distutils_commands:/home/doanh/robot_detect/install/robot_simulation/lib/python3.10/site-packages:${PYTHONPATH} /usr/bin/python3 -W ignore:setup.py install is deprecated -W ignore:easy_install command is deprecated setup.py egg_info --egg-base ../../build/robot_simulation build --build-base /home/doanh/robot_detect/build/robot_simulation/build install --record /home/doanh/robot_detect/build/robot_simulation/install.log --single-version-externally-managed install_data
[2.152s] DEBUG:colcon.colcon_core.event_handler.log_command:Invoking command in '/home/doanh/robot_detect/src/robot_mapping': PYTHONPATH=/home/doanh/robot_detect/build/robot_mapping/prefix_override:/usr/lib/python3/dist-packages/colcon_core/task/python/colcon_distutils_commands:/home/doanh/robot_detect/install/robot_mapping/lib/python3.10/site-packages:${PYTHONPATH} /usr/bin/python3 -W ignore:setup.py install is deprecated -W ignore:easy_install command is deprecated setup.py egg_info --egg-base ../../build/robot_mapping build --build-base /home/doanh/robot_detect/build/robot_mapping/build install --record /home/doanh/robot_detect/build/robot_mapping/install.log --single-version-externally-managed install_data
[2.243s] DEBUG:colcon.colcon_core.event_handler.log_command:Invoked command in '/home/doanh/robot_detect/build/robot_recognition' returned '0': CMAKE_PREFIX_PATH=${CMAKE_PREFIX_PATH}:/home/doanh/go2_robot/install/speech_processor:/home/doanh/go2_robot/install/reset_odom:/home/doanh/go2_robot/install/livox_to_laserscan:/home/doanh/go2_robot/install/lidar_processor:/home/doanh/go2_robot/install/go2_robot_sdk:/home/doanh/go2_robot/install/coco_detector:/home/doanh/mrdoanh_projects/install/speech_processor:/home/doanh/mrdoanh_projects/install/lidar_processor:/home/doanh/mrdoanh_projects/install/go2_robot_sdk:/home/doanh/mrdoanh_projects/install/coco_detector:/home/doanh/new/mrdoanh_projects/install/speech_processor:/home/doanh/new/mrdoanh_projects/install/lidar_processor:/home/doanh/new/mrdoanh_projects/install/go2_robot_sdk:/home/doanh/new/mrdoanh_projects/install/coco_detector:/opt/ros/humble /home/doanh/.local/bin/cmake --build /home/doanh/robot_detect/build/robot_recognition -- -j12 -l12
[2.347s] DEBUG:colcon.colcon_core.event_handler.log_command:Invoking command in '/home/doanh/robot_detect/build/robot_recognition': CMAKE_PREFIX_PATH=${CMAKE_PREFIX_PATH}:/home/doanh/go2_robot/install/speech_processor:/home/doanh/go2_robot/install/reset_odom:/home/doanh/go2_robot/install/livox_to_laserscan:/home/doanh/go2_robot/install/lidar_processor:/home/doanh/go2_robot/install/go2_robot_sdk:/home/doanh/go2_robot/install/coco_detector:/home/doanh/mrdoanh_projects/install/speech_processor:/home/doanh/mrdoanh_projects/install/lidar_processor:/home/doanh/mrdoanh_projects/install/go2_robot_sdk:/home/doanh/mrdoanh_projects/install/coco_detector:/home/doanh/new/mrdoanh_projects/install/speech_processor:/home/doanh/new/mrdoanh_projects/install/lidar_processor:/home/doanh/new/mrdoanh_projects/install/go2_robot_sdk:/home/doanh/new/mrdoanh_projects/install/coco_detector:/opt/ros/humble /home/doanh/.local/bin/cmake --install /home/doanh/robot_detect/build/robot_recognition
[2.446s] Level 1:colcon.colcon_core.environment:create_environment_scripts_only(robot_recognition)
[2.452s] DEBUG:colcon.colcon_core.event_handler.log_command:Invoked command in '/home/doanh/robot_detect/build/robot_recognition' returned '0': CMAKE_PREFIX_PATH=${CMAKE_PREFIX_PATH}:/home/doanh/go2_robot/install/speech_processor:/home/doanh/go2_robot/install/reset_odom:/home/doanh/go2_robot/install/livox_to_laserscan:/home/doanh/go2_robot/install/lidar_processor:/home/doanh/go2_robot/install/go2_robot_sdk:/home/doanh/go2_robot/install/coco_detector:/home/doanh/mrdoanh_projects/install/speech_processor:/home/doanh/mrdoanh_projects/install/lidar_processor:/home/doanh/mrdoanh_projects/install/go2_robot_sdk:/home/doanh/mrdoanh_projects/install/coco_detector:/home/doanh/new/mrdoanh_projects/install/speech_processor:/home/doanh/new/mrdoanh_projects/install/lidar_processor:/home/doanh/new/mrdoanh_projects/install/go2_robot_sdk:/home/doanh/new/mrdoanh_projects/install/coco_detector:/opt/ros/humble /home/doanh/.local/bin/cmake --install /home/doanh/robot_detect/build/robot_recognition
[2.458s] Level 1:colcon.colcon_core.environment:checking '/home/doanh/robot_detect/install/robot_recognition' for CMake module files
[2.458s] Level 1:colcon.colcon_core.environment:checking '/home/doanh/robot_detect/install/robot_recognition' for CMake config files
[2.459s] Level 1:colcon.colcon_core.shell:create_environment_hook('robot_recognition', 'cmake_prefix_path')
[2.459s] INFO:colcon.colcon_core.shell:Creating environment hook '/home/doanh/robot_detect/install/robot_recognition/share/robot_recognition/hook/cmake_prefix_path.ps1'
[2.460s] INFO:colcon.colcon_core.shell:Creating environment descriptor '/home/doanh/robot_detect/install/robot_recognition/share/robot_recognition/hook/cmake_prefix_path.dsv'
[2.460s] INFO:colcon.colcon_core.shell:Creating environment hook '/home/doanh/robot_detect/install/robot_recognition/share/robot_recognition/hook/cmake_prefix_path.sh'
[2.461s] Level 1:colcon.colcon_core.environment:checking '/home/doanh/robot_detect/install/robot_recognition/lib'
[2.461s] Level 1:colcon.colcon_core.environment:checking '/home/doanh/robot_detect/install/robot_recognition/bin'
[2.461s] Level 1:colcon.colcon_core.environment:checking '/home/doanh/robot_detect/install/robot_recognition/lib/pkgconfig/robot_recognition.pc'
[2.462s] Level 1:colcon.colcon_core.environment:checking '/home/doanh/robot_detect/install/robot_recognition/lib/python3.10/site-packages'
[2.462s] Level 1:colcon.colcon_core.environment:checking '/home/doanh/robot_detect/install/robot_recognition/bin'
[2.462s] INFO:colcon.colcon_core.shell:Creating package script '/home/doanh/robot_detect/install/robot_recognition/share/robot_recognition/package.ps1'
[2.463s] INFO:colcon.colcon_core.shell:Creating package descriptor '/home/doanh/robot_detect/install/robot_recognition/share/robot_recognition/package.dsv'
[2.464s] INFO:colcon.colcon_core.shell:Creating package script '/home/doanh/robot_detect/install/robot_recognition/share/robot_recognition/package.sh'
[2.464s] INFO:colcon.colcon_core.shell:Creating package script '/home/doanh/robot_detect/install/robot_recognition/share/robot_recognition/package.bash'
[2.465s] INFO:colcon.colcon_core.shell:Creating package script '/home/doanh/robot_detect/install/robot_recognition/share/robot_recognition/package.zsh'
[2.465s] Level 1:colcon.colcon_core.environment:create_file_with_runtime_dependencies(/home/doanh/robot_detect/install/robot_recognition/share/colcon-core/packages/robot_recognition)
[2.466s] Level 1:colcon.colcon_core.environment:create_environment_scripts_only(robot_recognition)
[2.466s] Level 1:colcon.colcon_core.environment:checking '/home/doanh/robot_detect/install/robot_recognition' for CMake module files
[2.467s] Level 1:colcon.colcon_core.environment:checking '/home/doanh/robot_detect/install/robot_recognition' for CMake config files
[2.467s] Level 1:colcon.colcon_core.shell:create_environment_hook('robot_recognition', 'cmake_prefix_path')
[2.467s] INFO:colcon.colcon_core.shell:Creating environment hook '/home/doanh/robot_detect/install/robot_recognition/share/robot_recognition/hook/cmake_prefix_path.ps1'
[2.467s] INFO:colcon.colcon_core.shell:Creating environment descriptor '/home/doanh/robot_detect/install/robot_recognition/share/robot_recognition/hook/cmake_prefix_path.dsv'
[2.468s] INFO:colcon.colcon_core.shell:Creating environment hook '/home/doanh/robot_detect/install/robot_recognition/share/robot_recognition/hook/cmake_prefix_path.sh'
[2.468s] Level 1:colcon.colcon_core.environment:checking '/home/doanh/robot_detect/install/robot_recognition/lib'
[2.468s] Level 1:colcon.colcon_core.environment:checking '/home/doanh/robot_detect/install/robot_recognition/bin'
[2.468s] Level 1:colcon.colcon_core.environment:checking '/home/doanh/robot_detect/install/robot_recognition/lib/pkgconfig/robot_recognition.pc'
[2.468s] Level 1:colcon.colcon_core.environment:checking '/home/doanh/robot_detect/install/robot_recognition/lib/python3.10/site-packages'
[2.469s] Level 1:colcon.colcon_core.environment:checking '/home/doanh/robot_detect/install/robot_recognition/bin'
[2.469s] INFO:colcon.colcon_core.shell:Creating package script '/home/doanh/robot_detect/install/robot_recognition/share/robot_recognition/package.ps1'
[2.471s] INFO:colcon.colcon_core.shell:Creating package descriptor '/home/doanh/robot_detect/install/robot_recognition/share/robot_recognition/package.dsv'
[2.472s] INFO:colcon.colcon_core.shell:Creating package script '/home/doanh/robot_detect/install/robot_recognition/share/robot_recognition/package.sh'
[2.473s] INFO:colcon.colcon_core.shell:Creating package script '/home/doanh/robot_detect/install/robot_recognition/share/robot_recognition/package.bash'
[2.473s] INFO:colcon.colcon_core.shell:Creating package script '/home/doanh/robot_detect/install/robot_recognition/share/robot_recognition/package.zsh'
[2.473s] Level 1:colcon.colcon_core.environment:create_file_with_runtime_dependencies(/home/doanh/robot_detect/install/robot_recognition/share/colcon-core/packages/robot_recognition)
[2.524s] Level 1:colcon.colcon_core.environment:checking '/home/doanh/robot_detect/install/robot_joy' for CMake module files
[2.526s] DEBUG:colcon.colcon_core.event_handler.log_command:Invoked command in '/home/doanh/robot_detect/src/robot_joy' returned '0': PYTHONPATH=/home/doanh/robot_detect/build/robot_joy/prefix_override:/usr/lib/python3/dist-packages/colcon_core/task/python/colcon_distutils_commands:/home/doanh/robot_detect/install/robot_joy/lib/python3.10/site-packages:${PYTHONPATH} /usr/bin/python3 -W ignore:setup.py install is deprecated -W ignore:easy_install command is deprecated setup.py egg_info --egg-base ../../build/robot_joy build --build-base /home/doanh/robot_detect/build/robot_joy/build install --record /home/doanh/robot_detect/build/robot_joy/install.log --single-version-externally-managed install_data
[2.526s] Level 1:colcon.colcon_core.environment:checking '/home/doanh/robot_detect/install/robot_joy' for CMake config files
[2.527s] Level 1:colcon.colcon_core.environment:checking '/home/doanh/robot_detect/install/robot_joy/lib'
[2.527s] Level 1:colcon.colcon_core.environment:checking '/home/doanh/robot_detect/install/robot_joy/bin'
[2.527s] Level 1:colcon.colcon_core.environment:checking '/home/doanh/robot_detect/install/robot_joy/lib/pkgconfig/robot_joy.pc'
[2.527s] Level 1:colcon.colcon_core.environment:checking '/home/doanh/robot_detect/install/robot_joy/lib/python3.10/site-packages'
[2.527s] Level 1:colcon.colcon_core.shell:create_environment_hook('robot_joy', 'pythonpath')
[2.528s] INFO:colcon.colcon_core.shell:Creating environment hook '/home/doanh/robot_detect/install/robot_joy/share/robot_joy/hook/pythonpath.ps1'
[2.529s] INFO:colcon.colcon_core.shell:Creating environment descriptor '/home/doanh/robot_detect/install/robot_joy/share/robot_joy/hook/pythonpath.dsv'
[2.529s] INFO:colcon.colcon_core.shell:Creating environment hook '/home/doanh/robot_detect/install/robot_joy/share/robot_joy/hook/pythonpath.sh'
[2.530s] Level 1:colcon.colcon_core.environment:checking '/home/doanh/robot_detect/install/robot_joy/bin'
[2.530s] Level 1:colcon.colcon_core.environment:create_environment_scripts_only(robot_joy)
[2.531s] INFO:colcon.colcon_core.shell:Creating package script '/home/doanh/robot_detect/install/robot_joy/share/robot_joy/package.ps1'
[2.532s] INFO:colcon.colcon_core.shell:Creating package descriptor '/home/doanh/robot_detect/install/robot_joy/share/robot_joy/package.dsv'
[2.533s] INFO:colcon.colcon_core.shell:Creating package script '/home/doanh/robot_detect/install/robot_joy/share/robot_joy/package.sh'
[2.534s] INFO:colcon.colcon_core.shell:Creating package script '/home/doanh/robot_detect/install/robot_joy/share/robot_joy/package.bash'
[2.534s] INFO:colcon.colcon_core.shell:Creating package script '/home/doanh/robot_detect/install/robot_joy/share/robot_joy/package.zsh'
[2.534s] Level 1:colcon.colcon_core.environment:create_file_with_runtime_dependencies(/home/doanh/robot_detect/install/robot_joy/share/colcon-core/packages/robot_joy)
[2.553s] Level 1:colcon.colcon_core.environment:checking '/home/doanh/robot_detect/install/robot_simulation' for CMake module files
[2.555s] DEBUG:colcon.colcon_core.event_handler.log_command:Invoked command in '/home/doanh/robot_detect/src/robot_simulation' returned '0': PYTHONPATH=/home/doanh/robot_detect/build/robot_simulation/prefix_override:/usr/lib/python3/dist-packages/colcon_core/task/python/colcon_distutils_commands:/home/doanh/robot_detect/install/robot_simulation/lib/python3.10/site-packages:${PYTHONPATH} /usr/bin/python3 -W ignore:setup.py install is deprecated -W ignore:easy_install command is deprecated setup.py egg_info --egg-base ../../build/robot_simulation build --build-base /home/doanh/robot_detect/build/robot_simulation/build install --record /home/doanh/robot_detect/build/robot_simulation/install.log --single-version-externally-managed install_data
[2.555s] Level 1:colcon.colcon_core.environment:checking '/home/doanh/robot_detect/install/robot_simulation' for CMake config files
[2.555s] Level 1:colcon.colcon_core.environment:checking '/home/doanh/robot_detect/install/robot_simulation/lib'
[2.555s] Level 1:colcon.colcon_core.environment:checking '/home/doanh/robot_detect/install/robot_simulation/bin'
[2.555s] Level 1:colcon.colcon_core.environment:checking '/home/doanh/robot_detect/install/robot_simulation/lib/pkgconfig/robot_simulation.pc'
[2.556s] Level 1:colcon.colcon_core.environment:checking '/home/doanh/robot_detect/install/robot_simulation/lib/python3.10/site-packages'
[2.556s] Level 1:colcon.colcon_core.shell:create_environment_hook('robot_simulation', 'pythonpath')
[2.556s] INFO:colcon.colcon_core.shell:Creating environment hook '/home/doanh/robot_detect/install/robot_simulation/share/robot_simulation/hook/pythonpath.ps1'
[2.557s] INFO:colcon.colcon_core.shell:Creating environment descriptor '/home/doanh/robot_detect/install/robot_simulation/share/robot_simulation/hook/pythonpath.dsv'
[2.557s] INFO:colcon.colcon_core.shell:Creating environment hook '/home/doanh/robot_detect/install/robot_simulation/share/robot_simulation/hook/pythonpath.sh'
[2.558s] Level 1:colcon.colcon_core.environment:checking '/home/doanh/robot_detect/install/robot_simulation/bin'
[2.558s] Level 1:colcon.colcon_core.environment:create_environment_scripts_only(robot_simulation)
[2.558s] INFO:colcon.colcon_core.shell:Creating package script '/home/doanh/robot_detect/install/robot_simulation/share/robot_simulation/package.ps1'
[2.559s] INFO:colcon.colcon_core.shell:Creating package descriptor '/home/doanh/robot_detect/install/robot_simulation/share/robot_simulation/package.dsv'
[2.560s] INFO:colcon.colcon_core.shell:Creating package script '/home/doanh/robot_detect/install/robot_simulation/share/robot_simulation/package.sh'
[2.560s] INFO:colcon.colcon_core.shell:Creating package script '/home/doanh/robot_detect/install/robot_simulation/share/robot_simulation/package.bash'
[2.560s] INFO:colcon.colcon_core.shell:Creating package script '/home/doanh/robot_detect/install/robot_simulation/share/robot_simulation/package.zsh'
[2.561s] Level 1:colcon.colcon_core.environment:create_file_with_runtime_dependencies(/home/doanh/robot_detect/install/robot_simulation/share/colcon-core/packages/robot_simulation)
[2.562s] Level 1:colcon.colcon_core.environment:checking '/home/doanh/robot_detect/install/robot_navigation' for CMake module files
[2.563s] DEBUG:colcon.colcon_core.event_handler.log_command:Invoked command in '/home/doanh/robot_detect/src/robot_navigation' returned '0': PYTHONPATH=/home/doanh/robot_detect/build/robot_navigation/prefix_override:/usr/lib/python3/dist-packages/colcon_core/task/python/colcon_distutils_commands:/home/doanh/robot_detect/install/robot_navigation/lib/python3.10/site-packages:${PYTHONPATH} /usr/bin/python3 -W ignore:setup.py install is deprecated -W ignore:easy_install command is deprecated setup.py egg_info --egg-base ../../build/robot_navigation build --build-base /home/doanh/robot_detect/build/robot_navigation/build install --record /home/doanh/robot_detect/build/robot_navigation/install.log --single-version-externally-managed install_data
[2.563s] Level 1:colcon.colcon_core.environment:checking '/home/doanh/robot_detect/install/robot_navigation' for CMake config files
[2.563s] Level 1:colcon.colcon_core.environment:checking '/home/doanh/robot_detect/install/robot_navigation/lib'
[2.563s] Level 1:colcon.colcon_core.environment:checking '/home/doanh/robot_detect/install/robot_navigation/bin'
[2.563s] Level 1:colcon.colcon_core.environment:checking '/home/doanh/robot_detect/install/robot_navigation/lib/pkgconfig/robot_navigation.pc'
[2.564s] Level 1:colcon.colcon_core.environment:checking '/home/doanh/robot_detect/install/robot_navigation/lib/python3.10/site-packages'
[2.564s] Level 1:colcon.colcon_core.shell:create_environment_hook('robot_navigation', 'pythonpath')
[2.564s] INFO:colcon.colcon_core.shell:Creating environment hook '/home/doanh/robot_detect/install/robot_navigation/share/robot_navigation/hook/pythonpath.ps1'
[2.564s] INFO:colcon.colcon_core.shell:Creating environment descriptor '/home/doanh/robot_detect/install/robot_navigation/share/robot_navigation/hook/pythonpath.dsv'
[2.565s] INFO:colcon.colcon_core.shell:Creating environment hook '/home/doanh/robot_detect/install/robot_navigation/share/robot_navigation/hook/pythonpath.sh'
[2.565s] Level 1:colcon.colcon_core.environment:checking '/home/doanh/robot_detect/install/robot_navigation/bin'
[2.565s] Level 1:colcon.colcon_core.environment:create_environment_scripts_only(robot_navigation)
[2.566s] INFO:colcon.colcon_core.shell:Creating package script '/home/doanh/robot_detect/install/robot_navigation/share/robot_navigation/package.ps1'
[2.567s] INFO:colcon.colcon_core.shell:Creating package descriptor '/home/doanh/robot_detect/install/robot_navigation/share/robot_navigation/package.dsv'
[2.567s] INFO:colcon.colcon_core.shell:Creating package script '/home/doanh/robot_detect/install/robot_navigation/share/robot_navigation/package.sh'
[2.567s] INFO:colcon.colcon_core.shell:Creating package script '/home/doanh/robot_detect/install/robot_navigation/share/robot_navigation/package.bash'
[2.568s] INFO:colcon.colcon_core.shell:Creating package script '/home/doanh/robot_detect/install/robot_navigation/share/robot_navigation/package.zsh'
[2.568s] Level 1:colcon.colcon_core.environment:create_file_with_runtime_dependencies(/home/doanh/robot_detect/install/robot_navigation/share/colcon-core/packages/robot_navigation)
[2.569s] Level 1:colcon.colcon_core.environment:checking '/home/doanh/robot_detect/install/robot_mapping' for CMake module files
[2.569s] Level 1:colcon.colcon_core.environment:checking '/home/doanh/robot_detect/install/robot_mapping' for CMake config files
[2.569s] DEBUG:colcon.colcon_core.event_handler.log_command:Invoked command in '/home/doanh/robot_detect/src/robot_mapping' returned '0': PYTHONPATH=/home/doanh/robot_detect/build/robot_mapping/prefix_override:/usr/lib/python3/dist-packages/colcon_core/task/python/colcon_distutils_commands:/home/doanh/robot_detect/install/robot_mapping/lib/python3.10/site-packages:${PYTHONPATH} /usr/bin/python3 -W ignore:setup.py install is deprecated -W ignore:easy_install command is deprecated setup.py egg_info --egg-base ../../build/robot_mapping build --build-base /home/doanh/robot_detect/build/robot_mapping/build install --record /home/doanh/robot_detect/build/robot_mapping/install.log --single-version-externally-managed install_data
[2.570s] Level 1:colcon.colcon_core.environment:checking '/home/doanh/robot_detect/install/robot_mapping/lib'
[2.570s] Level 1:colcon.colcon_core.environment:checking '/home/doanh/robot_detect/install/robot_mapping/bin'
[2.570s] Level 1:colcon.colcon_core.environment:checking '/home/doanh/robot_detect/install/robot_mapping/lib/pkgconfig/robot_mapping.pc'
[2.570s] Level 1:colcon.colcon_core.environment:checking '/home/doanh/robot_detect/install/robot_mapping/lib/python3.10/site-packages'
[2.570s] Level 1:colcon.colcon_core.shell:create_environment_hook('robot_mapping', 'pythonpath')
[2.570s] INFO:colcon.colcon_core.shell:Creating environment hook '/home/doanh/robot_detect/install/robot_mapping/share/robot_mapping/hook/pythonpath.ps1'
[2.571s] INFO:colcon.colcon_core.shell:Creating environment descriptor '/home/doanh/robot_detect/install/robot_mapping/share/robot_mapping/hook/pythonpath.dsv'
[2.571s] INFO:colcon.colcon_core.shell:Creating environment hook '/home/doanh/robot_detect/install/robot_mapping/share/robot_mapping/hook/pythonpath.sh'
[2.571s] Level 1:colcon.colcon_core.environment:checking '/home/doanh/robot_detect/install/robot_mapping/bin'
[2.571s] Level 1:colcon.colcon_core.environment:create_environment_scripts_only(robot_mapping)
[2.571s] INFO:colcon.colcon_core.shell:Creating package script '/home/doanh/robot_detect/install/robot_mapping/share/robot_mapping/package.ps1'
[2.572s] INFO:colcon.colcon_core.shell:Creating package descriptor '/home/doanh/robot_detect/install/robot_mapping/share/robot_mapping/package.dsv'
[2.572s] INFO:colcon.colcon_core.shell:Creating package script '/home/doanh/robot_detect/install/robot_mapping/share/robot_mapping/package.sh'
[2.572s] INFO:colcon.colcon_core.shell:Creating package script '/home/doanh/robot_detect/install/robot_mapping/share/robot_mapping/package.bash'
[2.573s] INFO:colcon.colcon_core.shell:Creating package script '/home/doanh/robot_detect/install/robot_mapping/share/robot_mapping/package.zsh'
[2.573s] Level 1:colcon.colcon_core.environment:create_file_with_runtime_dependencies(/home/doanh/robot_detect/install/robot_mapping/share/colcon-core/packages/robot_mapping)
[4.259s] DEBUG:colcon.colcon_core.event_handler.log_command:Invoked command in '/home/doanh/robot_detect/build/yolov8_msgs' returned '0': CMAKE_PREFIX_PATH=${CMAKE_PREFIX_PATH}:/home/doanh/go2_robot/install/speech_processor:/home/doanh/go2_robot/install/reset_odom:/home/doanh/go2_robot/install/livox_to_laserscan:/home/doanh/go2_robot/install/lidar_processor:/home/doanh/go2_robot/install/go2_robot_sdk:/home/doanh/go2_robot/install/coco_detector:/home/doanh/mrdoanh_projects/install/speech_processor:/home/doanh/mrdoanh_projects/install/lidar_processor:/home/doanh/mrdoanh_projects/install/go2_robot_sdk:/home/doanh/mrdoanh_projects/install/coco_detector:/home/doanh/new/mrdoanh_projects/install/speech_processor:/home/doanh/new/mrdoanh_projects/install/lidar_processor:/home/doanh/new/mrdoanh_projects/install/go2_robot_sdk:/home/doanh/new/mrdoanh_projects/install/coco_detector:/opt/ros/humble /home/doanh/.local/bin/cmake /home/doanh/robot_detect/src/yolov8_msgs -DCMAKE_INSTALL_PREFIX=/home/doanh/robot_detect/install/yolov8_msgs
[4.261s] DEBUG:colcon.colcon_core.event_handler.log_command:Invoking command in '/home/doanh/robot_detect/build/yolov8_msgs': CMAKE_PREFIX_PATH=${CMAKE_PREFIX_PATH}:/home/doanh/go2_robot/install/speech_processor:/home/doanh/go2_robot/install/reset_odom:/home/doanh/go2_robot/install/livox_to_laserscan:/home/doanh/go2_robot/install/lidar_processor:/home/doanh/go2_robot/install/go2_robot_sdk:/home/doanh/go2_robot/install/coco_detector:/home/doanh/mrdoanh_projects/install/speech_processor:/home/doanh/mrdoanh_projects/install/lidar_processor:/home/doanh/mrdoanh_projects/install/go2_robot_sdk:/home/doanh/mrdoanh_projects/install/coco_detector:/home/doanh/new/mrdoanh_projects/install/speech_processor:/home/doanh/new/mrdoanh_projects/install/lidar_processor:/home/doanh/new/mrdoanh_projects/install/go2_robot_sdk:/home/doanh/new/mrdoanh_projects/install/coco_detector:/opt/ros/humble /home/doanh/.local/bin/cmake --build /home/doanh/robot_detect/build/yolov8_msgs -- -j12 -l12
[6.471s] DEBUG:colcon.colcon_core.event_handler.log_command:Invoked command in '/home/doanh/robot_detect/build/yolov8_msgs' returned '0': CMAKE_PREFIX_PATH=${CMAKE_PREFIX_PATH}:/home/doanh/go2_robot/install/speech_processor:/home/doanh/go2_robot/install/reset_odom:/home/doanh/go2_robot/install/livox_to_laserscan:/home/doanh/go2_robot/install/lidar_processor:/home/doanh/go2_robot/install/go2_robot_sdk:/home/doanh/go2_robot/install/coco_detector:/home/doanh/mrdoanh_projects/install/speech_processor:/home/doanh/mrdoanh_projects/install/lidar_processor:/home/doanh/mrdoanh_projects/install/go2_robot_sdk:/home/doanh/mrdoanh_projects/install/coco_detector:/home/doanh/new/mrdoanh_projects/install/speech_processor:/home/doanh/new/mrdoanh_projects/install/lidar_processor:/home/doanh/new/mrdoanh_projects/install/go2_robot_sdk:/home/doanh/new/mrdoanh_projects/install/coco_detector:/opt/ros/humble /home/doanh/.local/bin/cmake --build /home/doanh/robot_detect/build/yolov8_msgs -- -j12 -l12
[6.473s] DEBUG:colcon.colcon_core.event_handler.log_command:Invoking command in '/home/doanh/robot_detect/build/yolov8_msgs': CMAKE_PREFIX_PATH=${CMAKE_PREFIX_PATH}:/home/doanh/go2_robot/install/speech_processor:/home/doanh/go2_robot/install/reset_odom:/home/doanh/go2_robot/install/livox_to_laserscan:/home/doanh/go2_robot/install/lidar_processor:/home/doanh/go2_robot/install/go2_robot_sdk:/home/doanh/go2_robot/install/coco_detector:/home/doanh/mrdoanh_projects/install/speech_processor:/home/doanh/mrdoanh_projects/install/lidar_processor:/home/doanh/mrdoanh_projects/install/go2_robot_sdk:/home/doanh/mrdoanh_projects/install/coco_detector:/home/doanh/new/mrdoanh_projects/install/speech_processor:/home/doanh/new/mrdoanh_projects/install/lidar_processor:/home/doanh/new/mrdoanh_projects/install/go2_robot_sdk:/home/doanh/new/mrdoanh_projects/install/coco_detector:/opt/ros/humble /home/doanh/.local/bin/cmake --install /home/doanh/robot_detect/build/yolov8_msgs
[6.607s] Level 1:colcon.colcon_core.environment:create_environment_scripts_only(yolov8_msgs)
[6.607s] Level 1:colcon.colcon_core.environment:checking '/home/doanh/robot_detect/install/yolov8_msgs' for CMake module files
[6.608s] DEBUG:colcon.colcon_core.event_handler.log_command:Invoked command in '/home/doanh/robot_detect/build/yolov8_msgs' returned '0': CMAKE_PREFIX_PATH=${CMAKE_PREFIX_PATH}:/home/doanh/go2_robot/install/speech_processor:/home/doanh/go2_robot/install/reset_odom:/home/doanh/go2_robot/install/livox_to_laserscan:/home/doanh/go2_robot/install/lidar_processor:/home/doanh/go2_robot/install/go2_robot_sdk:/home/doanh/go2_robot/install/coco_detector:/home/doanh/mrdoanh_projects/install/speech_processor:/home/doanh/mrdoanh_projects/install/lidar_processor:/home/doanh/mrdoanh_projects/install/go2_robot_sdk:/home/doanh/mrdoanh_projects/install/coco_detector:/home/doanh/new/mrdoanh_projects/install/speech_processor:/home/doanh/new/mrdoanh_projects/install/lidar_processor:/home/doanh/new/mrdoanh_projects/install/go2_robot_sdk:/home/doanh/new/mrdoanh_projects/install/coco_detector:/opt/ros/humble /home/doanh/.local/bin/cmake --install /home/doanh/robot_detect/build/yolov8_msgs
[6.608s] Level 1:colcon.colcon_core.environment:checking '/home/doanh/robot_detect/install/yolov8_msgs' for CMake config files
[6.608s] Level 1:colcon.colcon_core.shell:create_environment_hook('yolov8_msgs', 'cmake_prefix_path')
[6.609s] INFO:colcon.colcon_core.shell:Creating environment hook '/home/doanh/robot_detect/install/yolov8_msgs/share/yolov8_msgs/hook/cmake_prefix_path.ps1'
[6.609s] INFO:colcon.colcon_core.shell:Creating environment descriptor '/home/doanh/robot_detect/install/yolov8_msgs/share/yolov8_msgs/hook/cmake_prefix_path.dsv'
[6.609s] INFO:colcon.colcon_core.shell:Creating environment hook '/home/doanh/robot_detect/install/yolov8_msgs/share/yolov8_msgs/hook/cmake_prefix_path.sh'
[6.610s] Level 1:colcon.colcon_core.environment:checking '/home/doanh/robot_detect/install/yolov8_msgs/lib'
[6.610s] Level 1:colcon.colcon_core.shell:create_environment_hook('yolov8_msgs', 'ld_library_path_lib')
[6.610s] INFO:colcon.colcon_core.shell:Creating environment hook '/home/doanh/robot_detect/install/yolov8_msgs/share/yolov8_msgs/hook/ld_library_path_lib.ps1'
[6.610s] INFO:colcon.colcon_core.shell:Creating environment descriptor '/home/doanh/robot_detect/install/yolov8_msgs/share/yolov8_msgs/hook/ld_library_path_lib.dsv'
[6.611s] INFO:colcon.colcon_core.shell:Creating environment hook '/home/doanh/robot_detect/install/yolov8_msgs/share/yolov8_msgs/hook/ld_library_path_lib.sh'
[6.611s] Level 1:colcon.colcon_core.environment:checking '/home/doanh/robot_detect/install/yolov8_msgs/bin'
[6.611s] Level 1:colcon.colcon_core.environment:checking '/home/doanh/robot_detect/install/yolov8_msgs/lib/pkgconfig/yolov8_msgs.pc'
[6.611s] Level 1:colcon.colcon_core.environment:checking '/home/doanh/robot_detect/install/yolov8_msgs/lib/python3.10/site-packages'
[6.611s] Level 1:colcon.colcon_core.environment:checking '/home/doanh/robot_detect/install/yolov8_msgs/bin'
[6.611s] INFO:colcon.colcon_core.shell:Creating package script '/home/doanh/robot_detect/install/yolov8_msgs/share/yolov8_msgs/package.ps1'
[6.612s] INFO:colcon.colcon_core.shell:Creating package descriptor '/home/doanh/robot_detect/install/yolov8_msgs/share/yolov8_msgs/package.dsv'
[6.612s] INFO:colcon.colcon_core.shell:Creating package script '/home/doanh/robot_detect/install/yolov8_msgs/share/yolov8_msgs/package.sh'
[6.612s] INFO:colcon.colcon_core.shell:Creating package script '/home/doanh/robot_detect/install/yolov8_msgs/share/yolov8_msgs/package.bash'
[6.612s] INFO:colcon.colcon_core.shell:Creating package script '/home/doanh/robot_detect/install/yolov8_msgs/share/yolov8_msgs/package.zsh'
[6.613s] Level 1:colcon.colcon_core.environment:create_file_with_runtime_dependencies(/home/doanh/robot_detect/install/yolov8_msgs/share/colcon-core/packages/yolov8_msgs)
[6.613s] Level 1:colcon.colcon_core.environment:create_environment_scripts_only(yolov8_msgs)
[6.613s] Level 1:colcon.colcon_core.environment:checking '/home/doanh/robot_detect/install/yolov8_msgs' for CMake module files
[6.614s] Level 1:colcon.colcon_core.environment:checking '/home/doanh/robot_detect/install/yolov8_msgs' for CMake config files
[6.614s] Level 1:colcon.colcon_core.shell:create_environment_hook('yolov8_msgs', 'cmake_prefix_path')
[6.614s] INFO:colcon.colcon_core.shell:Creating environment hook '/home/doanh/robot_detect/install/yolov8_msgs/share/yolov8_msgs/hook/cmake_prefix_path.ps1'
[6.615s] INFO:colcon.colcon_core.shell:Creating environment descriptor '/home/doanh/robot_detect/install/yolov8_msgs/share/yolov8_msgs/hook/cmake_prefix_path.dsv'
[6.615s] INFO:colcon.colcon_core.shell:Creating environment hook '/home/doanh/robot_detect/install/yolov8_msgs/share/yolov8_msgs/hook/cmake_prefix_path.sh'
[6.615s] Level 1:colcon.colcon_core.environment:checking '/home/doanh/robot_detect/install/yolov8_msgs/lib'
[6.615s] Level 1:colcon.colcon_core.shell:create_environment_hook('yolov8_msgs', 'ld_library_path_lib')
[6.615s] INFO:colcon.colcon_core.shell:Creating environment hook '/home/doanh/robot_detect/install/yolov8_msgs/share/yolov8_msgs/hook/ld_library_path_lib.ps1'
[6.616s] INFO:colcon.colcon_core.shell:Creating environment descriptor '/home/doanh/robot_detect/install/yolov8_msgs/share/yolov8_msgs/hook/ld_library_path_lib.dsv'
[6.616s] INFO:colcon.colcon_core.shell:Creating environment hook '/home/doanh/robot_detect/install/yolov8_msgs/share/yolov8_msgs/hook/ld_library_path_lib.sh'
[6.616s] Level 1:colcon.colcon_core.environment:checking '/home/doanh/robot_detect/install/yolov8_msgs/bin'
[6.616s] Level 1:colcon.colcon_core.environment:checking '/home/doanh/robot_detect/install/yolov8_msgs/lib/pkgconfig/yolov8_msgs.pc'
[6.616s] Level 1:colcon.colcon_core.environment:checking '/home/doanh/robot_detect/install/yolov8_msgs/lib/python3.10/site-packages'
[6.616s] Level 1:colcon.colcon_core.environment:checking '/home/doanh/robot_detect/install/yolov8_msgs/bin'
[6.617s] INFO:colcon.colcon_core.shell:Creating package script '/home/doanh/robot_detect/install/yolov8_msgs/share/yolov8_msgs/package.ps1'
[6.617s] INFO:colcon.colcon_core.shell:Creating package descriptor '/home/doanh/robot_detect/install/yolov8_msgs/share/yolov8_msgs/package.dsv'
[6.617s] INFO:colcon.colcon_core.shell:Creating package script '/home/doanh/robot_detect/install/yolov8_msgs/share/yolov8_msgs/package.sh'
[6.618s] INFO:colcon.colcon_core.shell:Creating package script '/home/doanh/robot_detect/install/yolov8_msgs/share/yolov8_msgs/package.bash'
[6.618s] INFO:colcon.colcon_core.shell:Creating package script '/home/doanh/robot_detect/install/yolov8_msgs/share/yolov8_msgs/package.zsh'
[6.618s] Level 1:colcon.colcon_core.environment:create_file_with_runtime_dependencies(/home/doanh/robot_detect/install/yolov8_msgs/share/colcon-core/packages/yolov8_msgs)
[6.618s] DEBUG:colcon.colcon_parallel_executor.executor.parallel:closing loop
[6.618s] DEBUG:colcon.colcon_parallel_executor.executor.parallel:loop closed
[6.619s] DEBUG:colcon.colcon_parallel_executor.executor.parallel:run_until_complete finished with '0'
[6.619s] DEBUG:colcon.colcon_core.event_reactor:joining thread
[6.624s] INFO:colcon.colcon_core.plugin_system:Skipping extension 'colcon_notification.desktop_notification.terminal_notifier': Not used on non-Darwin systems
[6.624s] INFO:colcon.colcon_core.plugin_system:Skipping extension 'colcon_notification.desktop_notification.win32': Not used on non-Windows systems
[6.624s] INFO:colcon.colcon_notification.desktop_notification:Sending desktop notification using 'notify2'
[6.636s] DEBUG:colcon.colcon_core.event_reactor:joined thread
[6.637s] INFO:colcon.colcon_core.shell:Creating prefix script '/home/doanh/robot_detect/install/local_setup.ps1'
[6.638s] INFO:colcon.colcon_core.shell:Creating prefix util module '/home/doanh/robot_detect/install/_local_setup_util_ps1.py'
[6.639s] INFO:colcon.colcon_core.shell:Creating prefix chain script '/home/doanh/robot_detect/install/setup.ps1'
[6.640s] INFO:colcon.colcon_core.shell:Creating prefix script '/home/doanh/robot_detect/install/local_setup.sh'
[6.641s] INFO:colcon.colcon_core.shell:Creating prefix util module '/home/doanh/robot_detect/install/_local_setup_util_sh.py'
[6.641s] INFO:colcon.colcon_core.shell:Creating prefix chain script '/home/doanh/robot_detect/install/setup.sh'
[6.643s] INFO:colcon.colcon_core.shell:Creating prefix script '/home/doanh/robot_detect/install/local_setup.bash'
[6.643s] INFO:colcon.colcon_core.shell:Creating prefix chain script '/home/doanh/robot_detect/install/setup.bash'
[6.644s] INFO:colcon.colcon_core.shell:Creating prefix script '/home/doanh/robot_detect/install/local_setup.zsh'
[6.645s] INFO:colcon.colcon_core.shell:Creating prefix chain script '/home/doanh/robot_detect/install/setup.zsh'
