running egg_info
creating ../../build/human_follow/human_follow.egg-info
writing ../../build/human_follow/human_follow.egg-info/PKG-INFO
writing dependency_links to ../../build/human_follow/human_follow.egg-info/dependency_links.txt
writing entry points to ../../build/human_follow/human_follow.egg-info/entry_points.txt
writing requirements to ../../build/human_follow/human_follow.egg-info/requires.txt
writing top-level names to ../../build/human_follow/human_follow.egg-info/top_level.txt
writing manifest file '../../build/human_follow/human_follow.egg-info/SOURCES.txt'
reading manifest file '../../build/human_follow/human_follow.egg-info/SOURCES.txt'
writing manifest file '../../build/human_follow/human_follow.egg-info/SOURCES.txt'
running build
running build_py
creating /home/doanh/robot_detect/build/human_follow/build
creating /home/doanh/robot_detect/build/human_follow/build/lib
creating /home/doanh/robot_detect/build/human_follow/build/lib/human_follow
copying human_follow/__init__.py -> /home/doanh/robot_detect/build/human_follow/build/lib/human_follow
copying human_follow/human_follow.py -> /home/doanh/robot_detect/build/human_follow/build/lib/human_follow
running install
running install_lib
creating /home/doanh/robot_detect/install/human_follow/lib/python3.10/site-packages/human_follow
copying /home/doanh/robot_detect/build/human_follow/build/lib/human_follow/__init__.py -> /home/doanh/robot_detect/install/human_follow/lib/python3.10/site-packages/human_follow
copying /home/doanh/robot_detect/build/human_follow/build/lib/human_follow/human_follow.py -> /home/doanh/robot_detect/install/human_follow/lib/python3.10/site-packages/human_follow
byte-compiling /home/doanh/robot_detect/install/human_follow/lib/python3.10/site-packages/human_follow/__init__.py to __init__.cpython-310.pyc
byte-compiling /home/doanh/robot_detect/install/human_follow/lib/python3.10/site-packages/human_follow/human_follow.py to human_follow.cpython-310.pyc
running install_data
creating /home/doanh/robot_detect/install/human_follow/share/ament_index
creating /home/doanh/robot_detect/install/human_follow/share/ament_index/resource_index
creating /home/doanh/robot_detect/install/human_follow/share/ament_index/resource_index/packages
copying resource/human_follow -> /home/doanh/robot_detect/install/human_follow/share/ament_index/resource_index/packages
copying package.xml -> /home/doanh/robot_detect/install/human_follow/share/human_follow
running install_egg_info
Copying ../../build/human_follow/human_follow.egg-info to /home/doanh/robot_detect/install/human_follow/lib/python3.10/site-packages/human_follow-0.0.0-py3.10.egg-info
running install_scripts
Installing follow_human script to /home/doanh/robot_detect/install/human_follow/lib/human_follow
writing list of installed files to '/home/doanh/robot_detect/build/human_follow/install.log'
