[0.686s] Invoking command in '/home/doanh/robot_detect/src/human_follow': PYTHONPATH=/home/doanh/robot_detect/build/human_follow/prefix_override:/usr/lib/python3/dist-packages/colcon_core/task/python/colcon_distutils_commands:/home/doanh/robot_detect/install/human_follow/lib/python3.10/site-packages:${PYTHONPATH} /usr/bin/python3 -W ignore:setup.py install is deprecated -W ignore:easy_install command is deprecated setup.py egg_info --egg-base ../../build/human_follow build --build-base /home/doanh/robot_detect/build/human_follow/build install --record /home/doanh/robot_detect/build/human_follow/install.log --single-version-externally-managed install_data
[0.910s] running egg_info
[0.911s] creating ../../build/human_follow/human_follow.egg-info
[0.911s] writing ../../build/human_follow/human_follow.egg-info/PKG-INFO
[0.911s] writing dependency_links to ../../build/human_follow/human_follow.egg-info/dependency_links.txt
[0.911s] writing entry points to ../../build/human_follow/human_follow.egg-info/entry_points.txt
[0.911s] writing requirements to ../../build/human_follow/human_follow.egg-info/requires.txt
[0.912s] writing top-level names to ../../build/human_follow/human_follow.egg-info/top_level.txt
[0.912s] writing manifest file '../../build/human_follow/human_follow.egg-info/SOURCES.txt'
[0.913s] reading manifest file '../../build/human_follow/human_follow.egg-info/SOURCES.txt'
[0.914s] writing manifest file '../../build/human_follow/human_follow.egg-info/SOURCES.txt'
[0.914s] running build
[0.914s] running build_py
[0.914s] creating /home/doanh/robot_detect/build/human_follow/build
[0.914s] creating /home/doanh/robot_detect/build/human_follow/build/lib
[0.915s] creating /home/doanh/robot_detect/build/human_follow/build/lib/human_follow
[0.915s] copying human_follow/__init__.py -> /home/doanh/robot_detect/build/human_follow/build/lib/human_follow
[0.915s] copying human_follow/human_follow.py -> /home/doanh/robot_detect/build/human_follow/build/lib/human_follow
[0.915s] running install
[0.915s] running install_lib
[0.916s] creating /home/doanh/robot_detect/install/human_follow/lib/python3.10/site-packages/human_follow
[0.916s] copying /home/doanh/robot_detect/build/human_follow/build/lib/human_follow/__init__.py -> /home/doanh/robot_detect/install/human_follow/lib/python3.10/site-packages/human_follow
[0.916s] copying /home/doanh/robot_detect/build/human_follow/build/lib/human_follow/human_follow.py -> /home/doanh/robot_detect/install/human_follow/lib/python3.10/site-packages/human_follow
[0.917s] byte-compiling /home/doanh/robot_detect/install/human_follow/lib/python3.10/site-packages/human_follow/__init__.py to __init__.cpython-310.pyc
[0.917s] byte-compiling /home/doanh/robot_detect/install/human_follow/lib/python3.10/site-packages/human_follow/human_follow.py to human_follow.cpython-310.pyc
[0.917s] running install_data
[0.917s] creating /home/doanh/robot_detect/install/human_follow/share/ament_index
[0.917s] creating /home/doanh/robot_detect/install/human_follow/share/ament_index/resource_index
[0.917s] creating /home/doanh/robot_detect/install/human_follow/share/ament_index/resource_index/packages
[0.918s] copying resource/human_follow -> /home/doanh/robot_detect/install/human_follow/share/ament_index/resource_index/packages
[0.918s] copying package.xml -> /home/doanh/robot_detect/install/human_follow/share/human_follow
[0.918s] running install_egg_info
[0.919s] Copying ../../build/human_follow/human_follow.egg-info to /home/doanh/robot_detect/install/human_follow/lib/python3.10/site-packages/human_follow-0.0.0-py3.10.egg-info
[0.920s] running install_scripts
[0.939s] Installing follow_human script to /home/doanh/robot_detect/install/human_follow/lib/human_follow
[0.939s] writing list of installed files to '/home/doanh/robot_detect/build/human_follow/install.log'
[0.963s] Invoked command in '/home/doanh/robot_detect/src/human_follow' returned '0': PYTHONPATH=/home/doanh/robot_detect/build/human_follow/prefix_override:/usr/lib/python3/dist-packages/colcon_core/task/python/colcon_distutils_commands:/home/doanh/robot_detect/install/human_follow/lib/python3.10/site-packages:${PYTHONPATH} /usr/bin/python3 -W ignore:setup.py install is deprecated -W ignore:easy_install command is deprecated setup.py egg_info --egg-base ../../build/human_follow build --build-base /home/doanh/robot_detect/build/human_follow/build install --record /home/doanh/robot_detect/build/human_follow/install.log --single-version-externally-managed install_data
