[2.378s] Invoking command in '/home/doanh/robot_detect/src/robot_simulation': PYTHONPATH=/home/doanh/robot_detect/build/robot_simulation/prefix_override:/usr/lib/python3/dist-packages/colcon_core/task/python/colcon_distutils_commands:/home/doanh/robot_detect/install/robot_simulation/lib/python3.10/site-packages:${PYTHONPATH} /usr/bin/python3 -W ignore:setup.py install is deprecated -W ignore:easy_install command is deprecated setup.py egg_info --egg-base ../../build/robot_simulation build --build-base /home/doanh/robot_detect/build/robot_simulation/build install --record /home/doanh/robot_detect/build/robot_simulation/install.log --single-version-externally-managed install_data
[2.746s] running egg_info
[2.747s] writing ../../build/robot_simulation/robot_simulation.egg-info/PKG-INFO
[2.747s] writing dependency_links to ../../build/robot_simulation/robot_simulation.egg-info/dependency_links.txt
[2.747s] writing entry points to ../../build/robot_simulation/robot_simulation.egg-info/entry_points.txt
[2.747s] writing requirements to ../../build/robot_simulation/robot_simulation.egg-info/requires.txt
[2.748s] writing top-level names to ../../build/robot_simulation/robot_simulation.egg-info/top_level.txt
[2.749s] reading manifest file '../../build/robot_simulation/robot_simulation.egg-info/SOURCES.txt'
[2.750s] writing manifest file '../../build/robot_simulation/robot_simulation.egg-info/SOURCES.txt'
[2.751s] running build
[2.751s] running build_py
[2.751s] running install
[2.751s] running install_lib
[2.752s] running install_data
[2.752s] running install_egg_info
[2.756s] removing '/home/doanh/robot_detect/install/robot_simulation/lib/python3.10/site-packages/robot_simulation-0.0.0-py3.10.egg-info' (and everything under it)
[2.756s] Copying ../../build/robot_simulation/robot_simulation.egg-info to /home/doanh/robot_detect/install/robot_simulation/lib/python3.10/site-packages/robot_simulation-0.0.0-py3.10.egg-info
[2.757s] running install_scripts
[2.790s] writing list of installed files to '/home/doanh/robot_detect/build/robot_simulation/install.log'
[2.827s] Invoked command in '/home/doanh/robot_detect/src/robot_simulation' returned '0': PYTHONPATH=/home/doanh/robot_detect/build/robot_simulation/prefix_override:/usr/lib/python3/dist-packages/colcon_core/task/python/colcon_distutils_commands:/home/doanh/robot_detect/install/robot_simulation/lib/python3.10/site-packages:${PYTHONPATH} /usr/bin/python3 -W ignore:setup.py install is deprecated -W ignore:easy_install command is deprecated setup.py egg_info --egg-base ../../build/robot_simulation build --build-base /home/doanh/robot_detect/build/robot_simulation/build install --record /home/doanh/robot_detect/build/robot_simulation/install.log --single-version-externally-managed install_data
