[0.765s] Invoking command in '/home/doanh/robot_detect/src/follow_human': PYTHONPATH=/home/doanh/robot_detect/build/follow_human/prefix_override:/usr/lib/python3/dist-packages/colcon_core/task/python/colcon_distutils_commands:/home/doanh/robot_detect/install/follow_human/lib/python3.10/site-packages:${PYTHONPATH} /usr/bin/python3 -W ignore:setup.py install is deprecated -W ignore:easy_install command is deprecated setup.py egg_info --egg-base ../../build/follow_human build --build-base /home/doanh/robot_detect/build/follow_human/build install --record /home/doanh/robot_detect/build/follow_human/install.log --single-version-externally-managed install_data
[1.012s] running egg_info
[1.014s] writing ../../build/follow_human/follow_human.egg-info/PKG-INFO
[1.014s] writing dependency_links to ../../build/follow_human/follow_human.egg-info/dependency_links.txt
[1.014s] writing entry points to ../../build/follow_human/follow_human.egg-info/entry_points.txt
[1.014s] writing requirements to ../../build/follow_human/follow_human.egg-info/requires.txt
[1.014s] writing top-level names to ../../build/follow_human/follow_human.egg-info/top_level.txt
[1.016s] reading manifest file '../../build/follow_human/follow_human.egg-info/SOURCES.txt'
[1.017s] writing manifest file '../../build/follow_human/follow_human.egg-info/SOURCES.txt'
[1.017s] running build
[1.017s] running build_py
[1.017s] running install
[1.018s] running install_lib
[1.019s] running install_data
[1.019s] running install_egg_info
[1.020s] removing '/home/doanh/robot_detect/install/follow_human/lib/python3.10/site-packages/follow_human-0.0.0-py3.10.egg-info' (and everything under it)
[1.021s] Copying ../../build/follow_human/follow_human.egg-info to /home/doanh/robot_detect/install/follow_human/lib/python3.10/site-packages/follow_human-0.0.0-py3.10.egg-info
[1.021s] running install_scripts
[1.043s] Installing follow_human script to /home/doanh/robot_detect/install/follow_human/lib/follow_human
[1.043s] Installing human_position_publisher script to /home/doanh/robot_detect/install/follow_human/lib/follow_human
[1.043s] writing list of installed files to '/home/doanh/robot_detect/build/follow_human/install.log'
[1.071s] Invoked command in '/home/doanh/robot_detect/src/follow_human' returned '0': PYTHONPATH=/home/doanh/robot_detect/build/follow_human/prefix_override:/usr/lib/python3/dist-packages/colcon_core/task/python/colcon_distutils_commands:/home/doanh/robot_detect/install/follow_human/lib/python3.10/site-packages:${PYTHONPATH} /usr/bin/python3 -W ignore:setup.py install is deprecated -W ignore:easy_install command is deprecated setup.py egg_info --egg-base ../../build/follow_human build --build-base /home/doanh/robot_detect/build/follow_human/build install --record /home/doanh/robot_detect/build/follow_human/install.log --single-version-externally-managed install_data
