[0.714s] Invoking command in '/home/doanh/robot_detect/src/follow_human': PYTHONPATH=/home/doanh/robot_detect/build/follow_human/prefix_override:/usr/lib/python3/dist-packages/colcon_core/task/python/colcon_distutils_commands:/home/doanh/robot_detect/install/follow_human/lib/python3.10/site-packages:${PYTHONPATH} /usr/bin/python3 -W ignore:setup.py install is deprecated -W ignore:easy_install command is deprecated setup.py egg_info --egg-base ../../build/follow_human build --build-base /home/doanh/robot_detect/build/follow_human/build install --record /home/doanh/robot_detect/build/follow_human/install.log --single-version-externally-managed install_data
[0.941s] running egg_info
[0.942s] writing ../../build/follow_human/follow_human.egg-info/PKG-INFO
[0.942s] writing dependency_links to ../../build/follow_human/follow_human.egg-info/dependency_links.txt
[0.942s] writing entry points to ../../build/follow_human/follow_human.egg-info/entry_points.txt
[0.942s] writing requirements to ../../build/follow_human/follow_human.egg-info/requires.txt
[0.942s] writing top-level names to ../../build/follow_human/follow_human.egg-info/top_level.txt
[0.944s] reading manifest file '../../build/follow_human/follow_human.egg-info/SOURCES.txt'
[0.944s] writing manifest file '../../build/follow_human/follow_human.egg-info/SOURCES.txt'
[0.945s] running build
[0.945s] running build_py
[0.945s] copying follow_human/follow_human.py -> /home/doanh/robot_detect/build/follow_human/build/lib/follow_human
[0.945s] running install
[0.945s] running install_lib
[0.946s] copying /home/doanh/robot_detect/build/follow_human/build/lib/follow_human/follow_human.py -> /home/doanh/robot_detect/install/follow_human/lib/python3.10/site-packages/follow_human
[0.947s] byte-compiling /home/doanh/robot_detect/install/follow_human/lib/python3.10/site-packages/follow_human/follow_human.py to follow_human.cpython-310.pyc
[0.947s] running install_data
[0.947s] running install_egg_info
[0.949s] removing '/home/doanh/robot_detect/install/follow_human/lib/python3.10/site-packages/follow_human-0.0.0-py3.10.egg-info' (and everything under it)
[0.949s] Copying ../../build/follow_human/follow_human.egg-info to /home/doanh/robot_detect/install/follow_human/lib/python3.10/site-packages/follow_human-0.0.0-py3.10.egg-info
[0.949s] running install_scripts
[0.968s] Installing follow_human script to /home/doanh/robot_detect/install/follow_human/lib/follow_human
[0.968s] Installing human_position_publisher script to /home/doanh/robot_detect/install/follow_human/lib/follow_human
[0.969s] writing list of installed files to '/home/doanh/robot_detect/build/follow_human/install.log'
[0.991s] Invoked command in '/home/doanh/robot_detect/src/follow_human' returned '0': PYTHONPATH=/home/doanh/robot_detect/build/follow_human/prefix_override:/usr/lib/python3/dist-packages/colcon_core/task/python/colcon_distutils_commands:/home/doanh/robot_detect/install/follow_human/lib/python3.10/site-packages:${PYTHONPATH} /usr/bin/python3 -W ignore:setup.py install is deprecated -W ignore:easy_install command is deprecated setup.py egg_info --egg-base ../../build/follow_human build --build-base /home/doanh/robot_detect/build/follow_human/build install --record /home/doanh/robot_detect/build/follow_human/install.log --single-version-externally-managed install_data
