[2.285s] Invoking command in '/home/doanh/robot_detect/src/follow_human': PYTHONPATH=/home/doanh/robot_detect/build/follow_human/prefix_override:/usr/lib/python3/dist-packages/colcon_core/task/python/colcon_distutils_commands:/home/doanh/robot_detect/install/follow_human/lib/python3.10/site-packages:${PYTHONPATH} /usr/bin/python3 -W ignore:setup.py install is deprecated -W ignore:easy_install command is deprecated setup.py egg_info --egg-base ../../build/follow_human build --build-base /home/doanh/robot_detect/build/follow_human/build install --record /home/doanh/robot_detect/build/follow_human/install.log --single-version-externally-managed install_data
[2.738s] running egg_info
[2.739s] writing ../../build/follow_human/follow_human.egg-info/PKG-INFO
[2.740s] writing dependency_links to ../../build/follow_human/follow_human.egg-info/dependency_links.txt
[2.740s] writing entry points to ../../build/follow_human/follow_human.egg-info/entry_points.txt
[2.740s] writing requirements to ../../build/follow_human/follow_human.egg-info/requires.txt
[2.740s] writing top-level names to ../../build/follow_human/follow_human.egg-info/top_level.txt
[2.742s] reading manifest file '../../build/follow_human/follow_human.egg-info/SOURCES.txt'
[2.743s] writing manifest file '../../build/follow_human/follow_human.egg-info/SOURCES.txt'
[2.743s] running build
[2.743s] running build_py
[2.744s] copying follow_human/human_position_publisher.py -> /home/doanh/robot_detect/build/follow_human/build/lib/follow_human
[2.744s] running install
[2.745s] running install_lib
[2.746s] copying /home/doanh/robot_detect/build/follow_human/build/lib/follow_human/human_position_publisher.py -> /home/doanh/robot_detect/install/follow_human/lib/python3.10/site-packages/follow_human
[2.747s] byte-compiling /home/doanh/robot_detect/install/follow_human/lib/python3.10/site-packages/follow_human/human_position_publisher.py to human_position_publisher.cpython-310.pyc
[2.748s] running install_data
[2.749s] running install_egg_info
[2.752s] removing '/home/doanh/robot_detect/install/follow_human/lib/python3.10/site-packages/follow_human-0.0.0-py3.10.egg-info' (and everything under it)
[2.752s] Copying ../../build/follow_human/follow_human.egg-info to /home/doanh/robot_detect/install/follow_human/lib/python3.10/site-packages/follow_human-0.0.0-py3.10.egg-info
[2.752s] running install_scripts
[2.774s] Installing follow_human script to /home/doanh/robot_detect/install/follow_human/lib/follow_human
[2.774s] Installing human_position_publisher script to /home/doanh/robot_detect/install/follow_human/lib/follow_human
[2.774s] writing list of installed files to '/home/doanh/robot_detect/build/follow_human/install.log'
[2.819s] Invoked command in '/home/doanh/robot_detect/src/follow_human' returned '0': PYTHONPATH=/home/doanh/robot_detect/build/follow_human/prefix_override:/usr/lib/python3/dist-packages/colcon_core/task/python/colcon_distutils_commands:/home/doanh/robot_detect/install/follow_human/lib/python3.10/site-packages:${PYTHONPATH} /usr/bin/python3 -W ignore:setup.py install is deprecated -W ignore:easy_install command is deprecated setup.py egg_info --egg-base ../../build/follow_human build --build-base /home/doanh/robot_detect/build/follow_human/build install --record /home/doanh/robot_detect/build/follow_human/install.log --single-version-externally-managed install_data
