[0.742s] Invoking command in '/home/doanh/robot_detect/build/robot_recognition': CMAKE_PREFIX_PATH=${CMAKE_PREFIX_PATH}:/home/doanh/go2_robot/install/speech_processor:/home/doanh/go2_robot/install/reset_odom:/home/doanh/go2_robot/install/livox_to_laserscan:/home/doanh/go2_robot/install/lidar_processor:/home/doanh/go2_robot/install/go2_robot_sdk:/home/doanh/go2_robot/install/coco_detector:/home/doanh/mrdoanh_projects/install/speech_processor:/home/doanh/mrdoanh_projects/install/lidar_processor:/home/doanh/mrdoanh_projects/install/go2_robot_sdk:/home/doanh/mrdoanh_projects/install/coco_detector:/home/doanh/new/mrdoanh_projects/install/speech_processor:/home/doanh/new/mrdoanh_projects/install/lidar_processor:/home/doanh/new/mrdoanh_projects/install/go2_robot_sdk:/home/doanh/new/mrdoanh_projects/install/coco_detector:/opt/ros/humble /home/doanh/.local/bin/cmake /home/doanh/robot_detect/src/robot_recognition -DCMAKE_INSTALL_PREFIX=/home/doanh/robot_detect/install/robot_recognition
[0.989s] -- The C compiler identification is GNU 11.4.0
[0.990s] -- The CXX compiler identification is GNU 11.4.0
[0.990s] -- Detecting C compiler ABI info
[0.990s] [0mCMake Deprecation Warning at CMakeLists.txt:1 (cmake_minimum_required):
[0.990s]   Compatibility with CMake < 3.10 will be removed from a future version of
[0.990s]   CMake.
[0.990s] 
[0.990s]   Update the VERSION argument <min> value.  Or, use the <min>...<max> syntax
[0.990s]   to tell CMake that the project requires at least <min> but has been updated
[0.990s]   to work with policies introduced by <max> or earlier.
[0.990s] 
[0.990s] [0m
[0.993s] -- Detecting C compiler ABI info - done
[1.006s] -- Check for working C compiler: /usr/bin/cc - skipped
[1.006s] -- Detecting C compile features
[1.007s] -- Detecting C compile features - done
[1.025s] -- Detecting CXX compiler ABI info
[1.102s] -- Detecting CXX compiler ABI info - done
[1.128s] -- Check for working CXX compiler: /usr/bin/c++ - skipped
[1.128s] -- Detecting CXX compile features
[1.129s] -- Detecting CXX compile features - done
[1.148s] -- Found ament_cmake: 1.3.12 (/opt/ros/humble/share/ament_cmake/cmake)
[1.316s] -- Found Python3: /usr/bin/python3 (found version "3.10.12") found components: Interpreter
[1.525s] -- Found ament_lint_auto: 0.12.14 (/opt/ros/humble/share/ament_lint_auto/cmake)
[1.746s] -- Added test 'copyright' to check source files copyright and LICENSE
[1.750s] -- Added test 'flake8' to check Python code syntax and style conventions
[1.753s] -- Added test 'lint_cmake' to check CMake code style
[1.755s] -- Added test 'pep257' to check Python code against some of the docstring style conventions in PEP 257
[1.757s] -- Added test 'xmllint' to check XML markup files
[1.762s] -- Configuring done (0.9s)
[1.767s] -- Generating done (0.0s)
[1.769s] -- Build files have been written to: /home/doanh/robot_detect/build/robot_recognition
[1.780s] Invoked command in '/home/doanh/robot_detect/build/robot_recognition' returned '0': CMAKE_PREFIX_PATH=${CMAKE_PREFIX_PATH}:/home/doanh/go2_robot/install/speech_processor:/home/doanh/go2_robot/install/reset_odom:/home/doanh/go2_robot/install/livox_to_laserscan:/home/doanh/go2_robot/install/lidar_processor:/home/doanh/go2_robot/install/go2_robot_sdk:/home/doanh/go2_robot/install/coco_detector:/home/doanh/mrdoanh_projects/install/speech_processor:/home/doanh/mrdoanh_projects/install/lidar_processor:/home/doanh/mrdoanh_projects/install/go2_robot_sdk:/home/doanh/mrdoanh_projects/install/coco_detector:/home/doanh/new/mrdoanh_projects/install/speech_processor:/home/doanh/new/mrdoanh_projects/install/lidar_processor:/home/doanh/new/mrdoanh_projects/install/go2_robot_sdk:/home/doanh/new/mrdoanh_projects/install/coco_detector:/opt/ros/humble /home/doanh/.local/bin/cmake /home/doanh/robot_detect/src/robot_recognition -DCMAKE_INSTALL_PREFIX=/home/doanh/robot_detect/install/robot_recognition
[1.783s] Invoking command in '/home/doanh/robot_detect/build/robot_recognition': CMAKE_PREFIX_PATH=${CMAKE_PREFIX_PATH}:/home/doanh/go2_robot/install/speech_processor:/home/doanh/go2_robot/install/reset_odom:/home/doanh/go2_robot/install/livox_to_laserscan:/home/doanh/go2_robot/install/lidar_processor:/home/doanh/go2_robot/install/go2_robot_sdk:/home/doanh/go2_robot/install/coco_detector:/home/doanh/mrdoanh_projects/install/speech_processor:/home/doanh/mrdoanh_projects/install/lidar_processor:/home/doanh/mrdoanh_projects/install/go2_robot_sdk:/home/doanh/mrdoanh_projects/install/coco_detector:/home/doanh/new/mrdoanh_projects/install/speech_processor:/home/doanh/new/mrdoanh_projects/install/lidar_processor:/home/doanh/new/mrdoanh_projects/install/go2_robot_sdk:/home/doanh/new/mrdoanh_projects/install/coco_detector:/opt/ros/humble /home/doanh/.local/bin/cmake --build /home/doanh/robot_detect/build/robot_recognition -- -j12 -l12
[1.888s] Invoked command in '/home/doanh/robot_detect/build/robot_recognition' returned '0': CMAKE_PREFIX_PATH=${CMAKE_PREFIX_PATH}:/home/doanh/go2_robot/install/speech_processor:/home/doanh/go2_robot/install/reset_odom:/home/doanh/go2_robot/install/livox_to_laserscan:/home/doanh/go2_robot/install/lidar_processor:/home/doanh/go2_robot/install/go2_robot_sdk:/home/doanh/go2_robot/install/coco_detector:/home/doanh/mrdoanh_projects/install/speech_processor:/home/doanh/mrdoanh_projects/install/lidar_processor:/home/doanh/mrdoanh_projects/install/go2_robot_sdk:/home/doanh/mrdoanh_projects/install/coco_detector:/home/doanh/new/mrdoanh_projects/install/speech_processor:/home/doanh/new/mrdoanh_projects/install/lidar_processor:/home/doanh/new/mrdoanh_projects/install/go2_robot_sdk:/home/doanh/new/mrdoanh_projects/install/coco_detector:/opt/ros/humble /home/doanh/.local/bin/cmake --build /home/doanh/robot_detect/build/robot_recognition -- -j12 -l12
[1.991s] Invoking command in '/home/doanh/robot_detect/build/robot_recognition': CMAKE_PREFIX_PATH=${CMAKE_PREFIX_PATH}:/home/doanh/go2_robot/install/speech_processor:/home/doanh/go2_robot/install/reset_odom:/home/doanh/go2_robot/install/livox_to_laserscan:/home/doanh/go2_robot/install/lidar_processor:/home/doanh/go2_robot/install/go2_robot_sdk:/home/doanh/go2_robot/install/coco_detector:/home/doanh/mrdoanh_projects/install/speech_processor:/home/doanh/mrdoanh_projects/install/lidar_processor:/home/doanh/mrdoanh_projects/install/go2_robot_sdk:/home/doanh/mrdoanh_projects/install/coco_detector:/home/doanh/new/mrdoanh_projects/install/speech_processor:/home/doanh/new/mrdoanh_projects/install/lidar_processor:/home/doanh/new/mrdoanh_projects/install/go2_robot_sdk:/home/doanh/new/mrdoanh_projects/install/coco_detector:/opt/ros/humble /home/doanh/.local/bin/cmake --install /home/doanh/robot_detect/build/robot_recognition
[2.078s] -- Install configuration: ""
[2.078s] -- Installing: /home/doanh/robot_detect/install/robot_recognition/share/robot_recognition//scripts
[2.079s] -- Installing: /home/doanh/robot_detect/install/robot_recognition/share/robot_recognition//scripts/yolov8_ros2_pt.py
[2.079s] -- Installing: /home/doanh/robot_detect/install/robot_recognition/share/robot_recognition//scripts/yolov8n.pt
[2.088s] -- Installing: /home/doanh/robot_detect/install/robot_recognition/share/robot_recognition//scripts/yolov8_ros2_subscriber.py
[2.089s] -- Installing: /home/doanh/robot_detect/install/robot_recognition/share/robot_recognition//launch
[2.090s] -- Installing: /home/doanh/robot_detect/install/robot_recognition/share/robot_recognition//launch/launch_yolov8.launch.py
[2.090s] -- Installing: /home/doanh/robot_detect/install/robot_recognition/lib/robot_recognition/yolov8_ros2_pt.py
[2.090s] -- Installing: /home/doanh/robot_detect/install/robot_recognition/lib/robot_recognition/yolov8_ros2_subscriber.py
[2.091s] -- Installing: /home/doanh/robot_detect/install/robot_recognition/lib/robot_recognition/launch_yolov8.launch.py
[2.091s] -- Installing: /home/doanh/robot_detect/install/robot_recognition/share/ament_index/resource_index/package_run_dependencies/robot_recognition
[2.092s] -- Installing: /home/doanh/robot_detect/install/robot_recognition/share/ament_index/resource_index/parent_prefix_path/robot_recognition
[2.093s] -- Installing: /home/doanh/robot_detect/install/robot_recognition/share/robot_recognition/environment/ament_prefix_path.sh
[2.094s] -- Installing: /home/doanh/robot_detect/install/robot_recognition/share/robot_recognition/environment/ament_prefix_path.dsv
[2.094s] -- Installing: /home/doanh/robot_detect/install/robot_recognition/share/robot_recognition/environment/path.sh
[2.094s] -- Installing: /home/doanh/robot_detect/install/robot_recognition/share/robot_recognition/environment/path.dsv
[2.094s] -- Installing: /home/doanh/robot_detect/install/robot_recognition/share/robot_recognition/local_setup.bash
[2.094s] -- Installing: /home/doanh/robot_detect/install/robot_recognition/share/robot_recognition/local_setup.sh
[2.094s] -- Installing: /home/doanh/robot_detect/install/robot_recognition/share/robot_recognition/local_setup.zsh
[2.094s] -- Installing: /home/doanh/robot_detect/install/robot_recognition/share/robot_recognition/local_setup.dsv
[2.095s] -- Installing: /home/doanh/robot_detect/install/robot_recognition/share/robot_recognition/package.dsv
[2.095s] -- Installing: /home/doanh/robot_detect/install/robot_recognition/share/ament_index/resource_index/packages/robot_recognition
[2.095s] -- Installing: /home/doanh/robot_detect/install/robot_recognition/share/robot_recognition/cmake/robot_recognitionConfig.cmake
[2.095s] -- Installing: /home/doanh/robot_detect/install/robot_recognition/share/robot_recognition/cmake/robot_recognitionConfig-version.cmake
[2.095s] -- Installing: /home/doanh/robot_detect/install/robot_recognition/share/robot_recognition/package.xml
[2.096s] Invoked command in '/home/doanh/robot_detect/build/robot_recognition' returned '0': CMAKE_PREFIX_PATH=${CMAKE_PREFIX_PATH}:/home/doanh/go2_robot/install/speech_processor:/home/doanh/go2_robot/install/reset_odom:/home/doanh/go2_robot/install/livox_to_laserscan:/home/doanh/go2_robot/install/lidar_processor:/home/doanh/go2_robot/install/go2_robot_sdk:/home/doanh/go2_robot/install/coco_detector:/home/doanh/mrdoanh_projects/install/speech_processor:/home/doanh/mrdoanh_projects/install/lidar_processor:/home/doanh/mrdoanh_projects/install/go2_robot_sdk:/home/doanh/mrdoanh_projects/install/coco_detector:/home/doanh/new/mrdoanh_projects/install/speech_processor:/home/doanh/new/mrdoanh_projects/install/lidar_processor:/home/doanh/new/mrdoanh_projects/install/go2_robot_sdk:/home/doanh/new/mrdoanh_projects/install/coco_detector:/opt/ros/humble /home/doanh/.local/bin/cmake --install /home/doanh/robot_detect/build/robot_recognition
