running egg_info
creating ../../build/robot_navigation/robot_navigation.egg-info
writing ../../build/robot_navigation/robot_navigation.egg-info/PKG-INFO
writing dependency_links to ../../build/robot_navigation/robot_navigation.egg-info/dependency_links.txt
writing entry points to ../../build/robot_navigation/robot_navigation.egg-info/entry_points.txt
writing requirements to ../../build/robot_navigation/robot_navigation.egg-info/requires.txt
writing top-level names to ../../build/robot_navigation/robot_navigation.egg-info/top_level.txt
writing manifest file '../../build/robot_navigation/robot_navigation.egg-info/SOURCES.txt'
reading manifest file '../../build/robot_navigation/robot_navigation.egg-info/SOURCES.txt'
writing manifest file '../../build/robot_navigation/robot_navigation.egg-info/SOURCES.txt'
running build
running build_py
creating /home/doanh/robot_detect/build/robot_navigation/build
creating /home/doanh/robot_detect/build/robot_navigation/build/lib
creating /home/doanh/robot_detect/build/robot_navigation/build/lib/robot_navigation
copying robot_navigation/__init__.py -> /home/doanh/robot_detect/build/robot_navigation/build/lib/robot_navigation
running install
running install_lib
creating /home/doanh/robot_detect/install/robot_navigation/lib/python3.10/site-packages/robot_navigation
copying /home/doanh/robot_detect/build/robot_navigation/build/lib/robot_navigation/__init__.py -> /home/doanh/robot_detect/install/robot_navigation/lib/python3.10/site-packages/robot_navigation
byte-compiling /home/doanh/robot_detect/install/robot_navigation/lib/python3.10/site-packages/robot_navigation/__init__.py to __init__.cpython-310.pyc
running install_data
creating /home/doanh/robot_detect/install/robot_navigation/share/ament_index
creating /home/doanh/robot_detect/install/robot_navigation/share/ament_index/resource_index
creating /home/doanh/robot_detect/install/robot_navigation/share/ament_index/resource_index/packages
copying resource/robot_navigation -> /home/doanh/robot_detect/install/robot_navigation/share/ament_index/resource_index/packages
copying package.xml -> /home/doanh/robot_detect/install/robot_navigation/share/robot_navigation
creating /home/doanh/robot_detect/install/robot_navigation/share/robot_navigation/launch
copying launch/navigation.launch.py -> /home/doanh/robot_detect/install/robot_navigation/share/robot_navigation/launch
creating /home/doanh/robot_detect/install/robot_navigation/share/robot_navigation/config
copying config/nav2_params.yaml -> /home/doanh/robot_detect/install/robot_navigation/share/robot_navigation/config
creating /home/doanh/robot_detect/install/robot_navigation/share/robot_navigation/maps
copying maps/map.pgm -> /home/doanh/robot_detect/install/robot_navigation/share/robot_navigation/maps
copying maps/my_map.pgm -> /home/doanh/robot_detect/install/robot_navigation/share/robot_navigation/maps
copying maps/my_map.yaml -> /home/doanh/robot_detect/install/robot_navigation/share/robot_navigation/maps
copying maps/map.yaml -> /home/doanh/robot_detect/install/robot_navigation/share/robot_navigation/maps
creating /home/doanh/robot_detect/install/robot_navigation/share/robot_navigation/rviz
running install_egg_info
Copying ../../build/robot_navigation/robot_navigation.egg-info to /home/doanh/robot_detect/install/robot_navigation/lib/python3.10/site-packages/robot_navigation-0.0.0-py3.10.egg-info
running install_scripts
writing list of installed files to '/home/doanh/robot_detect/build/robot_navigation/install.log'
