[1.798s] Invoking command in '/home/doanh/robot_detect/src/robot_joy': PYTHONPATH=/home/doanh/robot_detect/build/robot_joy/prefix_override:/usr/lib/python3/dist-packages/colcon_core/task/python/colcon_distutils_commands:/home/doanh/robot_detect/install/robot_joy/lib/python3.10/site-packages:${PYTHONPATH} /usr/bin/python3 -W ignore:setup.py install is deprecated -W ignore:easy_install command is deprecated setup.py egg_info --egg-base ../../build/robot_joy build --build-base /home/doanh/robot_detect/build/robot_joy/build install --record /home/doanh/robot_detect/build/robot_joy/install.log --single-version-externally-managed install_data
[2.079s] running egg_info
[2.080s] creating ../../build/robot_joy/robot_joy.egg-info
[2.080s] writing ../../build/robot_joy/robot_joy.egg-info/PKG-INFO
[2.080s] writing dependency_links to ../../build/robot_joy/robot_joy.egg-info/dependency_links.txt
[2.080s] writing entry points to ../../build/robot_joy/robot_joy.egg-info/entry_points.txt
[2.080s] writing requirements to ../../build/robot_joy/robot_joy.egg-info/requires.txt
[2.081s] writing top-level names to ../../build/robot_joy/robot_joy.egg-info/top_level.txt
[2.081s] writing manifest file '../../build/robot_joy/robot_joy.egg-info/SOURCES.txt'
[2.082s] reading manifest file '../../build/robot_joy/robot_joy.egg-info/SOURCES.txt'
[2.083s] writing manifest file '../../build/robot_joy/robot_joy.egg-info/SOURCES.txt'
[2.083s] running build
[2.083s] running build_py
[2.083s] creating /home/doanh/robot_detect/build/robot_joy/build
[2.083s] creating /home/doanh/robot_detect/build/robot_joy/build/lib
[2.083s] creating /home/doanh/robot_detect/build/robot_joy/build/lib/robot_joy
[2.084s] copying robot_joy/__init__.py -> /home/doanh/robot_detect/build/robot_joy/build/lib/robot_joy
[2.084s] running install
[2.084s] running install_lib
[2.085s] creating /home/doanh/robot_detect/install/robot_joy/lib/python3.10/site-packages/robot_joy
[2.085s] copying /home/doanh/robot_detect/build/robot_joy/build/lib/robot_joy/__init__.py -> /home/doanh/robot_detect/install/robot_joy/lib/python3.10/site-packages/robot_joy
[2.086s] byte-compiling /home/doanh/robot_detect/install/robot_joy/lib/python3.10/site-packages/robot_joy/__init__.py to __init__.cpython-310.pyc
[2.086s] running install_data
[2.087s] creating /home/doanh/robot_detect/install/robot_joy/share/ament_index
[2.087s] creating /home/doanh/robot_detect/install/robot_joy/share/ament_index/resource_index
[2.087s] creating /home/doanh/robot_detect/install/robot_joy/share/ament_index/resource_index/packages
[2.087s] copying resource/robot_joy -> /home/doanh/robot_detect/install/robot_joy/share/ament_index/resource_index/packages
[2.087s] copying package.xml -> /home/doanh/robot_detect/install/robot_joy/share/robot_joy
[2.087s] creating /home/doanh/robot_detect/install/robot_joy/share/robot_joy/launch
[2.087s] copying launch/joystick.launch.py -> /home/doanh/robot_detect/install/robot_joy/share/robot_joy/launch
[2.087s] creating /home/doanh/robot_detect/install/robot_joy/share/robot_joy/config
[2.087s] copying config/joystick.yaml -> /home/doanh/robot_detect/install/robot_joy/share/robot_joy/config
[2.088s] copying config/twist_mux.yaml -> /home/doanh/robot_detect/install/robot_joy/share/robot_joy/config
[2.088s] running install_egg_info
[2.089s] Copying ../../build/robot_joy/robot_joy.egg-info to /home/doanh/robot_detect/install/robot_joy/lib/python3.10/site-packages/robot_joy-0.0.0-py3.10.egg-info
[2.090s] running install_scripts
[2.119s] writing list of installed files to '/home/doanh/robot_detect/build/robot_joy/install.log'
[2.189s] Invoked command in '/home/doanh/robot_detect/src/robot_joy' returned '0': PYTHONPATH=/home/doanh/robot_detect/build/robot_joy/prefix_override:/usr/lib/python3/dist-packages/colcon_core/task/python/colcon_distutils_commands:/home/doanh/robot_detect/install/robot_joy/lib/python3.10/site-packages:${PYTHONPATH} /usr/bin/python3 -W ignore:setup.py install is deprecated -W ignore:easy_install command is deprecated setup.py egg_info --egg-base ../../build/robot_joy build --build-base /home/doanh/robot_detect/build/robot_joy/build install --record /home/doanh/robot_detect/build/robot_joy/install.log --single-version-externally-managed install_data
