[2.482s] Invoking command in '/home/doanh/robot_detect/src/robot_joy': PYTHONPATH=/home/doanh/robot_detect/build/robot_joy/prefix_override:/usr/lib/python3/dist-packages/colcon_core/task/python/colcon_distutils_commands:/home/doanh/robot_detect/install/robot_joy/lib/python3.10/site-packages:${PYTHONPATH} /usr/bin/python3 -W ignore:setup.py install is deprecated -W ignore:easy_install command is deprecated setup.py egg_info --egg-base ../../build/robot_joy build --build-base /home/doanh/robot_detect/build/robot_joy/build install --record /home/doanh/robot_detect/build/robot_joy/install.log --single-version-externally-managed install_data
[2.927s] running egg_info
[2.928s] writing ../../build/robot_joy/robot_joy.egg-info/PKG-INFO
[2.929s] writing dependency_links to ../../build/robot_joy/robot_joy.egg-info/dependency_links.txt
[2.929s] writing entry points to ../../build/robot_joy/robot_joy.egg-info/entry_points.txt
[2.929s] writing requirements to ../../build/robot_joy/robot_joy.egg-info/requires.txt
[2.929s] writing top-level names to ../../build/robot_joy/robot_joy.egg-info/top_level.txt
[2.931s] reading manifest file '../../build/robot_joy/robot_joy.egg-info/SOURCES.txt'
[2.932s] writing manifest file '../../build/robot_joy/robot_joy.egg-info/SOURCES.txt'
[2.932s] running build
[2.932s] running build_py
[2.932s] running install
[2.932s] running install_lib
[2.934s] running install_data
[2.935s] running install_egg_info
[2.938s] removing '/home/doanh/robot_detect/install/robot_joy/lib/python3.10/site-packages/robot_joy-0.0.0-py3.10.egg-info' (and everything under it)
[2.938s] Copying ../../build/robot_joy/robot_joy.egg-info to /home/doanh/robot_detect/install/robot_joy/lib/python3.10/site-packages/robot_joy-0.0.0-py3.10.egg-info
[2.939s] running install_scripts
[2.958s] writing list of installed files to '/home/doanh/robot_detect/build/robot_joy/install.log'
[2.988s] Invoked command in '/home/doanh/robot_detect/src/robot_joy' returned '0': PYTHONPATH=/home/doanh/robot_detect/build/robot_joy/prefix_override:/usr/lib/python3/dist-packages/colcon_core/task/python/colcon_distutils_commands:/home/doanh/robot_detect/install/robot_joy/lib/python3.10/site-packages:${PYTHONPATH} /usr/bin/python3 -W ignore:setup.py install is deprecated -W ignore:easy_install command is deprecated setup.py egg_info --egg-base ../../build/robot_joy build --build-base /home/doanh/robot_detect/build/robot_joy/build install --record /home/doanh/robot_detect/build/robot_joy/install.log --single-version-externally-managed install_data
