[2.426s] Invoking command in '/home/doanh/robot_detect/src/robot_navigation': PYTHONPATH=/home/doanh/robot_detect/build/robot_navigation/prefix_override:/usr/lib/python3/dist-packages/colcon_core/task/python/colcon_distutils_commands:/home/doanh/robot_detect/install/robot_navigation/lib/python3.10/site-packages:${PYTHONPATH} /usr/bin/python3 -W ignore:setup.py install is deprecated -W ignore:easy_install command is deprecated setup.py egg_info --egg-base ../../build/robot_navigation build --build-base /home/doanh/robot_detect/build/robot_navigation/build install --record /home/doanh/robot_detect/build/robot_navigation/install.log --single-version-externally-managed install_data
[2.752s] running egg_info
[2.754s] writing ../../build/robot_navigation/robot_navigation.egg-info/PKG-INFO
[2.754s] writing dependency_links to ../../build/robot_navigation/robot_navigation.egg-info/dependency_links.txt
[2.754s] writing entry points to ../../build/robot_navigation/robot_navigation.egg-info/entry_points.txt
[2.754s] writing requirements to ../../build/robot_navigation/robot_navigation.egg-info/requires.txt
[2.754s] writing top-level names to ../../build/robot_navigation/robot_navigation.egg-info/top_level.txt
[2.756s] reading manifest file '../../build/robot_navigation/robot_navigation.egg-info/SOURCES.txt'
[2.757s] writing manifest file '../../build/robot_navigation/robot_navigation.egg-info/SOURCES.txt'
[2.757s] running build
[2.758s] running build_py
[2.758s] running install
[2.758s] running install_lib
[2.759s] running install_data
[2.760s] running install_egg_info
[2.762s] removing '/home/doanh/robot_detect/install/robot_navigation/lib/python3.10/site-packages/robot_navigation-0.0.0-py3.10.egg-info' (and everything under it)
[2.763s] Copying ../../build/robot_navigation/robot_navigation.egg-info to /home/doanh/robot_detect/install/robot_navigation/lib/python3.10/site-packages/robot_navigation-0.0.0-py3.10.egg-info
[2.764s] running install_scripts
[2.787s] writing list of installed files to '/home/doanh/robot_detect/build/robot_navigation/install.log'
[2.835s] Invoked command in '/home/doanh/robot_detect/src/robot_navigation' returned '0': PYTHONPATH=/home/doanh/robot_detect/build/robot_navigation/prefix_override:/usr/lib/python3/dist-packages/colcon_core/task/python/colcon_distutils_commands:/home/doanh/robot_detect/install/robot_navigation/lib/python3.10/site-packages:${PYTHONPATH} /usr/bin/python3 -W ignore:setup.py install is deprecated -W ignore:easy_install command is deprecated setup.py egg_info --egg-base ../../build/robot_navigation build --build-base /home/doanh/robot_detect/build/robot_navigation/build install --record /home/doanh/robot_detect/build/robot_navigation/install.log --single-version-externally-managed install_data
