[1.053s] Invoking command in '/home/doanh/robot_detect/build/robot_recognition': CMAKE_PREFIX_PATH=${CMAKE_PREFIX_PATH}:/home/doanh/robot_detect/install/robot_simulation:/home/doanh/robot_detect/install/robot_navigation:/home/doanh/robot_detect/install/robot_mapping:/home/doanh/robot_detect/install/robot_joy:/home/doanh/robot_detect/install/human_follow:/home/doanh/robot_detect/install/follow_human:/home/doanh/go2_robot/install/speech_processor:/home/doanh/go2_robot/install/reset_odom:/home/doanh/go2_robot/install/livox_to_laserscan:/home/doanh/go2_robot/install/lidar_processor:/home/doanh/go2_robot/install/go2_robot_sdk:/home/doanh/go2_robot/install/coco_detector:/home/doanh/mrdoanh_projects/install/speech_processor:/home/doanh/mrdoanh_projects/install/lidar_processor:/home/doanh/mrdoanh_projects/install/go2_robot_sdk:/home/doanh/mrdoanh_projects/install/coco_detector:/home/doanh/new/mrdoanh_projects/install/speech_processor:/home/doanh/new/mrdoanh_projects/install/lidar_processor:/home/doanh/new/mrdoanh_projects/install/go2_robot_sdk:/home/doanh/new/mrdoanh_projects/install/coco_detector:/opt/ros/humble /home/doanh/.local/bin/cmake --build /home/doanh/robot_detect/build/robot_recognition -- -j12 -l12
[1.324s] Invoked command in '/home/doanh/robot_detect/build/robot_recognition' returned '0': CMAKE_PREFIX_PATH=${CMAKE_PREFIX_PATH}:/home/doanh/robot_detect/install/robot_simulation:/home/doanh/robot_detect/install/robot_navigation:/home/doanh/robot_detect/install/robot_mapping:/home/doanh/robot_detect/install/robot_joy:/home/doanh/robot_detect/install/human_follow:/home/doanh/robot_detect/install/follow_human:/home/doanh/go2_robot/install/speech_processor:/home/doanh/go2_robot/install/reset_odom:/home/doanh/go2_robot/install/livox_to_laserscan:/home/doanh/go2_robot/install/lidar_processor:/home/doanh/go2_robot/install/go2_robot_sdk:/home/doanh/go2_robot/install/coco_detector:/home/doanh/mrdoanh_projects/install/speech_processor:/home/doanh/mrdoanh_projects/install/lidar_processor:/home/doanh/mrdoanh_projects/install/go2_robot_sdk:/home/doanh/mrdoanh_projects/install/coco_detector:/home/doanh/new/mrdoanh_projects/install/speech_processor:/home/doanh/new/mrdoanh_projects/install/lidar_processor:/home/doanh/new/mrdoanh_projects/install/go2_robot_sdk:/home/doanh/new/mrdoanh_projects/install/coco_detector:/opt/ros/humble /home/doanh/.local/bin/cmake --build /home/doanh/robot_detect/build/robot_recognition -- -j12 -l12
[1.397s] Invoking command in '/home/doanh/robot_detect/build/robot_recognition': CMAKE_PREFIX_PATH=${CMAKE_PREFIX_PATH}:/home/doanh/robot_detect/install/robot_simulation:/home/doanh/robot_detect/install/robot_navigation:/home/doanh/robot_detect/install/robot_mapping:/home/doanh/robot_detect/install/robot_joy:/home/doanh/robot_detect/install/human_follow:/home/doanh/robot_detect/install/follow_human:/home/doanh/go2_robot/install/speech_processor:/home/doanh/go2_robot/install/reset_odom:/home/doanh/go2_robot/install/livox_to_laserscan:/home/doanh/go2_robot/install/lidar_processor:/home/doanh/go2_robot/install/go2_robot_sdk:/home/doanh/go2_robot/install/coco_detector:/home/doanh/mrdoanh_projects/install/speech_processor:/home/doanh/mrdoanh_projects/install/lidar_processor:/home/doanh/mrdoanh_projects/install/go2_robot_sdk:/home/doanh/mrdoanh_projects/install/coco_detector:/home/doanh/new/mrdoanh_projects/install/speech_processor:/home/doanh/new/mrdoanh_projects/install/lidar_processor:/home/doanh/new/mrdoanh_projects/install/go2_robot_sdk:/home/doanh/new/mrdoanh_projects/install/coco_detector:/opt/ros/humble /home/doanh/.local/bin/cmake --install /home/doanh/robot_detect/build/robot_recognition
[1.487s] -- Install configuration: ""
[1.487s] -- Up-to-date: /home/doanh/robot_detect/install/robot_recognition/share/robot_recognition//scripts
[1.487s] -- Up-to-date: /home/doanh/robot_detect/install/robot_recognition/share/robot_recognition//scripts/yolov8_ros2_pt.py
[1.487s] -- Up-to-date: /home/doanh/robot_detect/install/robot_recognition/share/robot_recognition//scripts/yolov8n.pt
[1.487s] -- Up-to-date: /home/doanh/robot_detect/install/robot_recognition/share/robot_recognition//scripts/yolov8_ros2_subscriber.py
[1.487s] -- Up-to-date: /home/doanh/robot_detect/install/robot_recognition/share/robot_recognition//launch
[1.488s] -- Up-to-date: /home/doanh/robot_detect/install/robot_recognition/share/robot_recognition//launch/launch_yolov8.launch.py
[1.488s] -- Up-to-date: /home/doanh/robot_detect/install/robot_recognition/lib/robot_recognition/yolov8_ros2_pt.py
[1.488s] -- Up-to-date: /home/doanh/robot_detect/install/robot_recognition/lib/robot_recognition/yolov8_ros2_subscriber.py
[1.488s] -- Up-to-date: /home/doanh/robot_detect/install/robot_recognition/lib/robot_recognition/launch_yolov8.launch.py
[1.488s] -- Up-to-date: /home/doanh/robot_detect/install/robot_recognition/share/ament_index/resource_index/package_run_dependencies/robot_recognition
[1.488s] -- Up-to-date: /home/doanh/robot_detect/install/robot_recognition/share/ament_index/resource_index/parent_prefix_path/robot_recognition
[1.488s] -- Up-to-date: /home/doanh/robot_detect/install/robot_recognition/share/robot_recognition/environment/ament_prefix_path.sh
[1.488s] -- Up-to-date: /home/doanh/robot_detect/install/robot_recognition/share/robot_recognition/environment/ament_prefix_path.dsv
[1.488s] -- Up-to-date: /home/doanh/robot_detect/install/robot_recognition/share/robot_recognition/environment/path.sh
[1.488s] -- Up-to-date: /home/doanh/robot_detect/install/robot_recognition/share/robot_recognition/environment/path.dsv
[1.489s] -- Up-to-date: /home/doanh/robot_detect/install/robot_recognition/share/robot_recognition/local_setup.bash
[1.489s] -- Up-to-date: /home/doanh/robot_detect/install/robot_recognition/share/robot_recognition/local_setup.sh
[1.489s] -- Up-to-date: /home/doanh/robot_detect/install/robot_recognition/share/robot_recognition/local_setup.zsh
[1.489s] -- Up-to-date: /home/doanh/robot_detect/install/robot_recognition/share/robot_recognition/local_setup.dsv
[1.489s] -- Up-to-date: /home/doanh/robot_detect/install/robot_recognition/share/robot_recognition/package.dsv
[1.489s] -- Up-to-date: /home/doanh/robot_detect/install/robot_recognition/share/ament_index/resource_index/packages/robot_recognition
[1.489s] -- Up-to-date: /home/doanh/robot_detect/install/robot_recognition/share/robot_recognition/cmake/robot_recognitionConfig.cmake
[1.489s] -- Up-to-date: /home/doanh/robot_detect/install/robot_recognition/share/robot_recognition/cmake/robot_recognitionConfig-version.cmake
[1.489s] -- Up-to-date: /home/doanh/robot_detect/install/robot_recognition/share/robot_recognition/package.xml
[1.491s] Invoked command in '/home/doanh/robot_detect/build/robot_recognition' returned '0': CMAKE_PREFIX_PATH=${CMAKE_PREFIX_PATH}:/home/doanh/robot_detect/install/robot_simulation:/home/doanh/robot_detect/install/robot_navigation:/home/doanh/robot_detect/install/robot_mapping:/home/doanh/robot_detect/install/robot_joy:/home/doanh/robot_detect/install/human_follow:/home/doanh/robot_detect/install/follow_human:/home/doanh/go2_robot/install/speech_processor:/home/doanh/go2_robot/install/reset_odom:/home/doanh/go2_robot/install/livox_to_laserscan:/home/doanh/go2_robot/install/lidar_processor:/home/doanh/go2_robot/install/go2_robot_sdk:/home/doanh/go2_robot/install/coco_detector:/home/doanh/mrdoanh_projects/install/speech_processor:/home/doanh/mrdoanh_projects/install/lidar_processor:/home/doanh/mrdoanh_projects/install/go2_robot_sdk:/home/doanh/mrdoanh_projects/install/coco_detector:/home/doanh/new/mrdoanh_projects/install/speech_processor:/home/doanh/new/mrdoanh_projects/install/lidar_processor:/home/doanh/new/mrdoanh_projects/install/go2_robot_sdk:/home/doanh/new/mrdoanh_projects/install/coco_detector:/opt/ros/humble /home/doanh/.local/bin/cmake --install /home/doanh/robot_detect/build/robot_recognition
