[1.091s] Invoking command in '/home/doanh/robot_detect/build/robot_recognition': CMAKE_PREFIX_PATH=${CMAKE_PREFIX_PATH}:/home/doanh/robot_detect/install/robot_simulation:/home/doanh/robot_detect/install/robot_navigation:/home/doanh/robot_detect/install/robot_mapping:/home/doanh/robot_detect/install/robot_joy:/home/doanh/robot_detect/install/human_follow:/home/doanh/robot_detect/install/follow_human:/home/doanh/go2_robot/install/speech_processor:/home/doanh/go2_robot/install/reset_odom:/home/doanh/go2_robot/install/livox_to_laserscan:/home/doanh/go2_robot/install/lidar_processor:/home/doanh/go2_robot/install/go2_robot_sdk:/home/doanh/go2_robot/install/coco_detector:/home/doanh/mrdoanh_projects/install/speech_processor:/home/doanh/mrdoanh_projects/install/lidar_processor:/home/doanh/mrdoanh_projects/install/go2_robot_sdk:/home/doanh/mrdoanh_projects/install/coco_detector:/home/doanh/new/mrdoanh_projects/install/speech_processor:/home/doanh/new/mrdoanh_projects/install/lidar_processor:/home/doanh/new/mrdoanh_projects/install/go2_robot_sdk:/home/doanh/new/mrdoanh_projects/install/coco_detector:/opt/ros/humble /home/doanh/.local/bin/cmake --build /home/doanh/robot_detect/build/robot_recognition -- -j12 -l12
[1.362s] [0mCMake Deprecation Warning at CMakeLists.txt:1 (cmake_minimum_required):
[1.362s]   Compatibility with CMake < 3.10 will be removed from a future version of
[1.362s]   CMake.
[1.362s] 
[1.362s]   Update the VERSION argument <min> value.  Or, use the <min>...<max> syntax
[1.362s]   to tell CMake that the project requires at least <min> but has been updated
[1.362s]   to work with policies introduced by <max> or earlier.
[1.362s] 
[1.362s] [0m
[1.362s] -- Found ament_cmake: 1.3.12 (/opt/ros/humble/share/ament_cmake/cmake)
[1.438s] -- Found ament_lint_auto: 0.12.14 (/opt/ros/humble/share/ament_lint_auto/cmake)
[1.608s] -- Added test 'copyright' to check source files copyright and LICENSE
[1.612s] -- Added test 'flake8' to check Python code syntax and style conventions
[1.613s] -- Added test 'lint_cmake' to check CMake code style
[1.614s] -- Added test 'pep257' to check Python code against some of the docstring style conventions in PEP 257
[1.616s] -- Added test 'xmllint' to check XML markup files
[1.619s] -- Configuring done (0.4s)
[1.627s] -- Generating done (0.0s)
[1.629s] -- Build files have been written to: /home/doanh/robot_detect/build/robot_recognition
[1.649s] Invoked command in '/home/doanh/robot_detect/build/robot_recognition' returned '0': CMAKE_PREFIX_PATH=${CMAKE_PREFIX_PATH}:/home/doanh/robot_detect/install/robot_simulation:/home/doanh/robot_detect/install/robot_navigation:/home/doanh/robot_detect/install/robot_mapping:/home/doanh/robot_detect/install/robot_joy:/home/doanh/robot_detect/install/human_follow:/home/doanh/robot_detect/install/follow_human:/home/doanh/go2_robot/install/speech_processor:/home/doanh/go2_robot/install/reset_odom:/home/doanh/go2_robot/install/livox_to_laserscan:/home/doanh/go2_robot/install/lidar_processor:/home/doanh/go2_robot/install/go2_robot_sdk:/home/doanh/go2_robot/install/coco_detector:/home/doanh/mrdoanh_projects/install/speech_processor:/home/doanh/mrdoanh_projects/install/lidar_processor:/home/doanh/mrdoanh_projects/install/go2_robot_sdk:/home/doanh/mrdoanh_projects/install/coco_detector:/home/doanh/new/mrdoanh_projects/install/speech_processor:/home/doanh/new/mrdoanh_projects/install/lidar_processor:/home/doanh/new/mrdoanh_projects/install/go2_robot_sdk:/home/doanh/new/mrdoanh_projects/install/coco_detector:/opt/ros/humble /home/doanh/.local/bin/cmake --build /home/doanh/robot_detect/build/robot_recognition -- -j12 -l12
[1.839s] Invoking command in '/home/doanh/robot_detect/build/robot_recognition': CMAKE_PREFIX_PATH=${CMAKE_PREFIX_PATH}:/home/doanh/robot_detect/install/robot_simulation:/home/doanh/robot_detect/install/robot_navigation:/home/doanh/robot_detect/install/robot_mapping:/home/doanh/robot_detect/install/robot_joy:/home/doanh/robot_detect/install/human_follow:/home/doanh/robot_detect/install/follow_human:/home/doanh/go2_robot/install/speech_processor:/home/doanh/go2_robot/install/reset_odom:/home/doanh/go2_robot/install/livox_to_laserscan:/home/doanh/go2_robot/install/lidar_processor:/home/doanh/go2_robot/install/go2_robot_sdk:/home/doanh/go2_robot/install/coco_detector:/home/doanh/mrdoanh_projects/install/speech_processor:/home/doanh/mrdoanh_projects/install/lidar_processor:/home/doanh/mrdoanh_projects/install/go2_robot_sdk:/home/doanh/mrdoanh_projects/install/coco_detector:/home/doanh/new/mrdoanh_projects/install/speech_processor:/home/doanh/new/mrdoanh_projects/install/lidar_processor:/home/doanh/new/mrdoanh_projects/install/go2_robot_sdk:/home/doanh/new/mrdoanh_projects/install/coco_detector:/opt/ros/humble /home/doanh/.local/bin/cmake --install /home/doanh/robot_detect/build/robot_recognition
[1.996s] -- Install configuration: ""
[1.997s] -- Up-to-date: /home/doanh/robot_detect/install/robot_recognition/share/robot_recognition//scripts
[1.997s] -- Up-to-date: /home/doanh/robot_detect/install/robot_recognition/share/robot_recognition//scripts/yolov8_ros2_pt.py
[1.997s] -- Up-to-date: /home/doanh/robot_detect/install/robot_recognition/share/robot_recognition//scripts/yolov8n.pt
[1.997s] -- Installing: /home/doanh/robot_detect/install/robot_recognition/share/robot_recognition//scripts/yolov8_ros2_subscriber.py
[1.998s] -- Up-to-date: /home/doanh/robot_detect/install/robot_recognition/share/robot_recognition//launch
[1.998s] -- Up-to-date: /home/doanh/robot_detect/install/robot_recognition/share/robot_recognition//launch/launch_yolov8.launch.py
[1.998s] -- Up-to-date: /home/doanh/robot_detect/install/robot_recognition/lib/robot_recognition/yolov8_ros2_pt.py
[1.998s] -- Installing: /home/doanh/robot_detect/install/robot_recognition/lib/robot_recognition/yolov8_ros2_subscriber.py
[1.998s] -- Up-to-date: /home/doanh/robot_detect/install/robot_recognition/lib/robot_recognition/launch_yolov8.launch.py
[1.998s] -- Up-to-date: /home/doanh/robot_detect/install/robot_recognition/share/ament_index/resource_index/package_run_dependencies/robot_recognition
[1.998s] -- Up-to-date: /home/doanh/robot_detect/install/robot_recognition/share/ament_index/resource_index/parent_prefix_path/robot_recognition
[1.998s] -- Up-to-date: /home/doanh/robot_detect/install/robot_recognition/share/robot_recognition/environment/ament_prefix_path.sh
[1.998s] -- Installing: /home/doanh/robot_detect/install/robot_recognition/share/robot_recognition/environment/ament_prefix_path.dsv
[1.998s] -- Up-to-date: /home/doanh/robot_detect/install/robot_recognition/share/robot_recognition/environment/path.sh
[1.998s] -- Installing: /home/doanh/robot_detect/install/robot_recognition/share/robot_recognition/environment/path.dsv
[1.998s] -- Up-to-date: /home/doanh/robot_detect/install/robot_recognition/share/robot_recognition/local_setup.bash
[1.998s] -- Up-to-date: /home/doanh/robot_detect/install/robot_recognition/share/robot_recognition/local_setup.sh
[1.999s] -- Up-to-date: /home/doanh/robot_detect/install/robot_recognition/share/robot_recognition/local_setup.zsh
[1.999s] -- Installing: /home/doanh/robot_detect/install/robot_recognition/share/robot_recognition/local_setup.dsv
[1.999s] -- Installing: /home/doanh/robot_detect/install/robot_recognition/share/robot_recognition/package.dsv
[1.999s] -- Up-to-date: /home/doanh/robot_detect/install/robot_recognition/share/ament_index/resource_index/packages/robot_recognition
[1.999s] -- Up-to-date: /home/doanh/robot_detect/install/robot_recognition/share/robot_recognition/cmake/robot_recognitionConfig.cmake
[1.999s] -- Up-to-date: /home/doanh/robot_detect/install/robot_recognition/share/robot_recognition/cmake/robot_recognitionConfig-version.cmake
[1.999s] -- Up-to-date: /home/doanh/robot_detect/install/robot_recognition/share/robot_recognition/package.xml
[2.000s] Invoked command in '/home/doanh/robot_detect/build/robot_recognition' returned '0': CMAKE_PREFIX_PATH=${CMAKE_PREFIX_PATH}:/home/doanh/robot_detect/install/robot_simulation:/home/doanh/robot_detect/install/robot_navigation:/home/doanh/robot_detect/install/robot_mapping:/home/doanh/robot_detect/install/robot_joy:/home/doanh/robot_detect/install/human_follow:/home/doanh/robot_detect/install/follow_human:/home/doanh/go2_robot/install/speech_processor:/home/doanh/go2_robot/install/reset_odom:/home/doanh/go2_robot/install/livox_to_laserscan:/home/doanh/go2_robot/install/lidar_processor:/home/doanh/go2_robot/install/go2_robot_sdk:/home/doanh/go2_robot/install/coco_detector:/home/doanh/mrdoanh_projects/install/speech_processor:/home/doanh/mrdoanh_projects/install/lidar_processor:/home/doanh/mrdoanh_projects/install/go2_robot_sdk:/home/doanh/mrdoanh_projects/install/coco_detector:/home/doanh/new/mrdoanh_projects/install/speech_processor:/home/doanh/new/mrdoanh_projects/install/lidar_processor:/home/doanh/new/mrdoanh_projects/install/go2_robot_sdk:/home/doanh/new/mrdoanh_projects/install/coco_detector:/opt/ros/humble /home/doanh/.local/bin/cmake --install /home/doanh/robot_detect/build/robot_recognition
